Contiki-3.x-3272-gbcd9e94 started with IPV6, RPL
INFO  [1501738188:537400] [main:110] Using node id=2
INFO  [1501738188:537439] [main:114] MAC wfmac RDC nullrdc NETWORK sicslowpan
INFO  [1501738188:537442] [main:115] route_table_max_sz=100,nbr_table_max_sz=100
Tentative link-local IPv6 address fe80:0000:0000:0000:0302:0304:0506:0002
UDP client process started nbr:100 routes:100
Client IPv6 addresses: fd00::302:304:506:2
fe80::302:304:506:2
Created a connection with the server :: local/remote port 8765/5678
INFO  [1501738189:537970] [send_packet:48] src:2 dst:ffff len:10
INFO  [1501738189:542321] [radio_read:91] src:1 dst:ffff len:10 flags:0
INFO  [1501738196:168144] [radio_read:91] src:1 dst:ffff len:80 flags:0
INFO  [1501738196:544527] [radio_read:91] src:6 dst:ffff len:10 flags:0
INFO  [1501738198:862434] [send_packet:48] src:2 dst:ffff len:80
INFO  [1501738201:28042] [radio_read:91] src:3 dst:2 len:53 flags:0
INFO  [1501738201:28116] [send_packet:48] src:2 dst:1 len:53
INFO  [1501738201:33454] [radio_read:91] src:2 dst:1 len:1 flags:1
INFO  [1501738201:33470] [mac_handle_ack:83] ACK status:ACK_OK retries:1
INFO  [1501738201:394353] [radio_read:91] src:3 dst:ffff len:80 flags:0
INFO  [1501738201:608598] [radio_read:91] src:6 dst:ffff len:80 flags:0
INFO  [1501738201:930650] [send_packet:48] src:2 dst:1 len:53
INFO  [1501738201:936018] [radio_read:91] src:2 dst:1 len:1 flags:1
INFO  [1501738201:936029] [mac_handle_ack:83] ACK status:ACK_OK retries:1
INFO  [1501738201:971556] [radio_read:91] src:1 dst:ffff len:80 flags:0
INFO  [1501738203:431549] [radio_read:91] src:3 dst:2 len:79 flags:0
INFO  [1501738203:552535] [send_packet:48] src:2 dst:1 len:79
INFO  [1501738203:559073] [radio_read:91] src:2 dst:1 len:1 flags:1
INFO  [1501738203:559085] [mac_handle_ack:83] ACK status:ACK_OK retries:1
INFO  [1501738204:280338] [radio_read:91] src:3 dst:2 len:79 flags:0
INFO  [1501738205:51035] [radio_read:91] src:3 dst:2 len:79 flags:0
INFO  [1501738205:69254] [radio_read:91] src:3 dst:2 len:53 flags:0
INFO  [1501738205:69282] [send_packet:48] src:2 dst:1 len:53
INFO  [1501738205:74623] [radio_read:91] src:2 dst:1 len:1 flags:1
INFO  [1501738205:74631] [mac_handle_ack:83] ACK status:ACK_OK retries:1
INFO  [1501738205:514280] [send_packet:48] src:2 dst:ffff len:80
INFO  [1501738207:912174] [send_packet:48] src:2 dst:1 len:53
INFO  [1501738207:918621] [radio_read:91] src:2 dst:1 len:1 flags:1
INFO  [1501738207:918631] [mac_handle_ack:83] ACK status:ACK_OK retries:1
INFO  [1501738209:226355] [radio_read:91] src:3 dst:ffff len:80 flags:0
INFO  [1501738209:516892] [radio_read:91] src:3 dst:2 len:53 flags:0
INFO  [1501738209:516919] [send_packet:48] src:2 dst:1 len:53
INFO  [1501738209:524391] [radio_read:91] src:2 dst:1 len:1 flags:1
INFO  [1501738209:524400] [mac_handle_ack:83] ACK status:ACK_OK retries:1
INFO  [1501738210:88606] [radio_read:91] src:6 dst:ffff len:80 flags:0
INFO  [1501738213:104611] [radio_read:91] src:1 dst:ffff len:80 flags:0
INFO  [1501738214:102322] [send_packet:48] src:2 dst:1 len:79
INFO  [1501738214:109932] [radio_read:91] src:2 dst:1 len:1 flags:1
INFO  [1501738214:109944] [mac_handle_ack:83] ACK status:ACK_OK retries:1
INFO  [1501738214:957532] [radio_read:91] src:3 dst:2 len:53 flags:0
INFO  [1501738214:957555] [send_packet:48] src:2 dst:1 len:53
INFO  [1501738214:969416] [radio_read:91] src:2 dst:1 len:1 flags:1
INFO  [1501738214:969429] [mac_handle_ack:83] ACK status:ACK_OK retries:2
INFO  [1501738219:10113] [send_packet:48] src:2 dst:ffff len:80
INFO  [1501738224:333593] [radio_read:91] src:6 dst:ffff len:80 flags:0
INFO  [1501738248:356457] [radio_read:91] src:3 dst:ffff len:80 flags:0
INFO  [1501738250:214414] [send_packet:48] src:2 dst:ffff len:80
INFO  [1501738252:384943] [radio_read:91] src:1 dst:ffff len:80 flags:0
INFO  [1501738257:282579] [radio_read:91] src:3 dst:2 len:45 flags:0
INFO  [1501738257:282646] [send_packet:48] src:2 dst:1 len:54
INFO  [1501738257:290042] [radio_read:91] src:2 dst:1 len:1 flags:1
INFO  [1501738257:290053] [mac_handle_ack:83] ACK status:ACK_OK retries:1
INFO  [1501738258:216711] [send_packet:48] src:2 dst:1 len:53
INFO  [1501738258:222095] [radio_read:91] src:2 dst:1 len:1 flags:1
INFO  [1501738258:222105] [mac_handle_ack:83] ACK status:ACK_OK retries:1
DATA send to 1 'Hello 1'
INFO  [1501738272:871706] [send_packet:48] src:2 dst:1 len:45
INFO  [1501738272:878136] [radio_read:91] src:2 dst:1 len:1 flags:1
INFO  [1501738272:878148] [mac_handle_ack:83] ACK status:ACK_OK retries:1
INFO  [1501738286:131376] [radio_read:91] src:3 dst:2 len:54 flags:0
INFO  [1501738286:131392] [send_packet:48] src:2 dst:1 len:54
INFO  [1501738286:138896] [radio_read:91] src:2 dst:1 len:1 flags:1
INFO  [1501738286:138906] [mac_handle_ack:83] ACK status:ACK_OK retries:1
INFO  [1501738291:347088] [radio_read:91] src:1 dst:ffff len:80 flags:0
INFO  [1501738292:702286] [send_packet:48] src:2 dst:ffff len:80
INFO  [1501738296:85517] [send_packet:48] src:2 dst:1 len:53
INFO  [1501738296:90890] [radio_read:91] src:2 dst:1 len:1 flags:1
INFO  [1501738296:90900] [mac_handle_ack:83] ACK status:ACK_OK retries:1
INFO  [1501738296:278125] [radio_read:91] src:3 dst:2 len:53 flags:0
INFO  [1501738296:278147] [send_packet:48] src:2 dst:1 len:53
INFO  [1501738296:284519] [radio_read:91] src:2 dst:1 len:1 flags:1
INFO  [1501738296:284528] [mac_handle_ack:83] ACK status:ACK_OK retries:1
INFO  [1501738297:972459] [radio_read:91] src:3 dst:ffff len:80 flags:0
INFO  [1501738303:403864] [radio_read:91] src:3 dst:2 len:53 flags:0
INFO  [1501738303:403884] [send_packet:48] src:2 dst:1 len:53
INFO  [1501738303:410288] [radio_read:91] src:2 dst:1 len:1 flags:1
INFO  [1501738303:410300] [mac_handle_ack:83] ACK status:ACK_OK retries:1
INFO  [1501738308:733518] [radio_read:91] src:3 dst:2 len:54 flags:0
INFO  [1501738308:733535] [send_packet:48] src:2 dst:1 len:54
INFO  [1501738308:738976] [radio_read:91] src:2 dst:1 len:1 flags:1
INFO  [1501738308:738989] [mac_handle_ack:83] ACK status:ACK_OK retries:1
INFO  [1501738323:413194] [send_packet:48] src:2 dst:3 len:79
INFO  [1501738323:419642] [radio_read:91] src:2 dst:3 len:1 flags:1
INFO  [1501738323:419651] [mac_handle_ack:83] ACK status:ACK_OK retries:1
INFO  [1501738330:655046] [radio_read:91] src:6 dst:2 len:79 flags:0
DATA send to 1 'Hello 2'
INFO  [1501738355:755751] [send_packet:48] src:2 dst:1 len:45
INFO  [1501738355:761247] [radio_read:91] src:2 dst:1 len:1 flags:1
INFO  [1501738355:761263] [mac_handle_ack:83] ACK status:ACK_OK retries:1
INFO  [1501738358:892835] [radio_read:91] src:3 dst:2 len:45 flags:0
INFO  [1501738358:892864] [send_packet:48] src:2 dst:1 len:54
INFO  [1501738358:898192] [radio_read:91] src:2 dst:1 len:1 flags:1
INFO  [1501738358:898204] [mac_handle_ack:83] ACK status:ACK_OK retries:1
INFO  [1501738374:3217] [radio_read:91] src:3 dst:2 len:45 flags:0
INFO  [1501738374:3242] [send_packet:48] src:2 dst:1 len:54
INFO  [1501738374:9626] [radio_read:91] src:2 dst:1 len:1 flags:1
INFO  [1501738374:9638] [mac_handle_ack:83] ACK status:ACK_OK retries:1
INFO  [1501738379:959748] [radio_read:91] src:3 dst:2 len:54 flags:0
INFO  [1501738379:959795] [send_packet:48] src:2 dst:1 len:54
INFO  [1501738379:964175] [radio_read:91] src:2 dst:1 len:1 flags:1
INFO  [1501738379:964189] [mac_handle_ack:83] ACK status:ACK_OK retries:1
INFO  [1501738386:814483] [radio_read:91] src:1 dst:ffff len:80 flags:0
DATA send to 1 'Hello 3'
INFO  [1501738401:882844] [send_packet:48] src:2 dst:1 len:45
INFO  [1501738401:888279] [radio_read:91] src:2 dst:1 len:1 flags:1
INFO  [1501738401:888290] [mac_handle_ack:83] ACK status:ACK_OK retries:1
INFO  [1501738406:830119] [radio_read:91] src:6 dst:2 len:79 flags:0
INFO  [1501738407:177523] [send_packet:48] src:2 dst:ffff len:80
INFO  [1501738419:905449] [radio_read:91] src:3 dst:ffff len:80 flags:0
INFO  [1501738420:857833] [send_packet:48] src:2 dst:6 len:79
INFO  [1501738420:864375] [radio_read:91] src:2 dst:6 len:1 flags:1
INFO  [1501738420:864387] [mac_handle_ack:83] ACK status:ACK_OK retries:1
DATA send to 1 'Hello 4'
INFO  [1501738443:526672] [send_packet:48] src:2 dst:1 len:45
INFO  [1501738443:534188] [radio_read:91] src:2 dst:1 len:1 flags:1
INFO  [1501738443:534197] [mac_handle_ack:83] ACK status:ACK_OK retries:1
INFO  [1501738444:477099] [radio_read:91] src:6 dst:ffff len:80 flags:0
INFO  [1501738448:494347] [radio_read:91] src:3 dst:2 len:45 flags:0
INFO  [1501738448:494367] [send_packet:48] src:2 dst:1 len:54
INFO  [1501738448:500869] [radio_read:91] src:2 dst:1 len:1 flags:1
INFO  [1501738448:500881] [mac_handle_ack:83] ACK status:ACK_OK retries:1
INFO  [1501738477:612592] [radio_read:91] src:3 dst:2 len:54 flags:0
INFO  [1501738477:612618] [send_packet:48] src:2 dst:1 len:54
INFO  [1501738477:617945] [radio_read:91] src:2 dst:1 len:1 flags:1
INFO  [1501738477:617960] [mac_handle_ack:83] ACK status:ACK_OK retries:1
INFO  [1501738482:644110] [radio_read:91] src:1 dst:2 len:79 flags:0
INFO  [1501738487:636078] [send_packet:48] src:2 dst:1 len:53
INFO  [1501738487:640461] [radio_read:91] src:2 dst:1 len:1 flags:1
INFO  [1501738487:640472] [mac_handle_ack:83] ACK status:ACK_OK retries:1
DATA send to 1 'Hello 5'
INFO  [1501738490:605220] [send_packet:48] src:2 dst:1 len:45
INFO  [1501738490:611629] [radio_read:91] src:2 dst:1 len:1 flags:1
INFO  [1501738490:611645] [mac_handle_ack:83] ACK status:ACK_OK retries:1
INFO  [1501738493:510837] [send_packet:48] src:2 dst:3 len:79
INFO  [1501738493:518385] [radio_read:91] src:2 dst:3 len:1 flags:1
INFO  [1501738493:518399] [mac_handle_ack:83] ACK status:ACK_OK retries:1
INFO  [1501738497:720660] [radio_read:91] src:3 dst:2 len:53 flags:0
INFO  [1501738497:720703] [send_packet:48] src:2 dst:1 len:53
INFO  [1501738497:726121] [radio_read:91] src:2 dst:1 len:1 flags:1
INFO  [1501738497:726132] [mac_handle_ack:83] ACK status:ACK_OK retries:1
INFO  [1501738513:922054] [radio_read:91] src:3 dst:2 len:54 flags:0
INFO  [1501738513:922072] [send_packet:48] src:2 dst:1 len:54
INFO  [1501738513:927437] [radio_read:91] src:2 dst:1 len:1 flags:1
INFO  [1501738513:927446] [mac_handle_ack:83] ACK status:ACK_OK retries:1
INFO  [1501738514:888209] [radio_read:91] src:3 dst:2 len:53 flags:0
INFO  [1501738514:888231] [send_packet:48] src:2 dst:1 len:53
INFO  [1501738514:893605] [radio_read:91] src:2 dst:1 len:1 flags:1
INFO  [1501738514:893615] [mac_handle_ack:83] ACK status:ACK_OK retries:1
INFO  [1501738519:93426] [radio_read:91] src:3 dst:2 len:45 flags:0
INFO  [1501738519:93451] [send_packet:48] src:2 dst:1 len:54
INFO  [1501738519:98762] [radio_read:91] src:2 dst:1 len:1 flags:1
INFO  [1501738519:98773] [mac_handle_ack:83] ACK status:ACK_OK retries:1
INFO  [1501738552:34952] [radio_read:91] src:6 dst:2 len:79 flags:0
INFO  [1501738568:623971] [radio_read:91] src:3 dst:2 len:45 flags:0
INFO  [1501738568:623996] [send_packet:48] src:2 dst:1 len:54
INFO  [1501738568:630345] [radio_read:91] src:2 dst:1 len:1 flags:1
INFO  [1501738568:630357] [mac_handle_ack:83] ACK status:ACK_OK retries:1
INFO  [1501738577:991209] [radio_read:91] src:3 dst:2 len:54 flags:0
INFO  [1501738577:991235] [send_packet:48] src:2 dst:1 len:54
INFO  [1501738577:997601] [radio_read:91] src:2 dst:1 len:1 flags:1
INFO  [1501738577:997613] [mac_handle_ack:83] ACK status:ACK_OK retries:1
DATA send to 1 'Hello 6'
INFO  [1501738582:59440] [send_packet:48] src:2 dst:1 len:45
INFO  [1501738582:72524] [radio_read:91] src:2 dst:1 len:1 flags:1
INFO  [1501738582:72537] [mac_handle_ack:83] ACK status:ACK_OK retries:2
INFO  [1501738586:794027] [send_packet:48] src:2 dst:3 len:79
INFO  [1501738586:799501] [radio_read:91] src:2 dst:3 len:1 flags:1
INFO  [1501738586:799516] [mac_handle_ack:83] ACK status:ACK_OK retries:1
INFO  [1501738606:381557] [radio_read:91] src:1 dst:ffff len:80 flags:0
INFO  [1501738608:841720] [send_packet:48] src:2 dst:1 len:53
INFO  [1501738608:847172] [radio_read:91] src:2 dst:1 len:1 flags:1
INFO  [1501738608:847184] [mac_handle_ack:83] ACK status:ACK_OK retries:1
DATA send to 1 'Hello 7'
INFO  [1501738611:984261] [send_packet:48] src:2 dst:1 len:45
INFO  [1501738611:996360] [radio_read:91] src:2 dst:1 len:1 flags:1
INFO  [1501738611:996379] [mac_handle_ack:83] ACK status:ACK_OK retries:2
INFO  [1501738613:855954] [radio_read:91] src:3 dst:2 len:54 flags:0
INFO  [1501738613:856005] [send_packet:48] src:2 dst:1 len:54
INFO  [1501738613:865812] [radio_read:91] src:2 dst:1 len:1 flags:1
INFO  [1501738613:865825] [mac_handle_ack:83] ACK status:ACK_OK retries:2
INFO  [1501738620:273434] [radio_read:91] src:3 dst:2 len:45 flags:0
INFO  [1501738620:273474] [send_packet:48] src:2 dst:1 len:54
INFO  [1501738620:278798] [radio_read:91] src:2 dst:1 len:1 flags:1
INFO  [1501738620:278813] [mac_handle_ack:83] ACK status:ACK_OK retries:1
INFO  [1501738625:82657] [radio_read:91] src:3 dst:ffff len:80 flags:0
INFO  [1501738645:542063] [send_packet:48] src:2 dst:ffff len:80
INFO  [1501738647:895971] [radio_read:91] src:3 dst:2 len:53 flags:0
INFO  [1501738647:895996] [send_packet:48] src:2 dst:1 len:53
INFO  [1501738647:902337] [radio_read:91] src:2 dst:1 len:1 flags:1
INFO  [1501738647:902347] [mac_handle_ack:83] ACK status:ACK_OK retries:1
INFO  [1501738664:557568] [send_packet:48] src:2 dst:3 len:79
INFO  [1501738664:565296] [radio_read:91] src:2 dst:3 len:1 flags:1
INFO  [1501738664:565307] [mac_handle_ack:83] ACK status:ACK_OK retries:1
INFO  [1501738670:607734] [radio_read:91] src:1 dst:2 len:79 flags:0
INFO  [1501738672:359795] [radio_read:91] src:3 dst:2 len:45 flags:0
INFO  [1501738672:359817] [send_packet:48] src:2 dst:1 len:54
INFO  [1501738672:366130] [radio_read:91] src:2 dst:1 len:1 flags:1
INFO  [1501738672:366144] [mac_handle_ack:83] ACK status:ACK_OK retries:1
INFO  [1501738681:351380] [radio_read:91] src:3 dst:2 len:54 flags:0
INFO  [1501738681:351407] [send_packet:48] src:2 dst:1 len:54
INFO  [1501738681:361019] [radio_read:91] src:2 dst:1 len:1 flags:1
INFO  [1501738681:361031] [mac_handle_ack:83] ACK status:ACK_OK retries:2
DATA send to 1 'Hello 8'
INFO  [1501738690:887442] [send_packet:48] src:2 dst:1 len:45
INFO  [1501738690:899266] [radio_read:91] src:2 dst:1 len:1 flags:1
INFO  [1501738690:899277] [mac_handle_ack:83] ACK status:ACK_OK retries:2
INFO  [1501738735:160537] [radio_read:91] src:3 dst:2 len:45 flags:0
INFO  [1501738735:160562] [send_packet:48] src:2 dst:1 len:54
INFO  [1501738735:164807] [radio_read:91] src:2 dst:1 len:1 flags:1
INFO  [1501738735:164816] [mac_handle_ack:83] ACK status:ACK_OK retries:1
INFO  [1501738740:770483] [radio_read:91] src:3 dst:2 len:53 flags:0
INFO  [1501738740:770504] [send_packet:48] src:2 dst:1 len:53
INFO  [1501738740:781167] [radio_read:91] src:2 dst:1 len:1 flags:1
INFO  [1501738740:781181] [mac_handle_ack:83] ACK status:ACK_OK retries:2
DATA send to 1 'Hello 9'
INFO  [1501738754:340185] [send_packet:48] src:2 dst:1 len:45
INFO  [1501738754:346626] [radio_read:91] src:2 dst:1 len:1 flags:1
INFO  [1501738754:346637] [mac_handle_ack:83] ACK status:ACK_OK retries:1
INFO  [1501738755:162837] [radio_read:91] src:6 dst:2 len:79 flags:0
INFO  [1501738772:970780] [radio_read:91] src:3 dst:2 len:54 flags:0
INFO  [1501738772:970805] [send_packet:48] src:2 dst:1 len:54
INFO  [1501738772:977232] [radio_read:91] src:2 dst:1 len:1 flags:1
INFO  [1501738772:977242] [mac_handle_ack:83] ACK status:ACK_OK retries:1
INFO  [1501738779:933569] [send_packet:48] src:2 dst:6 len:79
INFO  [1501738779:941241] [radio_read:91] src:2 dst:6 len:1 flags:1
INFO  [1501738779:941253] [mac_handle_ack:83] ACK status:ACK_OK retries:1
INFO  [1501738784:60774] [radio_read:91] src:1 dst:2 len:79 flags:0
INFO  [1501738806:637402] [radio_read:91] src:3 dst:2 len:55 flags:0
INFO  [1501738806:637428] [send_packet:48] src:2 dst:1 len:55
INFO  [1501738806:642883] [radio_read:91] src:2 dst:1 len:1 flags:1
INFO  [1501738806:642898] [mac_handle_ack:83] ACK status:ACK_OK retries:1
INFO  [1501738821:801241] [radio_read:91] src:3 dst:2 len:46 flags:0
INFO  [1501738821:801264] [send_packet:48] src:2 dst:1 len:55
INFO  [1501738821:807686] [radio_read:91] src:2 dst:1 len:1 flags:1
INFO  [1501738821:807701] [mac_handle_ack:83] ACK status:ACK_OK retries:1
DATA send to 1 'Hello 10'
INFO  [1501738833:948438] [send_packet:48] src:2 dst:1 len:46
INFO  [1501738833:953816] [radio_read:91] src:2 dst:1 len:1 flags:1
INFO  [1501738833:953829] [mac_handle_ack:83] ACK status:ACK_OK retries:1
INFO  [1501738844:346278] [send_packet:48] src:2 dst:6 len:79
INFO  [1501738844:354877] [radio_read:91] src:2 dst:6 len:1 flags:1
INFO  [1501738844:354888] [mac_handle_ack:83] ACK status:ACK_OK retries:1
INFO  [1501738853:359477] [radio_read:91] src:1 dst:2 len:79 flags:0
INFO  [1501738875:22745] [radio_read:91] src:3 dst:2 len:55 flags:0
INFO  [1501738875:22766] [send_packet:48] src:2 dst:1 len:55
INFO  [1501738875:30221] [radio_read:91] src:2 dst:1 len:1 flags:1
INFO  [1501738875:30233] [mac_handle_ack:83] ACK status:ACK_OK retries:1
DATA send to 1 'Hello 11'
INFO  [1501738879:122760] [send_packet:48] src:2 dst:1 len:46
INFO  [1501738879:133527] [radio_read:91] src:2 dst:1 len:1 flags:1
INFO  [1501738879:133539] [mac_handle_ack:83] ACK status:ACK_OK retries:2
INFO  [1501738891:583786] [radio_read:91] src:3 dst:2 len:46 flags:0
INFO  [1501738891:583811] [send_packet:48] src:2 dst:1 len:55
INFO  [1501738891:590163] [radio_read:91] src:2 dst:1 len:1 flags:1
INFO  [1501738891:590173] [mac_handle_ack:83] ACK status:ACK_OK retries:1
INFO  [1501738912:706698] [send_packet:48] src:2 dst:1 len:53
INFO  [1501738912:713882] [radio_read:91] src:2 dst:1 len:1 flags:1
INFO  [1501738912:713898] [mac_handle_ack:83] ACK status:ACK_OK retries:1
INFO  [1501738935:212398] [radio_read:91] src:3 dst:2 len:55 flags:0
INFO  [1501738935:212418] [send_packet:48] src:2 dst:1 len:55
INFO  [1501738935:219885] [radio_read:91] src:2 dst:1 len:1 flags:1
INFO  [1501738935:219896] [mac_handle_ack:83] ACK status:ACK_OK retries:1
DATA send to 1 'Hello 12'
INFO  [1501738941:557364] [send_packet:48] src:2 dst:1 len:46
INFO  [1501738941:562742] [radio_read:91] src:2 dst:1 len:1 flags:1
INFO  [1501738941:562752] [mac_handle_ack:83] ACK status:ACK_OK retries:1
INFO  [1501738946:352060] [radio_read:91] src:3 dst:2 len:46 flags:0
INFO  [1501738946:352083] [send_packet:48] src:2 dst:1 len:55
INFO  [1501738946:358456] [radio_read:91] src:2 dst:1 len:1 flags:1
INFO  [1501738946:358467] [mac_handle_ack:83] ACK status:ACK_OK retries:1
INFO  [1501738951:497567] [send_packet:48] src:2 dst:3 len:79
INFO  [1501738951:506282] [radio_read:91] src:2 dst:3 len:1 flags:1
INFO  [1501738951:506295] [mac_handle_ack:83] ACK status:ACK_OK retries:1
INFO  [1501738969:338394] [radio_read:91] src:3 dst:2 len:46 flags:0
INFO  [1501738969:338414] [send_packet:48] src:2 dst:1 len:55
INFO  [1501738969:344769] [radio_read:91] src:2 dst:1 len:1 flags:1
INFO  [1501738969:344779] [mac_handle_ack:83] ACK status:ACK_OK retries:1
INFO  [1501738980:828721] [send_packet:48] src:2 dst:ffff len:80
INFO  [1501738984:928940] [radio_read:91] src:3 dst:2 len:53 flags:0
INFO  [1501738984:928978] [send_packet:48] src:2 dst:1 len:53
INFO  [1501738984:934321] [radio_read:91] src:2 dst:1 len:1 flags:1
INFO  [1501738984:934333] [mac_handle_ack:83] ACK status:ACK_OK retries:1
INFO  [1501738999:388917] [radio_read:91] src:6 dst:2 len:79 flags:0
DATA send to 1 'Hello 13'
INFO  [1501739001:996163] [send_packet:48] src:2 dst:1 len:46
INFO  [1501739002:2565] [radio_read:91] src:2 dst:1 len:1 flags:1
INFO  [1501739002:2574] [mac_handle_ack:83] ACK status:ACK_OK retries:1
INFO  [1501739010:470760] [radio_read:91] src:3 dst:ffff len:80 flags:0
INFO  [1501739016:425389] [send_packet:48] src:2 dst:6 len:79
INFO  [1501739016:433088] [radio_read:91] src:2 dst:6 len:1 flags:1
INFO  [1501739016:433104] [mac_handle_ack:83] ACK status:ACK_OK retries:1
INFO  [1501739024:500569] [radio_read:91] src:3 dst:2 len:55 flags:0
INFO  [1501739024:500598] [send_packet:48] src:2 dst:1 len:55
INFO  [1501739024:505903] [radio_read:91] src:2 dst:1 len:1 flags:1
INFO  [1501739024:505915] [mac_handle_ack:83] ACK status:ACK_OK retries:1
INFO  [1501739059:954111] [radio_read:91] src:3 dst:2 len:55 flags:0
INFO  [1501739059:954142] [send_packet:48] src:2 dst:1 len:55
INFO  [1501739059:960493] [radio_read:91] src:2 dst:1 len:1 flags:1
INFO  [1501739059:960506] [mac_handle_ack:83] ACK status:ACK_OK retries:1
DATA send to 1 'Hello 14'
INFO  [1501739076:984898] [send_packet:48] src:2 dst:1 len:46
INFO  [1501739076:989233] [radio_read:91] src:2 dst:1 len:1 flags:1
INFO  [1501739076:989262] [mac_handle_ack:83] ACK status:ACK_OK retries:1
INFO  [1501739081:828199] [radio_read:91] src:3 dst:2 len:53 flags:0
INFO  [1501739081:828226] [send_packet:48] src:2 dst:1 len:53
INFO  [1501739081:834644] [radio_read:91] src:2 dst:1 len:1 flags:1
INFO  [1501739081:834657] [mac_handle_ack:83] ACK status:ACK_OK retries:1
INFO  [1501739085:391534] [radio_read:91] src:3 dst:2 len:46 flags:0
INFO  [1501739085:391559] [send_packet:48] src:2 dst:1 len:55
INFO  [1501739085:398959] [radio_read:91] src:2 dst:1 len:1 flags:1
INFO  [1501739085:398971] [mac_handle_ack:83] ACK status:ACK_OK retries:1
INFO  [1501739093:884234] [radio_read:91] src:3 dst:2 len:55 flags:0
INFO  [1501739093:884265] [send_packet:48] src:2 dst:1 len:55
INFO  [1501739093:890677] [radio_read:91] src:2 dst:1 len:1 flags:1
INFO  [1501739093:890689] [mac_handle_ack:83] ACK status:ACK_OK retries:1
INFO  [1501739094:6625] [send_packet:48] src:2 dst:3 len:79
INFO  [1501739094:14323] [radio_read:91] src:2 dst:3 len:1 flags:1
INFO  [1501739094:14339] [mac_handle_ack:83] ACK status:ACK_OK retries:1
INFO  [1501739098:395628] [radio_read:91] src:3 dst:2 len:46 flags:0
INFO  [1501739098:395651] [send_packet:48] src:2 dst:1 len:55
INFO  [1501739098:400976] [radio_read:91] src:2 dst:1 len:1 flags:1
INFO  [1501739098:400991] [mac_handle_ack:83] ACK status:ACK_OK retries:1
INFO  [1501739098:539529] [radio_read:91] src:1 dst:2 len:79 flags:0
INFO  [1501739102:461872] [send_packet:48] src:2 dst:1 len:53
INFO  [1501739102:467273] [radio_read:91] src:2 dst:1 len:1 flags:1
INFO  [1501739102:467289] [mac_handle_ack:83] ACK status:ACK_OK retries:1
INFO  [1501739113:273538] [radio_read:91] src:6 dst:ffff len:80 flags:0
DATA send to 1 'Hello 15'
INFO  [1501739113:927392] [send_packet:48] src:2 dst:1 len:46
INFO  [1501739113:933817] [radio_read:91] src:2 dst:1 len:1 flags:1
INFO  [1501739113:933827] [mac_handle_ack:83] ACK status:ACK_OK retries:1
INFO  [1501739162:479331] [send_packet:48] src:2 dst:6 len:79
INFO  [1501739162:485936] [radio_read:91] src:2 dst:6 len:1 flags:1
INFO  [1501739162:485952] [mac_handle_ack:83] ACK status:ACK_OK retries:1
INFO  [1501739165:317486] [radio_read:91] src:3 dst:2 len:55 flags:0
INFO  [1501739165:317507] [send_packet:48] src:2 dst:1 len:55
INFO  [1501739165:323955] [radio_read:91] src:2 dst:1 len:1 flags:1
INFO  [1501739165:323966] [mac_handle_ack:83] ACK status:ACK_OK retries:1
DATA send to 1 'Hello 16'
INFO  [1501739190:294406] [send_packet:48] src:2 dst:1 len:46
INFO  [1501739190:300934] [radio_read:91] src:2 dst:1 len:1 flags:1
INFO  [1501739190:300947] [mac_handle_ack:83] ACK status:ACK_OK retries:1
INFO  [1501739192:124586] [radio_read:91] src:3 dst:2 len:46 flags:0
INFO  [1501739192:124606] [send_packet:48] src:2 dst:1 len:55
INFO  [1501739192:131013] [radio_read:91] src:2 dst:1 len:1 flags:1
INFO  [1501739192:131023] [mac_handle_ack:83] ACK status:ACK_OK retries:1
INFO  [1501739204:866842] [radio_read:91] src:1 dst:ffff len:80 flags:0
INFO  [1501739252:955903] [send_packet:48] src:2 dst:3 len:79
INFO  [1501739252:961358] [radio_read:91] src:2 dst:3 len:1 flags:1
INFO  [1501739252:961367] [mac_handle_ack:83] ACK status:ACK_OK retries:1
INFO  [1501739254:756024] [radio_read:91] src:3 dst:2 len:55 flags:0
INFO  [1501739254:756041] [send_packet:48] src:2 dst:1 len:55
INFO  [1501739254:761345] [radio_read:91] src:2 dst:1 len:1 flags:1
INFO  [1501739254:761355] [mac_handle_ack:83] ACK status:ACK_OK retries:1
INFO  [1501739256:54280] [radio_read:91] src:3 dst:2 len:53 flags:0
INFO  [1501739256:54304] [send_packet:48] src:2 dst:1 len:53
INFO  [1501739256:60708] [radio_read:91] src:2 dst:1 len:1 flags:1
INFO  [1501739256:60718] [mac_handle_ack:83] ACK status:ACK_OK retries:1
INFO  [1501739258:656385] [radio_read:91] src:3 dst:2 len:46 flags:0
INFO  [1501739258:656403] [send_packet:48] src:2 dst:1 len:55
INFO  [1501739258:663863] [radio_read:91] src:2 dst:1 len:1 flags:1
INFO  [1501739258:663872] [mac_handle_ack:83] ACK status:ACK_OK retries:1
DATA send to 1 'Hello 17'
INFO  [1501739268:58991] [send_packet:48] src:2 dst:1 len:46
INFO  [1501739268:65401] [radio_read:91] src:2 dst:1 len:1 flags:1
INFO  [1501739268:65410] [mac_handle_ack:83] ACK status:ACK_OK retries:1
DATA send to 1 'Hello 18'
INFO  [1501739275:713069] [send_packet:48] src:2 dst:1 len:46
INFO  [1501739275:717393] [radio_read:91] src:2 dst:1 len:1 flags:1
INFO  [1501739275:717401] [mac_handle_ack:83] ACK status:ACK_OK retries:1
INFO  [1501739297:198704] [radio_read:91] src:3 dst:2 len:46 flags:0
INFO  [1501739297:198726] [send_packet:48] src:2 dst:1 len:55
INFO  [1501739297:205101] [radio_read:91] src:2 dst:1 len:1 flags:1
INFO  [1501739297:205111] [mac_handle_ack:83] ACK status:ACK_OK retries:1
INFO  [1501739306:572498] [radio_read:91] src:1 dst:2 len:79 flags:0
INFO  [1501739315:282928] [radio_read:91] src:3 dst:2 len:55 flags:0
INFO  [1501739315:282946] [send_packet:48] src:2 dst:1 len:55
INFO  [1501739315:290362] [radio_read:91] src:2 dst:1 len:1 flags:1
INFO  [1501739315:290372] [mac_handle_ack:83] ACK status:ACK_OK retries:1
DATA send to 1 'Hello 19'
INFO  [1501739355:179511] [send_packet:48] src:2 dst:1 len:46
INFO  [1501739355:185150] [radio_read:91] src:2 dst:1 len:1 flags:1
INFO  [1501739355:185157] [mac_handle_ack:83] ACK status:ACK_OK retries:1
INFO  [1501739360:790393] [radio_read:91] src:6 dst:2 len:79 flags:0
INFO  [1501739369:692214] [radio_read:91] src:3 dst:2 len:53 flags:0
INFO  [1501739369:692235] [send_packet:48] src:2 dst:1 len:53
INFO  [1501739369:697562] [radio_read:91] src:2 dst:1 len:1 flags:1
INFO  [1501739369:697571] [mac_handle_ack:83] ACK status:ACK_OK retries:1
INFO  [1501739375:923895] [send_packet:48] src:2 dst:6 len:79
INFO  [1501739375:946446] [radio_read:91] src:2 dst:6 len:1 flags:1
INFO  [1501739375:946460] [mac_handle_ack:83] ACK status:ACK_OK retries:4
INFO  [1501739385:9258] [radio_read:91] src:3 dst:2 len:46 flags:0
INFO  [1501739385:9283] [send_packet:48] src:2 dst:1 len:55
INFO  [1501739385:15705] [radio_read:91] src:2 dst:1 len:1 flags:1
INFO  [1501739385:15716] [mac_handle_ack:83] ACK status:ACK_OK retries:1
INFO  [1501739388:526140] [radio_read:91] src:3 dst:2 len:55 flags:0
INFO  [1501739388:526160] [send_packet:48] src:2 dst:1 len:55
INFO  [1501739388:532566] [radio_read:91] src:2 dst:1 len:1 flags:1
INFO  [1501739388:532578] [mac_handle_ack:83] ACK status:ACK_OK retries:1
INFO  [1501739391:626143] [radio_read:91] src:3 dst:2 len:46 flags:0
INFO  [1501739391:626167] [send_packet:48] src:2 dst:1 len:55
INFO  [1501739391:632524] [radio_read:91] src:2 dst:1 len:1 flags:1
INFO  [1501739391:632534] [mac_handle_ack:83] ACK status:ACK_OK retries:1
INFO  [1501739418:694095] [radio_read:91] src:3 dst:2 len:55 flags:0
INFO  [1501739418:694118] [send_packet:48] src:2 dst:1 len:55
INFO  [1501739418:699430] [radio_read:91] src:2 dst:1 len:1 flags:1
INFO  [1501739418:699439] [mac_handle_ack:83] ACK status:ACK_OK retries:1
INFO  [1501739430:657334] [radio_read:91] src:6 dst:2 len:79 flags:0
INFO  [1501739439:893535] [send_packet:48] src:2 dst:1 len:53
INFO  [1501739439:901103] [radio_read:91] src:2 dst:1 len:1 flags:1
INFO  [1501739439:901113] [mac_handle_ack:83] ACK status:ACK_OK retries:1
DATA send to 1 'Hello 20'
INFO  [1501739440:983109] [send_packet:48] src:2 dst:1 len:46
INFO  [1501739440:988494] [radio_read:91] src:2 dst:1 len:1 flags:1
INFO  [1501739440:988504] [mac_handle_ack:83] ACK status:ACK_OK retries:1
INFO  [1501739443:679103] [send_packet:48] src:2 dst:3 len:79
INFO  [1501739443:686710] [radio_read:91] src:2 dst:3 len:1 flags:1
INFO  [1501739443:686720] [mac_handle_ack:83] ACK status:ACK_OK retries:1
INFO  [1501739465:410077] [radio_read:91] src:3 dst:2 len:46 flags:0
INFO  [1501739465:410102] [send_packet:48] src:2 dst:1 len:55
INFO  [1501739465:415424] [radio_read:91] src:2 dst:1 len:1 flags:1
INFO  [1501739465:415435] [mac_handle_ack:83] ACK status:ACK_OK retries:1
INFO  [1501739492:373685] [radio_read:91] src:3 dst:2 len:55 flags:0
INFO  [1501739492:373709] [send_packet:48] src:2 dst:1 len:55
INFO  [1501739492:380126] [radio_read:91] src:2 dst:1 len:1 flags:1
INFO  [1501739492:380140] [mac_handle_ack:83] ACK status:ACK_OK retries:1
DATA send to 1 'Hello 21'
INFO  [1501739500:806236] [send_packet:48] src:2 dst:1 len:46
INFO  [1501739500:810578] [radio_read:91] src:2 dst:1 len:1 flags:1
INFO  [1501739500:810589] [mac_handle_ack:83] ACK status:ACK_OK retries:1
INFO  [1501739500:920993] [radio_read:91] src:1 dst:2 len:79 flags:0
INFO  [1501739513:849135] [radio_read:91] src:3 dst:2 len:46 flags:0
INFO  [1501739513:849167] [send_packet:48] src:2 dst:1 len:55
INFO  [1501739513:854509] [radio_read:91] src:2 dst:1 len:1 flags:1
INFO  [1501739513:854520] [mac_handle_ack:83] ACK status:ACK_OK retries:1
INFO  [1501739532:256113] [radio_read:91] src:3 dst:2 len:55 flags:0
INFO  [1501739532:256133] [send_packet:48] src:2 dst:1 len:55
INFO  [1501739532:261474] [radio_read:91] src:2 dst:1 len:1 flags:1
INFO  [1501739532:261486] [mac_handle_ack:83] ACK status:ACK_OK retries:1
INFO  [1501739535:998089] [send_packet:48] src:2 dst:6 len:79
INFO  [1501739536:3530] [radio_read:91] src:2 dst:6 len:1 flags:1
INFO  [1501739536:3540] [mac_handle_ack:83] ACK status:ACK_OK retries:1
DATA send to 1 'Hello 22'
INFO  [1501739567:858104] [send_packet:48] src:2 dst:1 len:46
INFO  [1501739567:864567] [radio_read:91] src:2 dst:1 len:1 flags:1
INFO  [1501739567:864578] [mac_handle_ack:83] ACK status:ACK_OK retries:1
INFO  [1501739587:854998] [radio_read:91] src:3 dst:2 len:46 flags:0
INFO  [1501739587:855020] [send_packet:48] src:2 dst:1 len:55
INFO  [1501739587:860358] [radio_read:91] src:2 dst:1 len:1 flags:1
INFO  [1501739587:860369] [mac_handle_ack:83] ACK status:ACK_OK retries:1
INFO  [1501739600:816096] [radio_read:91] src:3 dst:2 len:53 flags:0
INFO  [1501739600:816121] [send_packet:48] src:2 dst:1 len:53
INFO  [1501739600:821458] [radio_read:91] src:2 dst:1 len:1 flags:1
INFO  [1501739600:821467] [mac_handle_ack:83] ACK status:ACK_OK retries:1
INFO  [1501739615:751833] [send_packet:48] src:2 dst:3 len:79
INFO  [1501739615:759389] [radio_read:91] src:2 dst:3 len:1 flags:1
INFO  [1501739615:759399] [mac_handle_ack:83] ACK status:ACK_OK retries:1
INFO  [1501739618:695459] [radio_read:91] src:3 dst:2 len:55 flags:0
INFO  [1501739618:695477] [send_packet:48] src:2 dst:1 len:55
INFO  [1501739618:700757] [radio_read:91] src:2 dst:1 len:1 flags:1
INFO  [1501739618:700766] [mac_handle_ack:83] ACK status:ACK_OK retries:1
DATA send to 1 'Hello 23'
INFO  [1501739627:970641] [send_packet:48] src:2 dst:1 len:46
INFO  [1501739627:978106] [radio_read:91] src:2 dst:1 len:1 flags:1
INFO  [1501739627:978121] [mac_handle_ack:83] ACK status:ACK_OK retries:1
INFO  [1501739634:80214] [radio_read:91] src:3 dst:2 len:55 flags:0
INFO  [1501739634:80231] [send_packet:48] src:2 dst:1 len:55
INFO  [1501739634:84489] [radio_read:91] src:2 dst:1 len:1 flags:1
INFO  [1501739634:84499] [mac_handle_ack:83] ACK status:ACK_OK retries:1
DATA send to 1 'Hello 24'
INFO  [1501739655:892362] [send_packet:48] src:2 dst:1 len:46
INFO  [1501739655:904175] [radio_read:91] src:2 dst:1 len:1 flags:1
INFO  [1501739655:904185] [mac_handle_ack:83] ACK status:ACK_OK retries:2
INFO  [1501739678:278030] [radio_read:91] src:3 dst:2 len:53 flags:0
INFO  [1501739678:278051] [send_packet:48] src:2 dst:1 len:53
INFO  [1501739678:284432] [radio_read:91] src:2 dst:1 len:1 flags:1
INFO  [1501739678:284441] [mac_handle_ack:83] ACK status:ACK_OK retries:1
INFO  [1501739685:207360] [radio_read:91] src:3 dst:2 len:46 flags:0
INFO  [1501739685:207382] [send_packet:48] src:2 dst:1 len:55
INFO  [1501739685:213814] [radio_read:91] src:2 dst:1 len:1 flags:1
INFO  [1501739685:213823] [mac_handle_ack:83] ACK status:ACK_OK retries:1
INFO  [1501739700:432247] [send_packet:48] src:2 dst:6 len:79
INFO  [1501739700:444188] [radio_read:91] src:2 dst:6 len:1 flags:1
INFO  [1501739700:444201] [mac_handle_ack:83] ACK status:ACK_OK retries:2
INFO  [1501739705:240574] [radio_read:91] src:1 dst:2 len:79 flags:0
DATA send to 1 'Hello 25'
INFO  [1501739717:621971] [send_packet:48] src:2 dst:1 len:46
INFO  [1501739717:628469] [radio_read:91] src:2 dst:1 len:1 flags:1
INFO  [1501739717:628485] [mac_handle_ack:83] ACK status:ACK_OK retries:1
INFO  [1501739720:93218] [radio_read:91] src:6 dst:2 len:79 flags:0
INFO  [1501739725:776688] [radio_read:91] src:3 dst:2 len:55 flags:0
INFO  [1501739725:776715] [send_packet:48] src:2 dst:1 len:55
INFO  [1501739725:784247] [radio_read:91] src:2 dst:1 len:1 flags:1
INFO  [1501739725:784263] [mac_handle_ack:83] ACK status:ACK_OK retries:1
INFO  [1501739735:458192] [radio_read:91] src:3 dst:2 len:46 flags:0
INFO  [1501739735:458236] [send_packet:48] src:2 dst:1 len:55
INFO  [1501739735:465821] [radio_read:91] src:2 dst:1 len:1 flags:1
INFO  [1501739735:465836] [mac_handle_ack:83] ACK status:ACK_OK retries:1
INFO  [1501739740:824830] [send_packet:48] src:2 dst:1 len:53
INFO  [1501739740:830385] [radio_read:91] src:2 dst:1 len:1 flags:1
INFO  [1501739740:830399] [mac_handle_ack:83] ACK status:ACK_OK retries:1
INFO  [1501739750:253320] [radio_read:91] src:3 dst:2 len:55 flags:0
INFO  [1501739750:253353] [send_packet:48] src:2 dst:1 len:55
INFO  [1501739750:264084] [radio_read:91] src:2 dst:1 len:1 flags:1
INFO  [1501739750:264097] [mac_handle_ack:83] ACK status:ACK_OK retries:2
DATA send to 1 'Hello 26'
INFO  [1501739761:836919] [send_packet:48] src:2 dst:1 len:46
INFO  [1501739761:843364] [radio_read:91] src:2 dst:1 len:1 flags:1
INFO  [1501739761:843376] [mac_handle_ack:83] ACK status:ACK_OK retries:1
INFO  [1501739770:698981] [send_packet:48] src:2 dst:3 len:79
INFO  [1501739770:706619] [radio_read:91] src:2 dst:3 len:1 flags:1
INFO  [1501739770:706630] [mac_handle_ack:83] ACK status:ACK_OK retries:1
INFO  [1501739772:311205] [radio_read:91] src:3 dst:2 len:46 flags:0
INFO  [1501739772:311226] [send_packet:48] src:2 dst:1 len:55
INFO  [1501739772:317612] [radio_read:91] src:2 dst:1 len:1 flags:1
INFO  [1501739772:317621] [mac_handle_ack:83] ACK status:ACK_OK retries:1
INFO  [1501739839:720925] [radio_read:91] src:3 dst:2 len:46 flags:0
INFO  [1501739839:720950] [send_packet:48] src:2 dst:1 len:55
INFO  [1501739839:726253] [radio_read:91] src:2 dst:1 len:1 flags:1
INFO  [1501739839:726264] [mac_handle_ack:83] ACK status:ACK_OK retries:1
INFO  [1501739840:549767] [radio_read:91] src:3 dst:2 len:55 flags:0
INFO  [1501739840:549794] [send_packet:48] src:2 dst:1 len:55
INFO  [1501739840:557280] [radio_read:91] src:2 dst:1 len:1 flags:1
INFO  [1501739840:557294] [mac_handle_ack:83] ACK status:ACK_OK retries:1
INFO  [1501739841:559783] [send_packet:48] src:2 dst:6 len:79
INFO  [1501739841:566709] [radio_read:91] src:2 dst:6 len:1 flags:1
INFO  [1501739841:566724] [mac_handle_ack:83] ACK status:ACK_OK retries:1
INFO  [1501739850:635820] [radio_read:91] src:1 dst:2 len:79 flags:0
DATA send to 1 'Hello 27'
INFO  [1501739863:191810] [send_packet:48] src:2 dst:1 len:46
INFO  [1501739863:198312] [radio_read:91] src:2 dst:1 len:1 flags:1
INFO  [1501739863:198325] [mac_handle_ack:83] ACK status:ACK_OK retries:1
INFO  [1501739875:844408] [radio_read:91] src:6 dst:ffff len:80 flags:0
INFO  [1501739882:608694] [radio_read:91] src:3 dst:2 len:46 flags:0
INFO  [1501739882:608717] [send_packet:48] src:2 dst:1 len:55
INFO  [1501739882:620506] [radio_read:91] src:2 dst:1 len:1 flags:1
INFO  [1501739882:620519] [mac_handle_ack:83] ACK status:ACK_OK retries:2
DATA send to 1 'Hello 28'
INFO  [1501739888:131658] [send_packet:48] src:2 dst:1 len:46
INFO  [1501739888:136999] [radio_read:91] src:2 dst:1 len:1 flags:1
INFO  [1501739888:137007] [mac_handle_ack:83] ACK status:ACK_OK retries:1
INFO  [1501739902:328042] [send_packet:48] src:2 dst:3 len:79
INFO  [1501739902:335601] [radio_read:91] src:2 dst:3 len:1 flags:1
INFO  [1501739902:335615] [mac_handle_ack:83] ACK status:ACK_OK retries:1
INFO  [1501739902:586513] [radio_read:91] src:3 dst:2 len:53 flags:0
INFO  [1501739902:586547] [send_packet:48] src:2 dst:1 len:53
INFO  [1501739902:592968] [radio_read:91] src:2 dst:1 len:1 flags:1
INFO  [1501739902:592981] [mac_handle_ack:83] ACK status:ACK_OK retries:1
INFO  [1501739927:570199] [radio_read:91] src:3 dst:2 len:55 flags:0
INFO  [1501739927:570219] [send_packet:48] src:2 dst:1 len:55
INFO  [1501739927:576612] [radio_read:91] src:2 dst:1 len:1 flags:1
INFO  [1501739927:576637] [mac_handle_ack:83] ACK status:ACK_OK retries:1
INFO  [1501739956:772314] [radio_read:91] src:3 dst:2 len:55 flags:0
INFO  [1501739956:772333] [send_packet:48] src:2 dst:1 len:55
INFO  [1501739956:777669] [radio_read:91] src:2 dst:1 len:1 flags:1
INFO  [1501739956:777680] [mac_handle_ack:83] ACK status:ACK_OK retries:1
INFO  [1501739962:536286] [radio_read:91] src:3 dst:2 len:46 flags:0
INFO  [1501739962:536307] [send_packet:48] src:2 dst:1 len:55
INFO  [1501739962:541758] [radio_read:91] src:2 dst:1 len:1 flags:1
INFO  [1501739962:541768] [mac_handle_ack:83] ACK status:ACK_OK retries:1
DATA send to 1 'Hello 29'
INFO  [1501739984:932678] [send_packet:48] src:2 dst:1 len:46
INFO  [1501739984:939127] [radio_read:91] src:2 dst:1 len:1 flags:1
INFO  [1501739984:939138] [mac_handle_ack:83] ACK status:ACK_OK retries:1
INFO  [1501740000:608877] [radio_read:91] src:3 dst:2 len:46 flags:0
INFO  [1501740000:608908] [send_packet:48] src:2 dst:1 len:55
INFO  [1501740000:619584] [radio_read:91] src:2 dst:1 len:1 flags:1
INFO  [1501740000:619594] [mac_handle_ack:83] ACK status:ACK_OK retries:2
INFO  [1501740005:565042] [radio_read:91] src:3 dst:2 len:55 flags:0
INFO  [1501740005:565060] [send_packet:48] src:2 dst:1 len:55
INFO  [1501740005:571503] [radio_read:91] src:2 dst:1 len:1 flags:1
INFO  [1501740005:571513] [mac_handle_ack:83] ACK status:ACK_OK retries:1
INFO  [1501740014:92500] [radio_read:91] src:3 dst:2 len:53 flags:0
INFO  [1501740014:92525] [send_packet:48] src:2 dst:1 len:53
INFO  [1501740014:98914] [radio_read:91] src:2 dst:1 len:1 flags:1
INFO  [1501740014:98926] [mac_handle_ack:83] ACK status:ACK_OK retries:1
INFO  [1501740019:4012] [send_packet:48] src:2 dst:6 len:79
INFO  [1501740019:10602] [radio_read:91] src:2 dst:6 len:1 flags:1
INFO  [1501740019:10613] [mac_handle_ack:83] ACK status:ACK_OK retries:1
INFO  [1501740037:251082] [radio_read:91] src:1 dst:2 len:79 flags:0
DATA send to 1 'Hello 30'
INFO  [1501740040:451149] [send_packet:48] src:2 dst:1 len:46
INFO  [1501740040:456540] [radio_read:91] src:2 dst:1 len:1 flags:1
INFO  [1501740040:456550] [mac_handle_ack:83] ACK status:ACK_OK retries:1
DATA send to 1 'Hello 31'
INFO  [1501740054:698722] [send_packet:48] src:2 dst:1 len:46
INFO  [1501740054:704119] [radio_read:91] src:2 dst:1 len:1 flags:1
INFO  [1501740054:704133] [mac_handle_ack:83] ACK status:ACK_OK retries:1
INFO  [1501740075:437599] [radio_read:91] src:6 dst:2 len:79 flags:0
INFO  [1501740089:265832] [radio_read:91] src:3 dst:2 len:46 flags:0
INFO  [1501740089:265858] [send_packet:48] src:2 dst:1 len:55
INFO  [1501740089:271234] [radio_read:91] src:2 dst:1 len:1 flags:1
INFO  [1501740089:271246] [mac_handle_ack:83] ACK status:ACK_OK retries:1
INFO  [1501740093:752019] [radio_read:91] src:3 dst:2 len:55 flags:0
INFO  [1501740093:752047] [send_packet:48] src:2 dst:1 len:55
INFO  [1501740093:758450] [radio_read:91] src:2 dst:1 len:1 flags:1
INFO  [1501740093:758464] [mac_handle_ack:83] ACK status:ACK_OK retries:1
INFO  [1501740095:298784] [send_packet:48] src:2 dst:1 len:53
INFO  [1501740095:306509] [radio_read:91] src:2 dst:1 len:1 flags:1
INFO  [1501740095:306527] [mac_handle_ack:83] ACK status:ACK_OK retries:1
INFO  [1501740096:506068] [send_packet:48] src:2 dst:3 len:79
INFO  [1501740096:520173] [radio_read:91] src:2 dst:3 len:1 flags:1
INFO  [1501740096:520190] [mac_handle_ack:83] ACK status:ACK_OK retries:2
INFO  [1501740119:698481] [radio_read:91] src:3 dst:2 len:46 flags:0
INFO  [1501740119:698506] [send_packet:48] src:2 dst:1 len:55
INFO  [1501740119:703813] [radio_read:91] src:2 dst:1 len:1 flags:1
INFO  [1501740119:703824] [mac_handle_ack:83] ACK status:ACK_OK retries:1
DATA send to 1 'Hello 32'
INFO  [1501740126:777333] [send_packet:48] src:2 dst:1 len:46
INFO  [1501740126:782694] [radio_read:91] src:2 dst:1 len:1 flags:1
INFO  [1501740126:782709] [mac_handle_ack:83] ACK status:ACK_OK retries:1
INFO  [1501740137:849969] [radio_read:91] src:3 dst:2 len:55 flags:0
INFO  [1501740137:849993] [send_packet:48] src:2 dst:1 len:55
INFO  [1501740137:856393] [radio_read:91] src:2 dst:1 len:1 flags:1
INFO  [1501740137:856416] [mac_handle_ack:83] ACK status:ACK_OK retries:1
INFO  [1501740163:599613] [send_packet:48] src:2 dst:6 len:79
INFO  [1501740163:611586] [radio_read:91] src:2 dst:6 len:1 flags:1
INFO  [1501740163:611599] [mac_handle_ack:83] ACK status:ACK_OK retries:2
INFO  [1501740167:645887] [radio_read:91] src:1 dst:ffff len:80 flags:0
INFO  [1501740169:670312] [send_packet:48] src:2 dst:1 len:53
INFO  [1501740169:677815] [radio_read:91] src:2 dst:1 len:1 flags:1
INFO  [1501740169:677829] [mac_handle_ack:83] ACK status:ACK_OK retries:1
DATA send to 1 'Hello 33'
INFO  [1501740182:117870] [send_packet:48] src:2 dst:1 len:46
INFO  [1501740182:123235] [radio_read:91] src:2 dst:1 len:1 flags:1
INFO  [1501740182:123246] [mac_handle_ack:83] ACK status:ACK_OK retries:1
INFO  [1501740199:580374] [radio_read:91] src:1 dst:2 len:79 flags:0
INFO  [1501740212:182070] [send_packet:48] src:2 dst:ffff len:80
INFO  [1501740215:812411] [radio_read:91] src:3 dst:2 len:46 flags:0
INFO  [1501740215:812432] [send_packet:48] src:2 dst:1 len:55
INFO  [1501740215:817907] [radio_read:91] src:2 dst:1 len:1 flags:1
INFO  [1501740215:817918] [mac_handle_ack:83] ACK status:ACK_OK retries:1
INFO  [1501740215:963713] [radio_read:91] src:3 dst:2 len:53 flags:0
INFO  [1501740215:963743] [send_packet:48] src:2 dst:1 len:53
INFO  [1501740215:970169] [radio_read:91] src:2 dst:1 len:1 flags:1
INFO  [1501740215:970179] [mac_handle_ack:83] ACK status:ACK_OK retries:1
INFO  [1501740227:991481] [radio_read:91] src:3 dst:2 len:55 flags:0
INFO  [1501740227:991498] [send_packet:48] src:2 dst:1 len:55
INFO  [1501740227:996850] [radio_read:91] src:2 dst:1 len:1 flags:1
INFO  [1501740227:996859] [mac_handle_ack:83] ACK status:ACK_OK retries:1
INFO  [1501740228:667837] [radio_read:91] src:3 dst:2 len:53 flags:0
INFO  [1501740228:667862] [send_packet:48] src:2 dst:1 len:53
INFO  [1501740228:674226] [radio_read:91] src:2 dst:1 len:1 flags:1
INFO  [1501740228:674237] [mac_handle_ack:83] ACK status:ACK_OK retries:1
DATA send to 1 'Hello 34'
INFO  [1501740234:459102] [send_packet:48] src:2 dst:1 len:46
INFO  [1501740234:463417] [radio_read:91] src:2 dst:1 len:1 flags:1
INFO  [1501740234:463425] [mac_handle_ack:83] ACK status:ACK_OK retries:1
INFO  [1501740262:417522] [radio_read:91] src:3 dst:ffff len:80 flags:0
INFO  [1501740270:682863] [radio_read:91] src:3 dst:2 len:55 flags:0
INFO  [1501740270:682890] [send_packet:48] src:2 dst:1 len:55
INFO  [1501740270:688198] [radio_read:91] src:2 dst:1 len:1 flags:1
INFO  [1501740270:688211] [mac_handle_ack:83] ACK status:ACK_OK retries:1
