Contiki-3.x-3272-gbcd9e94 started with IPV6, RPL
INFO  [1501738188:535589] [main:110] Using node id=0
INFO  [1501738188:535612] [main:114] MAC wfmac RDC nullrdc NETWORK sicslowpan
INFO  [1501738188:535614] [main:115] route_table_max_sz=100,nbr_table_max_sz=100
Tentative link-local IPv6 address fe80:0000:0000:0000:0302:0304:0506:0000
UDP server started. nbr:100 routes:100
created a new RPL dag
Server IPv6 addresses: fd00::302:304:506:0
fd00::ff:fe00:1
fe80::302:304:506:0
Created a server connection with remote address :: local/remote port 5678/8765
INFO  [1501738189:542348] [radio_read:91] src:1 dst:ffff len:10 flags:0
INFO  [1501738189:546562] [radio_read:91] src:4 dst:ffff len:10 flags:0
INFO  [1501738192:345967] [send_packet:48] src:0 dst:ffff len:80
INFO  [1501738195:564051] [radio_read:91] src:4 dst:ffff len:80 flags:0
INFO  [1501738196:168054] [radio_read:91] src:1 dst:ffff len:80 flags:0
INFO  [1501738196:556383] [radio_read:91] src:4 dst:0 len:53 flags:0
INFO  [1501738197:780670] [radio_read:91] src:4 dst:0 len:53 flags:0
INFO  [1501738198:163507] [radio_read:91] src:1 dst:0 len:53 flags:0
INFO  [1501738198:215790] [send_packet:48] src:0 dst:ffff len:80
INFO  [1501738200:304654] [radio_read:91] src:4 dst:0 len:53 flags:0
INFO  [1501738201:37348] [radio_read:91] src:1 dst:0 len:53 flags:0
INFO  [1501738201:346058] [radio_read:91] src:4 dst:0 len:53 flags:0
INFO  [1501738201:667219] [radio_read:91] src:1 dst:0 len:79 flags:0
INFO  [1501738201:938276] [radio_read:91] src:1 dst:0 len:53 flags:0
INFO  [1501738201:972133] [radio_read:91] src:1 dst:ffff len:80 flags:0
INFO  [1501738202:460192] [radio_read:91] src:4 dst:0 len:53 flags:0
INFO  [1501738203:7077] [radio_read:91] src:4 dst:0 len:53 flags:0
INFO  [1501738203:972291] [radio_read:91] src:4 dst:ffff len:80 flags:0
INFO  [1501738204:63278] [radio_read:91] src:4 dst:0 len:53 flags:0
INFO  [1501738204:174793] [radio_read:91] src:1 dst:0 len:53 flags:0
INFO  [1501738204:552901] [radio_read:91] src:4 dst:0 len:53 flags:0
INFO  [1501738205:77464] [radio_read:91] src:1 dst:0 len:53 flags:0
INFO  [1501738205:531414] [radio_read:91] src:4 dst:0 len:53 flags:0
INFO  [1501738205:534653] [radio_read:91] src:4 dst:0 len:53 flags:0
INFO  [1501738206:461406] [radio_read:91] src:4 dst:0 len:79 flags:0
INFO  [1501738206:961552] [radio_read:91] src:4 dst:0 len:53 flags:0
INFO  [1501738207:922831] [radio_read:91] src:1 dst:0 len:53 flags:0
INFO  [1501738208:6059] [radio_read:91] src:4 dst:0 len:53 flags:0
INFO  [1501738208:69294] [radio_read:91] src:4 dst:0 len:53 flags:0
INFO  [1501738208:131471] [radio_read:91] src:4 dst:0 len:53 flags:0
INFO  [1501738208:687002] [radio_read:91] src:4 dst:0 len:53 flags:0
INFO  [1501738208:722327] [radio_read:91] src:4 dst:0 len:53 flags:0
INFO  [1501738209:169361] [radio_read:91] src:4 dst:0 len:53 flags:0
INFO  [1501738209:177911] [radio_read:91] src:4 dst:0 len:53 flags:0
INFO  [1501738209:183262] [radio_read:91] src:4 dst:0 len:53 flags:0
INFO  [1501738209:195039] [radio_read:91] src:4 dst:0 len:53 flags:0
INFO  [1501738209:525548] [radio_read:91] src:4 dst:0 len:53 flags:0
INFO  [1501738209:530922] [radio_read:91] src:1 dst:0 len:53 flags:0
INFO  [1501738209:775688] [radio_read:91] src:4 dst:0 len:53 flags:0
INFO  [1501738209:782099] [radio_read:91] src:4 dst:0 len:53 flags:0
INFO  [1501738210:391592] [radio_read:91] src:4 dst:0 len:53 flags:0
INFO  [1501738210:572665] [radio_read:91] src:4 dst:0 len:53 flags:0
INFO  [1501738211:250069] [radio_read:91] src:4 dst:0 len:53 flags:0
INFO  [1501738211:804593] [radio_read:91] src:4 dst:0 len:53 flags:0
INFO  [1501738212:423847] [radio_read:91] src:4 dst:0 len:53 flags:0
INFO  [1501738213:104775] [radio_read:91] src:1 dst:ffff len:80 flags:0
INFO  [1501738213:413228] [radio_read:91] src:4 dst:0 len:53 flags:0
INFO  [1501738213:491676] [radio_read:91] src:4 dst:0 len:53 flags:0
INFO  [1501738213:761286] [send_packet:48] src:0 dst:ffff len:80
INFO  [1501738213:819451] [radio_read:91] src:4 dst:0 len:53 flags:0
INFO  [1501738214:970405] [radio_read:91] src:1 dst:0 len:53 flags:0
INFO  [1501738215:522703] [radio_read:91] src:4 dst:ffff len:80 flags:0
INFO  [1501738216:481367] [radio_read:91] src:4 dst:0 len:53 flags:0
INFO  [1501738216:890372] [radio_read:91] src:4 dst:0 len:53 flags:0
INFO  [1501738218:6233] [radio_read:91] src:1 dst:0 len:53 flags:0
INFO  [1501738218:169639] [radio_read:91] src:4 dst:0 len:53 flags:0
INFO  [1501738218:323806] [radio_read:91] src:4 dst:0 len:53 flags:0
INFO  [1501738218:428893] [radio_read:91] src:4 dst:0 len:53 flags:0
INFO  [1501738219:402919] [radio_read:91] src:4 dst:0 len:53 flags:0
INFO  [1501738219:655974] [radio_read:91] src:4 dst:0 len:53 flags:0
INFO  [1501738219:824330] [radio_read:91] src:4 dst:0 len:53 flags:0
INFO  [1501738220:310931] [radio_read:91] src:4 dst:0 len:53 flags:0
INFO  [1501738221:604890] [radio_read:91] src:4 dst:0 len:53 flags:0
INFO  [1501738224:485541] [radio_read:91] src:4 dst:0 len:53 flags:0
INFO  [1501738224:774303] [radio_read:91] src:4 dst:0 len:53 flags:0
INFO  [1501738226:323418] [radio_read:91] src:4 dst:0 len:53 flags:0
INFO  [1501738228:138390] [radio_read:91] src:4 dst:0 len:53 flags:0
INFO  [1501738228:543783] [radio_read:91] src:4 dst:0 len:53 flags:0
INFO  [1501738229:268234] [radio_read:91] src:4 dst:0 len:53 flags:0
INFO  [1501738229:463102] [radio_read:91] src:4 dst:0 len:53 flags:0
INFO  [1501738231:569722] [radio_read:91] src:4 dst:0 len:53 flags:0
INFO  [1501738239:283581] [send_packet:48] src:0 dst:ffff len:80
INFO  [1501738240:294486] [radio_read:91] src:4 dst:0 len:53 flags:0
INFO  [1501738240:893443] [radio_read:91] src:4 dst:ffff len:80 flags:0
INFO  [1501738240:922365] [radio_read:91] src:4 dst:0 len:53 flags:0
INFO  [1501738242:5489] [radio_read:91] src:1 dst:0 len:53 flags:0
INFO  [1501738243:179175] [radio_read:91] src:4 dst:0 len:53 flags:0
INFO  [1501738243:909135] [radio_read:91] src:4 dst:0 len:53 flags:0
INFO  [1501738245:833291] [radio_read:91] src:4 dst:0 len:53 flags:0
INFO  [1501738246:136851] [radio_read:91] src:4 dst:0 len:53 flags:0
INFO  [1501738249:710785] [radio_read:91] src:4 dst:0 len:54 flags:0
DATA recv 'Hello 1 from the client' from 6
INFO  [1501738251:551910] [radio_read:91] src:4 dst:0 len:45 flags:0
DATA recv 'Hello 1 from the client' from 4
INFO  [1501738251:596180] [radio_read:91] src:4 dst:0 len:53 flags:0
INFO  [1501738251:871966] [radio_read:91] src:4 dst:0 len:54 flags:0
DATA recv 'Hello 1 from the client' from 11
INFO  [1501738252:500708] [radio_read:91] src:1 dst:0 len:45 flags:0
DATA recv 'Hello 1 from the client' from 1
INFO  [1501738253:528474] [radio_read:91] src:4 dst:0 len:54 flags:0
DATA recv 'Hello 1 from the client' from 14
INFO  [1501738254:95086] [radio_read:91] src:4 dst:0 len:53 flags:0
INFO  [1501738254:274196] [radio_read:91] src:4 dst:0 len:53 flags:0
INFO  [1501738254:390850] [radio_read:91] src:4 dst:0 len:54 flags:0
DATA recv 'Hello 1 from the client' from 9
INFO  [1501738254:708089] [radio_read:91] src:4 dst:0 len:53 flags:0
INFO  [1501738255:872426] [radio_read:91] src:4 dst:0 len:53 flags:0
INFO  [1501738256:661016] [radio_read:91] src:4 dst:0 len:53 flags:0
INFO  [1501738257:292171] [radio_read:91] src:1 dst:0 len:54 flags:0
DATA recv 'Hello 1 from the client' from 3
INFO  [1501738257:471135] [radio_read:91] src:4 dst:0 len:53 flags:0
INFO  [1501738258:225708] [radio_read:91] src:1 dst:0 len:53 flags:0
INFO  [1501738264:715405] [radio_read:91] src:4 dst:0 len:54 flags:0
DATA recv 'Hello 1 from the client' from 15
INFO  [1501738270:72484] [radio_read:91] src:4 dst:0 len:54 flags:0
DATA recv 'Hello 1 from the client' from 16
INFO  [1501738272:882451] [radio_read:91] src:1 dst:0 len:54 flags:0
DATA recv 'Hello 1 from the client' from 2
INFO  [1501738273:271272] [radio_read:91] src:4 dst:0 len:54 flags:0
DATA recv 'Hello 1 from the client' from 17
INFO  [1501738274:761907] [radio_read:91] src:4 dst:0 len:54 flags:0
DATA recv 'Hello 1 from the client' from 10
INFO  [1501738275:251817] [radio_read:91] src:4 dst:0 len:54 flags:0
DATA recv 'Hello 1 from the client' from 13
INFO  [1501738277:709664] [radio_read:91] src:4 dst:0 len:54 flags:0
DATA recv 'Hello 1 from the client' from 18
INFO  [1501738285:663125] [radio_read:91] src:4 dst:0 len:54 flags:0
DATA recv 'Hello 1 from the client' from 12
INFO  [1501738286:142118] [radio_read:91] src:1 dst:0 len:54 flags:0
DATA recv 'Hello 1 from the client' from 7
INFO  [1501738286:732477] [send_packet:48] src:0 dst:ffff len:80
INFO  [1501738291:347059] [radio_read:91] src:1 dst:ffff len:80 flags:0
INFO  [1501738292:533826] [radio_read:91] src:1 dst:0 len:53 flags:0
INFO  [1501738296:94034] [radio_read:91] src:1 dst:0 len:53 flags:0
INFO  [1501738296:286665] [radio_read:91] src:1 dst:0 len:53 flags:0
INFO  [1501738303:88672] [radio_read:91] src:4 dst:0 len:54 flags:0
DATA recv 'Hello 1 from the client' from 5
INFO  [1501738303:414564] [radio_read:91] src:1 dst:0 len:53 flags:0
INFO  [1501738304:256657] [radio_read:91] src:4 dst:0 len:54 flags:0
DATA recv 'Hello 1 from the client' from 19
INFO  [1501738306:105607] [radio_read:91] src:4 dst:0 len:54 flags:0
DATA recv 'Hello 1 from the client' from 8
INFO  [1501738307:819530] [radio_read:91] src:4 dst:0 len:53 flags:0
INFO  [1501738308:741133] [radio_read:91] src:1 dst:0 len:54 flags:0
DATA recv 'Hello 2 from the client' from 7
INFO  [1501738309:370778] [radio_read:91] src:4 dst:0 len:54 flags:0
DATA recv 'Hello 2 from the client' from 18
INFO  [1501738310:422542] [radio_read:91] src:4 dst:ffff len:80 flags:0
INFO  [1501738319:101616] [radio_read:91] src:4 dst:0 len:54 flags:0
DATA recv 'Hello 2 from the client' from 5
INFO  [1501738319:886084] [radio_read:91] src:4 dst:0 len:54 flags:0
DATA recv 'Hello 2 from the client' from 9
INFO  [1501738320:251662] [radio_read:91] src:4 dst:0 len:54 flags:0
DATA recv 'Hello 2 from the client' from 8
INFO  [1501738322:658541] [radio_read:91] src:4 dst:0 len:53 flags:0
INFO  [1501738325:440102] [radio_read:91] src:4 dst:0 len:54 flags:0
DATA recv 'Hello 2 from the client' from 12
INFO  [1501738325:793888] [radio_read:91] src:4 dst:0 len:53 flags:0
INFO  [1501738326:991433] [radio_read:91] src:4 dst:0 len:54 flags:0
DATA recv 'Hello 2 from the client' from 11
INFO  [1501738327:294277] [radio_read:91] src:4 dst:0 len:54 flags:0
DATA recv 'Hello 2 from the client' from 17
INFO  [1501738329:423161] [radio_read:91] src:4 dst:0 len:54 flags:0
DATA recv 'Hello 2 from the client' from 10
INFO  [1501738330:12197] [radio_read:91] src:4 dst:0 len:54 flags:0
DATA recv 'Hello 2 from the client' from 13
INFO  [1501738330:155185] [radio_read:91] src:4 dst:0 len:53 flags:0
INFO  [1501738331:513634] [radio_read:91] src:4 dst:0 len:53 flags:0
INFO  [1501738337:191238] [radio_read:91] src:4 dst:0 len:54 flags:0
DATA recv 'Hello 2 from the client' from 6
INFO  [1501738341:14594] [radio_read:91] src:4 dst:0 len:53 flags:0
INFO  [1501738343:819492] [radio_read:91] src:4 dst:0 len:54 flags:0
DATA recv 'Hello 2 from the client' from 19
INFO  [1501738344:28356] [radio_read:91] src:4 dst:0 len:54 flags:0
DATA recv 'Hello 2 from the client' from 16
INFO  [1501738355:764401] [radio_read:91] src:1 dst:0 len:54 flags:0
DATA recv 'Hello 2 from the client' from 2
INFO  [1501738358:902325] [radio_read:91] src:1 dst:0 len:54 flags:0
DATA recv 'Hello 2 from the client' from 3
INFO  [1501738358:917299] [radio_read:91] src:1 dst:0 len:45 flags:0
DATA recv 'Hello 2 from the client' from 1
INFO  [1501738362:641826] [radio_read:91] src:4 dst:0 len:54 flags:0
DATA recv 'Hello 2 from the client' from 15
INFO  [1501738365:881107] [radio_read:91] src:4 dst:0 len:45 flags:0
DATA recv 'Hello 2 from the client' from 4
INFO  [1501738366:908825] [radio_read:91] src:4 dst:0 len:54 flags:0
DATA recv 'Hello 2 from the client' from 14
INFO  [1501738369:622222] [radio_read:91] src:4 dst:0 len:54 flags:0
DATA recv 'Hello 3 from the client' from 8
INFO  [1501738371:355671] [radio_read:91] src:4 dst:0 len:54 flags:0
DATA recv 'Hello 3 from the client' from 19
INFO  [1501738372:897211] [radio_read:91] src:1 dst:0 len:45 flags:0
DATA recv 'Hello 3 from the client' from 1
INFO  [1501738373:791339] [radio_read:91] src:4 dst:0 len:54 flags:0
DATA recv 'Hello 3 from the client' from 18
INFO  [1501738374:12968] [radio_read:91] src:1 dst:0 len:54 flags:0
DATA recv 'Hello 3 from the client' from 3
INFO  [1501738378:855761] [radio_read:91] src:4 dst:0 len:54 flags:0
DATA recv 'Hello 3 from the client' from 15
INFO  [1501738379:541773] [radio_read:91] src:4 dst:0 len:54 flags:0
DATA recv 'Hello 3 from the client' from 17
INFO  [1501738379:968276] [radio_read:91] src:1 dst:0 len:54 flags:0
DATA recv 'Hello 3 from the client' from 7
INFO  [1501738381:564104] [radio_read:91] src:4 dst:0 len:54 flags:0
DATA recv 'Hello 3 from the client' from 11
INFO  [1501738386:520914] [radio_read:91] src:4 dst:0 len:54 flags:0
DATA recv 'Hello 3 from the client' from 16
INFO  [1501738386:814423] [radio_read:91] src:1 dst:ffff len:80 flags:0
INFO  [1501738387:254631] [radio_read:91] src:4 dst:0 len:54 flags:0
DATA recv 'Hello 3 from the client' from 5
INFO  [1501738387:262172] [radio_read:91] src:4 dst:0 len:54 flags:0
DATA recv 'Hello 3 from the client' from 5
INFO  [1501738389:596954] [radio_read:91] src:4 dst:0 len:45 flags:0
DATA recv 'Hello 3 from the client' from 4
INFO  [1501738396:530512] [radio_read:91] src:4 dst:0 len:54 flags:0
DATA recv 'Hello 3 from the client' from 14
INFO  [1501738399:422319] [radio_read:91] src:4 dst:0 len:54 flags:0
DATA recv 'Hello 3 from the client' from 9
INFO  [1501738400:316606] [radio_read:91] src:4 dst:0 len:54 flags:0
DATA recv 'Hello 3 from the client' from 10
INFO  [1501738401:890280] [radio_read:91] src:1 dst:0 len:54 flags:0
DATA recv 'Hello 3 from the client' from 2
INFO  [1501738408:720732] [radio_read:91] src:4 dst:0 len:54 flags:0
DATA recv 'Hello 3 from the client' from 13
INFO  [1501738410:948293] [radio_read:91] src:4 dst:0 len:54 flags:0
DATA recv 'Hello 3 from the client' from 12
INFO  [1501738421:61346] [radio_read:91] src:4 dst:0 len:54 flags:0
DATA recv 'Hello 3 from the client' from 6
INFO  [1501738429:53829] [radio_read:91] src:4 dst:0 len:54 flags:0
DATA recv 'Hello 4 from the client' from 13
INFO  [1501738429:704495] [radio_read:91] src:4 dst:0 len:54 flags:0
DATA recv 'Hello 4 from the client' from 18
INFO  [1501738429:709833] [radio_read:91] src:4 dst:0 len:54 flags:0
DATA recv 'Hello 4 from the client' from 18
INFO  [1501738430:511413] [radio_read:91] src:4 dst:0 len:54 flags:0
DATA recv 'Hello 4 from the client' from 14
INFO  [1501738431:518482] [radio_read:91] src:4 dst:0 len:54 flags:0
DATA recv 'Hello 4 from the client' from 12
INFO  [1501738432:195982] [radio_read:91] src:4 dst:0 len:54 flags:0
DATA recv 'Hello 4 from the client' from 17
INFO  [1501738436:259291] [send_packet:48] src:0 dst:ffff len:80
INFO  [1501738438:608518] [radio_read:91] src:4 dst:0 len:54 flags:0
DATA recv 'Hello 4 from the client' from 10
INFO  [1501738439:237873] [radio_read:91] src:4 dst:ffff len:80 flags:0
INFO  [1501738441:129099] [radio_read:91] src:4 dst:0 len:53 flags:0
INFO  [1501738441:934987] [radio_read:91] src:1 dst:0 len:53 flags:0
INFO  [1501738443:249868] [radio_read:91] src:4 dst:0 len:53 flags:0
INFO  [1501738443:536496] [radio_read:91] src:1 dst:0 len:54 flags:0
DATA recv 'Hello 4 from the client' from 2
INFO  [1501738444:531871] [radio_read:91] src:4 dst:0 len:53 flags:0
INFO  [1501738446:599747] [radio_read:91] src:4 dst:0 len:54 flags:0
DATA recv 'Hello 4 from the client' from 15
INFO  [1501738448:504071] [radio_read:91] src:1 dst:0 len:54 flags:0
DATA recv 'Hello 4 from the client' from 3
INFO  [1501738450:881827] [radio_read:91] src:4 dst:0 len:53 flags:0
INFO  [1501738454:658589] [radio_read:91] src:4 dst:0 len:53 flags:0
INFO  [1501738454:705561] [radio_read:91] src:4 dst:0 len:54 flags:0
DATA recv 'Hello 4 from the client' from 19
INFO  [1501738454:787058] [radio_read:91] src:4 dst:0 len:54 flags:0
DATA recv 'Hello 4 from the client' from 5
INFO  [1501738455:505021] [radio_read:91] src:4 dst:0 len:53 flags:0
INFO  [1501738464:327480] [radio_read:91] src:4 dst:0 len:54 flags:0
DATA recv 'Hello 4 from the client' from 11
INFO  [1501738469:172549] [radio_read:91] src:4 dst:0 len:54 flags:0
DATA recv 'Hello 4 from the client' from 8
INFO  [1501738471:131563] [radio_read:91] src:4 dst:0 len:45 flags:0
DATA recv 'Hello 4 from the client' from 4
INFO  [1501738475:424389] [radio_read:91] src:4 dst:0 len:54 flags:0
DATA recv 'Hello 4 from the client' from 16
INFO  [1501738475:546395] [radio_read:91] src:4 dst:0 len:54 flags:0
DATA recv 'Hello 4 from the client' from 6
INFO  [1501738477:623317] [radio_read:91] src:1 dst:0 len:54 flags:0
DATA recv 'Hello 4 from the client' from 7
INFO  [1501738480:529773] [radio_read:91] src:4 dst:0 len:54 flags:0
DATA recv 'Hello 4 from the client' from 9
INFO  [1501738483:763443] [radio_read:91] src:1 dst:0 len:45 flags:0
DATA recv 'Hello 4 from the client' from 1
INFO  [1501738487:644679] [radio_read:91] src:1 dst:0 len:53 flags:0
INFO  [1501738490:557941] [radio_read:91] src:4 dst:0 len:54 flags:0
DATA recv 'Hello 5 from the client' from 18
INFO  [1501738490:614865] [radio_read:91] src:1 dst:0 len:54 flags:0
DATA recv 'Hello 5 from the client' from 2
INFO  [1501738490:635301] [radio_read:91] src:4 dst:0 len:54 flags:0
DATA recv 'Hello 5 from the client' from 16
INFO  [1501738492:861036] [radio_read:91] src:4 dst:0 len:54 flags:0
DATA recv 'Hello 5 from the client' from 12
INFO  [1501738497:729177] [radio_read:91] src:1 dst:0 len:53 flags:0
INFO  [1501738503:679950] [radio_read:91] src:4 dst:0 len:54 flags:0
DATA recv 'Hello 5 from the client' from 17
INFO  [1501738504:169518] [radio_read:91] src:4 dst:0 len:53 flags:0
INFO  [1501738506:92094] [radio_read:91] src:4 dst:0 len:53 flags:0
INFO  [1501738507:703639] [radio_read:91] src:4 dst:0 len:54 flags:0
DATA recv 'Hello 5 from the client' from 11
INFO  [1501738513:929580] [radio_read:91] src:1 dst:0 len:54 flags:0
DATA recv 'Hello 5 from the client' from 7
INFO  [1501738514:896368] [radio_read:91] src:1 dst:0 len:53 flags:0
INFO  [1501738516:678415] [radio_read:91] src:4 dst:0 len:45 flags:0
DATA recv 'Hello 5 from the client' from 4
INFO  [1501738519:102976] [radio_read:91] src:1 dst:0 len:54 flags:0
DATA recv 'Hello 5 from the client' from 3
INFO  [1501738522:616555] [radio_read:91] src:4 dst:0 len:54 flags:0
DATA recv 'Hello 5 from the client' from 15
INFO  [1501738523:706481] [radio_read:91] src:1 dst:0 len:45 flags:0
DATA recv 'Hello 5 from the client' from 1
INFO  [1501738525:248046] [radio_read:91] src:4 dst:0 len:54 flags:0
DATA recv 'Hello 5 from the client' from 9
INFO  [1501738526:50505] [radio_read:91] src:4 dst:0 len:54 flags:0
DATA recv 'Hello 5 from the client' from 10
INFO  [1501738526:644543] [radio_read:91] src:4 dst:0 len:54 flags:0
DATA recv 'Hello 5 from the client' from 6
INFO  [1501738529:154552] [radio_read:91] src:4 dst:0 len:54 flags:0
DATA recv 'Hello 5 from the client' from 8
INFO  [1501738533:823341] [radio_read:91] src:4 dst:0 len:54 flags:0
DATA recv 'Hello 5 from the client' from 19
INFO  [1501738541:982807] [radio_read:91] src:4 dst:0 len:54 flags:0
DATA recv 'Hello 5 from the client' from 14
INFO  [1501738544:251680] [radio_read:91] src:4 dst:0 len:54 flags:0
DATA recv 'Hello 5 from the client' from 5
INFO  [1501738547:499331] [radio_read:91] src:4 dst:0 len:54 flags:0
DATA recv 'Hello 5 from the client' from 13
INFO  [1501738551:651108] [radio_read:91] src:4 dst:0 len:54 flags:0
DATA recv 'Hello 6 from the client' from 5
INFO  [1501738552:402951] [radio_read:91] src:4 dst:0 len:54 flags:0
DATA recv 'Hello 6 from the client' from 6
INFO  [1501738552:855518] [radio_read:91] src:4 dst:0 len:53 flags:0
INFO  [1501738553:502569] [radio_read:91] src:4 dst:0 len:54 flags:0
DATA recv 'Hello 6 from the client' from 17
INFO  [1501738553:605216] [radio_read:91] src:4 dst:0 len:54 flags:0
DATA recv 'Hello 6 from the client' from 15
INFO  [1501738560:824055] [radio_read:91] src:4 dst:0 len:54 flags:0
DATA recv 'Hello 6 from the client' from 14
INFO  [1501738563:869280] [radio_read:91] src:4 dst:0 len:54 flags:0
DATA recv 'Hello 6 from the client' from 9
INFO  [1501738568:632918] [radio_read:91] src:1 dst:0 len:54 flags:0
DATA recv 'Hello 6 from the client' from 3
INFO  [1501738569:271416] [radio_read:91] src:4 dst:0 len:54 flags:0
DATA recv 'Hello 6 from the client' from 11
INFO  [1501738576:823384] [radio_read:91] src:4 dst:0 len:54 flags:0
DATA recv 'Hello 6 from the client' from 16
INFO  [1501738577:904623] [send_packet:48] src:0 dst:ffff len:80
INFO  [1501738578:5083] [radio_read:91] src:1 dst:0 len:54 flags:0
DATA recv 'Hello 6 from the client' from 7
INFO  [1501738578:764983] [radio_read:91] src:4 dst:0 len:54 flags:0
DATA recv 'Hello 6 from the client' from 13
INFO  [1501738582:74396] [radio_read:91] src:1 dst:0 len:54 flags:0
DATA recv 'Hello 6 from the client' from 2
INFO  [1501738582:508425] [radio_read:91] src:4 dst:0 len:53 flags:0
INFO  [1501738583:188680] [radio_read:91] src:1 dst:0 len:53 flags:0
INFO  [1501738584:884645] [radio_read:91] src:4 dst:0 len:54 flags:0
DATA recv 'Hello 6 from the client' from 10
INFO  [1501738585:195964] [radio_read:91] src:4 dst:0 len:53 flags:0
INFO  [1501738585:779822] [radio_read:91] src:4 dst:0 len:54 flags:0
DATA recv 'Hello 6 from the client' from 8
INFO  [1501738589:805075] [radio_read:91] src:4 dst:0 len:45 flags:0
DATA recv 'Hello 6 from the client' from 4
INFO  [1501738593:858631] [radio_read:91] src:1 dst:0 len:45 flags:0
DATA recv 'Hello 6 from the client' from 1
INFO  [1501738595:225796] [radio_read:91] src:4 dst:0 len:53 flags:0
INFO  [1501738595:239752] [radio_read:91] src:4 dst:0 len:53 flags:0
INFO  [1501738595:248374] [radio_read:91] src:4 dst:0 len:53 flags:0
INFO  [1501738602:43195] [radio_read:91] src:4 dst:0 len:54 flags:0
DATA recv 'Hello 6 from the client' from 19
INFO  [1501738602:504160] [radio_read:91] src:4 dst:0 len:54 flags:0
DATA recv 'Hello 6 from the client' from 18
INFO  [1501738605:24989] [radio_read:91] src:4 dst:0 len:54 flags:0
DATA recv 'Hello 6 from the client' from 12
INFO  [1501738606:381515] [radio_read:91] src:1 dst:ffff len:80 flags:0
INFO  [1501738608:851364] [radio_read:91] src:1 dst:0 len:53 flags:0
INFO  [1501738610:301622] [radio_read:91] src:4 dst:0 len:53 flags:0
INFO  [1501738611:999527] [radio_read:91] src:1 dst:0 len:54 flags:0
DATA recv 'Hello 7 from the client' from 2
INFO  [1501738612:64209] [radio_read:91] src:4 dst:0 len:54 flags:0
DATA recv 'Hello 7 from the client' from 16
INFO  [1501738612:894882] [radio_read:91] src:4 dst:0 len:54 flags:0
DATA recv 'Hello 7 from the client' from 19
INFO  [1501738612:899200] [radio_read:91] src:4 dst:0 len:54 flags:0
DATA recv 'Hello 7 from the client' from 19
INFO  [1501738613:869053] [radio_read:91] src:1 dst:0 len:54 flags:0
DATA recv 'Hello 7 from the client' from 7
INFO  [1501738614:949045] [radio_read:91] src:4 dst:0 len:54 flags:0
DATA recv 'Hello 7 from the client' from 12
INFO  [1501738617:133163] [radio_read:91] src:4 dst:0 len:54 flags:0
DATA recv 'Hello 7 from the client' from 8
INFO  [1501738619:170184] [radio_read:91] src:4 dst:0 len:54 flags:0
DATA recv 'Hello 7 from the client' from 11
INFO  [1501738619:242684] [radio_read:91] src:4 dst:0 len:54 flags:0
DATA recv 'Hello 7 from the client' from 15
INFO  [1501738620:283048] [radio_read:91] src:1 dst:0 len:54 flags:0
DATA recv 'Hello 7 from the client' from 3
INFO  [1501738627:564605] [radio_read:91] src:4 dst:0 len:54 flags:0
DATA recv 'Hello 7 from the client' from 18
INFO  [1501738627:848656] [radio_read:91] src:4 dst:0 len:53 flags:0
INFO  [1501738632:263162] [radio_read:91] src:4 dst:0 len:54 flags:0
DATA recv 'Hello 7 from the client' from 5
INFO  [1501738637:209085] [radio_read:91] src:4 dst:0 len:53 flags:0
INFO  [1501738642:791872] [radio_read:91] src:4 dst:0 len:53 flags:0
INFO  [1501738642:864023] [radio_read:91] src:4 dst:0 len:53 flags:0
INFO  [1501738645:795820] [radio_read:91] src:4 dst:0 len:54 flags:0
DATA recv 'Hello 7 from the client' from 10
INFO  [1501738647:905453] [radio_read:91] src:1 dst:0 len:53 flags:0
INFO  [1501738648:617826] [radio_read:91] src:4 dst:0 len:53 flags:0
INFO  [1501738649:75900] [radio_read:91] src:4 dst:0 len:54 flags:0
DATA recv 'Hello 7 from the client' from 6
INFO  [1501738650:172383] [radio_read:91] src:4 dst:0 len:54 flags:0
DATA recv 'Hello 7 from the client' from 13
INFO  [1501738651:730653] [radio_read:91] src:4 dst:0 len:53 flags:0
INFO  [1501738651:763948] [radio_read:91] src:1 dst:0 len:45 flags:0
DATA recv 'Hello 7 from the client' from 1
INFO  [1501738655:605620] [radio_read:91] src:4 dst:0 len:45 flags:0
DATA recv 'Hello 7 from the client' from 4
INFO  [1501738660:25780] [radio_read:91] src:4 dst:0 len:54 flags:0
DATA recv 'Hello 7 from the client' from 9
INFO  [1501738661:310768] [radio_read:91] src:4 dst:0 len:54 flags:0
DATA recv 'Hello 7 from the client' from 14
INFO  [1501738667:650238] [radio_read:91] src:4 dst:0 len:54 flags:0
DATA recv 'Hello 7 from the client' from 17
INFO  [1501738671:332739] [radio_read:91] src:4 dst:0 len:54 flags:0
DATA recv 'Hello 8 from the client' from 18
INFO  [1501738672:369266] [radio_read:91] src:1 dst:0 len:54 flags:0
DATA recv 'Hello 8 from the client' from 3
INFO  [1501738672:501205] [radio_read:91] src:4 dst:0 len:53 flags:0
INFO  [1501738676:575310] [radio_read:91] src:4 dst:0 len:54 flags:0
DATA recv 'Hello 8 from the client' from 17
INFO  [1501738676:737935] [radio_read:91] src:4 dst:0 len:54 flags:0
DATA recv 'Hello 8 from the client' from 12
INFO  [1501738680:270678] [radio_read:91] src:4 dst:ffff len:80 flags:0
INFO  [1501738681:364185] [radio_read:91] src:1 dst:0 len:54 flags:0
DATA recv 'Hello 8 from the client' from 7
INFO  [1501738683:188539] [radio_read:91] src:4 dst:0 len:53 flags:0
INFO  [1501738684:246041] [radio_read:91] src:4 dst:0 len:54 flags:0
DATA recv 'Hello 8 from the client' from 19
INFO  [1501738684:747340] [radio_read:91] src:4 dst:0 len:54 flags:0
DATA recv 'Hello 8 from the client' from 16
INFO  [1501738686:822487] [radio_read:91] src:4 dst:0 len:53 flags:0
INFO  [1501738688:477455] [radio_read:91] src:4 dst:0 len:53 flags:0
INFO  [1501738688:642102] [radio_read:91] src:4 dst:0 len:54 flags:0
DATA recv 'Hello 8 from the client' from 14
INFO  [1501738690:903462] [radio_read:91] src:1 dst:0 len:54 flags:0
DATA recv 'Hello 8 from the client' from 2
INFO  [1501738695:794139] [radio_read:91] src:4 dst:0 len:53 flags:0
INFO  [1501738697:981686] [radio_read:91] src:4 dst:0 len:53 flags:0
INFO  [1501738710:110181] [radio_read:91] src:4 dst:0 len:54 flags:0
DATA recv 'Hello 8 from the client' from 15
INFO  [1501738711:565684] [radio_read:91] src:4 dst:0 len:54 flags:0
DATA recv 'Hello 8 from the client' from 10
INFO  [1501738713:2747] [radio_read:91] src:4 dst:0 len:45 flags:0
DATA recv 'Hello 8 from the client' from 4
INFO  [1501738715:209616] [radio_read:91] src:4 dst:0 len:54 flags:0
DATA recv 'Hello 8 from the client' from 9
INFO  [1501738715:437971] [radio_read:91] src:4 dst:0 len:54 flags:0
DATA recv 'Hello 8 from the client' from 6
INFO  [1501738717:97414] [radio_read:91] src:1 dst:0 len:45 flags:0
DATA recv 'Hello 8 from the client' from 1
INFO  [1501738717:102729] [radio_read:91] src:1 dst:0 len:45 flags:0
DATA recv 'Hello 8 from the client' from 1
INFO  [1501738719:218922] [radio_read:91] src:4 dst:0 len:54 flags:0
DATA recv 'Hello 8 from the client' from 8
INFO  [1501738719:629961] [radio_read:91] src:4 dst:0 len:54 flags:0
DATA recv 'Hello 8 from the client' from 13
INFO  [1501738722:578602] [radio_read:91] src:4 dst:0 len:53 flags:0
INFO  [1501738724:4010] [radio_read:91] src:4 dst:0 len:54 flags:0
DATA recv 'Hello 8 from the client' from 5
INFO  [1501738727:60644] [radio_read:91] src:4 dst:0 len:54 flags:0
DATA recv 'Hello 8 from the client' from 11
INFO  [1501738731:551385] [radio_read:91] src:4 dst:0 len:45 flags:0
DATA recv 'Hello 9 from the client' from 4
INFO  [1501738733:269143] [radio_read:91] src:4 dst:0 len:54 flags:0
DATA recv 'Hello 9 from the client' from 8
INFO  [1501738735:51212] [radio_read:91] src:4 dst:0 len:54 flags:0
DATA recv 'Hello 9 from the client' from 16
INFO  [1501738735:72663] [radio_read:91] src:4 dst:0 len:54 flags:0
DATA recv 'Hello 9 from the client' from 16
INFO  [1501738735:169184] [radio_read:91] src:1 dst:0 len:54 flags:0
DATA recv 'Hello 9 from the client' from 3
INFO  [1501738740:785294] [radio_read:91] src:1 dst:0 len:53 flags:0
INFO  [1501738754:349822] [radio_read:91] src:1 dst:0 len:54 flags:0
DATA recv 'Hello 9 from the client' from 2
INFO  [1501738755:540145] [radio_read:91] src:4 dst:0 len:54 flags:0
DATA recv 'Hello 9 from the client' from 12
INFO  [1501738756:21515] [radio_read:91] src:4 dst:0 len:54 flags:0
DATA recv 'Hello 9 from the client' from 10
INFO  [1501738756:450106] [radio_read:91] src:4 dst:0 len:54 flags:0
DATA recv 'Hello 9 from the client' from 11
INFO  [1501738757:301268] [radio_read:91] src:4 dst:0 len:54 flags:0
DATA recv 'Hello 9 from the client' from 18
INFO  [1501738758:904009] [radio_read:91] src:1 dst:0 len:45 flags:0
DATA recv 'Hello 9 from the client' from 1
INFO  [1501738762:48807] [radio_read:91] src:4 dst:0 len:54 flags:0
DATA recv 'Hello 9 from the client' from 5
INFO  [1501738766:154568] [radio_read:91] src:4 dst:0 len:54 flags:0
DATA recv 'Hello 9 from the client' from 15
INFO  [1501738770:296651] [radio_read:91] src:4 dst:0 len:54 flags:0
DATA recv 'Hello 9 from the client' from 17
INFO  [1501738772:981511] [radio_read:91] src:1 dst:0 len:54 flags:0
DATA recv 'Hello 9 from the client' from 7
INFO  [1501738775:79156] [radio_read:91] src:4 dst:0 len:54 flags:0
DATA recv 'Hello 9 from the client' from 6
INFO  [1501738777:132985] [radio_read:91] src:4 dst:0 len:54 flags:0
DATA recv 'Hello 9 from the client' from 19
INFO  [1501738783:309754] [radio_read:91] src:4 dst:0 len:54 flags:0
DATA recv 'Hello 9 from the client' from 9
INFO  [1501738783:588285] [radio_read:91] src:4 dst:0 len:54 flags:0
DATA recv 'Hello 9 from the client' from 13
INFO  [1501738784:819973] [radio_read:91] src:4 dst:0 len:54 flags:0
DATA recv 'Hello 9 from the client' from 14
INFO  [1501738789:133978] [radio_read:91] src:4 dst:0 len:55 flags:0
DATA recv 'Hello 10 from the client' from 9
INFO  [1501738791:391621] [radio_read:91] src:4 dst:0 len:53 flags:0
INFO  [1501738791:579580] [radio_read:91] src:4 dst:0 len:55 flags:0
DATA recv 'Hello 10 from the client' from 11
INFO  [1501738795:890945] [radio_read:91] src:4 dst:0 len:55 flags:0
DATA recv 'Hello 10 from the client' from 15
INFO  [1501738800:660392] [radio_read:91] src:4 dst:0 len:55 flags:0
DATA recv 'Hello 10 from the client' from 19
INFO  [1501738802:996311] [radio_read:91] src:4 dst:0 len:55 flags:0
DATA recv 'Hello 10 from the client' from 10
INFO  [1501738806:647089] [radio_read:91] src:1 dst:0 len:55 flags:0
DATA recv 'Hello 10 from the client' from 7
INFO  [1501738806:995680] [radio_read:91] src:4 dst:0 len:53 flags:0
INFO  [1501738808:476199] [radio_read:91] src:4 dst:0 len:53 flags:0
INFO  [1501738812:851726] [radio_read:91] src:4 dst:0 len:55 flags:0
DATA recv 'Hello 10 from the client' from 5
INFO  [1501738813:306852] [radio_read:91] src:4 dst:0 len:55 flags:0
DATA recv 'Hello 10 from the client' from 14
INFO  [1501738813:321886] [radio_read:91] src:4 dst:0 len:55 flags:0
DATA recv 'Hello 10 from the client' from 14
INFO  [1501738819:98292] [radio_read:91] src:4 dst:0 len:46 flags:0
DATA recv 'Hello 10 from the client' from 4
INFO  [1501738819:804489] [radio_read:91] src:4 dst:0 len:55 flags:0
DATA recv 'Hello 10 from the client' from 17
INFO  [1501738821:811892] [radio_read:91] src:1 dst:0 len:55 flags:0
DATA recv 'Hello 10 from the client' from 3
INFO  [1501738822:861826] [radio_read:91] src:1 dst:0 len:46 flags:0
DATA recv 'Hello 10 from the client' from 1
INFO  [1501738832:204563] [radio_read:91] src:4 dst:0 len:55 flags:0
DATA recv 'Hello 10 from the client' from 16
INFO  [1501738833:956927] [radio_read:91] src:1 dst:0 len:55 flags:0
DATA recv 'Hello 10 from the client' from 2
INFO  [1501738837:400902] [radio_read:91] src:4 dst:0 len:55 flags:0
DATA recv 'Hello 10 from the client' from 18
INFO  [1501738838:172332] [radio_read:91] src:4 dst:0 len:55 flags:0
DATA recv 'Hello 10 from the client' from 13
INFO  [1501738838:175540] [radio_read:91] src:4 dst:0 len:55 flags:0
DATA recv 'Hello 10 from the client' from 13
INFO  [1501738840:98391] [radio_read:91] src:4 dst:0 len:55 flags:0
DATA recv 'Hello 10 from the client' from 12
INFO  [1501738843:382885] [radio_read:91] src:4 dst:0 len:55 flags:0
DATA recv 'Hello 10 from the client' from 6
INFO  [1501738848:220807] [radio_read:91] src:4 dst:0 len:55 flags:0
DATA recv 'Hello 10 from the client' from 8
INFO  [1501738848:569239] [radio_read:91] src:4 dst:0 len:55 flags:0
DATA recv 'Hello 11 from the client' from 6
INFO  [1501738850:215942] [radio_read:91] src:4 dst:0 len:55 flags:0
DATA recv 'Hello 11 from the client' from 17
INFO  [1501738850:224456] [radio_read:91] src:4 dst:0 len:55 flags:0
DATA recv 'Hello 11 from the client' from 17
INFO  [1501738851:585965] [radio_read:91] src:4 dst:0 len:55 flags:0
DATA recv 'Hello 11 from the client' from 14
INFO  [1501738852:195420] [radio_read:91] src:4 dst:0 len:46 flags:0
DATA recv 'Hello 11 from the client' from 4
INFO  [1501738852:512841] [radio_read:91] src:4 dst:0 len:55 flags:0
DATA recv 'Hello 11 from the client' from 10
INFO  [1501738853:231939] [radio_read:91] src:4 dst:0 len:55 flags:0
DATA recv 'Hello 11 from the client' from 8
INFO  [1501738853:348824] [radio_read:91] src:4 dst:0 len:55 flags:0
DATA recv 'Hello 11 from the client' from 9
INFO  [1501738858:811940] [radio_read:91] src:4 dst:0 len:53 flags:0
INFO  [1501738863:757207] [radio_read:91] src:4 dst:0 len:55 flags:0
DATA recv 'Hello 11 from the client' from 19
INFO  [1501738869:999969] [radio_read:91] src:4 dst:0 len:55 flags:0
DATA recv 'Hello 11 from the client' from 11
INFO  [1501738871:448302] [radio_read:91] src:4 dst:0 len:55 flags:0
DATA recv 'Hello 11 from the client' from 5
INFO  [1501738873:729422] [radio_read:91] src:4 dst:0 len:55 flags:0
DATA recv 'Hello 11 from the client' from 12
INFO  [1501738875:33281] [radio_read:91] src:1 dst:0 len:55 flags:0
DATA recv 'Hello 11 from the client' from 7
INFO  [1501738879:137885] [radio_read:91] src:1 dst:0 len:55 flags:0
DATA recv 'Hello 11 from the client' from 2
INFO  [1501738886:989321] [radio_read:91] src:4 dst:0 len:55 flags:0
DATA recv 'Hello 11 from the client' from 16
INFO  [1501738891:593353] [radio_read:91] src:1 dst:0 len:55 flags:0
DATA recv 'Hello 11 from the client' from 3
INFO  [1501738897:2392] [radio_read:91] src:4 dst:0 len:55 flags:0
DATA recv 'Hello 11 from the client' from 13
INFO  [1501738898:731954] [radio_read:91] src:1 dst:0 len:46 flags:0
DATA recv 'Hello 11 from the client' from 1
INFO  [1501738901:845762] [radio_read:91] src:4 dst:0 len:55 flags:0
DATA recv 'Hello 11 from the client' from 15
INFO  [1501738902:970695] [radio_read:91] src:4 dst:0 len:53 flags:0
INFO  [1501738903:561877] [radio_read:91] src:4 dst:0 len:55 flags:0
DATA recv 'Hello 11 from the client' from 18
INFO  [1501738903:810146] [radio_read:91] src:4 dst:0 len:53 flags:0
INFO  [1501738911:800348] [radio_read:91] src:1 dst:0 len:53 flags:0
INFO  [1501738912:195393] [radio_read:91] src:4 dst:0 len:55 flags:0
DATA recv 'Hello 12 from the client' from 9
INFO  [1501738912:716168] [radio_read:91] src:1 dst:0 len:53 flags:0
INFO  [1501738913:845770] [radio_read:91] src:4 dst:0 len:55 flags:0
DATA recv 'Hello 12 from the client' from 10
INFO  [1501738913:940951] [radio_read:91] src:4 dst:0 len:55 flags:0
DATA recv 'Hello 12 from the client' from 19
INFO  [1501738914:4911] [radio_read:91] src:4 dst:0 len:55 flags:0
DATA recv 'Hello 12 from the client' from 14
INFO  [1501738914:374697] [radio_read:91] src:4 dst:0 len:55 flags:0
DATA recv 'Hello 12 from the client' from 15
INFO  [1501738914:569054] [radio_read:91] src:4 dst:0 len:55 flags:0
DATA recv 'Hello 12 from the client' from 11
INFO  [1501738917:210558] [radio_read:91] src:4 dst:0 len:46 flags:0
DATA recv 'Hello 12 from the client' from 4
INFO  [1501738919:394543] [radio_read:91] src:4 dst:0 len:55 flags:0
DATA recv 'Hello 12 from the client' from 8
INFO  [1501738919:912981] [radio_read:91] src:4 dst:0 len:55 flags:0
DATA recv 'Hello 12 from the client' from 13
INFO  [1501738919:924762] [radio_read:91] src:4 dst:0 len:53 flags:0
INFO  [1501738920:459363] [radio_read:91] src:4 dst:0 len:55 flags:0
DATA recv 'Hello 12 from the client' from 5
INFO  [1501738921:844337] [radio_read:91] src:4 dst:0 len:55 flags:0
DATA recv 'Hello 12 from the client' from 17
INFO  [1501738924:277319] [radio_read:91] src:4 dst:0 len:55 flags:0
DATA recv 'Hello 12 from the client' from 16
INFO  [1501738930:214334] [radio_read:91] src:4 dst:0 len:53 flags:0
INFO  [1501738930:603867] [radio_read:91] src:4 dst:0 len:53 flags:0
INFO  [1501738935:223121] [radio_read:91] src:1 dst:0 len:55 flags:0
DATA recv 'Hello 12 from the client' from 7
INFO  [1501738941:566939] [radio_read:91] src:1 dst:0 len:55 flags:0
DATA recv 'Hello 12 from the client' from 2
INFO  [1501738942:910071] [radio_read:91] src:1 dst:0 len:46 flags:0
DATA recv 'Hello 12 from the client' from 1
INFO  [1501738943:750299] [radio_read:91] src:4 dst:0 len:55 flags:0
DATA recv 'Hello 12 from the client' from 6
INFO  [1501738946:362742] [radio_read:91] src:1 dst:0 len:55 flags:0
DATA recv 'Hello 12 from the client' from 3
INFO  [1501738950:839015] [radio_read:91] src:4 dst:0 len:55 flags:0
DATA recv 'Hello 12 from the client' from 18
INFO  [1501738950:882898] [radio_read:91] src:4 dst:0 len:55 flags:0
DATA recv 'Hello 12 from the client' from 12
INFO  [1501738966:542795] [radio_read:91] src:4 dst:0 len:53 flags:0
INFO  [1501738969:347919] [radio_read:91] src:1 dst:0 len:55 flags:0
DATA recv 'Hello 13 from the client' from 3
INFO  [1501738969:762342] [radio_read:91] src:4 dst:0 len:55 flags:0
DATA recv 'Hello 13 from the client' from 14
INFO  [1501738973:721785] [radio_read:91] src:4 dst:0 len:55 flags:0
DATA recv 'Hello 13 from the client' from 12
INFO  [1501738973:745365] [radio_read:91] src:4 dst:0 len:55 flags:0
DATA recv 'Hello 13 from the client' from 10
INFO  [1501738978:716912] [radio_read:91] src:4 dst:0 len:55 flags:0
DATA recv 'Hello 13 from the client' from 8
INFO  [1501738981:748887] [radio_read:91] src:4 dst:0 len:53 flags:0
INFO  [1501738984:937532] [radio_read:91] src:1 dst:0 len:53 flags:0
INFO  [1501738991:917184] [radio_read:91] src:4 dst:0 len:55 flags:0
DATA recv 'Hello 13 from the client' from 18
INFO  [1501738995:373343] [radio_read:91] src:4 dst:0 len:53 flags:0
INFO  [1501738996:101574] [radio_read:91] src:4 dst:0 len:55 flags:0
DATA recv 'Hello 13 from the client' from 6
INFO  [1501739000:30764] [radio_read:91] src:4 dst:0 len:55 flags:0
DATA recv 'Hello 13 from the client' from 5
INFO  [1501739000:401024] [radio_read:91] src:4 dst:0 len:55 flags:0
DATA recv 'Hello 13 from the client' from 9
INFO  [1501739002:4697] [radio_read:91] src:1 dst:0 len:55 flags:0
DATA recv 'Hello 13 from the client' from 2
INFO  [1501739003:808920] [radio_read:91] src:4 dst:0 len:55 flags:0
DATA recv 'Hello 13 from the client' from 16
INFO  [1501739004:511591] [radio_read:91] src:4 dst:0 len:55 flags:0
DATA recv 'Hello 13 from the client' from 11
INFO  [1501739006:433337] [radio_read:91] src:4 dst:0 len:55 flags:0
DATA recv 'Hello 13 from the client' from 13
INFO  [1501739015:736782] [radio_read:91] src:4 dst:0 len:53 flags:0
INFO  [1501739016:984330] [radio_read:91] src:1 dst:0 len:46 flags:0
DATA recv 'Hello 13 from the client' from 1
INFO  [1501739017:152266] [radio_read:91] src:4 dst:0 len:55 flags:0
DATA recv 'Hello 13 from the client' from 15
INFO  [1501739018:970161] [radio_read:91] src:4 dst:0 len:55 flags:0
DATA recv 'Hello 13 from the client' from 17
INFO  [1501739022:465747] [radio_read:91] src:4 dst:0 len:53 flags:0
INFO  [1501739023:454107] [radio_read:91] src:4 dst:0 len:46 flags:0
DATA recv 'Hello 13 from the client' from 4
INFO  [1501739024:127088] [radio_read:91] src:4 dst:0 len:55 flags:0
DATA recv 'Hello 13 from the client' from 19
INFO  [1501739024:509101] [radio_read:91] src:1 dst:0 len:55 flags:0
DATA recv 'Hello 13 from the client' from 7
INFO  [1501739025:892548] [radio_read:91] src:4 dst:0 len:53 flags:0
INFO  [1501739026:306103] [radio_read:91] src:4 dst:0 len:53 flags:0
INFO  [1501739029:930488] [radio_read:91] src:4 dst:0 len:55 flags:0
DATA recv 'Hello 14 from the client' from 17
INFO  [1501739031:700497] [radio_read:91] src:4 dst:0 len:55 flags:0
DATA recv 'Hello 14 from the client' from 14
INFO  [1501739035:308291] [radio_read:91] src:1 dst:0 len:46 flags:0
DATA recv 'Hello 14 from the client' from 1
INFO  [1501739039:85049] [radio_read:91] src:4 dst:0 len:55 flags:0
DATA recv 'Hello 14 from the client' from 10
INFO  [1501739040:45018] [send_packet:48] src:0 dst:ffff len:80
INFO  [1501739042:872795] [radio_read:91] src:1 dst:0 len:53 flags:0
INFO  [1501739043:297991] [radio_read:91] src:4 dst:0 len:53 flags:0
INFO  [1501739045:725821] [radio_read:91] src:4 dst:0 len:55 flags:0
DATA recv 'Hello 14 from the client' from 18
INFO  [1501739046:829944] [radio_read:91] src:4 dst:0 len:55 flags:0
DATA recv 'Hello 14 from the client' from 9
INFO  [1501739047:26621] [radio_read:91] src:4 dst:0 len:53 flags:0
INFO  [1501739051:241897] [radio_read:91] src:4 dst:0 len:46 flags:0
DATA recv 'Hello 14 from the client' from 4
INFO  [1501739052:549281] [radio_read:91] src:4 dst:0 len:53 flags:0
INFO  [1501739054:362430] [radio_read:91] src:4 dst:0 len:55 flags:0
DATA recv 'Hello 14 from the client' from 6
INFO  [1501739056:727728] [radio_read:91] src:4 dst:0 len:55 flags:0
DATA recv 'Hello 14 from the client' from 5
INFO  [1501739057:345834] [radio_read:91] src:4 dst:0 len:55 flags:0
DATA recv 'Hello 14 from the client' from 15
INFO  [1501739058:165332] [radio_read:91] src:4 dst:0 len:55 flags:0
DATA recv 'Hello 14 from the client' from 16
INFO  [1501739059:965343] [radio_read:91] src:1 dst:0 len:55 flags:0
DATA recv 'Hello 14 from the client' from 7
INFO  [1501739070:628438] [radio_read:91] src:4 dst:0 len:55 flags:0
DATA recv 'Hello 14 from the client' from 12
INFO  [1501739073:172594] [radio_read:91] src:4 dst:0 len:55 flags:0
DATA recv 'Hello 14 from the client' from 13
INFO  [1501739075:997714] [radio_read:91] src:4 dst:0 len:55 flags:0
DATA recv 'Hello 14 from the client' from 19
INFO  [1501739076:992161] [radio_read:91] src:1 dst:0 len:55 flags:0
DATA recv 'Hello 14 from the client' from 2
INFO  [1501739078:896834] [radio_read:91] src:4 dst:0 len:55 flags:0
DATA recv 'Hello 14 from the client' from 11
INFO  [1501739079:338840] [radio_read:91] src:4 dst:0 len:55 flags:0
DATA recv 'Hello 14 from the client' from 8
INFO  [1501739081:836701] [radio_read:91] src:1 dst:0 len:53 flags:0
INFO  [1501739085:401975] [radio_read:91] src:1 dst:0 len:55 flags:0
DATA recv 'Hello 14 from the client' from 3
INFO  [1501739090:629811] [radio_read:91] src:4 dst:0 len:55 flags:0
DATA recv 'Hello 15 from the client' from 12
INFO  [1501739091:910514] [radio_read:91] src:4 dst:0 len:53 flags:0
INFO  [1501739093:243182] [radio_read:91] src:4 dst:0 len:55 flags:0
DATA recv 'Hello 15 from the client' from 6
INFO  [1501739093:732785] [radio_read:91] src:4 dst:0 len:53 flags:0
INFO  [1501739093:894870] [radio_read:91] src:1 dst:0 len:55 flags:0
DATA recv 'Hello 15 from the client' from 7
INFO  [1501739097:350461] [radio_read:91] src:4 dst:0 len:55 flags:0
DATA recv 'Hello 15 from the client' from 9
INFO  [1501739098:404061] [radio_read:91] src:1 dst:0 len:55 flags:0
DATA recv 'Hello 15 from the client' from 3
INFO  [1501739100:207266] [radio_read:91] src:4 dst:0 len:53 flags:0
INFO  [1501739102:470403] [radio_read:91] src:1 dst:0 len:53 flags:0
INFO  [1501739105:112221] [radio_read:91] src:4 dst:0 len:55 flags:0
DATA recv 'Hello 15 from the client' from 19
INFO  [1501739106:444275] [radio_read:91] src:4 dst:0 len:55 flags:0
DATA recv 'Hello 15 from the client' from 11
INFO  [1501739106:852613] [radio_read:91] src:4 dst:0 len:55 flags:0
DATA recv 'Hello 15 from the client' from 18
INFO  [1501739110:362616] [radio_read:91] src:4 dst:0 len:53 flags:0
INFO  [1501739113:937137] [radio_read:91] src:1 dst:0 len:55 flags:0
DATA recv 'Hello 15 from the client' from 2
INFO  [1501739116:599206] [radio_read:91] src:4 dst:0 len:53 flags:0
INFO  [1501739117:44683] [radio_read:91] src:4 dst:0 len:55 flags:0
DATA recv 'Hello 15 from the client' from 5
INFO  [1501739118:388482] [radio_read:91] src:4 dst:0 len:55 flags:0
DATA recv 'Hello 15 from the client' from 15
INFO  [1501739118:526785] [radio_read:91] src:4 dst:0 len:46 flags:0
DATA recv 'Hello 15 from the client' from 4
INFO  [1501739122:387976] [radio_read:91] src:4 dst:0 len:55 flags:0
DATA recv 'Hello 15 from the client' from 17
INFO  [1501739123:604106] [radio_read:91] src:4 dst:0 len:55 flags:0
DATA recv 'Hello 15 from the client' from 10
INFO  [1501739123:898470] [radio_read:91] src:4 dst:0 len:55 flags:0
DATA recv 'Hello 15 from the client' from 16
INFO  [1501739128:91100] [radio_read:91] src:4 dst:0 len:55 flags:0
DATA recv 'Hello 15 from the client' from 8
INFO  [1501739128:118910] [radio_read:91] src:4 dst:0 len:55 flags:0
DATA recv 'Hello 15 from the client' from 13
INFO  [1501739129:829017] [radio_read:91] src:4 dst:0 len:53 flags:0
INFO  [1501739135:78205] [radio_read:91] src:4 dst:0 len:55 flags:0
DATA recv 'Hello 15 from the client' from 14
INFO  [1501739142:974126] [radio_read:91] src:1 dst:0 len:46 flags:0
DATA recv 'Hello 15 from the client' from 1
INFO  [1501739149:157446] [radio_read:91] src:4 dst:0 len:55 flags:0
DATA recv 'Hello 16 from the client' from 6
INFO  [1501739151:319945] [radio_read:91] src:4 dst:0 len:55 flags:0
DATA recv 'Hello 16 from the client' from 17
INFO  [1501739151:956201] [radio_read:91] src:4 dst:0 len:53 flags:0
INFO  [1501739152:741960] [radio_read:91] src:4 dst:0 len:55 flags:0
DATA recv 'Hello 16 from the client' from 13
INFO  [1501739152:764469] [radio_read:91] src:4 dst:0 len:53 flags:0
INFO  [1501739155:859437] [radio_read:91] src:4 dst:0 len:55 flags:0
DATA recv 'Hello 16 from the client' from 19
INFO  [1501739158:655685] [radio_read:91] src:4 dst:0 len:55 flags:0
DATA recv 'Hello 16 from the client' from 8
INFO  [1501739159:161882] [radio_read:91] src:4 dst:0 len:53 flags:0
INFO  [1501739165:327093] [radio_read:91] src:1 dst:0 len:55 flags:0
DATA recv 'Hello 16 from the client' from 7
INFO  [1501739165:727764] [radio_read:91] src:4 dst:0 len:55 flags:0
DATA recv 'Hello 16 from the client' from 10
INFO  [1501739165:861198] [radio_read:91] src:4 dst:0 len:55 flags:0
DATA recv 'Hello 16 from the client' from 11
INFO  [1501739167:750792] [radio_read:91] src:4 dst:0 len:55 flags:0
DATA recv 'Hello 16 from the client' from 16
INFO  [1501739168:239335] [radio_read:91] src:4 dst:0 len:55 flags:0
DATA recv 'Hello 16 from the client' from 5
INFO  [1501739168:867305] [radio_read:91] src:4 dst:0 len:46 flags:0
DATA recv 'Hello 16 from the client' from 4
INFO  [1501739182:955939] [radio_read:91] src:4 dst:0 len:55 flags:0
DATA recv 'Hello 16 from the client' from 14
INFO  [1501739183:66064] [radio_read:91] src:4 dst:0 len:55 flags:0
DATA recv 'Hello 16 from the client' from 12
INFO  [1501739183:409924] [radio_read:91] src:4 dst:0 len:55 flags:0
DATA recv 'Hello 16 from the client' from 15
INFO  [1501739185:481875] [radio_read:91] src:4 dst:ffff len:80 flags:0
INFO  [1501739190:305352] [radio_read:91] src:1 dst:0 len:55 flags:0
DATA recv 'Hello 16 from the client' from 2
INFO  [1501739192:133085] [radio_read:91] src:1 dst:0 len:55 flags:0
DATA recv 'Hello 16 from the client' from 3
INFO  [1501739193:81555] [radio_read:91] src:1 dst:0 len:46 flags:0
DATA recv 'Hello 16 from the client' from 1
INFO  [1501739200:759103] [radio_read:91] src:4 dst:0 len:55 flags:0
DATA recv 'Hello 16 from the client' from 9
INFO  [1501739204:866723] [radio_read:91] src:1 dst:ffff len:80 flags:0
INFO  [1501739205:970127] [radio_read:91] src:4 dst:0 len:55 flags:0
DATA recv 'Hello 16 from the client' from 18
INFO  [1501739209:894938] [radio_read:91] src:4 dst:0 len:55 flags:0
DATA recv 'Hello 17 from the client' from 13
INFO  [1501739211:629087] [radio_read:91] src:4 dst:0 len:55 flags:0
DATA recv 'Hello 17 from the client' from 12
INFO  [1501739212:970552] [radio_read:91] src:4 dst:0 len:55 flags:0
DATA recv 'Hello 17 from the client' from 8
INFO  [1501739213:11122] [radio_read:91] src:4 dst:0 len:55 flags:0
DATA recv 'Hello 17 from the client' from 6
INFO  [1501739213:782960] [radio_read:91] src:4 dst:0 len:55 flags:0
DATA recv 'Hello 17 from the client' from 18
INFO  [1501739215:701087] [radio_read:91] src:4 dst:0 len:53 flags:0
INFO  [1501739217:605001] [radio_read:91] src:1 dst:0 len:46 flags:0
DATA recv 'Hello 17 from the client' from 1
INFO  [1501739218:257825] [radio_read:91] src:4 dst:0 len:46 flags:0
DATA recv 'Hello 17 from the client' from 4
INFO  [1501739223:626413] [radio_read:91] src:4 dst:0 len:55 flags:0
DATA recv 'Hello 17 from the client' from 9
INFO  [1501739225:803921] [radio_read:91] src:4 dst:0 len:55 flags:0
DATA recv 'Hello 17 from the client' from 5
INFO  [1501739228:781915] [radio_read:91] src:4 dst:0 len:55 flags:0
DATA recv 'Hello 17 from the client' from 17
INFO  [1501739229:124024] [radio_read:91] src:4 dst:0 len:55 flags:0
DATA recv 'Hello 17 from the client' from 11
INFO  [1501739239:714813] [radio_read:91] src:4 dst:0 len:53 flags:0
INFO  [1501739240:844545] [radio_read:91] src:4 dst:0 len:55 flags:0
DATA recv 'Hello 17 from the client' from 16
INFO  [1501739244:180451] [radio_read:91] src:4 dst:0 len:53 flags:0
INFO  [1501739247:91178] [radio_read:91] src:4 dst:0 len:55 flags:0
DATA recv 'Hello 17 from the client' from 14
INFO  [1501739254:68064] [radio_read:91] src:4 dst:0 len:55 flags:0
DATA recv 'Hello 17 from the client' from 15
INFO  [1501739254:763475] [radio_read:91] src:1 dst:0 len:55 flags:0
DATA recv 'Hello 17 from the client' from 7
INFO  [1501739256:63919] [radio_read:91] src:1 dst:0 len:53 flags:0
INFO  [1501739257:991405] [radio_read:91] src:4 dst:0 len:53 flags:0
INFO  [1501739258:667008] [radio_read:91] src:1 dst:0 len:55 flags:0
DATA recv 'Hello 17 from the client' from 3
INFO  [1501739261:541815] [radio_read:91] src:4 dst:0 len:55 flags:0
DATA recv 'Hello 17 from the client' from 19
INFO  [1501739261:550377] [radio_read:91] src:4 dst:0 len:55 flags:0
DATA recv 'Hello 17 from the client' from 19
INFO  [1501739262:900204] [radio_read:91] src:4 dst:0 len:55 flags:0
DATA recv 'Hello 17 from the client' from 10
INFO  [1501739268:69252] [radio_read:91] src:1 dst:0 len:55 flags:0
DATA recv 'Hello 17 from the client' from 2
INFO  [1501739271:430341] [radio_read:91] src:4 dst:0 len:55 flags:0
DATA recv 'Hello 18 from the client' from 15
INFO  [1501739275:721716] [radio_read:91] src:1 dst:0 len:55 flags:0
DATA recv 'Hello 18 from the client' from 2
INFO  [1501739279:444689] [radio_read:91] src:1 dst:0 len:46 flags:0
DATA recv 'Hello 18 from the client' from 1
INFO  [1501739282:462343] [radio_read:91] src:4 dst:0 len:55 flags:0
DATA recv 'Hello 18 from the client' from 12
INFO  [1501739288:943036] [radio_read:91] src:4 dst:0 len:55 flags:0
DATA recv 'Hello 18 from the client' from 8
INFO  [1501739295:962703] [radio_read:91] src:4 dst:0 len:55 flags:0
DATA recv 'Hello 18 from the client' from 18
INFO  [1501739297:208281] [radio_read:91] src:1 dst:0 len:55 flags:0
DATA recv 'Hello 18 from the client' from 3
INFO  [1501739298:953739] [radio_read:91] src:4 dst:0 len:55 flags:0
DATA recv 'Hello 18 from the client' from 19
INFO  [1501739300:100322] [radio_read:91] src:4 dst:0 len:55 flags:0
DATA recv 'Hello 18 from the client' from 13
INFO  [1501739302:381370] [radio_read:91] src:4 dst:0 len:46 flags:0
DATA recv 'Hello 18 from the client' from 4
INFO  [1501739304:996730] [radio_read:91] src:4 dst:0 len:55 flags:0
DATA recv 'Hello 18 from the client' from 5
INFO  [1501739305:489625] [radio_read:91] src:4 dst:0 len:55 flags:0
DATA recv 'Hello 18 from the client' from 14
INFO  [1501739305:890100] [radio_read:91] src:4 dst:0 len:55 flags:0
DATA recv 'Hello 18 from the client' from 6
INFO  [1501739307:293184] [radio_read:91] src:4 dst:0 len:55 flags:0
DATA recv 'Hello 18 from the client' from 16
INFO  [1501739308:387275] [radio_read:91] src:4 dst:0 len:55 flags:0
DATA recv 'Hello 18 from the client' from 9
INFO  [1501739310:159640] [radio_read:91] src:4 dst:0 len:55 flags:0
DATA recv 'Hello 18 from the client' from 11
INFO  [1501739315:292852] [radio_read:91] src:1 dst:0 len:55 flags:0
DATA recv 'Hello 18 from the client' from 7
INFO  [1501739316:28765] [radio_read:91] src:4 dst:0 len:55 flags:0
DATA recv 'Hello 18 from the client' from 17
INFO  [1501739319:350199] [radio_read:91] src:4 dst:0 len:55 flags:0
DATA recv 'Hello 18 from the client' from 10
INFO  [1501739320:41981] [radio_read:91] src:4 dst:0 len:53 flags:0
INFO  [1501739324:28446] [radio_read:91] src:4 dst:0 len:53 flags:0
INFO  [1501739337:735209] [radio_read:91] src:4 dst:0 len:55 flags:0
DATA recv 'Hello 19 from the client' from 6
INFO  [1501739344:371862] [radio_read:91] src:4 dst:0 len:55 flags:0
DATA recv 'Hello 19 from the client' from 5
INFO  [1501739346:43801] [radio_read:91] src:4 dst:0 len:55 flags:0
DATA recv 'Hello 19 from the client' from 12
INFO  [1501739349:973539] [radio_read:91] src:4 dst:0 len:55 flags:0
DATA recv 'Hello 19 from the client' from 15
INFO  [1501739352:126693] [radio_read:91] src:4 dst:0 len:55 flags:0
DATA recv 'Hello 19 from the client' from 19
INFO  [1501739352:133102] [radio_read:91] src:4 dst:0 len:55 flags:0
DATA recv 'Hello 19 from the client' from 19
INFO  [1501739353:741335] [radio_read:91] src:4 dst:0 len:55 flags:0
DATA recv 'Hello 19 from the client' from 10
INFO  [1501739355:189078] [radio_read:91] src:1 dst:0 len:55 flags:0
DATA recv 'Hello 19 from the client' from 2
INFO  [1501739357:56109] [radio_read:91] src:4 dst:0 len:55 flags:0
DATA recv 'Hello 19 from the client' from 13
INFO  [1501739358:154470] [radio_read:91] src:4 dst:0 len:55 flags:0
DATA recv 'Hello 19 from the client' from 8
INFO  [1501739362:316463] [radio_read:91] src:4 dst:0 len:55 flags:0
DATA recv 'Hello 19 from the client' from 11
INFO  [1501739363:88358] [radio_read:91] src:4 dst:0 len:53 flags:0
INFO  [1501739364:989387] [radio_read:91] src:4 dst:0 len:55 flags:0
DATA recv 'Hello 19 from the client' from 14
INFO  [1501739365:506139] [radio_read:91] src:4 dst:0 len:46 flags:0
DATA recv 'Hello 19 from the client' from 4
INFO  [1501739369:569933] [radio_read:91] src:4 dst:0 len:55 flags:0
DATA recv 'Hello 19 from the client' from 17
INFO  [1501739369:699699] [radio_read:91] src:1 dst:0 len:53 flags:0
INFO  [1501739371:98705] [radio_read:91] src:4 dst:0 len:55 flags:0
DATA recv 'Hello 19 from the client' from 9
INFO  [1501739377:927904] [radio_read:91] src:4 dst:0 len:53 flags:0
INFO  [1501739382:422367] [radio_read:91] src:4 dst:0 len:55 flags:0
DATA recv 'Hello 19 from the client' from 18
INFO  [1501739382:662897] [radio_read:91] src:1 dst:0 len:46 flags:0
DATA recv 'Hello 19 from the client' from 1
INFO  [1501739385:18912] [radio_read:91] src:1 dst:0 len:55 flags:0
DATA recv 'Hello 19 from the client' from 3
INFO  [1501739385:626915] [radio_read:91] src:4 dst:0 len:55 flags:0
DATA recv 'Hello 19 from the client' from 16
INFO  [1501739388:534714] [radio_read:91] src:1 dst:0 len:55 flags:0
DATA recv 'Hello 19 from the client' from 7
INFO  [1501739389:166681] [radio_read:91] src:4 dst:0 len:55 flags:0
DATA recv 'Hello 20 from the client' from 5
INFO  [1501739391:315830] [radio_read:91] src:1 dst:0 len:53 flags:0
INFO  [1501739391:636909] [radio_read:91] src:1 dst:0 len:55 flags:0
DATA recv 'Hello 20 from the client' from 3
INFO  [1501739391:703287] [radio_read:91] src:4 dst:0 len:55 flags:0
DATA recv 'Hello 20 from the client' from 18
INFO  [1501739393:621408] [radio_read:91] src:4 dst:0 len:53 flags:0
INFO  [1501739395:310609] [radio_read:91] src:4 dst:0 len:53 flags:0
INFO  [1501739396:713353] [radio_read:91] src:4 dst:0 len:53 flags:0
INFO  [1501739398:559767] [radio_read:91] src:4 dst:0 len:53 flags:0
INFO  [1501739398:839001] [radio_read:91] src:4 dst:0 len:55 flags:0
DATA recv 'Hello 20 from the client' from 11
INFO  [1501739399:455704] [radio_read:91] src:4 dst:0 len:55 flags:0
DATA recv 'Hello 20 from the client' from 10
INFO  [1501739399:532052] [radio_read:91] src:4 dst:0 len:55 flags:0
DATA recv 'Hello 20 from the client' from 14
INFO  [1501739399:771573] [radio_read:91] src:4 dst:0 len:55 flags:0
DATA recv 'Hello 20 from the client' from 12
INFO  [1501739401:63346] [radio_read:91] src:4 dst:0 len:55 flags:0
DATA recv 'Hello 20 from the client' from 19
INFO  [1501739404:429750] [radio_read:91] src:4 dst:0 len:46 flags:0
DATA recv 'Hello 20 from the client' from 4
INFO  [1501739406:536658] [radio_read:91] src:4 dst:0 len:55 flags:0
DATA recv 'Hello 20 from the client' from 13
INFO  [1501739418:701562] [radio_read:91] src:1 dst:0 len:55 flags:0
DATA recv 'Hello 20 from the client' from 7
INFO  [1501739418:830614] [radio_read:91] src:4 dst:0 len:55 flags:0
DATA recv 'Hello 20 from the client' from 17
INFO  [1501739420:214424] [radio_read:91] src:4 dst:0 len:55 flags:0
DATA recv 'Hello 20 from the client' from 8
INFO  [1501739420:308779] [radio_read:91] src:4 dst:0 len:55 flags:0
DATA recv 'Hello 20 from the client' from 9
INFO  [1501739428:472869] [radio_read:91] src:4 dst:0 len:53 flags:0
INFO  [1501739430:586164] [radio_read:91] src:1 dst:0 len:46 flags:0
DATA recv 'Hello 20 from the client' from 1
INFO  [1501739434:31138] [radio_read:91] src:4 dst:0 len:53 flags:0
INFO  [1501739437:841786] [radio_read:91] src:4 dst:0 len:53 flags:0
INFO  [1501739439:905223] [radio_read:91] src:1 dst:0 len:53 flags:0
INFO  [1501739440:993484] [radio_read:91] src:1 dst:0 len:55 flags:0
DATA recv 'Hello 20 from the client' from 2
INFO  [1501739442:424038] [radio_read:91] src:4 dst:0 len:55 flags:0
DATA recv 'Hello 20 from the client' from 6
INFO  [1501739443:135798] [radio_read:91] src:4 dst:0 len:55 flags:0
DATA recv 'Hello 20 from the client' from 16
INFO  [1501739447:95068] [radio_read:91] src:4 dst:0 len:55 flags:0
DATA recv 'Hello 20 from the client' from 15
INFO  [1501739450:56598] [radio_read:91] src:4 dst:0 len:55 flags:0
DATA recv 'Hello 21 from the client' from 17
INFO  [1501739450:75789] [radio_read:91] src:4 dst:0 len:55 flags:0
DATA recv 'Hello 21 from the client' from 17
INFO  [1501739454:968809] [radio_read:91] src:4 dst:0 len:55 flags:0
DATA recv 'Hello 21 from the client' from 5
INFO  [1501739455:148975] [radio_read:91] src:4 dst:0 len:55 flags:0
DATA recv 'Hello 21 from the client' from 10
INFO  [1501739456:136189] [radio_read:91] src:4 dst:0 len:55 flags:0
DATA recv 'Hello 21 from the client' from 11
INFO  [1501739459:949776] [radio_read:91] src:4 dst:0 len:55 flags:0
DATA recv 'Hello 21 from the client' from 13
INFO  [1501739465:227882] [radio_read:91] src:4 dst:0 len:55 flags:0
DATA recv 'Hello 21 from the client' from 8
INFO  [1501739465:419620] [radio_read:91] src:1 dst:0 len:55 flags:0
DATA recv 'Hello 21 from the client' from 3
INFO  [1501739468:552908] [radio_read:91] src:1 dst:0 len:46 flags:0
DATA recv 'Hello 21 from the client' from 1
INFO  [1501739469:571368] [radio_read:91] src:4 dst:0 len:55 flags:0
DATA recv 'Hello 21 from the client' from 6
INFO  [1501739472:30915] [radio_read:91] src:4 dst:0 len:55 flags:0
DATA recv 'Hello 21 from the client' from 18
INFO  [1501739477:125747] [radio_read:91] src:4 dst:0 len:53 flags:0
INFO  [1501739477:887319] [radio_read:91] src:4 dst:0 len:53 flags:0
INFO  [1501739481:45921] [radio_read:91] src:4 dst:0 len:46 flags:0
DATA recv 'Hello 21 from the client' from 4
INFO  [1501739481:235337] [radio_read:91] src:4 dst:0 len:55 flags:0
DATA recv 'Hello 21 from the client' from 16
INFO  [1501739484:259454] [radio_read:91] src:4 dst:0 len:55 flags:0
DATA recv 'Hello 21 from the client' from 14
INFO  [1501739486:925157] [radio_read:91] src:4 dst:0 len:55 flags:0
DATA recv 'Hello 21 from the client' from 12
INFO  [1501739490:372554] [radio_read:91] src:4 dst:0 len:55 flags:0
DATA recv 'Hello 21 from the client' from 9
INFO  [1501739490:700481] [radio_read:91] src:4 dst:0 len:55 flags:0
DATA recv 'Hello 21 from the client' from 19
INFO  [1501739492:383225] [radio_read:91] src:1 dst:0 len:55 flags:0
DATA recv 'Hello 21 from the client' from 7
INFO  [1501739494:820276] [radio_read:91] src:4 dst:0 len:55 flags:0
DATA recv 'Hello 21 from the client' from 15
INFO  [1501739498:351998] [radio_read:91] src:4 dst:0 len:53 flags:0
INFO  [1501739500:813671] [radio_read:91] src:1 dst:0 len:55 flags:0
DATA recv 'Hello 21 from the client' from 2
INFO  [1501739505:837579] [radio_read:91] src:4 dst:0 len:53 flags:0
INFO  [1501739509:268668] [radio_read:91] src:4 dst:0 len:55 flags:0
DATA recv 'Hello 22 from the client' from 6
INFO  [1501739510:119394] [radio_read:91] src:4 dst:0 len:55 flags:0
DATA recv 'Hello 22 from the client' from 13
INFO  [1501739510:787763] [radio_read:91] src:4 dst:0 len:55 flags:0
DATA recv 'Hello 22 from the client' from 5
INFO  [1501739511:599568] [radio_read:91] src:4 dst:0 len:46 flags:0
DATA recv 'Hello 22 from the client' from 4
INFO  [1501739511:698534] [radio_read:91] src:4 dst:0 len:55 flags:0
DATA recv 'Hello 22 from the client' from 17
INFO  [1501739513:857777] [radio_read:91] src:1 dst:0 len:55 flags:0
DATA recv 'Hello 22 from the client' from 3
INFO  [1501739521:472734] [radio_read:91] src:4 dst:0 len:55 flags:0
DATA recv 'Hello 22 from the client' from 18
INFO  [1501739526:235718] [radio_read:91] src:4 dst:0 len:53 flags:0
INFO  [1501739529:200221] [radio_read:91] src:4 dst:0 len:55 flags:0
DATA recv 'Hello 22 from the client' from 19
INFO  [1501739529:583558] [radio_read:91] src:4 dst:0 len:55 flags:0
DATA recv 'Hello 22 from the client' from 10
INFO  [1501739532:266881] [radio_read:91] src:1 dst:0 len:55 flags:0
DATA recv 'Hello 22 from the client' from 7
INFO  [1501739535:524534] [radio_read:91] src:4 dst:0 len:55 flags:0
DATA recv 'Hello 22 from the client' from 8
INFO  [1501739539:707850] [radio_read:91] src:4 dst:0 len:55 flags:0
DATA recv 'Hello 22 from the client' from 11
INFO  [1501739541:531233] [radio_read:91] src:4 dst:0 len:53 flags:0
INFO  [1501739543:677854] [radio_read:91] src:4 dst:0 len:55 flags:0
DATA recv 'Hello 22 from the client' from 15
INFO  [1501739547:270323] [radio_read:91] src:4 dst:0 len:55 flags:0
DATA recv 'Hello 22 from the client' from 14
INFO  [1501739561:2198] [radio_read:91] src:4 dst:0 len:55 flags:0
DATA recv 'Hello 22 from the client' from 12
INFO  [1501739562:643314] [radio_read:91] src:4 dst:0 len:55 flags:0
DATA recv 'Hello 22 from the client' from 16
INFO  [1501739562:871594] [radio_read:91] src:1 dst:0 len:46 flags:0
DATA recv 'Hello 22 from the client' from 1
INFO  [1501739566:701039] [radio_read:91] src:4 dst:0 len:53 flags:0
INFO  [1501739567:701792] [radio_read:91] src:4 dst:0 len:55 flags:0
DATA recv 'Hello 22 from the client' from 9
INFO  [1501739567:867641] [radio_read:91] src:1 dst:0 len:55 flags:0
DATA recv 'Hello 22 from the client' from 2
INFO  [1501739568:671712] [radio_read:91] src:4 dst:0 len:55 flags:0
DATA recv 'Hello 23 from the client' from 9
INFO  [1501739569:440837] [radio_read:91] src:4 dst:0 len:55 flags:0
DATA recv 'Hello 23 from the client' from 8
INFO  [1501739569:717150] [radio_read:91] src:4 dst:0 len:46 flags:0
DATA recv 'Hello 23 from the client' from 4
INFO  [1501739570:329814] [radio_read:91] src:1 dst:0 len:46 flags:0
DATA recv 'Hello 23 from the client' from 1
INFO  [1501739573:855485] [radio_read:91] src:4 dst:0 len:55 flags:0
DATA recv 'Hello 23 from the client' from 19
INFO  [1501739582:806439] [radio_read:91] src:4 dst:0 len:55 flags:0
DATA recv 'Hello 23 from the client' from 5
INFO  [1501739585:469191] [radio_read:91] src:4 dst:0 len:55 flags:0
DATA recv 'Hello 23 from the client' from 11
INFO  [1501739587:20444] [radio_read:91] src:4 dst:0 len:55 flags:0
DATA recv 'Hello 23 from the client' from 16
INFO  [1501739587:25823] [radio_read:91] src:4 dst:0 len:55 flags:0
DATA recv 'Hello 23 from the client' from 16
INFO  [1501739587:863542] [radio_read:91] src:1 dst:0 len:55 flags:0
DATA recv 'Hello 23 from the client' from 3
INFO  [1501739587:983951] [radio_read:91] src:4 dst:0 len:55 flags:0
DATA recv 'Hello 23 from the client' from 10
INFO  [1501739590:945019] [radio_read:91] src:4 dst:0 len:55 flags:0
DATA recv 'Hello 23 from the client' from 12
INFO  [1501739594:601349] [radio_read:91] src:4 dst:0 len:55 flags:0
DATA recv 'Hello 23 from the client' from 13
INFO  [1501739600:824290] [radio_read:91] src:1 dst:0 len:53 flags:0
INFO  [1501739606:452710] [radio_read:91] src:4 dst:0 len:55 flags:0
DATA recv 'Hello 23 from the client' from 15
INFO  [1501739618:704077] [radio_read:91] src:1 dst:0 len:55 flags:0
DATA recv 'Hello 23 from the client' from 7
INFO  [1501739621:112589] [radio_read:91] src:4 dst:0 len:55 flags:0
DATA recv 'Hello 23 from the client' from 6
INFO  [1501739623:742609] [radio_read:91] src:4 dst:0 len:55 flags:0
DATA recv 'Hello 23 from the client' from 14
INFO  [1501739623:753265] [radio_read:91] src:4 dst:0 len:55 flags:0
DATA recv 'Hello 23 from the client' from 18
INFO  [1501739626:291385] [radio_read:91] src:4 dst:0 len:55 flags:0
DATA recv 'Hello 23 from the client' from 17
INFO  [1501739627:980234] [radio_read:91] src:1 dst:0 len:55 flags:0
DATA recv 'Hello 23 from the client' from 2
INFO  [1501739629:638158] [radio_read:91] src:4 dst:0 len:55 flags:0
DATA recv 'Hello 24 from the client' from 14
INFO  [1501739632:8286] [radio_read:91] src:4 dst:0 len:55 flags:0
DATA recv 'Hello 24 from the client' from 8
INFO  [1501739632:980129] [radio_read:91] src:4 dst:0 len:55 flags:0
DATA recv 'Hello 24 from the client' from 12
INFO  [1501739634:90043] [radio_read:91] src:1 dst:0 len:55 flags:0
DATA recv 'Hello 24 from the client' from 7
INFO  [1501739637:362224] [radio_read:91] src:4 dst:0 len:53 flags:0
INFO  [1501739640:341833] [radio_read:91] src:4 dst:0 len:55 flags:0
DATA recv 'Hello 24 from the client' from 13
INFO  [1501739641:521113] [radio_read:91] src:4 dst:0 len:55 flags:0
DATA recv 'Hello 24 from the client' from 18
INFO  [1501739643:900902] [radio_read:91] src:4 dst:0 len:55 flags:0
DATA recv 'Hello 24 from the client' from 6
INFO  [1501739654:967827] [radio_read:91] src:4 dst:0 len:55 flags:0
DATA recv 'Hello 24 from the client' from 9
INFO  [1501739655:907386] [radio_read:91] src:1 dst:0 len:55 flags:0
DATA recv 'Hello 24 from the client' from 2
INFO  [1501739659:525123] [radio_read:91] src:4 dst:0 len:55 flags:0
DATA recv 'Hello 24 from the client' from 5
INFO  [1501739664:696854] [radio_read:91] src:1 dst:0 len:46 flags:0
DATA recv 'Hello 24 from the client' from 1
INFO  [1501739674:30700] [radio_read:91] src:4 dst:0 len:55 flags:0
DATA recv 'Hello 24 from the client' from 10
INFO  [1501739676:95151] [radio_read:91] src:4 dst:0 len:55 flags:0
DATA recv 'Hello 24 from the client' from 17
INFO  [1501739676:606393] [radio_read:91] src:4 dst:0 len:55 flags:0
DATA recv 'Hello 24 from the client' from 16
INFO  [1501739678:286554] [radio_read:91] src:1 dst:0 len:53 flags:0
INFO  [1501739679:627625] [radio_read:91] src:4 dst:0 len:46 flags:0
DATA recv 'Hello 24 from the client' from 4
INFO  [1501739681:251080] [radio_read:91] src:4 dst:0 len:55 flags:0
DATA recv 'Hello 24 from the client' from 19
INFO  [1501739681:413999] [radio_read:91] src:4 dst:0 len:55 flags:0
DATA recv 'Hello 24 from the client' from 11
INFO  [1501739685:219108] [radio_read:91] src:1 dst:0 len:55 flags:0
DATA recv 'Hello 24 from the client' from 3
INFO  [1501739687:246970] [radio_read:91] src:4 dst:0 len:55 flags:0
DATA recv 'Hello 24 from the client' from 15
INFO  [1501739688:777583] [radio_read:91] src:4 dst:0 len:55 flags:0
DATA recv 'Hello 25 from the client' from 14
INFO  [1501739688:855079] [radio_read:91] src:4 dst:0 len:55 flags:0
DATA recv 'Hello 25 from the client' from 11
INFO  [1501739695:41831] [radio_read:91] src:4 dst:0 len:53 flags:0
INFO  [1501739700:566949] [radio_read:91] src:4 dst:0 len:55 flags:0
DATA recv 'Hello 25 from the client' from 18
INFO  [1501739700:571231] [radio_read:91] src:4 dst:0 len:55 flags:0
DATA recv 'Hello 25 from the client' from 18
INFO  [1501739701:454227] [radio_read:91] src:4 dst:0 len:53 flags:0
INFO  [1501739704:961282] [radio_read:91] src:4 dst:0 len:53 flags:0
INFO  [1501739713:936872] [radio_read:91] src:1 dst:0 len:53 flags:0
INFO  [1501739715:215864] [radio_read:91] src:4 dst:0 len:55 flags:0
DATA recv 'Hello 25 from the client' from 19
INFO  [1501739717:634910] [radio_read:91] src:1 dst:0 len:55 flags:0
DATA recv 'Hello 25 from the client' from 2
INFO  [1501739720:294886] [radio_read:91] src:4 dst:0 len:46 flags:0
DATA recv 'Hello 25 from the client' from 4
INFO  [1501739720:740543] [radio_read:91] src:4 dst:0 len:55 flags:0
DATA recv 'Hello 25 from the client' from 5
INFO  [1501739722:703505] [radio_read:91] src:4 dst:0 len:55 flags:0
DATA recv 'Hello 25 from the client' from 13
INFO  [1501739725:234006] [radio_read:91] src:1 dst:0 len:46 flags:0
DATA recv 'Hello 25 from the client' from 1
INFO  [1501739725:655787] [radio_read:91] src:4 dst:0 len:55 flags:0
DATA recv 'Hello 25 from the client' from 10
INFO  [1501739725:788549] [radio_read:91] src:1 dst:0 len:55 flags:0
DATA recv 'Hello 25 from the client' from 7
INFO  [1501739730:266093] [radio_read:91] src:4 dst:0 len:55 flags:0
DATA recv 'Hello 25 from the client' from 8
INFO  [1501739730:353019] [radio_read:91] src:4 dst:0 len:55 flags:0
DATA recv 'Hello 25 from the client' from 16
INFO  [1501739733:240494] [radio_read:91] src:4 dst:0 len:55 flags:0
DATA recv 'Hello 25 from the client' from 9
INFO  [1501739734:453425] [radio_read:91] src:4 dst:0 len:53 flags:0
INFO  [1501739735:467838] [radio_read:91] src:1 dst:0 len:55 flags:0
DATA recv 'Hello 25 from the client' from 3
INFO  [1501739736:674878] [radio_read:91] src:4 dst:0 len:55 flags:0
DATA recv 'Hello 25 from the client' from 15
INFO  [1501739737:983656] [radio_read:91] src:4 dst:0 len:55 flags:0
DATA recv 'Hello 25 from the client' from 17
INFO  [1501739740:833272] [radio_read:91] src:1 dst:0 len:53 flags:0
INFO  [1501739742:193949] [radio_read:91] src:4 dst:0 len:55 flags:0
DATA recv 'Hello 25 from the client' from 6
INFO  [1501739743:59090] [radio_read:91] src:4 dst:0 len:55 flags:0
DATA recv 'Hello 25 from the client' from 12
INFO  [1501739747:302227] [radio_read:91] src:4 dst:0 len:53 flags:0
INFO  [1501739750:271606] [radio_read:91] src:1 dst:0 len:55 flags:0
DATA recv 'Hello 26 from the client' from 7
INFO  [1501739755:95173] [radio_read:91] src:4 dst:0 len:53 flags:0
INFO  [1501739755:236628] [radio_read:91] src:4 dst:0 len:55 flags:0
DATA recv 'Hello 26 from the client' from 9
INFO  [1501739757:49739] [radio_read:91] src:4 dst:0 len:55 flags:0
DATA recv 'Hello 26 from the client' from 10
INFO  [1501739760:172956] [radio_read:91] src:4 dst:0 len:55 flags:0
DATA recv 'Hello 26 from the client' from 6
INFO  [1501739761:848057] [radio_read:91] src:1 dst:0 len:55 flags:0
DATA recv 'Hello 26 from the client' from 2
INFO  [1501739764:303576] [radio_read:91] src:4 dst:0 len:46 flags:0
DATA recv 'Hello 26 from the client' from 4
INFO  [1501739771:901953] [radio_read:91] src:4 dst:0 len:55 flags:0
DATA recv 'Hello 26 from the client' from 11
INFO  [1501739772:320812] [radio_read:91] src:1 dst:0 len:55 flags:0
DATA recv 'Hello 26 from the client' from 3
INFO  [1501739776:997258] [radio_read:91] src:4 dst:0 len:53 flags:0
INFO  [1501739780:29022] [radio_read:91] src:4 dst:0 len:55 flags:0
DATA recv 'Hello 26 from the client' from 8
INFO  [1501739785:68841] [radio_read:91] src:4 dst:0 len:55 flags:0
DATA recv 'Hello 26 from the client' from 12
INFO  [1501739786:963852] [radio_read:91] src:4 dst:0 len:55 flags:0
DATA recv 'Hello 26 from the client' from 17
INFO  [1501739790:191154] [radio_read:91] src:4 dst:0 len:53 flags:0
INFO  [1501739790:617593] [radio_read:91] src:1 dst:0 len:46 flags:0
DATA recv 'Hello 26 from the client' from 1
INFO  [1501739794:368137] [radio_read:91] src:4 dst:0 len:55 flags:0
DATA recv 'Hello 26 from the client' from 16
INFO  [1501739794:577997] [radio_read:91] src:4 dst:0 len:55 flags:0
DATA recv 'Hello 26 from the client' from 18
INFO  [1501739795:187965] [radio_read:91] src:4 dst:0 len:55 flags:0
DATA recv 'Hello 26 from the client' from 13
INFO  [1501739795:287682] [radio_read:91] src:4 dst:0 len:55 flags:0
DATA recv 'Hello 26 from the client' from 14
INFO  [1501739797:682705] [radio_read:91] src:4 dst:0 len:55 flags:0
DATA recv 'Hello 26 from the client' from 15
INFO  [1501739802:791096] [radio_read:91] src:4 dst:0 len:55 flags:0
DATA recv 'Hello 26 from the client' from 19
INFO  [1501739805:898103] [radio_read:91] src:4 dst:0 len:55 flags:0
DATA recv 'Hello 26 from the client' from 5
INFO  [1501739809:255782] [radio_read:91] src:4 dst:0 len:55 flags:0
DATA recv 'Hello 27 from the client' from 8
INFO  [1501739810:59273] [radio_read:91] src:4 dst:0 len:55 flags:0
DATA recv 'Hello 27 from the client' from 19
INFO  [1501739812:857542] [radio_read:91] src:4 dst:0 len:53 flags:0
INFO  [1501739814:15522] [radio_read:91] src:4 dst:0 len:55 flags:0
DATA recv 'Hello 27 from the client' from 15
INFO  [1501739819:239784] [radio_read:91] src:4 dst:0 len:55 flags:0
DATA recv 'Hello 27 from the client' from 6
INFO  [1501739819:243055] [radio_read:91] src:4 dst:0 len:55 flags:0
DATA recv 'Hello 27 from the client' from 6
INFO  [1501739821:31020] [radio_read:91] src:4 dst:0 len:55 flags:0
DATA recv 'Hello 27 from the client' from 10
INFO  [1501739821:102545] [radio_read:91] src:4 dst:0 len:55 flags:0
DATA recv 'Hello 27 from the client' from 16
INFO  [1501739825:146200] [radio_read:91] src:4 dst:0 len:55 flags:0
DATA recv 'Hello 27 from the client' from 9
INFO  [1501739830:25529] [radio_read:91] src:4 dst:0 len:55 flags:0
DATA recv 'Hello 27 from the client' from 12
INFO  [1501739830:689701] [radio_read:91] src:4 dst:0 len:55 flags:0
DATA recv 'Hello 27 from the client' from 13
INFO  [1501739832:854805] [radio_read:91] src:4 dst:0 len:53 flags:0
INFO  [1501739833:24427] [radio_read:91] src:4 dst:0 len:55 flags:0
DATA recv 'Hello 27 from the client' from 11
INFO  [1501739839:514923] [radio_read:91] src:1 dst:0 len:46 flags:0
DATA recv 'Hello 27 from the client' from 1
INFO  [1501739839:729299] [radio_read:91] src:1 dst:0 len:55 flags:0
DATA recv 'Hello 27 from the client' from 3
INFO  [1501739840:560511] [radio_read:91] src:1 dst:0 len:55 flags:0
DATA recv 'Hello 27 from the client' from 7
INFO  [1501739840:857442] [radio_read:91] src:4 dst:0 len:55 flags:0
DATA recv 'Hello 27 from the client' from 17
INFO  [1501739844:774973] [radio_read:91] src:4 dst:0 len:55 flags:0
DATA recv 'Hello 27 from the client' from 5
INFO  [1501739849:876585] [radio_read:91] src:4 dst:0 len:55 flags:0
DATA recv 'Hello 27 from the client' from 14
INFO  [1501739854:288682] [radio_read:91] src:4 dst:0 len:46 flags:0
DATA recv 'Hello 27 from the client' from 4
INFO  [1501739859:799567] [radio_read:91] src:4 dst:0 len:53 flags:0
INFO  [1501739860:655951] [radio_read:91] src:4 dst:0 len:55 flags:0
DATA recv 'Hello 27 from the client' from 18
INFO  [1501739863:200328] [radio_read:91] src:1 dst:0 len:55 flags:0
DATA recv 'Hello 27 from the client' from 2
INFO  [1501739870:817969] [radio_read:91] src:4 dst:0 len:55 flags:0
DATA recv 'Hello 28 from the client' from 6
INFO  [1501739871:828066] [radio_read:91] src:4 dst:0 len:55 flags:0
DATA recv 'Hello 28 from the client' from 15
INFO  [1501739872:525705] [radio_read:91] src:4 dst:0 len:53 flags:0
INFO  [1501739872:962882] [radio_read:91] src:4 dst:0 len:55 flags:0
DATA recv 'Hello 28 from the client' from 16
INFO  [1501739875:109985] [radio_read:91] src:4 dst:0 len:55 flags:0
DATA recv 'Hello 28 from the client' from 12
INFO  [1501739875:813222] [radio_read:91] src:4 dst:0 len:55 flags:0
DATA recv 'Hello 28 from the client' from 11
INFO  [1501739876:633818] [radio_read:91] src:4 dst:0 len:53 flags:0
INFO  [1501739877:540506] [radio_read:91] src:4 dst:0 len:53 flags:0
INFO  [1501739877:543701] [radio_read:91] src:4 dst:0 len:53 flags:0
INFO  [1501739878:520005] [radio_read:91] src:1 dst:0 len:46 flags:0
DATA recv 'Hello 28 from the client' from 1
INFO  [1501739880:980883] [radio_read:91] src:4 dst:0 len:55 flags:0
DATA recv 'Hello 28 from the client' from 9
INFO  [1501739882:623628] [radio_read:91] src:1 dst:0 len:55 flags:0
DATA recv 'Hello 28 from the client' from 3
INFO  [1501739882:858096] [radio_read:91] src:4 dst:0 len:55 flags:0
DATA recv 'Hello 28 from the client' from 14
INFO  [1501739883:388653] [radio_read:91] src:4 dst:0 len:55 flags:0
DATA recv 'Hello 28 from the client' from 5
INFO  [1501739888:17550] [radio_read:91] src:4 dst:0 len:55 flags:0
DATA recv 'Hello 28 from the client' from 10
INFO  [1501739888:141998] [radio_read:91] src:1 dst:0 len:55 flags:0
DATA recv 'Hello 28 from the client' from 2
INFO  [1501739888:988153] [radio_read:91] src:4 dst:0 len:55 flags:0
DATA recv 'Hello 28 from the client' from 17
INFO  [1501739889:444415] [radio_read:91] src:4 dst:0 len:55 flags:0
DATA recv 'Hello 28 from the client' from 13
INFO  [1501739902:597059] [radio_read:91] src:1 dst:0 len:53 flags:0
INFO  [1501739917:461330] [radio_read:91] src:4 dst:0 len:55 flags:0
DATA recv 'Hello 28 from the client' from 19
INFO  [1501739924:247965] [radio_read:91] src:4 dst:0 len:55 flags:0
DATA recv 'Hello 28 from the client' from 8
INFO  [1501739925:860138] [radio_read:91] src:4 dst:0 len:55 flags:0
DATA recv 'Hello 28 from the client' from 18
INFO  [1501739926:287343] [radio_read:91] src:4 dst:0 len:46 flags:0
DATA recv 'Hello 28 from the client' from 4
INFO  [1501739927:580865] [radio_read:91] src:1 dst:0 len:55 flags:0
DATA recv 'Hello 28 from the client' from 7
INFO  [1501739930:466826] [radio_read:91] src:4 dst:0 len:46 flags:0
DATA recv 'Hello 29 from the client' from 4
INFO  [1501739931:516395] [radio_read:91] src:4 dst:0 len:55 flags:0
DATA recv 'Hello 29 from the client' from 17
INFO  [1501739933:999155] [radio_read:91] src:4 dst:0 len:55 flags:0
DATA recv 'Hello 29 from the client' from 14
INFO  [1501739936:819064] [radio_read:91] src:4 dst:0 len:55 flags:0
DATA recv 'Hello 29 from the client' from 10
INFO  [1501739937:711854] [radio_read:91] src:4 dst:ffff len:80 flags:0
INFO  [1501739938:173110] [radio_read:91] src:4 dst:0 len:55 flags:0
DATA recv 'Hello 29 from the client' from 12
INFO  [1501739940:202454] [radio_read:91] src:4 dst:0 len:55 flags:0
DATA recv 'Hello 29 from the client' from 15
INFO  [1501739945:388440] [radio_read:91] src:4 dst:0 len:55 flags:0
DATA recv 'Hello 29 from the client' from 8
INFO  [1501739948:759788] [radio_read:91] src:4 dst:0 len:55 flags:0
DATA recv 'Hello 29 from the client' from 19
INFO  [1501739956:363635] [radio_read:91] src:4 dst:0 len:55 flags:0
DATA recv 'Hello 29 from the client' from 11
INFO  [1501739956:780199] [radio_read:91] src:1 dst:0 len:55 flags:0
DATA recv 'Hello 29 from the client' from 7
INFO  [1501739960:645728] [radio_read:91] src:4 dst:0 len:55 flags:0
DATA recv 'Hello 29 from the client' from 5
INFO  [1501739962:543889] [radio_read:91] src:1 dst:0 len:55 flags:0
DATA recv 'Hello 29 from the client' from 3
INFO  [1501739962:844528] [radio_read:91] src:1 dst:0 len:46 flags:0
DATA recv 'Hello 29 from the client' from 1
INFO  [1501739964:839010] [radio_read:91] src:4 dst:0 len:55 flags:0
DATA recv 'Hello 29 from the client' from 13
INFO  [1501739968:148587] [radio_read:91] src:4 dst:0 len:55 flags:0
DATA recv 'Hello 29 from the client' from 6
INFO  [1501739979:199324] [radio_read:91] src:4 dst:0 len:55 flags:0
DATA recv 'Hello 29 from the client' from 16
INFO  [1501739979:906642] [radio_read:91] src:4 dst:0 len:55 flags:0
DATA recv 'Hello 29 from the client' from 18
INFO  [1501739980:810936] [radio_read:91] src:4 dst:0 len:55 flags:0
DATA recv 'Hello 29 from the client' from 9
INFO  [1501739984:942783] [radio_read:91] src:1 dst:0 len:55 flags:0
DATA recv 'Hello 29 from the client' from 2
INFO  [1501739990:592645] [radio_read:91] src:4 dst:0 len:55 flags:0
DATA recv 'Hello 30 from the client' from 19
INFO  [1501739991:411872] [radio_read:91] src:4 dst:0 len:55 flags:0
DATA recv 'Hello 30 from the client' from 13
INFO  [1501739996:79002] [radio_read:91] src:4 dst:0 len:55 flags:0
DATA recv 'Hello 30 from the client' from 5
INFO  [1501739997:790083] [radio_read:91] src:4 dst:0 len:55 flags:0
DATA recv 'Hello 30 from the client' from 9
INFO  [1501739998:682056] [radio_read:91] src:4 dst:0 len:55 flags:0
DATA recv 'Hello 30 from the client' from 11
INFO  [1501739999:170377] [radio_read:91] src:4 dst:0 len:53 flags:0
INFO  [1501740000:624825] [radio_read:91] src:1 dst:0 len:55 flags:0
DATA recv 'Hello 30 from the client' from 3
INFO  [1501740001:748719] [radio_read:91] src:4 dst:0 len:55 flags:0
DATA recv 'Hello 30 from the client' from 18
INFO  [1501740005:573674] [radio_read:91] src:1 dst:0 len:55 flags:0
DATA recv 'Hello 30 from the client' from 7
INFO  [1501740014:102115] [radio_read:91] src:1 dst:0 len:53 flags:0
INFO  [1501740014:772541] [radio_read:91] src:4 dst:0 len:46 flags:0
DATA recv 'Hello 30 from the client' from 4
INFO  [1501740015:442214] [radio_read:91] src:4 dst:0 len:55 flags:0
DATA recv 'Hello 30 from the client' from 16
INFO  [1501740020:410493] [radio_read:91] src:4 dst:0 len:55 flags:0
DATA recv 'Hello 30 from the client' from 15
INFO  [1501740029:598870] [radio_read:91] src:4 dst:0 len:53 flags:0
INFO  [1501740030:645330] [radio_read:91] src:4 dst:0 len:55 flags:0
DATA recv 'Hello 30 from the client' from 14
INFO  [1501740030:822237] [radio_read:91] src:1 dst:0 len:46 flags:0
DATA recv 'Hello 30 from the client' from 1
INFO  [1501740031:734848] [radio_read:91] src:4 dst:0 len:55 flags:0
DATA recv 'Hello 30 from the client' from 10
INFO  [1501740037:332405] [radio_read:91] src:4 dst:0 len:55 flags:0
DATA recv 'Hello 30 from the client' from 6
INFO  [1501740038:969791] [radio_read:91] src:4 dst:0 len:55 flags:0
DATA recv 'Hello 30 from the client' from 17
INFO  [1501740040:458705] [radio_read:91] src:1 dst:0 len:55 flags:0
DATA recv 'Hello 30 from the client' from 2
INFO  [1501740040:653819] [radio_read:91] src:4 dst:0 len:55 flags:0
DATA recv 'Hello 30 from the client' from 8
INFO  [1501740043:6453] [radio_read:91] src:4 dst:0 len:53 flags:0
INFO  [1501740044:671775] [radio_read:91] src:4 dst:0 len:55 flags:0
DATA recv 'Hello 30 from the client' from 12
INFO  [1501740046:666283] [radio_read:91] src:1 dst:0 len:53 flags:0
INFO  [1501740050:765837] [radio_read:91] src:4 dst:0 len:53 flags:0
INFO  [1501740053:34474] [radio_read:91] src:4 dst:0 len:55 flags:0
DATA recv 'Hello 31 from the client' from 12
INFO  [1501740054:707239] [radio_read:91] src:1 dst:0 len:55 flags:0
DATA recv 'Hello 31 from the client' from 2
INFO  [1501740055:505405] [radio_read:91] src:4 dst:0 len:55 flags:0
DATA recv 'Hello 31 from the client' from 8
INFO  [1501740059:809471] [radio_read:91] src:4 dst:0 len:55 flags:0
DATA recv 'Hello 31 from the client' from 9
INFO  [1501740064:986143] [radio_read:91] src:4 dst:0 len:55 flags:0
DATA recv 'Hello 31 from the client' from 5
INFO  [1501740076:986637] [radio_read:91] src:4 dst:0 len:55 flags:0
DATA recv 'Hello 31 from the client' from 10
INFO  [1501740081:524312] [radio_read:91] src:4 dst:0 len:55 flags:0
DATA recv 'Hello 31 from the client' from 15
INFO  [1501740084:262846] [radio_read:91] src:4 dst:0 len:55 flags:0
DATA recv 'Hello 31 from the client' from 13
INFO  [1501740084:817750] [radio_read:91] src:4 dst:0 len:55 flags:0
DATA recv 'Hello 31 from the client' from 14
INFO  [1501740087:246153] [radio_read:91] src:4 dst:0 len:53 flags:0
INFO  [1501740089:273369] [radio_read:91] src:1 dst:0 len:55 flags:0
DATA recv 'Hello 31 from the client' from 3
INFO  [1501740092:135129] [radio_read:91] src:4 dst:0 len:46 flags:0
DATA recv 'Hello 31 from the client' from 4
INFO  [1501740093:67617] [radio_read:91] src:4 dst:0 len:53 flags:0
INFO  [1501740093:760599] [radio_read:91] src:1 dst:0 len:55 flags:0
DATA recv 'Hello 31 from the client' from 7
INFO  [1501740095:308437] [radio_read:91] src:1 dst:0 len:53 flags:0
INFO  [1501740095:542348] [radio_read:91] src:4 dst:0 len:55 flags:0
DATA recv 'Hello 31 from the client' from 6
INFO  [1501740097:25086] [radio_read:91] src:4 dst:0 len:55 flags:0
DATA recv 'Hello 31 from the client' from 17
INFO  [1501740098:9054] [radio_read:91] src:1 dst:0 len:46 flags:0
DATA recv 'Hello 31 from the client' from 1
INFO  [1501740098:772567] [radio_read:91] src:4 dst:0 len:55 flags:0
DATA recv 'Hello 31 from the client' from 18
INFO  [1501740100:280570] [radio_read:91] src:4 dst:0 len:55 flags:0
DATA recv 'Hello 31 from the client' from 11
INFO  [1501740102:764772] [radio_read:91] src:4 dst:0 len:55 flags:0
DATA recv 'Hello 31 from the client' from 16
INFO  [1501740105:296829] [radio_read:91] src:4 dst:0 len:55 flags:0
DATA recv 'Hello 31 from the client' from 19
INFO  [1501740107:720861] [radio_read:91] src:4 dst:0 len:53 flags:0
INFO  [1501740109:558769] [radio_read:91] src:4 dst:0 len:55 flags:0
DATA recv 'Hello 32 from the client' from 9
INFO  [1501740111:590476] [radio_read:91] src:4 dst:0 len:55 flags:0
DATA recv 'Hello 32 from the client' from 11
INFO  [1501740114:11113] [radio_read:91] src:4 dst:0 len:55 flags:0
DATA recv 'Hello 32 from the client' from 8
INFO  [1501740115:312757] [radio_read:91] src:4 dst:0 len:53 flags:0
INFO  [1501740119:705962] [radio_read:91] src:1 dst:0 len:55 flags:0
DATA recv 'Hello 32 from the client' from 3
INFO  [1501740119:727480] [radio_read:91] src:4 dst:0 len:55 flags:0
DATA recv 'Hello 32 from the client' from 10
INFO  [1501740125:791154] [radio_read:91] src:4 dst:0 len:55 flags:0
DATA recv 'Hello 32 from the client' from 19
INFO  [1501740126:785817] [radio_read:91] src:1 dst:0 len:55 flags:0
DATA recv 'Hello 32 from the client' from 2
INFO  [1501740126:790133] [radio_read:91] src:1 dst:0 len:55 flags:0
DATA recv 'Hello 32 from the client' from 2
INFO  [1501740130:405033] [radio_read:91] src:4 dst:0 len:55 flags:0
DATA recv 'Hello 32 from the client' from 13
INFO  [1501740130:517652] [radio_read:91] src:4 dst:0 len:55 flags:0
DATA recv 'Hello 32 from the client' from 12
INFO  [1501740137:813465] [radio_read:91] src:4 dst:0 len:55 flags:0
DATA recv 'Hello 32 from the client' from 6
INFO  [1501740137:858462] [radio_read:91] src:1 dst:0 len:55 flags:0
DATA recv 'Hello 32 from the client' from 7
INFO  [1501740137:863792] [radio_read:91] src:1 dst:0 len:55 flags:0
DATA recv 'Hello 32 from the client' from 7
INFO  [1501740138:629913] [send_packet:48] src:0 dst:ffff len:80
INFO  [1501740140:697419] [radio_read:91] src:1 dst:0 len:53 flags:0
INFO  [1501740140:813427] [radio_read:91] src:4 dst:0 len:55 flags:0
DATA recv 'Hello 32 from the client' from 5
INFO  [1501740141:465432] [radio_read:91] src:4 dst:0 len:55 flags:0
DATA recv 'Hello 32 from the client' from 16
INFO  [1501740142:429345] [radio_read:91] src:4 dst:0 len:53 flags:0
INFO  [1501740142:814273] [radio_read:91] src:4 dst:0 len:53 flags:0
INFO  [1501740145:272454] [radio_read:91] src:4 dst:0 len:53 flags:0
INFO  [1501740149:951223] [radio_read:91] src:4 dst:0 len:55 flags:0
DATA recv 'Hello 32 from the client' from 15
INFO  [1501740150:977713] [radio_read:91] src:4 dst:0 len:53 flags:0
INFO  [1501740153:173819] [radio_read:91] src:4 dst:0 len:55 flags:0
DATA recv 'Hello 32 from the client' from 14
INFO  [1501740155:514703] [radio_read:91] src:1 dst:0 len:46 flags:0
DATA recv 'Hello 32 from the client' from 1
INFO  [1501740156:357480] [radio_read:91] src:4 dst:0 len:55 flags:0
DATA recv 'Hello 32 from the client' from 18
INFO  [1501740156:779883] [radio_read:91] src:4 dst:0 len:55 flags:0
DATA recv 'Hello 32 from the client' from 17
INFO  [1501740167:645853] [radio_read:91] src:1 dst:ffff len:80 flags:0
INFO  [1501740168:18777] [radio_read:91] src:4 dst:0 len:46 flags:0
DATA recv 'Hello 32 from the client' from 4
INFO  [1501740169:680954] [radio_read:91] src:1 dst:0 len:53 flags:0
INFO  [1501740170:910652] [radio_read:91] src:4 dst:0 len:55 flags:0
DATA recv 'Hello 33 from the client' from 17
INFO  [1501740171:349155] [radio_read:91] src:4 dst:0 len:55 flags:0
DATA recv 'Hello 33 from the client' from 13
INFO  [1501740171:434081] [radio_read:91] src:4 dst:0 len:55 flags:0
DATA recv 'Hello 33 from the client' from 5
INFO  [1501740173:543323] [radio_read:91] src:4 dst:0 len:55 flags:0
DATA recv 'Hello 33 from the client' from 12
INFO  [1501740176:460763] [radio_read:91] src:4 dst:0 len:55 flags:0
DATA recv 'Hello 33 from the client' from 6
INFO  [1501740182:127447] [radio_read:91] src:1 dst:0 len:55 flags:0
DATA recv 'Hello 33 from the client' from 2
INFO  [1501740184:43467] [radio_read:91] src:4 dst:0 len:53 flags:0
INFO  [1501740185:948953] [radio_read:91] src:4 dst:0 len:55 flags:0
DATA recv 'Hello 33 from the client' from 18
INFO  [1501740190:353077] [radio_read:91] src:4 dst:0 len:53 flags:0
INFO  [1501740190:811482] [radio_read:91] src:4 dst:0 len:55 flags:0
DATA recv 'Hello 33 from the client' from 9
INFO  [1501740201:626884] [radio_read:91] src:4 dst:0 len:55 flags:0
DATA recv 'Hello 33 from the client' from 10
INFO  [1501740210:586609] [radio_read:91] src:4 dst:0 len:55 flags:0
DATA recv 'Hello 33 from the client' from 15
INFO  [1501740211:645818] [radio_read:91] src:1 dst:0 len:46 flags:0
DATA recv 'Hello 33 from the client' from 1
INFO  [1501740211:651107] [radio_read:91] src:1 dst:0 len:46 flags:0
DATA recv 'Hello 33 from the client' from 1
INFO  [1501740214:317973] [radio_read:91] src:4 dst:0 len:55 flags:0
DATA recv 'Hello 33 from the client' from 14
INFO  [1501740214:552837] [radio_read:91] src:4 dst:0 len:55 flags:0
DATA recv 'Hello 33 from the client' from 11
INFO  [1501740215:822275] [radio_read:91] src:1 dst:0 len:55 flags:0
DATA recv 'Hello 33 from the client' from 3
INFO  [1501740215:972666] [radio_read:91] src:1 dst:0 len:53 flags:0
INFO  [1501740218:11620] [radio_read:91] src:4 dst:0 len:46 flags:0
DATA recv 'Hello 33 from the client' from 4
INFO  [1501740218:595332] [radio_read:91] src:4 dst:0 len:55 flags:0
DATA recv 'Hello 33 from the client' from 16
INFO  [1501740224:255577] [radio_read:91] src:4 dst:0 len:55 flags:0
DATA recv 'Hello 33 from the client' from 19
INFO  [1501740226:3645] [radio_read:91] src:4 dst:0 len:55 flags:0
DATA recv 'Hello 33 from the client' from 8
INFO  [1501740227:60844] [radio_read:91] src:4 dst:0 len:53 flags:0
INFO  [1501740228:52] [radio_read:91] src:1 dst:0 len:55 flags:0
DATA recv 'Hello 33 from the client' from 7
INFO  [1501740228:677571] [radio_read:91] src:1 dst:0 len:53 flags:0
INFO  [1501740231:849558] [radio_read:91] src:4 dst:0 len:55 flags:0
DATA recv 'Hello 34 from the client' from 9
INFO  [1501740233:383635] [radio_read:91] src:4 dst:0 len:55 flags:0
DATA recv 'Hello 34 from the client' from 13
INFO  [1501740234:467539] [radio_read:91] src:1 dst:0 len:55 flags:0
DATA recv 'Hello 34 from the client' from 2
INFO  [1501740238:89747] [radio_read:91] src:4 dst:0 len:53 flags:0
INFO  [1501740242:477423] [radio_read:91] src:4 dst:0 len:55 flags:0
DATA recv 'Hello 34 from the client' from 15
INFO  [1501740243:631554] [radio_read:91] src:4 dst:0 len:53 flags:0
INFO  [1501740257:479621] [radio_read:91] src:4 dst:0 len:55 flags:0
DATA recv 'Hello 34 from the client' from 6
INFO  [1501740258:507226] [radio_read:91] src:4 dst:0 len:55 flags:0
DATA recv 'Hello 34 from the client' from 14
INFO  [1501740258:611231] [radio_read:91] src:4 dst:0 len:55 flags:0
DATA recv 'Hello 34 from the client' from 18
INFO  [1501740261:769926] [radio_read:91] src:4 dst:0 len:55 flags:0
DATA recv 'Hello 34 from the client' from 12
INFO  [1501740262:316075] [radio_read:91] src:4 dst:0 len:55 flags:0
DATA recv 'Hello 34 from the client' from 19
INFO  [1501740269:585] [radio_read:91] src:4 dst:0 len:46 flags:0
DATA recv 'Hello 34 from the client' from 4
INFO  [1501740270:697982] [radio_read:91] src:1 dst:0 len:55 flags:0
DATA recv 'Hello 34 from the client' from 7
INFO  [1501740271:599388] [radio_read:91] src:4 dst:0 len:55 flags:0
DATA recv 'Hello 34 from the client' from 8
INFO  [1501740271:980860] [radio_read:91] src:4 dst:0 len:55 flags:0
DATA recv 'Hello 34 from the client' from 16
INFO  [1501740273:434345] [radio_read:91] src:1 dst:0 len:46 flags:0
DATA recv 'Hello 34 from the client' from 1
INFO  [1501740275:152335] [radio_read:91] src:4 dst:0 len:55 flags:0
