Contiki-3.x-3272-gbcd9e94 started with IPV6, RPL
INFO  [1501738188:552347] [main:110] Using node id=15
INFO  [1501738188:552364] [main:114] MAC wfmac RDC nullrdc NETWORK sicslowpan
INFO  [1501738188:552367] [main:115] route_table_max_sz=100,nbr_table_max_sz=100
Tentative link-local IPv6 address fe80:0000:0000:0000:0302:0304:0506:000f
UDP client process started nbr:100 routes:100
Client IPv6 addresses: fd00::302:304:506:f
fe80::302:304:506:f
Created a connection with the server :: local/remote port 8765/5678
INFO  [1501738189:549092] [radio_read:91] src:b dst:ffff len:10 flags:0
INFO  [1501738189:558807] [radio_read:91] src:13 dst:ffff len:10 flags:0
INFO  [1501738189:560934] [radio_read:91] src:e dst:ffff len:10 flags:0
INFO  [1501738206:135403] [radio_read:91] src:e dst:ffff len:80 flags:0
INFO  [1501738206:449934] [radio_read:91] src:b dst:ffff len:80 flags:0
INFO  [1501738209:496700] [send_packet:48] src:f dst:e len:53
INFO  [1501738209:503135] [radio_read:91] src:f dst:e len:1 flags:1
INFO  [1501738209:503149] [mac_handle_ack:83] ACK status:ACK_OK retries:1
INFO  [1501738209:601989] [send_packet:48] src:f dst:ffff len:80
INFO  [1501738210:921175] [radio_read:91] src:13 dst:ffff len:80 flags:0
INFO  [1501738213:700136] [radio_read:91] src:e dst:ffff len:80 flags:0
INFO  [1501738214:723226] [radio_read:91] src:b dst:ffff len:80 flags:0
INFO  [1501738216:850918] [send_packet:48] src:f dst:ffff len:80
INFO  [1501738217:819394] [radio_read:91] src:13 dst:f len:79 flags:0
INFO  [1501738218:294706] [send_packet:48] src:f dst:e len:53
INFO  [1501738218:303329] [radio_read:91] src:f dst:e len:1 flags:1
INFO  [1501738218:303345] [mac_handle_ack:83] ACK status:ACK_OK retries:1
INFO  [1501738220:138197] [radio_read:91] src:13 dst:ffff len:80 flags:0
INFO  [1501738220:968879] [radio_read:91] src:e dst:ffff len:80 flags:0
INFO  [1501738221:575001] [radio_read:91] src:13 dst:f len:53 flags:0
INFO  [1501738221:575035] [send_packet:48] src:f dst:e len:53
INFO  [1501738221:580366] [radio_read:91] src:f dst:e len:1 flags:1
INFO  [1501738221:580378] [mac_handle_ack:83] ACK status:ACK_OK retries:1
INFO  [1501738221:736173] [send_packet:48] src:f dst:e len:79
INFO  [1501738221:751169] [radio_read:91] src:f dst:e len:1 flags:1
INFO  [1501738221:751181] [mac_handle_ack:83] ACK status:ACK_OK retries:2
INFO  [1501738227:393594] [radio_read:91] src:13 dst:ffff len:80 flags:0
INFO  [1501738230:183283] [radio_read:91] src:b dst:ffff len:80 flags:0
INFO  [1501738231:898437] [radio_read:91] src:13 dst:f len:79 flags:0
INFO  [1501738233:989629] [send_packet:48] src:f dst:ffff len:80
INFO  [1501738234:427541] [radio_read:91] src:13 dst:f len:79 flags:0
INFO  [1501738237:690405] [radio_read:91] src:e dst:ffff len:80 flags:0
INFO  [1501738239:732505] [radio_read:91] src:13 dst:ffff len:80 flags:0
INFO  [1501738240:894702] [send_packet:48] src:f dst:e len:53
INFO  [1501738240:901095] [radio_read:91] src:f dst:e len:1 flags:1
INFO  [1501738240:901108] [mac_handle_ack:83] ACK status:ACK_OK retries:1
INFO  [1501738251:561682] [radio_read:91] src:13 dst:f len:53 flags:0
INFO  [1501738251:561707] [send_packet:48] src:f dst:e len:53
INFO  [1501738251:567021] [radio_read:91] src:f dst:e len:1 flags:1
INFO  [1501738251:567033] [mac_handle_ack:83] ACK status:ACK_OK retries:1
INFO  [1501738255:453643] [radio_read:91] src:13 dst:ffff len:80 flags:0
INFO  [1501738258:693377] [radio_read:91] src:b dst:ffff len:80 flags:0
INFO  [1501738259:142629] [send_packet:48] src:f dst:ffff len:80
INFO  [1501738261:592484] [radio_read:91] src:13 dst:ffff len:80 flags:0
INFO  [1501738262:628466] [radio_read:91] src:e dst:ffff len:80 flags:0
DATA send to 1 'Hello 1'
INFO  [1501738264:693079] [send_packet:48] src:f dst:e len:45
INFO  [1501738264:697343] [radio_read:91] src:f dst:e len:1 flags:1
INFO  [1501738264:697353] [mac_handle_ack:83] ACK status:ACK_OK retries:1
INFO  [1501738275:751982] [radio_read:91] src:13 dst:ffff len:80 flags:0
INFO  [1501738287:546031] [send_packet:48] src:f dst:b len:79
INFO  [1501738287:553685] [radio_read:91] src:f dst:b len:1 flags:1
INFO  [1501738287:553695] [mac_handle_ack:83] ACK status:ACK_OK retries:1
INFO  [1501738304:678058] [send_packet:48] src:f dst:ffff len:80
INFO  [1501738307:118378] [radio_read:91] src:13 dst:ffff len:80 flags:0
INFO  [1501738311:552750] [send_packet:48] src:f dst:e len:53
INFO  [1501738311:559187] [radio_read:91] src:f dst:e len:1 flags:1
INFO  [1501738311:559198] [mac_handle_ack:83] ACK status:ACK_OK retries:1
INFO  [1501738325:868137] [radio_read:91] src:e dst:ffff len:80 flags:0
INFO  [1501738327:457382] [radio_read:91] src:b dst:ffff len:80 flags:0
INFO  [1501738330:128381] [send_packet:48] src:f dst:e len:53
INFO  [1501738330:134828] [radio_read:91] src:f dst:e len:1 flags:1
INFO  [1501738330:134837] [mac_handle_ack:83] ACK status:ACK_OK retries:1
INFO  [1501738331:331610] [radio_read:91] src:13 dst:f len:79 flags:0
INFO  [1501738347:317741] [radio_read:91] src:13 dst:ffff len:80 flags:0
DATA send to 1 'Hello 2'
INFO  [1501738362:612043] [send_packet:48] src:f dst:e len:45
INFO  [1501738362:618510] [radio_read:91] src:f dst:e len:1 flags:1
INFO  [1501738362:618524] [mac_handle_ack:83] ACK status:ACK_OK retries:1
INFO  [1501738365:614625] [send_packet:48] src:f dst:13 len:79
INFO  [1501738365:621184] [radio_read:91] src:f dst:13 len:1 flags:1
INFO  [1501738365:621196] [mac_handle_ack:83] ACK status:ACK_OK retries:1
DATA send to 1 'Hello 3'
INFO  [1501738378:830555] [send_packet:48] src:f dst:e len:45
INFO  [1501738378:835913] [radio_read:91] src:f dst:e len:1 flags:1
INFO  [1501738378:835923] [mac_handle_ack:83] ACK status:ACK_OK retries:1
INFO  [1501738393:835838] [radio_read:91] src:13 dst:f len:79 flags:0
INFO  [1501738419:341348] [radio_read:91] src:e dst:ffff len:80 flags:0
INFO  [1501738422:68779] [radio_read:91] src:b dst:f len:79 flags:0
INFO  [1501738434:100292] [send_packet:48] src:f dst:ffff len:80
INFO  [1501738446:88024] [radio_read:91] src:b dst:ffff len:80 flags:0
DATA send to 1 'Hello 4'
INFO  [1501738446:572885] [send_packet:48] src:f dst:e len:45
INFO  [1501738446:578259] [radio_read:91] src:f dst:e len:1 flags:1
INFO  [1501738446:578269] [mac_handle_ack:83] ACK status:ACK_OK retries:1
INFO  [1501738453:526357] [radio_read:91] src:13 dst:ffff len:80 flags:0
INFO  [1501738474:725286] [send_packet:48] src:f dst:b len:79
INFO  [1501738474:738197] [radio_read:91] src:f dst:b len:1 flags:1
INFO  [1501738474:738212] [mac_handle_ack:83] ACK status:ACK_OK retries:2
INFO  [1501738488:486709] [radio_read:91] src:13 dst:f len:79 flags:0
DATA send to 1 'Hello 5'
INFO  [1501738522:592067] [send_packet:48] src:f dst:e len:45
INFO  [1501738522:597407] [radio_read:91] src:f dst:e len:1 flags:1
INFO  [1501738522:597419] [mac_handle_ack:83] ACK status:ACK_OK retries:1
DATA send to 1 'Hello 6'
INFO  [1501738553:576693] [send_packet:48] src:f dst:e len:45
INFO  [1501738553:583069] [radio_read:91] src:f dst:e len:1 flags:1
INFO  [1501738553:583078] [mac_handle_ack:83] ACK status:ACK_OK retries:1
INFO  [1501738565:940776] [radio_read:91] src:13 dst:f len:79 flags:0
INFO  [1501738595:339798] [send_packet:48] src:f dst:13 len:79
INFO  [1501738595:347383] [radio_read:91] src:f dst:13 len:1 flags:1
INFO  [1501738595:347397] [mac_handle_ack:83] ACK status:ACK_OK retries:1
DATA send to 1 'Hello 7'
INFO  [1501738619:210120] [send_packet:48] src:f dst:e len:45
INFO  [1501738619:218088] [radio_read:91] src:f dst:e len:1 flags:1
INFO  [1501738619:218102] [mac_handle_ack:83] ACK status:ACK_OK retries:1
INFO  [1501738626:905404] [radio_read:91] src:b dst:f len:79 flags:0
INFO  [1501738642:835143] [send_packet:48] src:f dst:e len:53
INFO  [1501738642:841627] [radio_read:91] src:f dst:e len:1 flags:1
INFO  [1501738642:841637] [mac_handle_ack:83] ACK status:ACK_OK retries:1
INFO  [1501738645:597896] [radio_read:91] src:e dst:f len:79 flags:0
INFO  [1501738647:528856] [radio_read:91] src:13 dst:f len:79 flags:0
INFO  [1501738647:591285] [send_packet:48] src:f dst:ffff len:80
INFO  [1501738648:581676] [send_packet:48] src:f dst:e len:53
INFO  [1501738648:589112] [radio_read:91] src:f dst:e len:1 flags:1
INFO  [1501738648:589131] [mac_handle_ack:83] ACK status:ACK_OK retries:1
INFO  [1501738658:770516] [radio_read:91] src:b dst:ffff len:80 flags:0
INFO  [1501738676:200418] [send_packet:48] src:f dst:b len:79
INFO  [1501738676:213344] [radio_read:91] src:f dst:b len:1 flags:1
INFO  [1501738676:213360] [mac_handle_ack:83] ACK status:ACK_OK retries:2
DATA send to 1 'Hello 8'
INFO  [1501738710:80841] [send_packet:48] src:f dst:e len:45
INFO  [1501738710:88370] [radio_read:91] src:f dst:e len:1 flags:1
INFO  [1501738710:88385] [mac_handle_ack:83] ACK status:ACK_OK retries:1
INFO  [1501738716:577989] [radio_read:91] src:e dst:ffff len:80 flags:0
INFO  [1501738719:239180] [radio_read:91] src:13 dst:f len:79 flags:0
INFO  [1501738741:520576] [send_packet:48] src:f dst:13 len:79
INFO  [1501738741:527099] [radio_read:91] src:f dst:13 len:1 flags:1
INFO  [1501738741:527111] [mac_handle_ack:83] ACK status:ACK_OK retries:1
INFO  [1501738751:793328] [radio_read:91] src:13 dst:ffff len:80 flags:0
DATA send to 1 'Hello 9'
INFO  [1501738766:126776] [send_packet:48] src:f dst:e len:45
INFO  [1501738766:133249] [radio_read:91] src:f dst:e len:1 flags:1
INFO  [1501738766:133262] [mac_handle_ack:83] ACK status:ACK_OK retries:1
DATA send to 1 'Hello 10'
INFO  [1501738795:859825] [send_packet:48] src:f dst:e len:46
INFO  [1501738795:865205] [radio_read:91] src:f dst:e len:1 flags:1
INFO  [1501738795:865217] [mac_handle_ack:83] ACK status:ACK_OK retries:1
INFO  [1501738815:419490] [radio_read:91] src:13 dst:f len:79 flags:0
INFO  [1501738852:901650] [send_packet:48] src:f dst:b len:79
INFO  [1501738852:910274] [radio_read:91] src:f dst:b len:1 flags:1
INFO  [1501738852:910290] [mac_handle_ack:83] ACK status:ACK_OK retries:1
INFO  [1501738869:326552] [radio_read:91] src:b dst:f len:79 flags:0
DATA send to 1 'Hello 11'
INFO  [1501738901:814590] [send_packet:48] src:f dst:e len:46
INFO  [1501738901:821064] [radio_read:91] src:f dst:e len:1 flags:1
INFO  [1501738901:821078] [mac_handle_ack:83] ACK status:ACK_OK retries:1
DATA send to 1 'Hello 12'
INFO  [1501738914:346718] [send_packet:48] src:f dst:e len:46
INFO  [1501738914:352150] [radio_read:91] src:f dst:e len:1 flags:1
INFO  [1501738914:352165] [mac_handle_ack:83] ACK status:ACK_OK retries:1
INFO  [1501738923:99866] [radio_read:91] src:13 dst:f len:79 flags:0
INFO  [1501738970:643658] [send_packet:48] src:f dst:13 len:79
INFO  [1501738970:650133] [radio_read:91] src:f dst:13 len:1 flags:1
INFO  [1501738970:650143] [mac_handle_ack:83] ACK status:ACK_OK retries:1
INFO  [1501738981:718955] [send_packet:48] src:f dst:e len:53
INFO  [1501738981:725492] [radio_read:91] src:f dst:e len:1 flags:1
INFO  [1501738981:725506] [mac_handle_ack:83] ACK status:ACK_OK retries:1
DATA send to 1 'Hello 13'
INFO  [1501739017:123463] [send_packet:48] src:f dst:e len:46
INFO  [1501739017:129883] [radio_read:91] src:f dst:e len:1 flags:1
INFO  [1501739017:129896] [mac_handle_ack:83] ACK status:ACK_OK retries:1
INFO  [1501739017:666725] [radio_read:91] src:e dst:f len:79 flags:0
INFO  [1501739022:440031] [send_packet:48] src:f dst:e len:53
INFO  [1501739022:445425] [radio_read:91] src:f dst:e len:1 flags:1
INFO  [1501739022:445440] [mac_handle_ack:83] ACK status:ACK_OK retries:1
INFO  [1501739040:644466] [radio_read:91] src:13 dst:f len:79 flags:0
INFO  [1501739053:404394] [send_packet:48] src:f dst:b len:79
INFO  [1501739053:412053] [radio_read:91] src:f dst:b len:1 flags:1
INFO  [1501739053:412097] [mac_handle_ack:83] ACK status:ACK_OK retries:1
DATA send to 1 'Hello 14'
INFO  [1501739057:315924] [send_packet:48] src:f dst:e len:46
INFO  [1501739057:321299] [radio_read:91] src:f dst:e len:1 flags:1
INFO  [1501739057:321310] [mac_handle_ack:83] ACK status:ACK_OK retries:1
INFO  [1501739060:801003] [radio_read:91] src:b dst:f len:79 flags:0
INFO  [1501739093:179106] [send_packet:48] src:f dst:ffff len:80
DATA send to 1 'Hello 15'
INFO  [1501739118:358722] [send_packet:48] src:f dst:e len:46
INFO  [1501739118:363004] [radio_read:91] src:f dst:e len:1 flags:1
INFO  [1501739118:363012] [mac_handle_ack:83] ACK status:ACK_OK retries:1
INFO  [1501739139:586657] [radio_read:91] src:13 dst:f len:79 flags:0
INFO  [1501739145:907666] [send_packet:48] src:f dst:13 len:79
INFO  [1501739145:914159] [radio_read:91] src:f dst:13 len:1 flags:1
INFO  [1501739145:914170] [mac_handle_ack:83] ACK status:ACK_OK retries:1
INFO  [1501739152:390174] [radio_read:91] src:e dst:ffff len:80 flags:0
INFO  [1501739154:62469] [radio_read:91] src:b dst:ffff len:80 flags:0
DATA send to 1 'Hello 16'
INFO  [1501739183:383165] [send_packet:48] src:f dst:e len:46
INFO  [1501739183:387444] [radio_read:91] src:f dst:e len:1 flags:1
INFO  [1501739183:387453] [mac_handle_ack:83] ACK status:ACK_OK retries:1
INFO  [1501739206:915789] [send_packet:48] src:f dst:b len:79
INFO  [1501739206:923292] [radio_read:91] src:f dst:b len:1 flags:1
INFO  [1501739206:923303] [mac_handle_ack:83] ACK status:ACK_OK retries:1
INFO  [1501739225:593827] [radio_read:91] src:13 dst:ffff len:80 flags:0
INFO  [1501739232:825669] [radio_read:91] src:e dst:f len:79 flags:0
INFO  [1501739233:563735] [radio_read:91] src:13 dst:f len:79 flags:0
DATA send to 1 'Hello 17'
INFO  [1501739254:39079] [send_packet:48] src:f dst:e len:46
INFO  [1501739254:45600] [radio_read:91] src:f dst:e len:1 flags:1
INFO  [1501739254:45611] [mac_handle_ack:83] ACK status:ACK_OK retries:1
INFO  [1501739254:531501] [radio_read:91] src:b dst:f len:79 flags:0
DATA send to 1 'Hello 18'
INFO  [1501739271:402587] [send_packet:48] src:f dst:e len:46
INFO  [1501739271:409060] [radio_read:91] src:f dst:e len:1 flags:1
INFO  [1501739271:409071] [mac_handle_ack:83] ACK status:ACK_OK retries:1
INFO  [1501739288:784573] [send_packet:48] src:f dst:13 len:79
INFO  [1501739288:798505] [radio_read:91] src:f dst:13 len:1 flags:1
INFO  [1501739288:798517] [mac_handle_ack:83] ACK status:ACK_OK retries:2
INFO  [1501739319:745941] [radio_read:91] src:13 dst:f len:79 flags:0
INFO  [1501739324:2827] [send_packet:48] src:f dst:e len:53
INFO  [1501739324:8241] [radio_read:91] src:f dst:e len:1 flags:1
INFO  [1501739324:8251] [mac_handle_ack:83] ACK status:ACK_OK retries:1
DATA send to 1 'Hello 19'
INFO  [1501739349:942509] [send_packet:48] src:f dst:e len:46
INFO  [1501739349:949051] [radio_read:91] src:f dst:e len:1 flags:1
INFO  [1501739349:949061] [mac_handle_ack:83] ACK status:ACK_OK retries:1
INFO  [1501739357:160300] [send_packet:48] src:f dst:b len:79
INFO  [1501739357:166771] [radio_read:91] src:f dst:b len:1 flags:1
INFO  [1501739357:166781] [mac_handle_ack:83] ACK status:ACK_OK retries:1
INFO  [1501739418:277718] [send_packet:48] src:f dst:13 len:79
INFO  [1501739418:285284] [radio_read:91] src:f dst:13 len:1 flags:1
INFO  [1501739418:285297] [mac_handle_ack:83] ACK status:ACK_OK retries:1
INFO  [1501739422:767205] [radio_read:91] src:13 dst:f len:79 flags:0
DATA send to 1 'Hello 20'
INFO  [1501739447:64062] [send_packet:48] src:f dst:e len:46
INFO  [1501739447:69411] [radio_read:91] src:f dst:e len:1 flags:1
INFO  [1501739447:69422] [mac_handle_ack:83] ACK status:ACK_OK retries:1
INFO  [1501739453:48841] [radio_read:91] src:b dst:f len:79 flags:0
INFO  [1501739486:702890] [send_packet:48] src:f dst:b len:79
INFO  [1501739486:710452] [radio_read:91] src:f dst:b len:1 flags:1
INFO  [1501739486:710464] [mac_handle_ack:83] ACK status:ACK_OK retries:1
INFO  [1501739488:694646] [radio_read:91] src:13 dst:f len:79 flags:0
DATA send to 1 'Hello 21'
INFO  [1501739494:788802] [send_packet:48] src:f dst:e len:46
INFO  [1501739494:797847] [radio_read:91] src:f dst:e len:1 flags:1
INFO  [1501739494:797860] [mac_handle_ack:83] ACK status:ACK_OK retries:1
INFO  [1501739496:293627] [radio_read:91] src:e dst:f len:79 flags:0
INFO  [1501739498:325124] [send_packet:48] src:f dst:e len:53
INFO  [1501739498:331594] [radio_read:91] src:f dst:e len:1 flags:1
INFO  [1501739498:331610] [mac_handle_ack:83] ACK status:ACK_OK retries:1
DATA send to 1 'Hello 22'
INFO  [1501739543:650011] [send_packet:48] src:f dst:e len:46
INFO  [1501739543:655488] [radio_read:91] src:f dst:e len:1 flags:1
INFO  [1501739543:655497] [mac_handle_ack:83] ACK status:ACK_OK retries:1
INFO  [1501739547:333017] [send_packet:48] src:f dst:13 len:79
INFO  [1501739547:338447] [radio_read:91] src:f dst:13 len:1 flags:1
INFO  [1501739547:338456] [mac_handle_ack:83] ACK status:ACK_OK retries:1
INFO  [1501739596:904497] [radio_read:91] src:13 dst:f len:79 flags:0
DATA send to 1 'Hello 23'
INFO  [1501739606:422642] [send_packet:48] src:f dst:e len:46
INFO  [1501739606:429076] [radio_read:91] src:f dst:e len:1 flags:1
INFO  [1501739606:429086] [mac_handle_ack:83] ACK status:ACK_OK retries:1
INFO  [1501739620:889353] [radio_read:91] src:b dst:f len:79 flags:0
INFO  [1501739623:761794] [send_packet:48] src:f dst:b len:79
INFO  [1501739623:784373] [radio_read:91] src:f dst:b len:1 flags:1
INFO  [1501739623:784388] [mac_handle_ack:83] ACK status:NO_ACK retries:0
DATA send to 1 'Hello 24'
INFO  [1501739687:217867] [send_packet:48] src:f dst:e len:46
INFO  [1501739687:224329] [radio_read:91] src:f dst:e len:1 flags:1
INFO  [1501739687:224342] [mac_handle_ack:83] ACK status:ACK_OK retries:1
INFO  [1501739700:463467] [radio_read:91] src:13 dst:f len:79 flags:0
INFO  [1501739728:953096] [send_packet:48] src:f dst:13 len:79
INFO  [1501739728:959634] [radio_read:91] src:f dst:13 len:1 flags:1
INFO  [1501739728:959647] [mac_handle_ack:83] ACK status:ACK_OK retries:1
DATA send to 1 'Hello 25'
INFO  [1501739736:649426] [send_packet:48] src:f dst:e len:46
INFO  [1501739736:655884] [radio_read:91] src:f dst:e len:1 flags:1
INFO  [1501739736:655898] [mac_handle_ack:83] ACK status:ACK_OK retries:1
INFO  [1501739745:688762] [radio_read:91] src:e dst:f len:79 flags:0
INFO  [1501739764:114568] [radio_read:91] src:13 dst:f len:79 flags:0
INFO  [1501739786:378929] [radio_read:91] src:b dst:f len:79 flags:0
DATA send to 1 'Hello 26'
INFO  [1501739797:656324] [send_packet:48] src:f dst:e len:46
INFO  [1501739797:661679] [radio_read:91] src:f dst:e len:1 flags:1
INFO  [1501739797:661692] [mac_handle_ack:83] ACK status:ACK_OK retries:1
INFO  [1501739797:952813] [send_packet:48] src:f dst:b len:79
INFO  [1501739797:965666] [radio_read:91] src:f dst:b len:1 flags:1
INFO  [1501739797:965682] [mac_handle_ack:83] ACK status:ACK_OK retries:2
DATA send to 1 'Hello 27'
INFO  [1501739813:989812] [send_packet:48] src:f dst:e len:46
INFO  [1501739813:995147] [radio_read:91] src:f dst:e len:1 flags:1
INFO  [1501739813:995157] [mac_handle_ack:83] ACK status:ACK_OK retries:1
INFO  [1501739859:772880] [send_packet:48] src:f dst:e len:53
INFO  [1501739859:778285] [radio_read:91] src:f dst:e len:1 flags:1
INFO  [1501739859:778295] [mac_handle_ack:83] ACK status:ACK_OK retries:1
INFO  [1501739861:742069] [radio_read:91] src:13 dst:f len:79 flags:0
DATA send to 1 'Hello 28'
INFO  [1501739871:800320] [send_packet:48] src:f dst:e len:46
INFO  [1501739871:806768] [radio_read:91] src:f dst:e len:1 flags:1
INFO  [1501739871:806780] [mac_handle_ack:83] ACK status:ACK_OK retries:1
INFO  [1501739874:521603] [radio_read:91] src:b dst:ffff len:80 flags:0
INFO  [1501739894:353106] [send_packet:48] src:f dst:13 len:79
INFO  [1501739894:360662] [radio_read:91] src:f dst:13 len:1 flags:1
INFO  [1501739894:360672] [mac_handle_ack:83] ACK status:ACK_OK retries:1
DATA send to 1 'Hello 29'
INFO  [1501739940:177901] [send_packet:48] src:f dst:e len:46
INFO  [1501739940:182178] [radio_read:91] src:f dst:e len:1 flags:1
INFO  [1501739940:182189] [mac_handle_ack:83] ACK status:ACK_OK retries:1
INFO  [1501739981:266247] [radio_read:91] src:13 dst:f len:79 flags:0
INFO  [1501739993:875363] [radio_read:91] src:13 dst:ffff len:80 flags:0
INFO  [1501739994:666524] [send_packet:48] src:f dst:b len:79
INFO  [1501739994:674070] [radio_read:91] src:f dst:b len:1 flags:1
INFO  [1501739994:674084] [mac_handle_ack:83] ACK status:ACK_OK retries:1
INFO  [1501739998:124573] [radio_read:91] src:e dst:f len:79 flags:0
INFO  [1501740015:334841] [radio_read:91] src:b dst:f len:79 flags:0
DATA send to 1 'Hello 30'
INFO  [1501740020:382740] [send_packet:48] src:f dst:e len:46
INFO  [1501740020:389115] [radio_read:91] src:f dst:e len:1 flags:1
INFO  [1501740020:389125] [mac_handle_ack:83] ACK status:ACK_OK retries:1
INFO  [1501740033:981808] [send_packet:48] src:f dst:ffff len:80
INFO  [1501740076:682641] [radio_read:91] src:13 dst:f len:79 flags:0
DATA send to 1 'Hello 31'
INFO  [1501740081:500857] [send_packet:48] src:f dst:e len:46
INFO  [1501740081:505173] [radio_read:91] src:f dst:e len:1 flags:1
INFO  [1501740081:505184] [mac_handle_ack:83] ACK status:ACK_OK retries:1
INFO  [1501740095:535931] [radio_read:91] src:e dst:ffff len:80 flags:0
INFO  [1501740100:844431] [send_packet:48] src:f dst:13 len:79
INFO  [1501740100:853070] [radio_read:91] src:f dst:13 len:1 flags:1
INFO  [1501740100:853086] [mac_handle_ack:83] ACK status:ACK_OK retries:1
INFO  [1501740145:630970] [radio_read:91] src:13 dst:f len:79 flags:0
DATA send to 1 'Hello 32'
INFO  [1501740149:925693] [send_packet:48] src:f dst:e len:46
INFO  [1501740149:932139] [radio_read:91] src:f dst:e len:1 flags:1
INFO  [1501740149:932152] [mac_handle_ack:83] ACK status:ACK_OK retries:1
INFO  [1501740161:885050] [send_packet:48] src:f dst:b len:79
INFO  [1501740161:890427] [radio_read:91] src:f dst:b len:1 flags:1
INFO  [1501740161:890441] [mac_handle_ack:83] ACK status:ACK_OK retries:1
INFO  [1501740184:15651] [send_packet:48] src:f dst:e len:53
INFO  [1501740184:21095] [radio_read:91] src:f dst:e len:1 flags:1
INFO  [1501740184:21106] [mac_handle_ack:83] ACK status:ACK_OK retries:1
DATA send to 1 'Hello 33'
INFO  [1501740210:556985] [send_packet:48] src:f dst:e len:46
INFO  [1501740210:564093] [radio_read:91] src:f dst:e len:1 flags:1
INFO  [1501740210:564104] [mac_handle_ack:83] ACK status:ACK_OK retries:1
INFO  [1501740237:834621] [send_packet:48] src:f dst:13 len:79
INFO  [1501740237:841129] [radio_read:91] src:f dst:13 len:1 flags:1
INFO  [1501740237:841142] [mac_handle_ack:83] ACK status:ACK_OK retries:1
DATA send to 1 'Hello 34'
INFO  [1501740242:446262] [send_packet:48] src:f dst:e len:46
INFO  [1501740242:455298] [radio_read:91] src:f dst:e len:1 flags:1
INFO  [1501740242:455311] [mac_handle_ack:83] ACK status:ACK_OK retries:1
INFO  [1501740251:487048] [radio_read:91] src:b dst:f len:79 flags:0
INFO  [1501740256:691000] [radio_read:91] src:13 dst:f len:79 flags:0
