Contiki-3.x-3272-gbcd9e94 started with IPV6, RPL
INFO  [1501738188:548840] [main:110] Using node id=12
INFO  [1501738188:548857] [main:114] MAC wfmac RDC nullrdc NETWORK sicslowpan
INFO  [1501738188:548859] [main:115] route_table_max_sz=100,nbr_table_max_sz=100
Tentative link-local IPv6 address fe80:0000:0000:0000:0302:0304:0506:000c
UDP client process started nbr:100 routes:100
Client IPv6 addresses: fd00::302:304:506:c
fe80::302:304:506:c
Created a connection with the server :: local/remote port 8765/5678
INFO  [1501738189:555594] [radio_read:91] src:d dst:ffff len:10 flags:0
INFO  [1501738189:561995] [radio_read:91] src:10 dst:ffff len:10 flags:0
INFO  [1501738198:340013] [radio_read:91] src:8 dst:ffff len:80 flags:0
INFO  [1501738201:5600] [send_packet:48] src:c dst:ffff len:80
INFO  [1501738202:443296] [send_packet:48] src:c dst:8 len:53
INFO  [1501738202:450846] [radio_read:91] src:c dst:8 len:1 flags:1
INFO  [1501738202:450866] [mac_handle_ack:83] ACK status:ACK_OK retries:1
INFO  [1501738203:413675] [send_packet:48] src:c dst:8 len:79
INFO  [1501738203:422283] [radio_read:91] src:c dst:8 len:1 flags:1
INFO  [1501738203:422298] [mac_handle_ack:83] ACK status:ACK_OK retries:1
INFO  [1501738204:601280] [radio_read:91] src:10 dst:ffff len:80 flags:0
INFO  [1501738204:756829] [radio_read:91] src:d dst:ffff len:80 flags:0
INFO  [1501738205:517535] [radio_read:91] src:10 dst:c len:53 flags:0
INFO  [1501738205:517570] [send_packet:48] src:c dst:8 len:53
INFO  [1501738205:521923] [radio_read:91] src:c dst:8 len:1 flags:1
INFO  [1501738205:521936] [mac_handle_ack:83] ACK status:ACK_OK retries:1
INFO  [1501738206:234277] [radio_read:91] src:8 dst:ffff len:80 flags:0
INFO  [1501738206:946844] [radio_read:91] src:d dst:c len:53 flags:0
INFO  [1501738206:946876] [send_packet:48] src:c dst:8 len:53
INFO  [1501738206:954387] [radio_read:91] src:c dst:8 len:1 flags:1
INFO  [1501738206:954399] [mac_handle_ack:83] ACK status:ACK_OK retries:1
INFO  [1501738207:72560] [send_packet:48] src:c dst:8 len:79
INFO  [1501738207:80106] [radio_read:91] src:c dst:8 len:1 flags:1
INFO  [1501738207:80118] [mac_handle_ack:83] ACK status:ACK_OK retries:1
INFO  [1501738207:222698] [radio_read:91] src:d dst:c len:79 flags:0
INFO  [1501738207:661731] [send_packet:48] src:c dst:ffff len:80
INFO  [1501738209:156761] [radio_read:91] src:10 dst:c len:53 flags:0
INFO  [1501738209:156782] [send_packet:48] src:c dst:8 len:53
INFO  [1501738209:163147] [radio_read:91] src:c dst:8 len:1 flags:1
INFO  [1501738209:163156] [mac_handle_ack:83] ACK status:ACK_OK retries:1
INFO  [1501738209:756354] [radio_read:91] src:10 dst:c len:53 flags:0
INFO  [1501738209:756372] [send_packet:48] src:c dst:8 len:53
INFO  [1501738209:764931] [radio_read:91] src:c dst:8 len:1 flags:1
INFO  [1501738209:764943] [mac_handle_ack:83] ACK status:ACK_OK retries:1
INFO  [1501738210:78096] [radio_read:91] src:d dst:c len:79 flags:0
INFO  [1501738210:377836] [radio_read:91] src:d dst:c len:53 flags:0
INFO  [1501738210:377859] [send_packet:48] src:c dst:8 len:53
INFO  [1501738210:382778] [radio_read:91] src:c dst:8 len:1 flags:1
INFO  [1501738210:382786] [mac_handle_ack:83] ACK status:ACK_OK retries:1
INFO  [1501738211:789589] [send_packet:48] src:c dst:8 len:53
INFO  [1501738211:797128] [radio_read:91] src:c dst:8 len:1 flags:1
INFO  [1501738211:797139] [mac_handle_ack:83] ACK status:ACK_OK retries:1
INFO  [1501738211:913398] [radio_read:91] src:10 dst:ffff len:80 flags:0
INFO  [1501738212:410294] [radio_read:91] src:d dst:c len:53 flags:0
INFO  [1501738212:410315] [send_packet:48] src:c dst:8 len:53
INFO  [1501738212:415643] [radio_read:91] src:c dst:8 len:1 flags:1
INFO  [1501738212:415654] [mac_handle_ack:83] ACK status:ACK_OK retries:1
INFO  [1501738213:247016] [radio_read:91] src:10 dst:c len:79 flags:0
INFO  [1501738217:357266] [radio_read:91] src:8 dst:ffff len:80 flags:0
INFO  [1501738219:641991] [send_packet:48] src:c dst:8 len:53
INFO  [1501738219:647362] [radio_read:91] src:c dst:8 len:1 flags:1
INFO  [1501738219:647375] [mac_handle_ack:83] ACK status:ACK_OK retries:1
INFO  [1501738220:828646] [send_packet:48] src:c dst:ffff len:80
INFO  [1501738223:999785] [radio_read:91] src:10 dst:ffff len:80 flags:0
INFO  [1501738224:471618] [radio_read:91] src:d dst:c len:53 flags:0
INFO  [1501738224:471646] [send_packet:48] src:c dst:8 len:53
INFO  [1501738224:478065] [radio_read:91] src:c dst:8 len:1 flags:1
INFO  [1501738224:478076] [mac_handle_ack:83] ACK status:ACK_OK retries:1
INFO  [1501738224:761425] [radio_read:91] src:10 dst:c len:53 flags:0
INFO  [1501738224:761459] [send_packet:48] src:c dst:8 len:53
INFO  [1501738224:766817] [radio_read:91] src:c dst:8 len:1 flags:1
INFO  [1501738224:766830] [mac_handle_ack:83] ACK status:ACK_OK retries:1
INFO  [1501738225:588313] [radio_read:91] src:d dst:ffff len:80 flags:0
INFO  [1501738231:553704] [radio_read:91] src:d dst:c len:53 flags:0
INFO  [1501738231:553727] [send_packet:48] src:c dst:8 len:53
INFO  [1501738231:561217] [radio_read:91] src:c dst:8 len:1 flags:1
INFO  [1501738231:561229] [mac_handle_ack:83] ACK status:ACK_OK retries:1
INFO  [1501738250:696468] [radio_read:91] src:8 dst:ffff len:80 flags:0
INFO  [1501738251:885309] [send_packet:48] src:c dst:ffff len:80
INFO  [1501738254:56743] [radio_read:91] src:d dst:ffff len:80 flags:0
INFO  [1501738254:260323] [radio_read:91] src:d dst:c len:53 flags:0
INFO  [1501738254:260352] [send_packet:48] src:c dst:8 len:53
INFO  [1501738254:265703] [radio_read:91] src:c dst:8 len:1 flags:1
INFO  [1501738254:265718] [mac_handle_ack:83] ACK status:ACK_OK retries:1
INFO  [1501738254:693288] [radio_read:91] src:10 dst:c len:53 flags:0
INFO  [1501738254:693314] [send_packet:48] src:c dst:8 len:53
INFO  [1501738254:699725] [radio_read:91] src:c dst:8 len:1 flags:1
INFO  [1501738254:699738] [mac_handle_ack:83] ACK status:ACK_OK retries:1
INFO  [1501738255:366018] [radio_read:91] src:10 dst:ffff len:80 flags:0
INFO  [1501738255:859440] [send_packet:48] src:c dst:8 len:53
INFO  [1501738255:867094] [radio_read:91] src:c dst:8 len:1 flags:1
INFO  [1501738255:867107] [mac_handle_ack:83] ACK status:ACK_OK retries:1
INFO  [1501738256:649346] [radio_read:91] src:d dst:c len:53 flags:0
INFO  [1501738256:649368] [send_packet:48] src:c dst:8 len:53
INFO  [1501738256:653622] [radio_read:91] src:c dst:8 len:1 flags:1
INFO  [1501738256:653633] [mac_handle_ack:83] ACK status:ACK_OK retries:1
INFO  [1501738269:557130] [radio_read:91] src:10 dst:c len:53 flags:0
INFO  [1501738270:59720] [radio_read:91] src:10 dst:c len:45 flags:0
INFO  [1501738270:59746] [send_packet:48] src:c dst:8 len:54
INFO  [1501738270:65062] [radio_read:91] src:c dst:8 len:1 flags:1
INFO  [1501738270:65075] [mac_handle_ack:83] ACK status:ACK_OK retries:1
INFO  [1501738273:257322] [radio_read:91] src:d dst:c len:54 flags:0
INFO  [1501738273:257344] [send_packet:48] src:c dst:8 len:54
INFO  [1501738273:263748] [radio_read:91] src:c dst:8 len:1 flags:1
INFO  [1501738273:263760] [mac_handle_ack:83] ACK status:ACK_OK retries:1
INFO  [1501738275:240898] [radio_read:91] src:d dst:c len:45 flags:0
INFO  [1501738275:240923] [send_packet:48] src:c dst:8 len:54
INFO  [1501738275:245304] [radio_read:91] src:c dst:8 len:1 flags:1
INFO  [1501738275:245317] [mac_handle_ack:83] ACK status:ACK_OK retries:1
DATA send to 1 'Hello 1'
INFO  [1501738285:644929] [send_packet:48] src:c dst:8 len:45
INFO  [1501738285:649472] [radio_read:91] src:c dst:8 len:1 flags:1
INFO  [1501738285:649482] [mac_handle_ack:83] ACK status:ACK_OK retries:1
INFO  [1501738294:418089] [send_packet:48] src:c dst:ffff len:80
INFO  [1501738310:77741] [radio_read:91] src:d dst:ffff len:80 flags:0
INFO  [1501738310:824491] [radio_read:91] src:8 dst:ffff len:80 flags:0
INFO  [1501738316:637667] [radio_read:91] src:10 dst:ffff len:80 flags:0
INFO  [1501738322:751003] [send_packet:48] src:c dst:d len:79
INFO  [1501738322:758567] [radio_read:91] src:c dst:d len:1 flags:1
INFO  [1501738322:758576] [mac_handle_ack:83] ACK status:ACK_OK retries:1
DATA send to 1 'Hello 2'
INFO  [1501738325:425770] [send_packet:48] src:c dst:8 len:45
INFO  [1501738325:433594] [radio_read:91] src:c dst:8 len:1 flags:1
INFO  [1501738325:433604] [mac_handle_ack:83] ACK status:ACK_OK retries:1
INFO  [1501738327:281592] [radio_read:91] src:d dst:c len:54 flags:0
INFO  [1501738327:281610] [send_packet:48] src:c dst:8 len:54
INFO  [1501738327:288054] [radio_read:91] src:c dst:8 len:1 flags:1
INFO  [1501738327:288064] [mac_handle_ack:83] ACK status:ACK_OK retries:1
INFO  [1501738329:998342] [radio_read:91] src:d dst:c len:45 flags:0
INFO  [1501738329:998371] [send_packet:48] src:c dst:8 len:54
INFO  [1501738330:3740] [radio_read:91] src:c dst:8 len:1 flags:1
INFO  [1501738330:3750] [mac_handle_ack:83] ACK status:ACK_OK retries:1
INFO  [1501738344:12367] [radio_read:91] src:10 dst:c len:45 flags:0
INFO  [1501738344:12392] [send_packet:48] src:c dst:8 len:54
INFO  [1501738344:18782] [radio_read:91] src:c dst:8 len:1 flags:1
INFO  [1501738344:18794] [mac_handle_ack:83] ACK status:ACK_OK retries:1
INFO  [1501738379:528051] [radio_read:91] src:d dst:c len:54 flags:0
INFO  [1501738379:528073] [send_packet:48] src:c dst:8 len:54
INFO  [1501738379:534413] [radio_read:91] src:c dst:8 len:1 flags:1
INFO  [1501738379:534424] [mac_handle_ack:83] ACK status:ACK_OK retries:1
INFO  [1501738386:506216] [radio_read:91] src:10 dst:c len:45 flags:0
INFO  [1501738386:506241] [send_packet:48] src:c dst:8 len:54
INFO  [1501738386:512641] [radio_read:91] src:c dst:8 len:1 flags:1
INFO  [1501738386:512655] [mac_handle_ack:83] ACK status:ACK_OK retries:1
INFO  [1501738390:980279] [send_packet:48] src:c dst:ffff len:80
INFO  [1501738408:706896] [radio_read:91] src:d dst:c len:45 flags:0
INFO  [1501738408:706918] [send_packet:48] src:c dst:8 len:54
INFO  [1501738408:712216] [radio_read:91] src:c dst:8 len:1 flags:1
INFO  [1501738408:712227] [mac_handle_ack:83] ACK status:ACK_OK retries:1
DATA send to 1 'Hello 3'
INFO  [1501738410:931081] [send_packet:48] src:c dst:8 len:45
INFO  [1501738410:940809] [radio_read:91] src:c dst:8 len:1 flags:1
INFO  [1501738410:940824] [mac_handle_ack:83] ACK status:ACK_OK retries:2
INFO  [1501738420:64953] [radio_read:91] src:d dst:ffff len:80 flags:0
INFO  [1501738422:537727] [send_packet:48] src:c dst:d len:79
INFO  [1501738422:543156] [radio_read:91] src:c dst:d len:1 flags:1
INFO  [1501738422:543165] [mac_handle_ack:83] ACK status:ACK_OK retries:1
INFO  [1501738426:768239] [radio_read:91] src:8 dst:c len:79 flags:0
INFO  [1501738427:64911] [radio_read:91] src:10 dst:ffff len:80 flags:0
INFO  [1501738429:40920] [radio_read:91] src:d dst:c len:45 flags:0
INFO  [1501738429:40963] [send_packet:48] src:c dst:8 len:54
INFO  [1501738429:46319] [radio_read:91] src:c dst:8 len:1 flags:1
INFO  [1501738429:46329] [mac_handle_ack:83] ACK status:ACK_OK retries:1
DATA send to 1 'Hello 4'
INFO  [1501738431:498052] [send_packet:48] src:c dst:8 len:45
INFO  [1501738431:504558] [radio_read:91] src:c dst:8 len:1 flags:1
INFO  [1501738431:504571] [mac_handle_ack:83] ACK status:ACK_OK retries:1
INFO  [1501738432:183150] [radio_read:91] src:d dst:c len:54 flags:0
INFO  [1501738432:183171] [send_packet:48] src:c dst:8 len:54
INFO  [1501738432:187433] [radio_read:91] src:c dst:8 len:1 flags:1
INFO  [1501738432:187443] [mac_handle_ack:83] ACK status:ACK_OK retries:1
INFO  [1501738452:417811] [radio_read:91] src:8 dst:ffff len:80 flags:0
INFO  [1501738455:488027] [send_packet:48] src:c dst:8 len:53
INFO  [1501738455:495473] [radio_read:91] src:c dst:8 len:1 flags:1
INFO  [1501738455:495488] [mac_handle_ack:83] ACK status:ACK_OK retries:1
INFO  [1501738475:410715] [radio_read:91] src:10 dst:c len:45 flags:0
INFO  [1501738475:410743] [send_packet:48] src:c dst:8 len:54
INFO  [1501738475:416130] [radio_read:91] src:c dst:8 len:1 flags:1
INFO  [1501738475:416144] [mac_handle_ack:83] ACK status:ACK_OK retries:1
INFO  [1501738490:621362] [radio_read:91] src:10 dst:c len:45 flags:0
INFO  [1501738490:621395] [send_packet:48] src:c dst:8 len:54
INFO  [1501738490:626767] [radio_read:91] src:c dst:8 len:1 flags:1
INFO  [1501738490:626781] [mac_handle_ack:83] ACK status:ACK_OK retries:1
DATA send to 1 'Hello 5'
INFO  [1501738492:844848] [send_packet:48] src:c dst:8 len:45
INFO  [1501738492:853750] [radio_read:91] src:c dst:8 len:1 flags:1
INFO  [1501738492:853781] [mac_handle_ack:83] ACK status:ACK_OK retries:1
INFO  [1501738502:436639] [send_packet:48] src:c dst:d len:79
INFO  [1501738502:443161] [radio_read:91] src:c dst:d len:1 flags:1
INFO  [1501738502:443173] [mac_handle_ack:83] ACK status:ACK_OK retries:1
INFO  [1501738503:667287] [radio_read:91] src:d dst:c len:54 flags:0
INFO  [1501738503:667310] [send_packet:48] src:c dst:8 len:54
INFO  [1501738503:672618] [radio_read:91] src:c dst:8 len:1 flags:1
INFO  [1501738503:672629] [mac_handle_ack:83] ACK status:ACK_OK retries:1
INFO  [1501738506:78181] [radio_read:91] src:d dst:c len:53 flags:0
INFO  [1501738506:78216] [send_packet:48] src:c dst:8 len:53
INFO  [1501738506:85717] [radio_read:91] src:c dst:8 len:1 flags:1
INFO  [1501738506:85730] [mac_handle_ack:83] ACK status:ACK_OK retries:1
INFO  [1501738547:485527] [radio_read:91] src:d dst:c len:45 flags:0
INFO  [1501738547:485553] [send_packet:48] src:c dst:8 len:54
INFO  [1501738547:491878] [radio_read:91] src:c dst:8 len:1 flags:1
INFO  [1501738547:491890] [mac_handle_ack:83] ACK status:ACK_OK retries:1
INFO  [1501738552:834910] [radio_read:91] src:d dst:c len:53 flags:0
INFO  [1501738552:834938] [send_packet:48] src:c dst:8 len:53
INFO  [1501738552:842386] [radio_read:91] src:c dst:8 len:1 flags:1
INFO  [1501738552:842394] [mac_handle_ack:83] ACK status:ACK_OK retries:1
INFO  [1501738553:488665] [radio_read:91] src:d dst:c len:54 flags:0
INFO  [1501738553:488685] [send_packet:48] src:c dst:8 len:54
INFO  [1501738553:494018] [radio_read:91] src:c dst:8 len:1 flags:1
INFO  [1501738553:494028] [mac_handle_ack:83] ACK status:ACK_OK retries:1
INFO  [1501738576:809484] [radio_read:91] src:10 dst:c len:45 flags:0
INFO  [1501738576:809519] [send_packet:48] src:c dst:8 len:54
INFO  [1501738576:814860] [radio_read:91] src:c dst:8 len:1 flags:1
INFO  [1501738576:814874] [mac_handle_ack:83] ACK status:ACK_OK retries:1
INFO  [1501738578:753328] [radio_read:91] src:d dst:c len:45 flags:0
INFO  [1501738578:753350] [send_packet:48] src:c dst:8 len:54
INFO  [1501738578:758681] [radio_read:91] src:c dst:8 len:1 flags:1
INFO  [1501738578:758689] [mac_handle_ack:83] ACK status:ACK_OK retries:1
INFO  [1501738579:529731] [send_packet:48] src:c dst:d len:79
INFO  [1501738579:536225] [radio_read:91] src:c dst:d len:1 flags:1
INFO  [1501738579:536235] [mac_handle_ack:83] ACK status:ACK_OK retries:1
INFO  [1501738595:208532] [radio_read:91] src:10 dst:c len:53 flags:0
INFO  [1501738595:208565] [send_packet:48] src:c dst:8 len:53
INFO  [1501738595:213910] [radio_read:91] src:c dst:8 len:1 flags:1
INFO  [1501738595:213922] [mac_handle_ack:83] ACK status:ACK_OK retries:1
INFO  [1501738595:222539] [radio_read:91] src:10 dst:c len:53 flags:0
INFO  [1501738595:222574] [send_packet:48] src:c dst:8 len:53
INFO  [1501738595:232233] [radio_read:91] src:c dst:8 len:1 flags:1
INFO  [1501738595:232255] [mac_handle_ack:83] ACK status:ACK_OK retries:2
INFO  [1501738601:603175] [radio_read:91] src:10 dst:ffff len:80 flags:0
DATA send to 1 'Hello 6'
INFO  [1501738605:11050] [send_packet:48] src:c dst:8 len:45
INFO  [1501738605:17476] [radio_read:91] src:c dst:8 len:1 flags:1
INFO  [1501738605:17492] [mac_handle_ack:83] ACK status:ACK_OK retries:1
INFO  [1501738612:51377] [radio_read:91] src:10 dst:c len:45 flags:0
INFO  [1501738612:51403] [send_packet:48] src:c dst:8 len:54
INFO  [1501738612:55682] [radio_read:91] src:c dst:8 len:1 flags:1
INFO  [1501738612:55692] [mac_handle_ack:83] ACK status:ACK_OK retries:1
DATA send to 1 'Hello 7'
INFO  [1501738614:937144] [send_packet:48] src:c dst:8 len:45
INFO  [1501738614:942551] [radio_read:91] src:c dst:8 len:1 flags:1
INFO  [1501738614:942564] [mac_handle_ack:83] ACK status:ACK_OK retries:1
INFO  [1501738635:91286] [send_packet:48] src:c dst:ffff len:80
INFO  [1501738637:194350] [radio_read:91] src:10 dst:c len:53 flags:0
INFO  [1501738637:194375] [send_packet:48] src:c dst:8 len:53
INFO  [1501738637:200739] [radio_read:91] src:c dst:8 len:1 flags:1
INFO  [1501738637:200755] [mac_handle_ack:83] ACK status:ACK_OK retries:1
INFO  [1501738639:607898] [radio_read:91] src:d dst:ffff len:80 flags:0
INFO  [1501738650:158567] [radio_read:91] src:d dst:c len:45 flags:0
INFO  [1501738650:158596] [send_packet:48] src:c dst:8 len:54
INFO  [1501738650:164975] [radio_read:91] src:c dst:8 len:1 flags:1
INFO  [1501738650:164985] [mac_handle_ack:83] ACK status:ACK_OK retries:1
INFO  [1501738667:637264] [radio_read:91] src:d dst:c len:54 flags:0
INFO  [1501738667:637288] [send_packet:48] src:c dst:8 len:54
INFO  [1501738667:643703] [radio_read:91] src:c dst:8 len:1 flags:1
INFO  [1501738667:643718] [mac_handle_ack:83] ACK status:ACK_OK retries:1
INFO  [1501738676:563540] [radio_read:91] src:d dst:c len:54 flags:0
INFO  [1501738676:563569] [send_packet:48] src:c dst:8 len:54
INFO  [1501738676:568965] [radio_read:91] src:c dst:8 len:1 flags:1
INFO  [1501738676:568978] [mac_handle_ack:83] ACK status:ACK_OK retries:1
DATA send to 1 'Hello 8'
INFO  [1501738676:717668] [send_packet:48] src:c dst:8 len:45
INFO  [1501738676:729347] [radio_read:91] src:c dst:8 len:1 flags:1
INFO  [1501738676:729360] [mac_handle_ack:83] ACK status:ACK_OK retries:2
INFO  [1501738684:733278] [radio_read:91] src:10 dst:c len:45 flags:0
INFO  [1501738684:733301] [send_packet:48] src:c dst:8 len:54
INFO  [1501738684:739713] [radio_read:91] src:c dst:8 len:1 flags:1
INFO  [1501738684:739725] [mac_handle_ack:83] ACK status:ACK_OK retries:1
INFO  [1501738693:94130] [send_packet:48] src:c dst:10 len:79
INFO  [1501738693:100599] [radio_read:91] src:c dst:10 len:1 flags:1
INFO  [1501738693:100613] [mac_handle_ack:83] ACK status:ACK_OK retries:1
INFO  [1501738693:270123] [radio_read:91] src:8 dst:ffff len:80 flags:0
INFO  [1501738697:962579] [send_packet:48] src:c dst:8 len:53
INFO  [1501738697:972180] [radio_read:91] src:c dst:8 len:1 flags:1
INFO  [1501738697:972193] [mac_handle_ack:83] ACK status:ACK_OK retries:2
INFO  [1501738719:614004] [radio_read:91] src:d dst:c len:45 flags:0
INFO  [1501738719:614030] [send_packet:48] src:c dst:8 len:54
INFO  [1501738719:620416] [radio_read:91] src:c dst:8 len:1 flags:1
INFO  [1501738719:620426] [mac_handle_ack:83] ACK status:ACK_OK retries:1
INFO  [1501738735:30800] [radio_read:91] src:10 dst:c len:45 flags:0
INFO  [1501738735:30822] [send_packet:48] src:c dst:8 len:54
INFO  [1501738735:35048] [radio_read:91] src:10 dst:c len:45 flags:0
INFO  [1501738735:35063] [send_packet:48] src:c dst:8 len:54
INFO  [1501738735:40363] [radio_read:91] src:c dst:8 len:1 flags:1
INFO  [1501738735:40372] [mac_handle_ack:83] ACK status:ACK_OK retries:1
INFO  [1501738735:43588] [radio_read:91] src:c dst:8 len:1 flags:1
INFO  [1501738735:43597] [mac_handle_ack:83] ACK status:ACK_OK retries:1
DATA send to 1 'Hello 9'
INFO  [1501738755:525741] [send_packet:48] src:c dst:8 len:45
INFO  [1501738755:532149] [radio_read:91] src:c dst:8 len:1 flags:1
INFO  [1501738755:532161] [mac_handle_ack:83] ACK status:ACK_OK retries:1
INFO  [1501738770:281528] [radio_read:91] src:d dst:c len:54 flags:0
INFO  [1501738770:281547] [send_packet:48] src:c dst:8 len:54
INFO  [1501738770:288001] [radio_read:91] src:c dst:8 len:1 flags:1
INFO  [1501738770:288013] [mac_handle_ack:83] ACK status:ACK_OK retries:1
INFO  [1501738783:574374] [radio_read:91] src:d dst:c len:45 flags:0
INFO  [1501738783:574396] [send_packet:48] src:c dst:8 len:54
INFO  [1501738783:578671] [radio_read:91] src:c dst:8 len:1 flags:1
INFO  [1501738783:578684] [mac_handle_ack:83] ACK status:ACK_OK retries:1
INFO  [1501738798:163553] [radio_read:91] src:8 dst:c len:79 flags:0
INFO  [1501738802:795808] [send_packet:48] src:c dst:d len:79
INFO  [1501738802:803407] [radio_read:91] src:c dst:d len:1 flags:1
INFO  [1501738802:803420] [mac_handle_ack:83] ACK status:ACK_OK retries:1
INFO  [1501738806:984906] [radio_read:91] src:d dst:c len:53 flags:0
INFO  [1501738806:984934] [send_packet:48] src:c dst:8 len:53
INFO  [1501738806:990291] [radio_read:91] src:c dst:8 len:1 flags:1
INFO  [1501738806:990303] [mac_handle_ack:83] ACK status:ACK_OK retries:1
INFO  [1501738819:789639] [radio_read:91] src:d dst:c len:55 flags:0
INFO  [1501738819:789674] [send_packet:48] src:c dst:8 len:55
INFO  [1501738819:798223] [radio_read:91] src:c dst:8 len:1 flags:1
INFO  [1501738819:798235] [mac_handle_ack:83] ACK status:ACK_OK retries:2
INFO  [1501738832:193225] [radio_read:91] src:10 dst:c len:46 flags:0
INFO  [1501738832:193254] [send_packet:48] src:c dst:8 len:55
INFO  [1501738832:197527] [radio_read:91] src:c dst:8 len:1 flags:1
INFO  [1501738832:197537] [mac_handle_ack:83] ACK status:ACK_OK retries:1
INFO  [1501738838:159571] [radio_read:91] src:d dst:c len:46 flags:0
INFO  [1501738838:159602] [send_packet:48] src:c dst:8 len:55
INFO  [1501738838:163862] [radio_read:91] src:c dst:8 len:1 flags:1
INFO  [1501738838:163872] [mac_handle_ack:83] ACK status:ACK_OK retries:1
DATA send to 1 'Hello 10'
INFO  [1501738840:85644] [send_packet:48] src:c dst:8 len:46
INFO  [1501738840:91001] [radio_read:91] src:c dst:8 len:1 flags:1
INFO  [1501738840:91011] [mac_handle_ack:83] ACK status:ACK_OK retries:1
INFO  [1501738850:203041] [radio_read:91] src:d dst:c len:55 flags:0
INFO  [1501738850:203060] [send_packet:48] src:c dst:8 len:55
INFO  [1501738850:209487] [radio_read:91] src:c dst:8 len:1 flags:1
INFO  [1501738850:209499] [mac_handle_ack:83] ACK status:ACK_OK retries:1
INFO  [1501738858:796945] [radio_read:91] src:d dst:c len:53 flags:0
INFO  [1501738858:796974] [send_packet:48] src:c dst:8 len:53
INFO  [1501738858:802354] [radio_read:91] src:c dst:8 len:1 flags:1
INFO  [1501738858:802381] [mac_handle_ack:83] ACK status:ACK_OK retries:1
DATA send to 1 'Hello 11'
INFO  [1501738873:713223] [send_packet:48] src:c dst:8 len:46
INFO  [1501738873:719659] [radio_read:91] src:c dst:8 len:1 flags:1
INFO  [1501738873:719669] [mac_handle_ack:83] ACK status:ACK_OK retries:1
INFO  [1501738886:974428] [radio_read:91] src:10 dst:c len:46 flags:0
INFO  [1501738886:974451] [send_packet:48] src:c dst:8 len:55
INFO  [1501738886:981899] [radio_read:91] src:c dst:8 len:1 flags:1
INFO  [1501738886:981912] [mac_handle_ack:83] ACK status:ACK_OK retries:1
INFO  [1501738896:988502] [radio_read:91] src:d dst:c len:46 flags:0
INFO  [1501738896:988525] [send_packet:48] src:c dst:8 len:55
INFO  [1501738896:994901] [radio_read:91] src:c dst:8 len:1 flags:1
INFO  [1501738896:994912] [mac_handle_ack:83] ACK status:ACK_OK retries:1
INFO  [1501738919:889440] [radio_read:91] src:d dst:c len:46 flags:0
INFO  [1501738919:889459] [send_packet:48] src:c dst:8 len:55
INFO  [1501738919:898002] [radio_read:91] src:c dst:8 len:1 flags:1
INFO  [1501738919:898016] [mac_handle_ack:83] ACK status:ACK_OK retries:1
INFO  [1501738921:830322] [radio_read:91] src:d dst:c len:55 flags:0
INFO  [1501738921:830344] [send_packet:48] src:c dst:8 len:55
INFO  [1501738921:836781] [radio_read:91] src:c dst:8 len:1 flags:1
INFO  [1501738921:836793] [mac_handle_ack:83] ACK status:ACK_OK retries:1
INFO  [1501738924:259256] [radio_read:91] src:10 dst:c len:46 flags:0
INFO  [1501738924:259279] [send_packet:48] src:c dst:8 len:55
INFO  [1501738924:269946] [radio_read:91] src:c dst:8 len:1 flags:1
INFO  [1501738924:269959] [mac_handle_ack:83] ACK status:ACK_OK retries:2
INFO  [1501738926:867042] [send_packet:48] src:c dst:10 len:79
INFO  [1501738926:873524] [radio_read:91] src:c dst:10 len:1 flags:1
INFO  [1501738926:873537] [mac_handle_ack:83] ACK status:ACK_OK retries:1
INFO  [1501738930:588024] [radio_read:91] src:10 dst:c len:53 flags:0
INFO  [1501738930:588055] [send_packet:48] src:c dst:8 len:53
INFO  [1501738930:595550] [radio_read:91] src:c dst:8 len:1 flags:1
INFO  [1501738930:595560] [mac_handle_ack:83] ACK status:ACK_OK retries:1
INFO  [1501738947:385787] [radio_read:91] src:8 dst:c len:79 flags:0
DATA send to 1 'Hello 12'
INFO  [1501738950:866996] [send_packet:48] src:c dst:8 len:46
INFO  [1501738950:873380] [radio_read:91] src:c dst:8 len:1 flags:1
INFO  [1501738950:873393] [mac_handle_ack:83] ACK status:ACK_OK retries:1
DATA send to 1 'Hello 13'
INFO  [1501738973:710074] [send_packet:48] src:c dst:8 len:46
INFO  [1501738973:716514] [radio_read:91] src:c dst:8 len:1 flags:1
INFO  [1501738973:716527] [mac_handle_ack:83] ACK status:ACK_OK retries:1
INFO  [1501738981:593021] [send_packet:48] src:c dst:ffff len:80
INFO  [1501739003:795112] [radio_read:91] src:10 dst:c len:46 flags:0
INFO  [1501739003:795134] [send_packet:48] src:c dst:8 len:55
INFO  [1501739003:800468] [radio_read:91] src:c dst:8 len:1 flags:1
INFO  [1501739003:800480] [mac_handle_ack:83] ACK status:ACK_OK retries:1
INFO  [1501739006:421750] [radio_read:91] src:d dst:c len:46 flags:0
INFO  [1501739006:421772] [send_packet:48] src:c dst:8 len:55
INFO  [1501739006:426042] [radio_read:91] src:c dst:8 len:1 flags:1
INFO  [1501739006:426052] [mac_handle_ack:83] ACK status:ACK_OK retries:1
INFO  [1501739009:959116] [radio_read:91] src:8 dst:c len:79 flags:0
INFO  [1501739018:955352] [radio_read:91] src:d dst:c len:55 flags:0
INFO  [1501739018:955380] [send_packet:48] src:c dst:8 len:55
INFO  [1501739018:961781] [radio_read:91] src:c dst:8 len:1 flags:1
INFO  [1501739018:961792] [mac_handle_ack:83] ACK status:ACK_OK retries:1
INFO  [1501739028:908269] [send_packet:48] src:c dst:d len:79
INFO  [1501739028:916012] [radio_read:91] src:c dst:d len:1 flags:1
INFO  [1501739028:916026] [mac_handle_ack:83] ACK status:ACK_OK retries:1
INFO  [1501739029:918664] [radio_read:91] src:d dst:c len:55 flags:0
INFO  [1501739029:918688] [send_packet:48] src:c dst:8 len:55
INFO  [1501739029:922978] [radio_read:91] src:c dst:8 len:1 flags:1
INFO  [1501739029:922988] [mac_handle_ack:83] ACK status:ACK_OK retries:1
INFO  [1501739052:532193] [send_packet:48] src:c dst:8 len:53
INFO  [1501739052:539693] [radio_read:91] src:c dst:8 len:1 flags:1
INFO  [1501739052:539705] [mac_handle_ack:83] ACK status:ACK_OK retries:1
INFO  [1501739056:701064] [radio_read:91] src:10 dst:ffff len:80 flags:0
INFO  [1501739058:152532] [radio_read:91] src:10 dst:c len:46 flags:0
INFO  [1501739058:152554] [send_packet:48] src:c dst:8 len:55
INFO  [1501739058:157912] [radio_read:91] src:c dst:8 len:1 flags:1
INFO  [1501739058:157923] [mac_handle_ack:83] ACK status:ACK_OK retries:1
DATA send to 1 'Hello 14'
INFO  [1501739070:609183] [send_packet:48] src:c dst:8 len:46
INFO  [1501739070:615631] [radio_read:91] src:c dst:8 len:1 flags:1
INFO  [1501739070:615644] [mac_handle_ack:83] ACK status:ACK_OK retries:1
INFO  [1501739073:157606] [radio_read:91] src:d dst:c len:46 flags:0
INFO  [1501739073:157630] [send_packet:48] src:c dst:8 len:55
INFO  [1501739073:164086] [radio_read:91] src:c dst:8 len:1 flags:1
INFO  [1501739073:164098] [mac_handle_ack:83] ACK status:ACK_OK retries:1
DATA send to 1 'Hello 15'
INFO  [1501739090:616785] [send_packet:48] src:c dst:8 len:46
INFO  [1501739090:622202] [radio_read:91] src:c dst:8 len:1 flags:1
INFO  [1501739090:622215] [mac_handle_ack:83] ACK status:ACK_OK retries:1
INFO  [1501739098:376834] [radio_read:91] src:d dst:ffff len:80 flags:0
INFO  [1501739110:347528] [radio_read:91] src:d dst:c len:53 flags:0
INFO  [1501739110:347555] [send_packet:48] src:c dst:8 len:53
INFO  [1501739110:354096] [radio_read:91] src:c dst:8 len:1 flags:1
INFO  [1501739110:354108] [mac_handle_ack:83] ACK status:ACK_OK retries:1
INFO  [1501739122:372141] [radio_read:91] src:d dst:c len:55 flags:0
INFO  [1501739122:372160] [send_packet:48] src:c dst:8 len:55
INFO  [1501739122:379635] [radio_read:91] src:c dst:8 len:1 flags:1
INFO  [1501739122:379645] [mac_handle_ack:83] ACK status:ACK_OK retries:1
INFO  [1501739123:884688] [radio_read:91] src:10 dst:c len:46 flags:0
INFO  [1501739123:884709] [send_packet:48] src:c dst:8 len:55
INFO  [1501739123:890026] [radio_read:91] src:c dst:8 len:1 flags:1
INFO  [1501739123:890035] [mac_handle_ack:83] ACK status:ACK_OK retries:1
INFO  [1501739128:108121] [radio_read:91] src:d dst:c len:46 flags:0
INFO  [1501739128:108143] [send_packet:48] src:c dst:8 len:55
INFO  [1501739128:113470] [radio_read:91] src:c dst:8 len:1 flags:1
INFO  [1501739128:113481] [mac_handle_ack:83] ACK status:ACK_OK retries:1
INFO  [1501739136:454159] [send_packet:48] src:c dst:10 len:79
INFO  [1501739136:459580] [radio_read:91] src:c dst:10 len:1 flags:1
INFO  [1501739136:459590] [mac_handle_ack:83] ACK status:ACK_OK retries:1
INFO  [1501739149:168158] [radio_read:91] src:8 dst:c len:79 flags:0
INFO  [1501739151:301243] [radio_read:91] src:d dst:c len:55 flags:0
INFO  [1501739151:301267] [send_packet:48] src:c dst:8 len:55
INFO  [1501739151:307655] [radio_read:91] src:c dst:8 len:1 flags:1
INFO  [1501739151:307665] [mac_handle_ack:83] ACK status:ACK_OK retries:1
INFO  [1501739151:943789] [send_packet:48] src:c dst:8 len:53
INFO  [1501739151:950317] [radio_read:91] src:c dst:8 len:1 flags:1
INFO  [1501739151:950329] [mac_handle_ack:83] ACK status:ACK_OK retries:1
INFO  [1501739152:725975] [radio_read:91] src:d dst:c len:46 flags:0
INFO  [1501739152:725998] [send_packet:48] src:c dst:8 len:55
INFO  [1501739152:732405] [radio_read:91] src:c dst:8 len:1 flags:1
INFO  [1501739152:732419] [mac_handle_ack:83] ACK status:ACK_OK retries:1
INFO  [1501739167:738098] [radio_read:91] src:10 dst:c len:46 flags:0
INFO  [1501739167:738128] [send_packet:48] src:c dst:8 len:55
INFO  [1501739167:744525] [radio_read:91] src:c dst:8 len:1 flags:1
INFO  [1501739167:744535] [mac_handle_ack:83] ACK status:ACK_OK retries:1
DATA send to 1 'Hello 16'
INFO  [1501739183:52433] [send_packet:48] src:c dst:8 len:46
INFO  [1501739183:58821] [radio_read:91] src:c dst:8 len:1 flags:1
INFO  [1501739183:58831] [mac_handle_ack:83] ACK status:ACK_OK retries:1
INFO  [1501739207:112289] [radio_read:91] src:8 dst:ffff len:80 flags:0
INFO  [1501739209:874445] [radio_read:91] src:d dst:c len:46 flags:0
INFO  [1501739209:874466] [send_packet:48] src:c dst:8 len:55
INFO  [1501739209:886308] [radio_read:91] src:c dst:8 len:1 flags:1
INFO  [1501739209:886319] [mac_handle_ack:83] ACK status:ACK_OK retries:2
DATA send to 1 'Hello 17'
INFO  [1501739211:610711] [send_packet:48] src:c dst:8 len:46
INFO  [1501739211:620429] [radio_read:91] src:c dst:8 len:1 flags:1
INFO  [1501739211:620452] [mac_handle_ack:83] ACK status:ACK_OK retries:2
INFO  [1501739215:686142] [radio_read:91] src:d dst:c len:53 flags:0
INFO  [1501739215:686163] [send_packet:48] src:c dst:8 len:53
INFO  [1501739215:692621] [radio_read:91] src:c dst:8 len:1 flags:1
INFO  [1501739215:692631] [mac_handle_ack:83] ACK status:ACK_OK retries:1
INFO  [1501739228:769299] [radio_read:91] src:d dst:c len:55 flags:0
INFO  [1501739228:769321] [send_packet:48] src:c dst:8 len:55
INFO  [1501739228:773583] [radio_read:91] src:c dst:8 len:1 flags:1
INFO  [1501739228:773591] [mac_handle_ack:83] ACK status:ACK_OK retries:1
INFO  [1501739240:830652] [radio_read:91] src:10 dst:c len:46 flags:0
INFO  [1501739240:830676] [send_packet:48] src:c dst:8 len:55
INFO  [1501739240:836000] [radio_read:91] src:c dst:8 len:1 flags:1
INFO  [1501739240:836009] [mac_handle_ack:83] ACK status:ACK_OK retries:1
INFO  [1501739244:162170] [radio_read:91] src:10 dst:c len:53 flags:0
INFO  [1501739244:162203] [send_packet:48] src:c dst:8 len:53
INFO  [1501739244:167523] [radio_read:91] src:c dst:8 len:1 flags:1
INFO  [1501739244:167534] [mac_handle_ack:83] ACK status:ACK_OK retries:1
INFO  [1501739254:349123] [send_packet:48] src:c dst:10 len:79
INFO  [1501739254:354534] [radio_read:91] src:c dst:10 len:1 flags:1
INFO  [1501739254:354546] [mac_handle_ack:83] ACK status:ACK_OK retries:1
INFO  [1501739257:980733] [radio_read:91] src:10 dst:c len:53 flags:0
INFO  [1501739257:980764] [send_packet:48] src:c dst:8 len:53
INFO  [1501739257:985061] [radio_read:91] src:c dst:8 len:1 flags:1
INFO  [1501739257:985070] [mac_handle_ack:83] ACK status:ACK_OK retries:1
DATA send to 1 'Hello 18'
INFO  [1501739282:446232] [send_packet:48] src:c dst:8 len:46
INFO  [1501739282:452755] [radio_read:91] src:c dst:8 len:1 flags:1
INFO  [1501739282:452764] [mac_handle_ack:83] ACK status:ACK_OK retries:1
INFO  [1501739300:87624] [radio_read:91] src:d dst:c len:46 flags:0
INFO  [1501739300:87646] [send_packet:48] src:c dst:8 len:55
INFO  [1501739300:94023] [radio_read:91] src:c dst:8 len:1 flags:1
INFO  [1501739300:94032] [mac_handle_ack:83] ACK status:ACK_OK retries:1
INFO  [1501739307:280381] [radio_read:91] src:10 dst:c len:46 flags:0
INFO  [1501739307:280408] [send_packet:48] src:c dst:8 len:55
INFO  [1501739307:285773] [radio_read:91] src:c dst:8 len:1 flags:1
INFO  [1501739307:285784] [mac_handle_ack:83] ACK status:ACK_OK retries:1
INFO  [1501739314:415706] [send_packet:48] src:c dst:d len:79
INFO  [1501739314:423322] [radio_read:91] src:c dst:d len:1 flags:1
INFO  [1501739314:423332] [mac_handle_ack:83] ACK status:ACK_OK retries:1
INFO  [1501739316:15431] [radio_read:91] src:d dst:c len:55 flags:0
INFO  [1501739316:15449] [send_packet:48] src:c dst:8 len:55
INFO  [1501739316:20756] [radio_read:91] src:c dst:8 len:1 flags:1
INFO  [1501739316:20765] [mac_handle_ack:83] ACK status:ACK_OK retries:1
INFO  [1501739320:27923] [radio_read:91] src:d dst:c len:53 flags:0
INFO  [1501739320:27948] [send_packet:48] src:c dst:8 len:53
INFO  [1501739320:33295] [radio_read:91] src:c dst:8 len:1 flags:1
INFO  [1501739320:33304] [mac_handle_ack:83] ACK status:ACK_OK retries:1
DATA send to 1 'Hello 19'
INFO  [1501739346:31028] [send_packet:48] src:c dst:8 len:46
INFO  [1501739346:36416] [radio_read:91] src:c dst:8 len:1 flags:1
INFO  [1501739346:36426] [mac_handle_ack:83] ACK status:ACK_OK retries:1
INFO  [1501739357:43499] [radio_read:91] src:d dst:c len:46 flags:0
INFO  [1501739357:43523] [send_packet:48] src:c dst:8 len:55
INFO  [1501739357:48839] [radio_read:91] src:c dst:8 len:1 flags:1
INFO  [1501739357:48850] [mac_handle_ack:83] ACK status:ACK_OK retries:1
INFO  [1501739369:554029] [radio_read:91] src:d dst:c len:55 flags:0
INFO  [1501739369:554046] [send_packet:48] src:c dst:8 len:55
INFO  [1501739369:559327] [radio_read:91] src:c dst:8 len:1 flags:1
INFO  [1501739369:559336] [mac_handle_ack:83] ACK status:ACK_OK retries:1
INFO  [1501739377:915739] [radio_read:91] src:d dst:c len:53 flags:0
INFO  [1501739377:915762] [send_packet:48] src:c dst:8 len:53
INFO  [1501739377:921048] [radio_read:91] src:c dst:8 len:1 flags:1
INFO  [1501739377:921058] [mac_handle_ack:83] ACK status:ACK_OK retries:1
INFO  [1501739377:955397] [radio_read:91] src:8 dst:c len:79 flags:0
INFO  [1501739382:650049] [send_packet:48] src:c dst:10 len:79
INFO  [1501739382:656499] [radio_read:91] src:c dst:10 len:1 flags:1
INFO  [1501739382:656511] [mac_handle_ack:83] ACK status:ACK_OK retries:1
INFO  [1501739385:615056] [radio_read:91] src:10 dst:c len:46 flags:0
INFO  [1501739385:615077] [send_packet:48] src:c dst:8 len:55
INFO  [1501739385:621509] [radio_read:91] src:c dst:8 len:1 flags:1
INFO  [1501739385:621521] [mac_handle_ack:83] ACK status:ACK_OK retries:1
DATA send to 1 'Hello 20'
INFO  [1501739399:757729] [send_packet:48] src:c dst:8 len:46
INFO  [1501739399:764199] [radio_read:91] src:c dst:8 len:1 flags:1
INFO  [1501739399:764212] [mac_handle_ack:83] ACK status:ACK_OK retries:1
INFO  [1501739406:523225] [radio_read:91] src:d dst:c len:46 flags:0
INFO  [1501739406:523248] [send_packet:48] src:c dst:8 len:55
INFO  [1501739406:528571] [radio_read:91] src:c dst:8 len:1 flags:1
INFO  [1501739406:528582] [mac_handle_ack:83] ACK status:ACK_OK retries:1
INFO  [1501739418:815525] [radio_read:91] src:d dst:c len:55 flags:0
INFO  [1501739418:815546] [send_packet:48] src:c dst:8 len:55
INFO  [1501739418:821934] [radio_read:91] src:c dst:8 len:1 flags:1
INFO  [1501739418:821946] [mac_handle_ack:83] ACK status:ACK_OK retries:1
INFO  [1501739443:123975] [radio_read:91] src:10 dst:c len:46 flags:0
INFO  [1501739443:124015] [send_packet:48] src:c dst:8 len:55
INFO  [1501739443:129360] [radio_read:91] src:c dst:8 len:1 flags:1
INFO  [1501739443:129371] [mac_handle_ack:83] ACK status:ACK_OK retries:1
INFO  [1501739450:42796] [radio_read:91] src:d dst:c len:55 flags:0
INFO  [1501739450:42813] [send_packet:48] src:c dst:8 len:55
INFO  [1501739450:49239] [radio_read:91] src:c dst:8 len:1 flags:1
INFO  [1501739450:49247] [mac_handle_ack:83] ACK status:ACK_OK retries:1
INFO  [1501739459:933782] [radio_read:91] src:d dst:c len:46 flags:0
INFO  [1501739459:933814] [send_packet:48] src:c dst:8 len:55
INFO  [1501739459:941221] [radio_read:91] src:c dst:8 len:1 flags:1
INFO  [1501739459:941231] [mac_handle_ack:83] ACK status:ACK_OK retries:1
INFO  [1501739469:576141] [send_packet:48] src:c dst:d len:79
INFO  [1501739469:581519] [radio_read:91] src:c dst:d len:1 flags:1
INFO  [1501739469:581527] [mac_handle_ack:83] ACK status:ACK_OK retries:1
INFO  [1501739481:221766] [radio_read:91] src:10 dst:c len:46 flags:0
INFO  [1501739481:221796] [send_packet:48] src:c dst:8 len:55
INFO  [1501739481:227205] [radio_read:91] src:c dst:8 len:1 flags:1
INFO  [1501739481:227216] [mac_handle_ack:83] ACK status:ACK_OK retries:1
DATA send to 1 'Hello 21'
INFO  [1501739486:912585] [send_packet:48] src:c dst:8 len:46
INFO  [1501739486:919075] [radio_read:91] src:c dst:8 len:1 flags:1
INFO  [1501739486:919088] [mac_handle_ack:83] ACK status:ACK_OK retries:1
INFO  [1501739505:823558] [send_packet:48] src:c dst:8 len:53
INFO  [1501739505:830040] [radio_read:91] src:c dst:8 len:1 flags:1
INFO  [1501739505:830055] [mac_handle_ack:83] ACK status:ACK_OK retries:1
INFO  [1501739510:105407] [radio_read:91] src:d dst:c len:46 flags:0
INFO  [1501739510:105438] [send_packet:48] src:c dst:8 len:55
INFO  [1501739510:111878] [radio_read:91] src:c dst:8 len:1 flags:1
INFO  [1501739510:111891] [mac_handle_ack:83] ACK status:ACK_OK retries:1
INFO  [1501739511:685645] [radio_read:91] src:d dst:c len:55 flags:0
INFO  [1501739511:685689] [send_packet:48] src:c dst:8 len:55
INFO  [1501739511:689947] [radio_read:91] src:c dst:8 len:1 flags:1
INFO  [1501739511:689959] [mac_handle_ack:83] ACK status:ACK_OK retries:1
INFO  [1501739558:210144] [radio_read:91] src:10 dst:c len:79 flags:0
DATA send to 1 'Hello 22'
INFO  [1501739560:987330] [send_packet:48] src:c dst:8 len:46
INFO  [1501739560:993744] [radio_read:91] src:c dst:8 len:1 flags:1
INFO  [1501739560:993753] [mac_handle_ack:83] ACK status:ACK_OK retries:1
INFO  [1501739562:630707] [radio_read:91] src:10 dst:c len:46 flags:0
INFO  [1501739562:630734] [send_packet:48] src:c dst:8 len:55
INFO  [1501739562:636049] [radio_read:91] src:c dst:8 len:1 flags:1
INFO  [1501739562:636059] [mac_handle_ack:83] ACK status:ACK_OK retries:1
INFO  [1501739566:683005] [radio_read:91] src:10 dst:c len:53 flags:0
INFO  [1501739566:683035] [send_packet:48] src:c dst:8 len:53
INFO  [1501739566:694723] [radio_read:91] src:c dst:8 len:1 flags:1
INFO  [1501739566:694735] [mac_handle_ack:83] ACK status:ACK_OK retries:2
INFO  [1501739587:130] [radio_read:91] src:10 dst:c len:46 flags:0
INFO  [1501739587:160] [send_packet:48] src:c dst:8 len:55
INFO  [1501739587:5477] [radio_read:91] src:c dst:8 len:1 flags:1
INFO  [1501739587:5489] [mac_handle_ack:83] ACK status:ACK_OK retries:1
DATA send to 1 'Hello 23'
INFO  [1501739590:922623] [send_packet:48] src:c dst:8 len:46
INFO  [1501739590:931223] [radio_read:91] src:c dst:8 len:1 flags:1
INFO  [1501739590:931235] [mac_handle_ack:83] ACK status:ACK_OK retries:2
INFO  [1501739592:322782] [send_packet:48] src:c dst:10 len:79
INFO  [1501739592:330399] [radio_read:91] src:c dst:10 len:1 flags:1
INFO  [1501739592:330415] [mac_handle_ack:83] ACK status:ACK_OK retries:1
INFO  [1501739594:585357] [radio_read:91] src:d dst:c len:46 flags:0
INFO  [1501739594:585379] [send_packet:48] src:c dst:8 len:55
INFO  [1501739594:592893] [radio_read:91] src:c dst:8 len:1 flags:1
INFO  [1501739594:592904] [mac_handle_ack:83] ACK status:ACK_OK retries:1
INFO  [1501739613:9718] [radio_read:91] src:8 dst:c len:79 flags:0
INFO  [1501739626:276766] [radio_read:91] src:d dst:c len:55 flags:0
INFO  [1501739626:276788] [send_packet:48] src:c dst:8 len:55
INFO  [1501739626:283236] [radio_read:91] src:c dst:8 len:1 flags:1
INFO  [1501739626:283245] [mac_handle_ack:83] ACK status:ACK_OK retries:1
DATA send to 1 'Hello 24'
INFO  [1501739632:965144] [send_packet:48] src:c dst:8 len:46
INFO  [1501739632:971526] [radio_read:91] src:c dst:8 len:1 flags:1
INFO  [1501739632:971537] [mac_handle_ack:83] ACK status:ACK_OK retries:1
INFO  [1501739637:349638] [radio_read:91] src:d dst:c len:53 flags:0
INFO  [1501739637:349666] [send_packet:48] src:c dst:8 len:53
INFO  [1501739637:354962] [radio_read:91] src:c dst:8 len:1 flags:1
INFO  [1501739637:354973] [mac_handle_ack:83] ACK status:ACK_OK retries:1
INFO  [1501739640:327712] [radio_read:91] src:d dst:c len:46 flags:0
INFO  [1501739640:327772] [send_packet:48] src:c dst:8 len:55
INFO  [1501739640:333141] [radio_read:91] src:c dst:8 len:1 flags:1
INFO  [1501739640:333152] [mac_handle_ack:83] ACK status:ACK_OK retries:1
INFO  [1501739676:83368] [radio_read:91] src:d dst:c len:55 flags:0
INFO  [1501739676:83389] [send_packet:48] src:c dst:8 len:55
INFO  [1501739676:88734] [radio_read:91] src:c dst:8 len:1 flags:1
INFO  [1501739676:88744] [mac_handle_ack:83] ACK status:ACK_OK retries:1
INFO  [1501739676:593708] [radio_read:91] src:10 dst:c len:46 flags:0
INFO  [1501739676:593738] [send_packet:48] src:c dst:8 len:55
INFO  [1501739676:601229] [radio_read:91] src:c dst:8 len:1 flags:1
INFO  [1501739676:601238] [mac_handle_ack:83] ACK status:ACK_OK retries:1
INFO  [1501739701:441345] [radio_read:91] src:d dst:c len:53 flags:0
INFO  [1501739701:441378] [send_packet:48] src:c dst:8 len:53
INFO  [1501739701:446683] [radio_read:91] src:c dst:8 len:1 flags:1
INFO  [1501739701:446709] [mac_handle_ack:83] ACK status:ACK_OK retries:1
INFO  [1501739707:35507] [send_packet:48] src:c dst:10 len:79
INFO  [1501739707:42067] [radio_read:91] src:c dst:10 len:1 flags:1
INFO  [1501739707:42083] [mac_handle_ack:83] ACK status:ACK_OK retries:1
INFO  [1501739722:687522] [radio_read:91] src:d dst:c len:46 flags:0
INFO  [1501739722:687547] [send_packet:48] src:c dst:8 len:55
INFO  [1501739722:693976] [radio_read:91] src:c dst:8 len:1 flags:1
INFO  [1501739722:693986] [mac_handle_ack:83] ACK status:ACK_OK retries:1
INFO  [1501739730:338441] [radio_read:91] src:10 dst:c len:46 flags:0
INFO  [1501739730:338469] [send_packet:48] src:c dst:8 len:55
INFO  [1501739730:344920] [radio_read:91] src:c dst:8 len:1 flags:1
INFO  [1501739730:344934] [mac_handle_ack:83] ACK status:ACK_OK retries:1
INFO  [1501739737:970932] [radio_read:91] src:d dst:c len:55 flags:0
INFO  [1501739737:970954] [send_packet:48] src:c dst:8 len:55
INFO  [1501739737:976348] [radio_read:91] src:c dst:8 len:1 flags:1
INFO  [1501739737:976361] [mac_handle_ack:83] ACK status:ACK_OK retries:1
DATA send to 1 'Hello 25'
INFO  [1501739743:45079] [send_packet:48] src:c dst:8 len:46
INFO  [1501739743:50569] [radio_read:91] src:c dst:8 len:1 flags:1
INFO  [1501739743:50583] [mac_handle_ack:83] ACK status:ACK_OK retries:1
DATA send to 1 'Hello 26'
INFO  [1501739785:53239] [send_packet:48] src:c dst:8 len:46
INFO  [1501739785:58607] [radio_read:91] src:c dst:8 len:1 flags:1
INFO  [1501739785:58619] [mac_handle_ack:83] ACK status:ACK_OK retries:1
INFO  [1501739786:949829] [radio_read:91] src:d dst:c len:55 flags:0
INFO  [1501739786:949849] [send_packet:48] src:c dst:8 len:55
INFO  [1501739786:955253] [radio_read:91] src:c dst:8 len:1 flags:1
INFO  [1501739786:955267] [mac_handle_ack:83] ACK status:ACK_OK retries:1
INFO  [1501739794:356336] [radio_read:91] src:10 dst:c len:46 flags:0
INFO  [1501739794:356366] [send_packet:48] src:c dst:8 len:55
INFO  [1501739794:361682] [radio_read:91] src:c dst:8 len:1 flags:1
INFO  [1501739794:361693] [mac_handle_ack:83] ACK status:ACK_OK retries:1
INFO  [1501739795:168763] [radio_read:91] src:d dst:c len:46 flags:0
INFO  [1501739795:168790] [send_packet:48] src:c dst:8 len:55
INFO  [1501739795:175209] [radio_read:91] src:c dst:8 len:1 flags:1
INFO  [1501739795:175223] [mac_handle_ack:83] ACK status:ACK_OK retries:1
INFO  [1501739808:84201] [send_packet:48] src:c dst:d len:79
INFO  [1501739808:91782] [radio_read:91] src:c dst:d len:1 flags:1
INFO  [1501739808:91794] [mac_handle_ack:83] ACK status:ACK_OK retries:1
INFO  [1501739812:838654] [send_packet:48] src:c dst:8 len:53
INFO  [1501739812:847507] [radio_read:91] src:c dst:8 len:1 flags:1
INFO  [1501739812:847525] [mac_handle_ack:83] ACK status:ACK_OK retries:1
INFO  [1501739820:919370] [radio_read:91] src:8 dst:c len:79 flags:0
INFO  [1501739821:88557] [radio_read:91] src:10 dst:c len:46 flags:0
INFO  [1501739821:88588] [send_packet:48] src:c dst:8 len:55
INFO  [1501739821:93963] [radio_read:91] src:c dst:8 len:1 flags:1
INFO  [1501739821:93975] [mac_handle_ack:83] ACK status:ACK_OK retries:1
DATA send to 1 'Hello 27'
INFO  [1501739830:13661] [send_packet:48] src:c dst:8 len:46
INFO  [1501739830:20129] [radio_read:91] src:c dst:8 len:1 flags:1
INFO  [1501739830:20142] [mac_handle_ack:83] ACK status:ACK_OK retries:1
INFO  [1501739830:677926] [radio_read:91] src:d dst:c len:46 flags:0
INFO  [1501739830:677950] [send_packet:48] src:c dst:8 len:55
INFO  [1501739830:683300] [radio_read:91] src:c dst:8 len:1 flags:1
INFO  [1501739830:683310] [mac_handle_ack:83] ACK status:ACK_OK retries:1
INFO  [1501739840:844558] [radio_read:91] src:d dst:c len:55 flags:0
INFO  [1501739840:844584] [send_packet:48] src:c dst:8 len:55
INFO  [1501739840:848827] [radio_read:91] src:c dst:8 len:1 flags:1
INFO  [1501739840:848837] [mac_handle_ack:83] ACK status:ACK_OK retries:1
INFO  [1501739872:507224] [radio_read:91] src:10 dst:c len:53 flags:0
INFO  [1501739872:507260] [send_packet:48] src:c dst:8 len:53
INFO  [1501739872:513692] [radio_read:91] src:c dst:8 len:1 flags:1
INFO  [1501739872:513706] [mac_handle_ack:83] ACK status:ACK_OK retries:1
INFO  [1501739872:946554] [radio_read:91] src:10 dst:c len:46 flags:0
INFO  [1501739872:946574] [send_packet:48] src:c dst:8 len:55
INFO  [1501739872:953053] [radio_read:91] src:c dst:8 len:1 flags:1
INFO  [1501739872:953062] [mac_handle_ack:83] ACK status:ACK_OK retries:1
DATA send to 1 'Hello 28'
INFO  [1501739875:98423] [send_packet:48] src:c dst:8 len:46
INFO  [1501739875:103716] [radio_read:91] src:c dst:8 len:1 flags:1
INFO  [1501739875:103726] [mac_handle_ack:83] ACK status:ACK_OK retries:1
INFO  [1501739888:975554] [radio_read:91] src:d dst:c len:55 flags:0
INFO  [1501739888:975575] [send_packet:48] src:c dst:8 len:55
INFO  [1501739888:980939] [radio_read:91] src:c dst:8 len:1 flags:1
INFO  [1501739888:980949] [mac_handle_ack:83] ACK status:ACK_OK retries:1
INFO  [1501739889:428244] [radio_read:91] src:d dst:c len:46 flags:0
INFO  [1501739889:428265] [send_packet:48] src:c dst:8 len:55
INFO  [1501739889:435775] [radio_read:91] src:c dst:8 len:1 flags:1
INFO  [1501739889:435788] [mac_handle_ack:83] ACK status:ACK_OK retries:1
INFO  [1501739892:942217] [radio_read:91] src:d dst:ffff len:80 flags:0
INFO  [1501739905:665742] [send_packet:48] src:c dst:10 len:79
INFO  [1501739905:671174] [radio_read:91] src:c dst:10 len:1 flags:1
INFO  [1501739905:671188] [mac_handle_ack:83] ACK status:ACK_OK retries:1
INFO  [1501739931:501395] [radio_read:91] src:d dst:c len:55 flags:0
INFO  [1501739931:501421] [send_packet:48] src:c dst:8 len:55
INFO  [1501739931:507786] [radio_read:91] src:c dst:8 len:1 flags:1
INFO  [1501739931:507796] [mac_handle_ack:83] ACK status:ACK_OK retries:1
DATA send to 1 'Hello 29'
INFO  [1501739938:159279] [send_packet:48] src:c dst:8 len:46
INFO  [1501739938:166780] [radio_read:91] src:c dst:8 len:1 flags:1
INFO  [1501739938:166792] [mac_handle_ack:83] ACK status:ACK_OK retries:1
INFO  [1501739950:151302] [radio_read:91] src:10 dst:ffff len:80 flags:0
INFO  [1501739961:976956] [radio_read:91] src:8 dst:c len:79 flags:0
INFO  [1501739964:825239] [radio_read:91] src:d dst:c len:46 flags:0
INFO  [1501739964:825261] [send_packet:48] src:c dst:8 len:55
INFO  [1501739964:830569] [radio_read:91] src:c dst:8 len:1 flags:1
INFO  [1501739964:830580] [mac_handle_ack:83] ACK status:ACK_OK retries:1
INFO  [1501739974:56512] [send_packet:48] src:c dst:ffff len:80
INFO  [1501739979:184969] [radio_read:91] src:10 dst:c len:46 flags:0
INFO  [1501739979:184996] [send_packet:48] src:c dst:8 len:55
INFO  [1501739979:191383] [radio_read:91] src:c dst:8 len:1 flags:1
INFO  [1501739979:191405] [mac_handle_ack:83] ACK status:ACK_OK retries:1
INFO  [1501739989:206062] [send_packet:48] src:c dst:d len:79
INFO  [1501739989:217923] [radio_read:91] src:c dst:d len:1 flags:1
INFO  [1501739989:217934] [mac_handle_ack:83] ACK status:ACK_OK retries:2
INFO  [1501739991:396953] [radio_read:91] src:d dst:c len:46 flags:0
INFO  [1501739991:396974] [send_packet:48] src:c dst:8 len:55
INFO  [1501739991:402277] [radio_read:91] src:c dst:8 len:1 flags:1
INFO  [1501739991:402301] [mac_handle_ack:83] ACK status:ACK_OK retries:1
INFO  [1501739999:152138] [radio_read:91] src:d dst:c len:53 flags:0
INFO  [1501739999:152164] [send_packet:48] src:c dst:8 len:53
INFO  [1501739999:158544] [radio_read:91] src:c dst:8 len:1 flags:1
INFO  [1501739999:158554] [mac_handle_ack:83] ACK status:ACK_OK retries:1
INFO  [1501740015:428212] [radio_read:91] src:10 dst:c len:46 flags:0
INFO  [1501740015:428244] [send_packet:48] src:c dst:8 len:55
INFO  [1501740015:433562] [radio_read:91] src:c dst:8 len:1 flags:1
INFO  [1501740015:433575] [mac_handle_ack:83] ACK status:ACK_OK retries:1
INFO  [1501740038:955174] [radio_read:91] src:d dst:c len:55 flags:0
INFO  [1501740038:955193] [send_packet:48] src:c dst:8 len:55
INFO  [1501740038:960516] [radio_read:91] src:c dst:8 len:1 flags:1
INFO  [1501740038:960524] [mac_handle_ack:83] ACK status:ACK_OK retries:1
DATA send to 1 'Hello 30'
INFO  [1501740044:657927] [send_packet:48] src:c dst:8 len:46
INFO  [1501740044:663268] [radio_read:91] src:c dst:8 len:1 flags:1
INFO  [1501740044:663281] [mac_handle_ack:83] ACK status:ACK_OK retries:1
INFO  [1501740046:414496] [radio_read:91] src:8 dst:ffff len:80 flags:0
INFO  [1501740050:751826] [radio_read:91] src:d dst:c len:53 flags:0
INFO  [1501740050:751850] [send_packet:48] src:c dst:8 len:53
INFO  [1501740050:758316] [radio_read:91] src:c dst:8 len:1 flags:1
INFO  [1501740050:758332] [mac_handle_ack:83] ACK status:ACK_OK retries:1
DATA send to 1 'Hello 31'
INFO  [1501740053:19545] [send_packet:48] src:c dst:8 len:46
INFO  [1501740053:25993] [radio_read:91] src:c dst:8 len:1 flags:1
INFO  [1501740053:26006] [mac_handle_ack:83] ACK status:ACK_OK retries:1
INFO  [1501740058:883232] [send_packet:48] src:c dst:10 len:79
INFO  [1501740058:890803] [radio_read:91] src:c dst:10 len:1 flags:1
INFO  [1501740058:890818] [mac_handle_ack:83] ACK status:ACK_OK retries:1
INFO  [1501740084:247737] [radio_read:91] src:d dst:c len:46 flags:0
INFO  [1501740084:247761] [send_packet:48] src:c dst:8 len:55
INFO  [1501740084:253270] [radio_read:91] src:c dst:8 len:1 flags:1
INFO  [1501740084:253287] [mac_handle_ack:83] ACK status:ACK_OK retries:1
INFO  [1501740097:10003] [radio_read:91] src:d dst:c len:55 flags:0
INFO  [1501740097:10026] [send_packet:48] src:c dst:8 len:55
INFO  [1501740097:17486] [radio_read:91] src:c dst:8 len:1 flags:1
INFO  [1501740097:17499] [mac_handle_ack:83] ACK status:ACK_OK retries:1
INFO  [1501740102:748724] [radio_read:91] src:10 dst:c len:46 flags:0
INFO  [1501740102:748750] [send_packet:48] src:c dst:8 len:55
INFO  [1501740102:758463] [radio_read:91] src:c dst:8 len:1 flags:1
INFO  [1501740102:758473] [mac_handle_ack:83] ACK status:ACK_OK retries:2
INFO  [1501740115:108418] [radio_read:91] src:8 dst:c len:79 flags:0
INFO  [1501740130:389943] [radio_read:91] src:d dst:c len:46 flags:0
INFO  [1501740130:389965] [send_packet:48] src:c dst:8 len:55
INFO  [1501740130:395333] [radio_read:91] src:c dst:8 len:1 flags:1
INFO  [1501740130:395345] [mac_handle_ack:83] ACK status:ACK_OK retries:1
DATA send to 1 'Hello 32'
INFO  [1501740130:503756] [send_packet:48] src:c dst:8 len:46
INFO  [1501740130:510201] [radio_read:91] src:c dst:8 len:1 flags:1
INFO  [1501740130:510211] [mac_handle_ack:83] ACK status:ACK_OK retries:1
INFO  [1501740136:795816] [send_packet:48] src:c dst:d len:79
INFO  [1501740136:802319] [radio_read:91] src:c dst:d len:1 flags:1
INFO  [1501740136:802331] [mac_handle_ack:83] ACK status:ACK_OK retries:1
INFO  [1501740141:453082] [radio_read:91] src:10 dst:c len:46 flags:0
INFO  [1501740141:453104] [send_packet:48] src:c dst:8 len:55
INFO  [1501740141:458410] [radio_read:91] src:c dst:8 len:1 flags:1
INFO  [1501740141:458421] [mac_handle_ack:83] ACK status:ACK_OK retries:1
INFO  [1501740145:259726] [send_packet:48] src:c dst:8 len:53
INFO  [1501740145:265156] [radio_read:91] src:c dst:8 len:1 flags:1
INFO  [1501740145:265167] [mac_handle_ack:83] ACK status:ACK_OK retries:1
INFO  [1501740156:767041] [radio_read:91] src:d dst:c len:55 flags:0
INFO  [1501740156:767078] [send_packet:48] src:c dst:8 len:55
INFO  [1501740156:771372] [radio_read:91] src:c dst:8 len:1 flags:1
INFO  [1501740156:771385] [mac_handle_ack:83] ACK status:ACK_OK retries:1
INFO  [1501740170:892574] [radio_read:91] src:d dst:c len:55 flags:0
INFO  [1501740170:892593] [send_packet:48] src:c dst:8 len:55
INFO  [1501740170:900095] [radio_read:91] src:c dst:8 len:1 flags:1
INFO  [1501740170:900106] [mac_handle_ack:83] ACK status:ACK_OK retries:1
INFO  [1501740171:335401] [radio_read:91] src:d dst:c len:46 flags:0
INFO  [1501740171:335424] [send_packet:48] src:c dst:8 len:55
INFO  [1501740171:340671] [radio_read:91] src:c dst:8 len:1 flags:1
INFO  [1501740171:340681] [mac_handle_ack:83] ACK status:ACK_OK retries:1
DATA send to 1 'Hello 33'
INFO  [1501740173:529326] [send_packet:48] src:c dst:8 len:46
INFO  [1501740173:534754] [radio_read:91] src:c dst:8 len:1 flags:1
INFO  [1501740173:534766] [mac_handle_ack:83] ACK status:ACK_OK retries:1
INFO  [1501740218:574935] [radio_read:91] src:10 dst:c len:46 flags:0
INFO  [1501740218:574957] [send_packet:48] src:c dst:8 len:55
INFO  [1501740218:582363] [radio_read:91] src:c dst:8 len:1 flags:1
INFO  [1501740218:582373] [mac_handle_ack:83] ACK status:ACK_OK retries:1
INFO  [1501740227:46079] [radio_read:91] src:10 dst:c len:53 flags:0
INFO  [1501740227:46107] [send_packet:48] src:c dst:8 len:53
INFO  [1501740227:51514] [radio_read:91] src:c dst:8 len:1 flags:1
INFO  [1501740227:51523] [mac_handle_ack:83] ACK status:ACK_OK retries:1
INFO  [1501740233:372226] [radio_read:91] src:d dst:c len:46 flags:0
INFO  [1501740233:372245] [send_packet:48] src:c dst:8 len:55
INFO  [1501740233:376489] [radio_read:91] src:c dst:8 len:1 flags:1
INFO  [1501740233:376497] [mac_handle_ack:83] ACK status:ACK_OK retries:1
INFO  [1501740241:633127] [send_packet:48] src:c dst:10 len:79
INFO  [1501740241:639652] [radio_read:91] src:c dst:10 len:1 flags:1
INFO  [1501740241:639665] [mac_handle_ack:83] ACK status:ACK_OK retries:1
DATA send to 1 'Hello 34'
INFO  [1501740261:753491] [send_packet:48] src:c dst:8 len:46
INFO  [1501740261:760300] [radio_read:91] src:c dst:8 len:1 flags:1
INFO  [1501740261:760314] [mac_handle_ack:83] ACK status:ACK_OK retries:1
INFO  [1501740271:970217] [radio_read:91] src:10 dst:c len:46 flags:0
INFO  [1501740271:970247] [send_packet:48] src:c dst:8 len:55
INFO  [1501740271:975585] [radio_read:91] src:c dst:8 len:1 flags:1
INFO  [1501740271:975598] [mac_handle_ack:83] ACK status:ACK_OK retries:1
