Contiki-3.x-3272-gbcd9e94 started with IPV6, RPL
INFO  [1501738188:543058] [main:110] Using node id=7
INFO  [1501738188:543075] [main:114] MAC wfmac RDC nullrdc NETWORK sicslowpan
INFO  [1501738188:543077] [main:115] route_table_max_sz=100,nbr_table_max_sz=100
Tentative link-local IPv6 address fe80:0000:0000:0000:0302:0304:0506:0007
UDP client process started nbr:100 routes:100
Client IPv6 addresses: fd00::302:304:506:7
fe80::302:304:506:7
Created a connection with the server :: local/remote port 8765/5678
INFO  [1501738189:546022] [radio_read:91] src:3 dst:ffff len:10 flags:0
INFO  [1501738189:549214] [radio_read:91] src:b dst:ffff len:10 flags:0
INFO  [1501738196:545669] [radio_read:91] src:6 dst:ffff len:10 flags:0
INFO  [1501738201:394394] [radio_read:91] src:3 dst:ffff len:80 flags:0
INFO  [1501738201:608682] [radio_read:91] src:6 dst:ffff len:80 flags:0
INFO  [1501738203:653444] [send_packet:48] src:7 dst:ffff len:80
INFO  [1501738205:53823] [send_packet:48] src:7 dst:3 len:53
INFO  [1501738205:64587] [radio_read:91] src:7 dst:3 len:1 flags:1
INFO  [1501738205:64607] [mac_handle_ack:83] ACK status:ACK_OK retries:2
INFO  [1501738206:450005] [radio_read:91] src:b dst:ffff len:80 flags:0
INFO  [1501738209:226417] [radio_read:91] src:3 dst:ffff len:80 flags:0
INFO  [1501738210:88669] [radio_read:91] src:6 dst:ffff len:80 flags:0
INFO  [1501738211:797031] [send_packet:48] src:7 dst:ffff len:80
INFO  [1501738213:729173] [send_packet:48] src:7 dst:3 len:79
INFO  [1501738213:736732] [radio_read:91] src:7 dst:3 len:1 flags:1
INFO  [1501738213:736748] [mac_handle_ack:83] ACK status:ACK_OK retries:1
INFO  [1501738214:723266] [radio_read:91] src:b dst:ffff len:80 flags:0
INFO  [1501738214:947966] [send_packet:48] src:7 dst:3 len:53
INFO  [1501738214:954375] [radio_read:91] src:7 dst:3 len:1 flags:1
INFO  [1501738214:954388] [mac_handle_ack:83] ACK status:ACK_OK retries:1
INFO  [1501738217:855812] [send_packet:48] src:7 dst:3 len:79
INFO  [1501738217:862330] [radio_read:91] src:7 dst:3 len:1 flags:1
INFO  [1501738217:862342] [mac_handle_ack:83] ACK status:ACK_OK retries:1
INFO  [1501738222:684644] [radio_read:91] src:3 dst:ffff len:80 flags:0
INFO  [1501738224:333365] [radio_read:91] src:6 dst:ffff len:80 flags:0
INFO  [1501738228:831065] [send_packet:48] src:7 dst:ffff len:80
INFO  [1501738230:183144] [radio_read:91] src:b dst:ffff len:80 flags:0
INFO  [1501738248:38586] [send_packet:48] src:7 dst:ffff len:80
INFO  [1501738248:356013] [radio_read:91] src:3 dst:ffff len:80 flags:0
INFO  [1501738252:457028] [radio_read:91] src:6 dst:ffff len:80 flags:0
INFO  [1501738258:693297] [radio_read:91] src:b dst:ffff len:80 flags:0
DATA send to 1 'Hello 1'
INFO  [1501738286:124989] [send_packet:48] src:7 dst:3 len:45
INFO  [1501738286:129258] [radio_read:91] src:7 dst:3 len:1 flags:1
INFO  [1501738286:129268] [mac_handle_ack:83] ACK status:ACK_OK retries:1
INFO  [1501738297:826874] [radio_read:91] src:3 dst:7 len:79 flags:0
INFO  [1501738297:972579] [radio_read:91] src:3 dst:ffff len:80 flags:0
INFO  [1501738298:148929] [radio_read:91] src:6 dst:ffff len:80 flags:0
INFO  [1501738303:394367] [send_packet:48] src:7 dst:3 len:53
INFO  [1501738303:400734] [radio_read:91] src:7 dst:3 len:1 flags:1
INFO  [1501738303:400744] [mac_handle_ack:83] ACK status:ACK_OK retries:1
INFO  [1501738303:943932] [send_packet:48] src:7 dst:6 len:79
INFO  [1501738303:952508] [radio_read:91] src:7 dst:6 len:1 flags:1
INFO  [1501738303:952518] [mac_handle_ack:83] ACK status:ACK_OK retries:1
DATA send to 1 'Hello 2'
INFO  [1501738308:726031] [send_packet:48] src:7 dst:3 len:45
INFO  [1501738308:731390] [radio_read:91] src:7 dst:3 len:1 flags:1
INFO  [1501738308:731400] [mac_handle_ack:83] ACK status:ACK_OK retries:1
INFO  [1501738315:827219] [send_packet:48] src:7 dst:ffff len:80
INFO  [1501738327:457305] [radio_read:91] src:b dst:ffff len:80 flags:0
INFO  [1501738345:856836] [radio_read:91] src:b dst:7 len:79 flags:0
INFO  [1501738373:492869] [send_packet:48] src:7 dst:6 len:79
INFO  [1501738373:500383] [radio_read:91] src:7 dst:6 len:1 flags:1
INFO  [1501738373:500398] [mac_handle_ack:83] ACK status:ACK_OK retries:1
DATA send to 1 'Hello 3'
INFO  [1501738379:944771] [send_packet:48] src:7 dst:3 len:45
INFO  [1501738379:951217] [radio_read:91] src:7 dst:3 len:1 flags:1
INFO  [1501738379:951238] [mac_handle_ack:83] ACK status:ACK_OK retries:1
INFO  [1501738409:963474] [radio_read:91] src:3 dst:7 len:79 flags:0
INFO  [1501738419:905416] [radio_read:91] src:3 dst:ffff len:80 flags:0
INFO  [1501738428:133162] [send_packet:48] src:7 dst:ffff len:80
INFO  [1501738444:477212] [radio_read:91] src:6 dst:ffff len:80 flags:0
INFO  [1501738446:87949] [radio_read:91] src:b dst:ffff len:80 flags:0
INFO  [1501738474:483581] [send_packet:48] src:7 dst:b len:79
INFO  [1501738474:492208] [radio_read:91] src:7 dst:b len:1 flags:1
INFO  [1501738474:492224] [mac_handle_ack:83] ACK status:ACK_OK retries:1
DATA send to 1 'Hello 4'
INFO  [1501738477:603843] [send_packet:48] src:7 dst:3 len:45
INFO  [1501738477:609292] [radio_read:91] src:7 dst:3 len:1 flags:1
INFO  [1501738477:609307] [mac_handle_ack:83] ACK status:ACK_OK retries:1
INFO  [1501738501:957716] [radio_read:91] src:b dst:7 len:79 flags:0
INFO  [1501738511:563119] [radio_read:91] src:3 dst:7 len:79 flags:0
DATA send to 1 'Hello 5'
INFO  [1501738513:912574] [send_packet:48] src:7 dst:3 len:45
INFO  [1501738513:919003] [radio_read:91] src:7 dst:3 len:1 flags:1
INFO  [1501738513:919013] [mac_handle_ack:83] ACK status:ACK_OK retries:1
INFO  [1501738514:879126] [send_packet:48] src:7 dst:3 len:53
INFO  [1501738514:884461] [radio_read:91] src:7 dst:3 len:1 flags:1
INFO  [1501738514:884471] [mac_handle_ack:83] ACK status:ACK_OK retries:1
DATA send to 1 'Hello 6'
INFO  [1501738577:979919] [send_packet:48] src:7 dst:3 len:45
INFO  [1501738577:986417] [radio_read:91] src:7 dst:3 len:1 flags:1
INFO  [1501738577:986430] [mac_handle_ack:83] ACK status:ACK_OK retries:1
INFO  [1501738589:511073] [send_packet:48] src:7 dst:6 len:79
INFO  [1501738589:517599] [radio_read:91] src:7 dst:6 len:1 flags:1
INFO  [1501738589:517612] [mac_handle_ack:83] ACK status:ACK_OK retries:1
DATA send to 1 'Hello 7'
INFO  [1501738613:844116] [send_packet:48] src:7 dst:3 len:45
INFO  [1501738613:849538] [radio_read:91] src:7 dst:3 len:1 flags:1
INFO  [1501738613:849550] [mac_handle_ack:83] ACK status:ACK_OK retries:1
INFO  [1501738625:82717] [radio_read:91] src:3 dst:ffff len:80 flags:0
INFO  [1501738626:54501] [radio_read:91] src:3 dst:7 len:79 flags:0
INFO  [1501738657:779304] [radio_read:91] src:6 dst:7 len:79 flags:0
INFO  [1501738658:770374] [radio_read:91] src:b dst:ffff len:80 flags:0
INFO  [1501738669:102182] [send_packet:48] src:7 dst:b len:79
INFO  [1501738669:108701] [radio_read:91] src:7 dst:b len:1 flags:1
INFO  [1501738669:108714] [mac_handle_ack:83] ACK status:ACK_OK retries:1
DATA send to 1 'Hello 8'
INFO  [1501738681:340458] [send_packet:48] src:7 dst:3 len:45
INFO  [1501738681:348191] [radio_read:91] src:7 dst:3 len:1 flags:1
INFO  [1501738681:348201] [mac_handle_ack:83] ACK status:ACK_OK retries:1
INFO  [1501738701:556986] [send_packet:48] src:7 dst:ffff len:80
INFO  [1501738702:345247] [radio_read:91] src:b dst:7 len:79 flags:0
INFO  [1501738705:231537] [radio_read:91] src:6 dst:ffff len:80 flags:0
INFO  [1501738735:777467] [radio_read:91] src:3 dst:7 len:79 flags:0
INFO  [1501738737:588298] [send_packet:48] src:7 dst:6 len:79
INFO  [1501738737:594847] [radio_read:91] src:7 dst:6 len:1 flags:1
INFO  [1501738737:594857] [mac_handle_ack:83] ACK status:ACK_OK retries:1
INFO  [1501738740:763095] [send_packet:48] src:7 dst:3 len:53
INFO  [1501738740:768407] [radio_read:91] src:7 dst:3 len:1 flags:1
INFO  [1501738740:768417] [mac_handle_ack:83] ACK status:ACK_OK retries:1
DATA send to 1 'Hello 9'
INFO  [1501738772:960168] [send_packet:48] src:7 dst:3 len:45
INFO  [1501738772:966615] [radio_read:91] src:7 dst:3 len:1 flags:1
INFO  [1501738772:966625] [mac_handle_ack:83] ACK status:ACK_OK retries:1
INFO  [1501738773:604584] [radio_read:91] src:b dst:7 len:79 flags:0
INFO  [1501738804:806439] [radio_read:91] src:3 dst:7 len:79 flags:0
DATA send to 1 'Hello 10'
INFO  [1501738806:628788] [send_packet:48] src:7 dst:3 len:46
INFO  [1501738806:635250] [radio_read:91] src:7 dst:3 len:1 flags:1
INFO  [1501738806:635262] [mac_handle_ack:83] ACK status:ACK_OK retries:1
INFO  [1501738822:923731] [send_packet:48] src:7 dst:b len:79
INFO  [1501738822:931392] [radio_read:91] src:7 dst:b len:1 flags:1
INFO  [1501738822:931408] [mac_handle_ack:83] ACK status:ACK_OK retries:1
DATA send to 1 'Hello 11'
INFO  [1501738875:15064] [send_packet:48] src:7 dst:3 len:46
INFO  [1501738875:19349] [radio_read:91] src:7 dst:3 len:1 flags:1
INFO  [1501738875:19357] [mac_handle_ack:83] ACK status:ACK_OK retries:1
INFO  [1501738882:6200] [radio_read:91] src:6 dst:7 len:79 flags:0
INFO  [1501738882:570769] [radio_read:91] src:3 dst:7 len:79 flags:0
INFO  [1501738894:291252] [send_packet:48] src:7 dst:b len:79
INFO  [1501738894:298877] [radio_read:91] src:7 dst:b len:1 flags:1
INFO  [1501738894:298892] [mac_handle_ack:83] ACK status:ACK_OK retries:1
DATA send to 1 'Hello 12'
INFO  [1501738935:196214] [send_packet:48] src:7 dst:3 len:46
INFO  [1501738935:204797] [radio_read:91] src:7 dst:3 len:1 flags:1
INFO  [1501738935:204807] [mac_handle_ack:83] ACK status:ACK_OK retries:1
INFO  [1501738947:116912] [radio_read:91] src:3 dst:7 len:79 flags:0
INFO  [1501738975:208372] [send_packet:48] src:7 dst:6 len:79
INFO  [1501738975:214964] [radio_read:91] src:7 dst:6 len:1 flags:1
INFO  [1501738975:214979] [mac_handle_ack:83] ACK status:ACK_OK retries:1
INFO  [1501738981:806984] [radio_read:91] src:b dst:7 len:79 flags:0
INFO  [1501738995:368149] [send_packet:48] src:7 dst:ffff len:80
INFO  [1501739010:471872] [radio_read:91] src:3 dst:ffff len:80 flags:0
DATA send to 1 'Hello 13'
INFO  [1501739024:489448] [send_packet:48] src:7 dst:3 len:46
INFO  [1501739024:495964] [radio_read:91] src:7 dst:3 len:1 flags:1
INFO  [1501739024:495975] [mac_handle_ack:83] ACK status:ACK_OK retries:1
INFO  [1501739036:619893] [send_packet:48] src:7 dst:b len:79
INFO  [1501739036:626474] [radio_read:91] src:7 dst:b len:1 flags:1
INFO  [1501739036:626487] [mac_handle_ack:83] ACK status:ACK_OK retries:1
DATA send to 1 'Hello 14'
INFO  [1501739059:946294] [send_packet:48] src:7 dst:3 len:46
INFO  [1501739059:951611] [radio_read:91] src:7 dst:3 len:1 flags:1
INFO  [1501739059:951623] [mac_handle_ack:83] ACK status:ACK_OK retries:1
INFO  [1501739062:9647] [radio_read:91] src:3 dst:7 len:79 flags:0
INFO  [1501739081:818569] [send_packet:48] src:7 dst:3 len:53
INFO  [1501739081:826216] [radio_read:91] src:7 dst:3 len:1 flags:1
INFO  [1501739081:826230] [mac_handle_ack:83] ACK status:ACK_OK retries:1
DATA send to 1 'Hello 15'
INFO  [1501739093:876747] [send_packet:48] src:7 dst:3 len:46
INFO  [1501739093:882105] [radio_read:91] src:7 dst:3 len:1 flags:1
INFO  [1501739093:882116] [mac_handle_ack:83] ACK status:ACK_OK retries:1
INFO  [1501739142:490647] [radio_read:91] src:3 dst:7 len:79 flags:0
INFO  [1501739153:550025] [send_packet:48] src:7 dst:6 len:79
INFO  [1501739153:556517] [radio_read:91] src:7 dst:6 len:1 flags:1
INFO  [1501739153:556528] [mac_handle_ack:83] ACK status:ACK_OK retries:1
INFO  [1501739154:62362] [radio_read:91] src:b dst:ffff len:80 flags:0
DATA send to 1 'Hello 16'
INFO  [1501739165:308858] [send_packet:48] src:7 dst:3 len:46
INFO  [1501739165:314246] [radio_read:91] src:7 dst:3 len:1 flags:1
INFO  [1501739165:314258] [mac_handle_ack:83] ACK status:ACK_OK retries:1
INFO  [1501739175:550805] [radio_read:91] src:b dst:7 len:79 flags:0
INFO  [1501739241:165542] [radio_read:91] src:3 dst:7 len:79 flags:0
INFO  [1501739248:289856] [send_packet:48] src:7 dst:b len:79
INFO  [1501739248:300626] [radio_read:91] src:7 dst:b len:1 flags:1
INFO  [1501739248:300636] [mac_handle_ack:83] ACK status:ACK_OK retries:2
DATA send to 1 'Hello 17'
INFO  [1501739254:745305] [send_packet:48] src:7 dst:3 len:46
INFO  [1501739254:751760] [radio_read:91] src:7 dst:3 len:1 flags:1
INFO  [1501739254:751769] [mac_handle_ack:83] ACK status:ACK_OK retries:1
INFO  [1501739293:839606] [radio_read:91] src:6 dst:7 len:79 flags:0
DATA send to 1 'Hello 18'
INFO  [1501739315:270018] [send_packet:48] src:7 dst:3 len:46
INFO  [1501739315:279837] [radio_read:91] src:7 dst:3 len:1 flags:1
INFO  [1501739315:279848] [mac_handle_ack:83] ACK status:ACK_OK retries:2
INFO  [1501739340:200437] [radio_read:91] src:b dst:7 len:79 flags:0
INFO  [1501739359:791703] [send_packet:48] src:7 dst:6 len:79
INFO  [1501739359:800374] [radio_read:91] src:7 dst:6 len:1 flags:1
INFO  [1501739359:800388] [mac_handle_ack:83] ACK status:ACK_OK retries:1
INFO  [1501739364:830200] [radio_read:91] src:3 dst:7 len:79 flags:0
INFO  [1501739369:682678] [send_packet:48] src:7 dst:3 len:53
INFO  [1501739369:688068] [radio_read:91] src:7 dst:3 len:1 flags:1
INFO  [1501739369:688078] [mac_handle_ack:83] ACK status:ACK_OK retries:1
DATA send to 1 'Hello 19'
INFO  [1501739388:515509] [send_packet:48] src:7 dst:3 len:46
INFO  [1501739388:521956] [radio_read:91] src:7 dst:3 len:1 flags:1
INFO  [1501739388:521966] [mac_handle_ack:83] ACK status:ACK_OK retries:1
DATA send to 1 'Hello 20'
INFO  [1501739418:683699] [send_packet:48] src:7 dst:3 len:46
INFO  [1501739418:690382] [radio_read:91] src:7 dst:3 len:1 flags:1
INFO  [1501739418:690395] [mac_handle_ack:83] ACK status:ACK_OK retries:1
INFO  [1501739460:803730] [radio_read:91] src:3 dst:7 len:79 flags:0
INFO  [1501739469:426736] [send_packet:48] src:7 dst:6 len:79
INFO  [1501739469:433269] [radio_read:91] src:7 dst:6 len:1 flags:1
INFO  [1501739469:433281] [mac_handle_ack:83] ACK status:ACK_OK retries:1
DATA send to 1 'Hello 21'
INFO  [1501739492:365411] [send_packet:48] src:7 dst:3 len:46
INFO  [1501739492:370790] [radio_read:91] src:7 dst:3 len:1 flags:1
INFO  [1501739492:370803] [mac_handle_ack:83] ACK status:ACK_OK retries:1
DATA send to 1 'Hello 22'
INFO  [1501739532:247535] [send_packet:48] src:7 dst:3 len:46
INFO  [1501739532:254015] [radio_read:91] src:7 dst:3 len:1 flags:1
INFO  [1501739532:254027] [mac_handle_ack:83] ACK status:ACK_OK retries:1
INFO  [1501739551:607088] [radio_read:91] src:3 dst:7 len:79 flags:0
INFO  [1501739559:20617] [radio_read:91] src:b dst:7 len:79 flags:0
INFO  [1501739577:652283] [send_packet:48] src:7 dst:b len:79
INFO  [1501739577:664144] [radio_read:91] src:7 dst:b len:1 flags:1
INFO  [1501739577:664157] [mac_handle_ack:83] ACK status:ACK_OK retries:2
DATA send to 1 'Hello 23'
INFO  [1501739618:686853] [send_packet:48] src:7 dst:3 len:46
INFO  [1501739618:693259] [radio_read:91] src:7 dst:3 len:1 flags:1
INFO  [1501739618:693268] [mac_handle_ack:83] ACK status:ACK_OK retries:1
INFO  [1501739619:915124] [radio_read:91] src:3 dst:7 len:79 flags:0
INFO  [1501739628:721219] [radio_read:91] src:6 dst:7 len:79 flags:0
DATA send to 1 'Hello 24'
INFO  [1501739634:66302] [send_packet:48] src:7 dst:3 len:46
INFO  [1501739634:77002] [radio_read:91] src:7 dst:3 len:1 flags:1
INFO  [1501739634:77012] [mac_handle_ack:83] ACK status:ACK_OK retries:1
INFO  [1501739678:268455] [send_packet:48] src:7 dst:3 len:53
INFO  [1501739678:275073] [radio_read:91] src:7 dst:3 len:1 flags:1
INFO  [1501739678:275083] [mac_handle_ack:83] ACK status:ACK_OK retries:1
INFO  [1501739683:75749] [send_packet:48] src:7 dst:6 len:79
INFO  [1501739683:84362] [radio_read:91] src:7 dst:6 len:1 flags:1
INFO  [1501739683:84373] [mac_handle_ack:83] ACK status:ACK_OK retries:1
INFO  [1501739688:753378] [radio_read:91] src:b dst:7 len:79 flags:0
INFO  [1501739699:830949] [radio_read:91] src:3 dst:7 len:79 flags:0
DATA send to 1 'Hello 25'
INFO  [1501739725:769079] [send_packet:48] src:7 dst:3 len:46
INFO  [1501739725:774478] [radio_read:91] src:7 dst:3 len:1 flags:1
INFO  [1501739725:774491] [mac_handle_ack:83] ACK status:ACK_OK retries:1
DATA send to 1 'Hello 26'
INFO  [1501739750:243702] [send_packet:48] src:7 dst:3 len:46
INFO  [1501739750:249074] [radio_read:91] src:7 dst:3 len:1 flags:1
INFO  [1501739750:249086] [mac_handle_ack:83] ACK status:ACK_OK retries:1
INFO  [1501739780:916976] [send_packet:48] src:7 dst:b len:79
INFO  [1501739780:928784] [radio_read:91] src:7 dst:b len:1 flags:1
INFO  [1501739780:928796] [mac_handle_ack:83] ACK status:ACK_OK retries:2
INFO  [1501739807:801469] [radio_read:91] src:3 dst:7 len:79 flags:0
DATA send to 1 'Hello 27'
INFO  [1501739840:542234] [send_packet:48] src:7 dst:3 len:46
INFO  [1501739840:547674] [radio_read:91] src:7 dst:3 len:1 flags:1
INFO  [1501739840:547687] [mac_handle_ack:83] ACK status:ACK_OK retries:1
INFO  [1501739869:538411] [send_packet:48] src:7 dst:6 len:79
INFO  [1501739869:547213] [radio_read:91] src:7 dst:6 len:1 flags:1
INFO  [1501739869:547227] [mac_handle_ack:83] ACK status:ACK_OK retries:1
INFO  [1501739874:521568] [radio_read:91] src:b dst:ffff len:80 flags:0
INFO  [1501739875:844368] [radio_read:91] src:6 dst:ffff len:80 flags:0
INFO  [1501739905:298485] [radio_read:91] src:6 dst:7 len:79 flags:0
INFO  [1501739911:894973] [radio_read:91] src:b dst:7 len:79 flags:0
INFO  [1501739925:621558] [radio_read:91] src:3 dst:7 len:79 flags:0
DATA send to 1 'Hello 28'
INFO  [1501739927:559616] [send_packet:48] src:7 dst:3 len:46
INFO  [1501739927:566066] [radio_read:91] src:7 dst:3 len:1 flags:1
INFO  [1501739927:566076] [mac_handle_ack:83] ACK status:ACK_OK retries:1
DATA send to 1 'Hello 29'
INFO  [1501739956:763820] [send_packet:48] src:7 dst:3 len:46
INFO  [1501739956:769246] [radio_read:91] src:7 dst:3 len:1 flags:1
INFO  [1501739956:769257] [mac_handle_ack:83] ACK status:ACK_OK retries:1
INFO  [1501739959:616789] [send_packet:48] src:7 dst:b len:79
INFO  [1501739959:623304] [radio_read:91] src:7 dst:b len:1 flags:1
INFO  [1501739959:623318] [mac_handle_ack:83] ACK status:ACK_OK retries:1
INFO  [1501739986:889562] [radio_read:91] src:6 dst:7 len:79 flags:0
DATA send to 1 'Hello 30'
INFO  [1501740005:556504] [send_packet:48] src:7 dst:3 len:46
INFO  [1501740005:562959] [radio_read:91] src:7 dst:3 len:1 flags:1
INFO  [1501740005:562969] [mac_handle_ack:83] ACK status:ACK_OK retries:1
INFO  [1501740014:83992] [send_packet:48] src:7 dst:3 len:53
INFO  [1501740014:89431] [radio_read:91] src:7 dst:3 len:1 flags:1
INFO  [1501740014:89442] [mac_handle_ack:83] ACK status:ACK_OK retries:1
INFO  [1501740027:323612] [radio_read:91] src:3 dst:7 len:79 flags:0
INFO  [1501740041:600424] [send_packet:48] src:7 dst:ffff len:80
INFO  [1501740083:624004] [send_packet:48] src:7 dst:6 len:79
INFO  [1501740083:631631] [radio_read:91] src:7 dst:6 len:1 flags:1
INFO  [1501740083:631648] [mac_handle_ack:83] ACK status:ACK_OK retries:1
DATA send to 1 'Hello 31'
INFO  [1501740093:742183] [send_packet:48] src:7 dst:3 len:46
INFO  [1501740093:748800] [radio_read:91] src:7 dst:3 len:1 flags:1
INFO  [1501740093:748814] [mac_handle_ack:83] ACK status:ACK_OK retries:1
INFO  [1501740103:631005] [radio_read:91] src:3 dst:7 len:79 flags:0
INFO  [1501740128:797208] [radio_read:91] src:b dst:7 len:79 flags:0
DATA send to 1 'Hello 32'
INFO  [1501740137:840289] [send_packet:48] src:7 dst:3 len:46
INFO  [1501740137:846819] [radio_read:91] src:7 dst:3 len:1 flags:1
INFO  [1501740137:846828] [mac_handle_ack:83] ACK status:ACK_OK retries:1
INFO  [1501740150:94673] [send_packet:48] src:7 dst:b len:79
INFO  [1501740150:101280] [radio_read:91] src:7 dst:b len:1 flags:1
INFO  [1501740150:101292] [mac_handle_ack:83] ACK status:ACK_OK retries:1
INFO  [1501740226:74227] [radio_read:91] src:3 dst:7 len:79 flags:0
DATA send to 1 'Hello 33'
INFO  [1501740227:982082] [send_packet:48] src:7 dst:3 len:46
INFO  [1501740227:987437] [radio_read:91] src:7 dst:3 len:1 flags:1
INFO  [1501740227:987448] [mac_handle_ack:83] ACK status:ACK_OK retries:1
INFO  [1501740228:659220] [send_packet:48] src:7 dst:3 len:53
INFO  [1501740228:665747] [radio_read:91] src:7 dst:3 len:1 flags:1
INFO  [1501740228:665760] [mac_handle_ack:83] ACK status:ACK_OK retries:1
INFO  [1501740230:3915] [send_packet:48] src:7 dst:6 len:79
INFO  [1501740230:11478] [radio_read:91] src:7 dst:6 len:1 flags:1
INFO  [1501740230:11488] [mac_handle_ack:83] ACK status:ACK_OK retries:1
INFO  [1501740239:994776] [radio_read:91] src:6 dst:7 len:79 flags:0
INFO  [1501740262:418037] [radio_read:91] src:3 dst:ffff len:80 flags:0
DATA send to 1 'Hello 34'
INFO  [1501740270:671610] [send_packet:48] src:7 dst:3 len:46
INFO  [1501740270:678049] [radio_read:91] src:7 dst:3 len:1 flags:1
INFO  [1501740270:678079] [mac_handle_ack:83] ACK status:ACK_OK retries:1
