Contiki-3.x-3272-gbcd9e94 started with IPV6, RPL
INFO  [1501738188:556873] [main:110] Using node id=19
INFO  [1501738188:556908] [main:114] MAC wfmac RDC nullrdc NETWORK sicslowpan
INFO  [1501738188:556910] [main:115] route_table_max_sz=100,nbr_table_max_sz=100
Tentative link-local IPv6 address fe80:0000:0000:0000:0302:0304:0506:0013
UDP client process started nbr:100 routes:100
Client IPv6 addresses: fd00::302:304:506:13
fe80::302:304:506:13
Created a connection with the server :: local/remote port 8765/5678
INFO  [1501738189:556652] [send_packet:48] src:13 dst:ffff len:10
INFO  [1501738208:580847] [radio_read:91] src:12 dst:ffff len:80 flags:0
INFO  [1501738209:607470] [radio_read:91] src:f dst:ffff len:80 flags:0
INFO  [1501738210:914783] [send_packet:48] src:13 dst:ffff len:80
INFO  [1501738211:211468] [send_packet:48] src:13 dst:12 len:53
INFO  [1501738211:220126] [radio_read:91] src:13 dst:12 len:1 flags:1
INFO  [1501738211:220149] [mac_handle_ack:83] ACK status:ACK_OK retries:1
INFO  [1501738216:624524] [radio_read:91] src:12 dst:ffff len:80 flags:0
INFO  [1501738216:857415] [radio_read:91] src:f dst:ffff len:80 flags:0
INFO  [1501738216:857438] [send_packet:48] src:13 dst:12 len:53
INFO  [1501738216:864940] [radio_read:91] src:13 dst:12 len:1 flags:1
INFO  [1501738216:864953] [mac_handle_ack:83] ACK status:ACK_OK retries:1
INFO  [1501738217:815080] [send_packet:48] src:13 dst:f len:79
INFO  [1501738217:820463] [radio_read:91] src:13 dst:f len:1 flags:1
INFO  [1501738217:820475] [mac_handle_ack:83] ACK status:ACK_OK retries:1
INFO  [1501738220:132792] [send_packet:48] src:13 dst:ffff len:80
INFO  [1501738221:569679] [send_packet:48] src:13 dst:f len:53
INFO  [1501738221:576225] [radio_read:91] src:13 dst:f len:1 flags:1
INFO  [1501738221:576238] [mac_handle_ack:83] ACK status:ACK_OK retries:1
INFO  [1501738223:493547] [radio_read:91] src:12 dst:ffff len:80 flags:0
INFO  [1501738227:387280] [send_packet:48] src:13 dst:ffff len:80
INFO  [1501738231:894221] [send_packet:48] src:13 dst:f len:79
INFO  [1501738231:899747] [radio_read:91] src:13 dst:f len:1 flags:1
INFO  [1501738231:899763] [mac_handle_ack:83] ACK status:ACK_OK retries:1
INFO  [1501738233:995039] [radio_read:91] src:f dst:ffff len:80 flags:0
INFO  [1501738234:421101] [send_packet:48] src:13 dst:f len:79
INFO  [1501738234:428637] [radio_read:91] src:13 dst:f len:1 flags:1
INFO  [1501738234:428652] [mac_handle_ack:83] ACK status:ACK_OK retries:1
INFO  [1501738239:727212] [send_packet:48] src:13 dst:ffff len:80
INFO  [1501738241:803295] [radio_read:91] src:12 dst:ffff len:80 flags:0
INFO  [1501738245:391474] [send_packet:48] src:13 dst:12 len:79
INFO  [1501738245:399097] [radio_read:91] src:13 dst:12 len:1 flags:1
INFO  [1501738245:399110] [mac_handle_ack:83] ACK status:ACK_OK retries:1
INFO  [1501738250:799766] [send_packet:48] src:13 dst:12 len:79
INFO  [1501738250:814061] [radio_read:91] src:13 dst:12 len:1 flags:1
INFO  [1501738250:814082] [mac_handle_ack:83] ACK status:ACK_OK retries:2
INFO  [1501738251:556299] [send_packet:48] src:13 dst:f len:53
INFO  [1501738251:563811] [radio_read:91] src:13 dst:f len:1 flags:1
INFO  [1501738251:563826] [mac_handle_ack:83] ACK status:ACK_OK retries:1
INFO  [1501738255:447061] [send_packet:48] src:13 dst:ffff len:80
INFO  [1501738257:430710] [send_packet:48] src:13 dst:12 len:53
INFO  [1501738257:437163] [radio_read:91] src:13 dst:12 len:1 flags:1
INFO  [1501738257:437175] [mac_handle_ack:83] ACK status:ACK_OK retries:1
INFO  [1501738259:148088] [radio_read:91] src:f dst:ffff len:80 flags:0
INFO  [1501738261:587151] [send_packet:48] src:13 dst:ffff len:80
INFO  [1501738271:556196] [radio_read:91] src:12 dst:ffff len:80 flags:0
INFO  [1501738275:746657] [send_packet:48] src:13 dst:ffff len:80
DATA send to 1 'Hello 1'
INFO  [1501738304:225960] [send_packet:48] src:13 dst:12 len:45
INFO  [1501738304:232383] [radio_read:91] src:13 dst:12 len:1 flags:1
INFO  [1501738304:232392] [mac_handle_ack:83] ACK status:ACK_OK retries:1
INFO  [1501738304:684552] [radio_read:91] src:f dst:ffff len:80 flags:0
INFO  [1501738307:112246] [send_packet:48] src:13 dst:ffff len:80
INFO  [1501738331:325250] [send_packet:48] src:13 dst:f len:79
INFO  [1501738331:332787] [radio_read:91] src:13 dst:f len:1 flags:1
INFO  [1501738331:332797] [mac_handle_ack:83] ACK status:ACK_OK retries:1
INFO  [1501738336:598750] [radio_read:91] src:12 dst:ffff len:80 flags:0
INFO  [1501738340:979216] [send_packet:48] src:13 dst:12 len:53
INFO  [1501738340:985691] [radio_read:91] src:13 dst:12 len:1 flags:1
INFO  [1501738340:985706] [mac_handle_ack:83] ACK status:ACK_OK retries:1
DATA send to 1 'Hello 2'
INFO  [1501738343:787594] [send_packet:48] src:13 dst:12 len:45
INFO  [1501738343:794006] [radio_read:91] src:13 dst:12 len:1 flags:1
INFO  [1501738343:794018] [mac_handle_ack:83] ACK status:ACK_OK retries:1
INFO  [1501738347:310237] [send_packet:48] src:13 dst:ffff len:80
INFO  [1501738365:620052] [radio_read:91] src:f dst:13 len:79 flags:0
DATA send to 1 'Hello 3'
INFO  [1501738371:320534] [send_packet:48] src:13 dst:12 len:45
INFO  [1501738371:328187] [radio_read:91] src:13 dst:12 len:1 flags:1
INFO  [1501738371:328198] [mac_handle_ack:83] ACK status:ACK_OK retries:1
INFO  [1501738393:830508] [send_packet:48] src:13 dst:f len:79
INFO  [1501738393:837075] [radio_read:91] src:13 dst:f len:1 flags:1
INFO  [1501738393:837092] [mac_handle_ack:83] ACK status:ACK_OK retries:1
INFO  [1501738414:878620] [radio_read:91] src:12 dst:13 len:79 flags:0
INFO  [1501738453:520035] [send_packet:48] src:13 dst:ffff len:80
DATA send to 1 'Hello 4'
INFO  [1501738454:669418] [send_packet:48] src:13 dst:12 len:45
INFO  [1501738454:676930] [radio_read:91] src:13 dst:12 len:1 flags:1
INFO  [1501738454:676941] [mac_handle_ack:83] ACK status:ACK_OK retries:1
INFO  [1501738488:481385] [send_packet:48] src:13 dst:f len:79
INFO  [1501738488:487900] [radio_read:91] src:13 dst:f len:1 flags:1
INFO  [1501738488:487914] [mac_handle_ack:83] ACK status:ACK_OK retries:1
DATA send to 1 'Hello 5'
INFO  [1501738533:790278] [send_packet:48] src:13 dst:12 len:45
INFO  [1501738533:795624] [radio_read:91] src:13 dst:12 len:1 flags:1
INFO  [1501738533:795636] [mac_handle_ack:83] ACK status:ACK_OK retries:1
INFO  [1501738565:934358] [send_packet:48] src:13 dst:f len:79
INFO  [1501738565:942047] [radio_read:91] src:13 dst:f len:1 flags:1
INFO  [1501738565:942057] [mac_handle_ack:83] ACK status:ACK_OK retries:1
INFO  [1501738591:9149] [radio_read:91] src:12 dst:13 len:79 flags:0
INFO  [1501738595:346234] [radio_read:91] src:f dst:13 len:79 flags:0
DATA send to 1 'Hello 6'
INFO  [1501738602:11877] [send_packet:48] src:13 dst:12 len:45
INFO  [1501738602:16217] [radio_read:91] src:13 dst:12 len:1 flags:1
INFO  [1501738602:16229] [mac_handle_ack:83] ACK status:ACK_OK retries:1
DATA send to 1 'Hello 7'
INFO  [1501738612:842220] [send_packet:48] src:13 dst:12 len:45
INFO  [1501738612:847596] [radio_read:91] src:13 dst:12 len:1 flags:1
INFO  [1501738612:847611] [mac_handle_ack:83] ACK status:ACK_OK retries:1
INFO  [1501738647:523514] [send_packet:48] src:13 dst:f len:79
INFO  [1501738647:531108] [radio_read:91] src:13 dst:f len:1 flags:1
INFO  [1501738647:531124] [mac_handle_ack:83] ACK status:ACK_OK retries:1
INFO  [1501738647:597750] [radio_read:91] src:f dst:ffff len:80 flags:0
DATA send to 1 'Hello 8'
INFO  [1501738684:208828] [send_packet:48] src:13 dst:12 len:45
INFO  [1501738684:215299] [radio_read:91] src:13 dst:12 len:1 flags:1
INFO  [1501738684:215310] [mac_handle_ack:83] ACK status:ACK_OK retries:1
INFO  [1501738686:794532] [send_packet:48] src:13 dst:12 len:53
INFO  [1501738686:799992] [radio_read:91] src:13 dst:12 len:1 flags:1
INFO  [1501738686:800003] [mac_handle_ack:83] ACK status:ACK_OK retries:1
INFO  [1501738719:234936] [send_packet:48] src:13 dst:f len:79
INFO  [1501738719:241402] [radio_read:91] src:13 dst:f len:1 flags:1
INFO  [1501738719:241416] [mac_handle_ack:83] ACK status:ACK_OK retries:1
INFO  [1501738741:525910] [radio_read:91] src:f dst:13 len:79 flags:0
INFO  [1501738751:787979] [send_packet:48] src:13 dst:ffff len:80
DATA send to 1 'Hello 9'
INFO  [1501738777:97886] [send_packet:48] src:13 dst:12 len:45
INFO  [1501738777:104304] [radio_read:91] src:13 dst:12 len:1 flags:1
INFO  [1501738777:104313] [mac_handle_ack:83] ACK status:ACK_OK retries:1
INFO  [1501738787:724472] [radio_read:91] src:12 dst:13 len:79 flags:0
INFO  [1501738791:358584] [send_packet:48] src:13 dst:12 len:53
INFO  [1501738791:365104] [radio_read:91] src:13 dst:12 len:1 flags:1
INFO  [1501738791:365115] [mac_handle_ack:83] ACK status:ACK_OK retries:1
DATA send to 1 'Hello 10'
INFO  [1501738800:626027] [send_packet:48] src:13 dst:12 len:46
INFO  [1501738800:631462] [radio_read:91] src:13 dst:12 len:1 flags:1
INFO  [1501738800:631474] [mac_handle_ack:83] ACK status:ACK_OK retries:1
INFO  [1501738815:413051] [send_packet:48] src:13 dst:f len:79
INFO  [1501738815:420603] [radio_read:91] src:13 dst:f len:1 flags:1
INFO  [1501738815:420616] [mac_handle_ack:83] ACK status:ACK_OK retries:1
DATA send to 1 'Hello 11'
INFO  [1501738863:719220] [send_packet:48] src:13 dst:12 len:46
INFO  [1501738863:723515] [radio_read:91] src:13 dst:12 len:1 flags:1
INFO  [1501738863:723525] [mac_handle_ack:83] ACK status:ACK_OK retries:1
DATA send to 1 'Hello 12'
INFO  [1501738913:901356] [send_packet:48] src:13 dst:12 len:46
INFO  [1501738913:908947] [radio_read:91] src:13 dst:12 len:1 flags:1
INFO  [1501738913:908959] [mac_handle_ack:83] ACK status:ACK_OK retries:1
INFO  [1501738923:88138] [send_packet:48] src:13 dst:f len:79
INFO  [1501738923:101008] [radio_read:91] src:13 dst:f len:1 flags:1
INFO  [1501738923:101024] [mac_handle_ack:83] ACK status:ACK_OK retries:2
INFO  [1501738963:754893] [radio_read:91] src:12 dst:13 len:79 flags:0
INFO  [1501738970:648994] [radio_read:91] src:f dst:13 len:79 flags:0
DATA send to 1 'Hello 13'
INFO  [1501739024:97227] [send_packet:48] src:13 dst:12 len:46
INFO  [1501739024:102566] [radio_read:91] src:13 dst:12 len:1 flags:1
INFO  [1501739024:102579] [mac_handle_ack:83] ACK status:ACK_OK retries:1
INFO  [1501739040:631595] [send_packet:48] src:13 dst:f len:79
INFO  [1501739040:645655] [radio_read:91] src:13 dst:f len:1 flags:1
INFO  [1501739040:645669] [mac_handle_ack:83] ACK status:ACK_OK retries:2
DATA send to 1 'Hello 14'
INFO  [1501739075:964928] [send_packet:48] src:13 dst:12 len:46
INFO  [1501739075:970302] [radio_read:91] src:13 dst:12 len:1 flags:1
INFO  [1501739075:970319] [mac_handle_ack:83] ACK status:ACK_OK retries:1
INFO  [1501739093:184520] [radio_read:91] src:f dst:ffff len:80 flags:0
INFO  [1501739100:168452] [send_packet:48] src:13 dst:12 len:53
INFO  [1501739100:173838] [radio_read:91] src:13 dst:12 len:1 flags:1
INFO  [1501739100:173850] [mac_handle_ack:83] ACK status:ACK_OK retries:1
DATA send to 1 'Hello 15'
INFO  [1501739105:79035] [send_packet:48] src:13 dst:12 len:46
INFO  [1501739105:85463] [radio_read:91] src:13 dst:12 len:1 flags:1
INFO  [1501739105:85473] [mac_handle_ack:83] ACK status:ACK_OK retries:1
INFO  [1501739139:581353] [send_packet:48] src:13 dst:f len:79
INFO  [1501739139:587858] [radio_read:91] src:13 dst:f len:1 flags:1
INFO  [1501739139:587868] [mac_handle_ack:83] ACK status:ACK_OK retries:1
INFO  [1501739145:913044] [radio_read:91] src:f dst:13 len:79 flags:0
INFO  [1501739155:195455] [radio_read:91] src:12 dst:13 len:79 flags:0
DATA send to 1 'Hello 16'
INFO  [1501739155:827254] [send_packet:48] src:13 dst:12 len:46
INFO  [1501739155:833720] [radio_read:91] src:13 dst:12 len:1 flags:1
INFO  [1501739155:833733] [mac_handle_ack:83] ACK status:ACK_OK retries:1
INFO  [1501739159:124729] [send_packet:48] src:13 dst:12 len:53
INFO  [1501739159:136570] [radio_read:91] src:13 dst:12 len:1 flags:1
INFO  [1501739159:136582] [mac_handle_ack:83] ACK status:ACK_OK retries:2
INFO  [1501739225:587384] [send_packet:48] src:13 dst:ffff len:80
INFO  [1501739233:558431] [send_packet:48] src:13 dst:f len:79
INFO  [1501739233:564887] [radio_read:91] src:13 dst:f len:1 flags:1
INFO  [1501739233:564896] [mac_handle_ack:83] ACK status:ACK_OK retries:1
DATA send to 1 'Hello 17'
INFO  [1501739261:488613] [send_packet:48] src:13 dst:12 len:46
INFO  [1501739261:493962] [radio_read:91] src:13 dst:12 len:1 flags:1
INFO  [1501739261:493972] [mac_handle_ack:83] ACK status:ACK_OK retries:1
INFO  [1501739288:797403] [radio_read:91] src:f dst:13 len:79 flags:0
DATA send to 1 'Hello 18'
INFO  [1501739298:911936] [send_packet:48] src:13 dst:12 len:46
INFO  [1501739298:920528] [radio_read:91] src:13 dst:12 len:1 flags:1
INFO  [1501739298:920539] [mac_handle_ack:83] ACK status:ACK_OK retries:2
INFO  [1501739319:740628] [send_packet:48] src:13 dst:f len:79
INFO  [1501739319:747138] [radio_read:91] src:13 dst:f len:1 flags:1
INFO  [1501739319:747148] [mac_handle_ack:83] ACK status:ACK_OK retries:1
DATA send to 1 'Hello 19'
INFO  [1501739352:95737] [send_packet:48] src:13 dst:12 len:46
INFO  [1501739352:103200] [radio_read:91] src:13 dst:12 len:1 flags:1
INFO  [1501739352:103210] [mac_handle_ack:83] ACK status:ACK_OK retries:1
INFO  [1501739371:754381] [radio_read:91] src:12 dst:13 len:79 flags:0
DATA send to 1 'Hello 20'
INFO  [1501739401:33942] [send_packet:48] src:13 dst:12 len:46
INFO  [1501739401:39295] [radio_read:91] src:13 dst:12 len:1 flags:1
INFO  [1501739401:39309] [mac_handle_ack:83] ACK status:ACK_OK retries:1
INFO  [1501739418:284214] [radio_read:91] src:f dst:13 len:79 flags:0
INFO  [1501739422:761842] [send_packet:48] src:13 dst:f len:79
INFO  [1501739422:768277] [radio_read:91] src:13 dst:f len:1 flags:1
INFO  [1501739422:768291] [mac_handle_ack:83] ACK status:ACK_OK retries:1
INFO  [1501739477:91435] [send_packet:48] src:13 dst:12 len:53
INFO  [1501739477:99815] [radio_read:91] src:13 dst:12 len:1 flags:1
INFO  [1501739477:99828] [mac_handle_ack:83] ACK status:ACK_OK retries:1
INFO  [1501739488:687241] [send_packet:48] src:13 dst:f len:79
INFO  [1501739488:695828] [radio_read:91] src:13 dst:f len:1 flags:1
INFO  [1501739488:695849] [mac_handle_ack:83] ACK status:ACK_OK retries:1
DATA send to 1 'Hello 21'
INFO  [1501739490:667433] [send_packet:48] src:13 dst:12 len:46
INFO  [1501739490:673875] [radio_read:91] src:13 dst:12 len:1 flags:1
INFO  [1501739490:673886] [mac_handle_ack:83] ACK status:ACK_OK retries:1
INFO  [1501739523:39397] [radio_read:91] src:12 dst:13 len:79 flags:0
INFO  [1501739526:199088] [send_packet:48] src:13 dst:12 len:53
INFO  [1501739526:205554] [radio_read:91] src:13 dst:12 len:1 flags:1
INFO  [1501739526:205570] [mac_handle_ack:83] ACK status:ACK_OK retries:1
DATA send to 1 'Hello 22'
INFO  [1501739529:167104] [send_packet:48] src:13 dst:12 len:46
INFO  [1501739529:172495] [radio_read:91] src:13 dst:12 len:1 flags:1
INFO  [1501739529:172507] [mac_handle_ack:83] ACK status:ACK_OK retries:1
INFO  [1501739547:337350] [radio_read:91] src:f dst:13 len:79 flags:0
DATA send to 1 'Hello 23'
INFO  [1501739573:811640] [send_packet:48] src:13 dst:12 len:46
INFO  [1501739573:821292] [radio_read:91] src:13 dst:12 len:1 flags:1
INFO  [1501739573:821305] [mac_handle_ack:83] ACK status:ACK_OK retries:2
INFO  [1501739596:898000] [send_packet:48] src:13 dst:f len:79
INFO  [1501739596:905610] [radio_read:91] src:13 dst:f len:1 flags:1
INFO  [1501739596:905622] [mac_handle_ack:83] ACK status:ACK_OK retries:1
INFO  [1501739675:195462] [radio_read:91] src:12 dst:13 len:79 flags:0
DATA send to 1 'Hello 24'
INFO  [1501739681:219271] [send_packet:48] src:13 dst:12 len:46
INFO  [1501739681:225707] [radio_read:91] src:13 dst:12 len:1 flags:1
INFO  [1501739681:225716] [mac_handle_ack:83] ACK status:ACK_OK retries:1
INFO  [1501739700:458162] [send_packet:48] src:13 dst:f len:79
INFO  [1501739700:464643] [radio_read:91] src:13 dst:f len:1 flags:1
INFO  [1501739700:464664] [mac_handle_ack:83] ACK status:ACK_OK retries:1
DATA send to 1 'Hello 25'
INFO  [1501739715:182414] [send_packet:48] src:13 dst:12 len:46
INFO  [1501739715:188878] [radio_read:91] src:13 dst:12 len:1 flags:1
INFO  [1501739715:188896] [mac_handle_ack:83] ACK status:ACK_OK retries:1
INFO  [1501739728:959528] [radio_read:91] src:f dst:13 len:79 flags:0
INFO  [1501739764:108197] [send_packet:48] src:13 dst:f len:79
INFO  [1501739764:115712] [radio_read:91] src:13 dst:f len:1 flags:1
INFO  [1501739764:115722] [mac_handle_ack:83] ACK status:ACK_OK retries:1
INFO  [1501739801:495466] [radio_read:91] src:12 dst:ffff len:80 flags:0
DATA send to 1 'Hello 26'
INFO  [1501739802:755779] [send_packet:48] src:13 dst:12 len:46
INFO  [1501739802:763401] [radio_read:91] src:13 dst:12 len:1 flags:1
INFO  [1501739802:763414] [mac_handle_ack:83] ACK status:ACK_OK retries:1
DATA send to 1 'Hello 27'
INFO  [1501739810:27063] [send_packet:48] src:13 dst:12 len:46
INFO  [1501739810:32435] [radio_read:91] src:13 dst:12 len:1 flags:1
INFO  [1501739810:32447] [mac_handle_ack:83] ACK status:ACK_OK retries:1
INFO  [1501739861:735661] [send_packet:48] src:13 dst:f len:79
INFO  [1501739861:743192] [radio_read:91] src:13 dst:f len:1 flags:1
INFO  [1501739861:743202] [mac_handle_ack:83] ACK status:ACK_OK retries:1
INFO  [1501739868:16719] [radio_read:91] src:12 dst:13 len:79 flags:0
INFO  [1501739876:594420] [send_packet:48] src:13 dst:12 len:53
INFO  [1501739876:601954] [radio_read:91] src:13 dst:12 len:1 flags:1
INFO  [1501739876:601965] [mac_handle_ack:83] ACK status:ACK_OK retries:1
INFO  [1501739894:359462] [radio_read:91] src:f dst:13 len:79 flags:0
DATA send to 1 'Hello 28'
INFO  [1501739917:421714] [send_packet:48] src:13 dst:12 len:46
INFO  [1501739917:432556] [radio_read:91] src:13 dst:12 len:1 flags:1
INFO  [1501739917:432569] [mac_handle_ack:83] ACK status:ACK_OK retries:2
DATA send to 1 'Hello 29'
INFO  [1501739948:727697] [send_packet:48] src:13 dst:12 len:46
INFO  [1501739948:733025] [radio_read:91] src:13 dst:12 len:1 flags:1
INFO  [1501739948:733037] [mac_handle_ack:83] ACK status:ACK_OK retries:1
INFO  [1501739981:259858] [send_packet:48] src:13 dst:f len:79
INFO  [1501739981:267422] [radio_read:91] src:13 dst:f len:1 flags:1
INFO  [1501739981:267433] [mac_handle_ack:83] ACK status:ACK_OK retries:1
DATA send to 1 'Hello 30'
INFO  [1501739990:561681] [send_packet:48] src:13 dst:12 len:46
INFO  [1501739990:568128] [radio_read:91] src:13 dst:12 len:1 flags:1
INFO  [1501739990:568137] [mac_handle_ack:83] ACK status:ACK_OK retries:1
INFO  [1501739993:871102] [send_packet:48] src:13 dst:ffff len:80
INFO  [1501740033:986961] [radio_read:91] src:f dst:ffff len:80 flags:0
INFO  [1501740051:825544] [radio_read:91] src:12 dst:13 len:79 flags:0
INFO  [1501740076:677338] [send_packet:48] src:13 dst:f len:79
INFO  [1501740076:683868] [radio_read:91] src:13 dst:f len:1 flags:1
INFO  [1501740076:683885] [mac_handle_ack:83] ACK status:ACK_OK retries:1
INFO  [1501740100:851866] [radio_read:91] src:f dst:13 len:79 flags:0
DATA send to 1 'Hello 31'
INFO  [1501740105:262477] [send_packet:48] src:13 dst:12 len:46
INFO  [1501740105:268942] [radio_read:91] src:13 dst:12 len:1 flags:1
INFO  [1501740105:268954] [mac_handle_ack:83] ACK status:ACK_OK retries:1
DATA send to 1 'Hello 32'
INFO  [1501740125:759050] [send_packet:48] src:13 dst:12 len:46
INFO  [1501740125:765478] [radio_read:91] src:13 dst:12 len:1 flags:1
INFO  [1501740125:765491] [mac_handle_ack:83] ACK status:ACK_OK retries:1
INFO  [1501740145:625050] [send_packet:48] src:13 dst:f len:79
INFO  [1501740145:632596] [radio_read:91] src:13 dst:f len:1 flags:1
INFO  [1501740145:632612] [mac_handle_ack:83] ACK status:ACK_OK retries:1
INFO  [1501740190:319755] [send_packet:48] src:13 dst:12 len:53
INFO  [1501740190:325174] [radio_read:91] src:13 dst:12 len:1 flags:1
INFO  [1501740190:325186] [mac_handle_ack:83] ACK status:ACK_OK retries:1
INFO  [1501740216:488341] [radio_read:91] src:12 dst:13 len:79 flags:0
DATA send to 1 'Hello 33'
INFO  [1501740224:224990] [send_packet:48] src:13 dst:12 len:46
INFO  [1501740224:229278] [radio_read:91] src:13 dst:12 len:1 flags:1
INFO  [1501740224:229287] [mac_handle_ack:83] ACK status:ACK_OK retries:1
INFO  [1501740237:840040] [radio_read:91] src:f dst:13 len:79 flags:0
INFO  [1501740256:683535] [send_packet:48] src:13 dst:f len:79
INFO  [1501740256:692208] [radio_read:91] src:13 dst:f len:1 flags:1
INFO  [1501740256:692224] [mac_handle_ack:83] ACK status:ACK_OK retries:1
DATA send to 1 'Hello 34'
INFO  [1501740262:288445] [send_packet:48] src:13 dst:12 len:46
INFO  [1501740262:293769] [radio_read:91] src:13 dst:12 len:1 flags:1
INFO  [1501740262:293779] [mac_handle_ack:83] ACK status:ACK_OK retries:1
