Contiki-3.x-3272-gbcd9e94 started with IPV6, RPL
INFO  [1501738188:538504] [main:110] Using node id=3
INFO  [1501738188:538522] [main:114] MAC wfmac RDC nullrdc NETWORK sicslowpan
INFO  [1501738188:538524] [main:115] route_table_max_sz=100,nbr_table_max_sz=100
Tentative link-local IPv6 address fe80:0000:0000:0000:0302:0304:0506:0003
UDP client process started nbr:100 routes:100
Client IPv6 addresses: fd00::302:304:506:3
fe80::302:304:506:3
Created a connection with the server :: local/remote port 8765/5678
INFO  [1501738189:539116] [send_packet:48] src:3 dst:ffff len:10
INFO  [1501738198:867856] [radio_read:91] src:2 dst:ffff len:80 flags:0
INFO  [1501738201:23724] [send_packet:48] src:3 dst:2 len:53
INFO  [1501738201:30091] [radio_read:91] src:3 dst:2 len:1 flags:1
INFO  [1501738201:30110] [mac_handle_ack:83] ACK status:ACK_OK retries:1
INFO  [1501738201:389025] [send_packet:48] src:3 dst:ffff len:80
INFO  [1501738203:426340] [send_packet:48] src:3 dst:2 len:79
INFO  [1501738203:432835] [radio_read:91] src:3 dst:2 len:1 flags:1
INFO  [1501738203:432848] [mac_handle_ack:83] ACK status:ACK_OK retries:1
INFO  [1501738203:661047] [radio_read:91] src:7 dst:ffff len:80 flags:0
INFO  [1501738204:273888] [send_packet:48] src:3 dst:2 len:79
INFO  [1501738204:281444] [radio_read:91] src:3 dst:2 len:1 flags:1
INFO  [1501738204:281456] [mac_handle_ack:83] ACK status:ACK_OK retries:1
INFO  [1501738205:44118] [send_packet:48] src:3 dst:2 len:79
INFO  [1501738205:51675] [radio_read:91] src:3 dst:2 len:1 flags:1
INFO  [1501738205:51688] [mac_handle_ack:83] ACK status:ACK_OK retries:1
INFO  [1501738205:63469] [radio_read:91] src:7 dst:3 len:53 flags:0
INFO  [1501738205:63503] [send_packet:48] src:3 dst:2 len:53
INFO  [1501738205:69944] [radio_read:91] src:3 dst:2 len:1 flags:1
INFO  [1501738205:69963] [mac_handle_ack:83] ACK status:ACK_OK retries:1
INFO  [1501738205:520732] [radio_read:91] src:2 dst:ffff len:80 flags:0
INFO  [1501738209:219980] [send_packet:48] src:3 dst:ffff len:80
INFO  [1501738209:512626] [send_packet:48] src:3 dst:2 len:53
INFO  [1501738209:517964] [radio_read:91] src:3 dst:2 len:1 flags:1
INFO  [1501738209:517976] [mac_handle_ack:83] ACK status:ACK_OK retries:1
INFO  [1501738211:803526] [radio_read:91] src:7 dst:ffff len:80 flags:0
INFO  [1501738213:735558] [radio_read:91] src:7 dst:3 len:79 flags:0
INFO  [1501738214:953203] [radio_read:91] src:7 dst:3 len:53 flags:0
INFO  [1501738214:953229] [send_packet:48] src:3 dst:2 len:53
INFO  [1501738214:958588] [radio_read:91] src:3 dst:2 len:1 flags:1
INFO  [1501738214:958598] [mac_handle_ack:83] ACK status:ACK_OK retries:1
INFO  [1501738217:861103] [radio_read:91] src:7 dst:3 len:79 flags:0
INFO  [1501738219:15529] [radio_read:91] src:2 dst:ffff len:80 flags:0
INFO  [1501738222:678173] [send_packet:48] src:3 dst:ffff len:80
INFO  [1501738228:836823] [radio_read:91] src:7 dst:ffff len:80 flags:0
INFO  [1501738248:44056] [radio_read:91] src:7 dst:ffff len:80 flags:0
INFO  [1501738248:349516] [send_packet:48] src:3 dst:ffff len:80
INFO  [1501738250:219858] [radio_read:91] src:2 dst:ffff len:80 flags:0
DATA send to 1 'Hello 1'
INFO  [1501738257:277317] [send_packet:48] src:3 dst:2 len:45
INFO  [1501738257:284874] [radio_read:91] src:3 dst:2 len:1 flags:1
INFO  [1501738257:284886] [mac_handle_ack:83] ACK status:ACK_OK retries:1
INFO  [1501738286:128142] [radio_read:91] src:7 dst:3 len:45 flags:0
INFO  [1501738286:128165] [send_packet:48] src:3 dst:2 len:54
INFO  [1501738286:132440] [radio_read:91] src:3 dst:2 len:1 flags:1
INFO  [1501738286:132448] [mac_handle_ack:83] ACK status:ACK_OK retries:1
INFO  [1501738292:707794] [radio_read:91] src:2 dst:ffff len:80 flags:0
INFO  [1501738296:273881] [send_packet:48] src:3 dst:2 len:53
INFO  [1501738296:279193] [radio_read:91] src:3 dst:2 len:1 flags:1
INFO  [1501738296:279203] [mac_handle_ack:83] ACK status:ACK_OK retries:1
INFO  [1501738297:821556] [send_packet:48] src:3 dst:7 len:79
INFO  [1501738297:828031] [radio_read:91] src:3 dst:7 len:1 flags:1
INFO  [1501738297:828041] [mac_handle_ack:83] ACK status:ACK_OK retries:1
INFO  [1501738297:967153] [send_packet:48] src:3 dst:ffff len:80
INFO  [1501738303:399585] [radio_read:91] src:7 dst:3 len:53 flags:0
INFO  [1501738303:399612] [send_packet:48] src:3 dst:2 len:53
INFO  [1501738303:404937] [radio_read:91] src:3 dst:2 len:1 flags:1
INFO  [1501738303:404946] [mac_handle_ack:83] ACK status:ACK_OK retries:1
INFO  [1501738308:730309] [radio_read:91] src:7 dst:3 len:45 flags:0
INFO  [1501738308:730332] [send_packet:48] src:3 dst:2 len:54
INFO  [1501738308:734603] [radio_read:91] src:3 dst:2 len:1 flags:1
INFO  [1501738308:734612] [mac_handle_ack:83] ACK status:ACK_OK retries:1
INFO  [1501738315:832598] [radio_read:91] src:7 dst:ffff len:80 flags:0
INFO  [1501738323:418492] [radio_read:91] src:2 dst:3 len:79 flags:0
DATA send to 1 'Hello 2'
INFO  [1501738358:887530] [send_packet:48] src:3 dst:2 len:45
INFO  [1501738358:895126] [radio_read:91] src:3 dst:2 len:1 flags:1
INFO  [1501738358:895141] [mac_handle_ack:83] ACK status:ACK_OK retries:1
DATA send to 1 'Hello 3'
INFO  [1501738373:998948] [send_packet:48] src:3 dst:2 len:45
INFO  [1501738374:4377] [radio_read:91] src:3 dst:2 len:1 flags:1
INFO  [1501738374:4388] [mac_handle_ack:83] ACK status:ACK_OK retries:1
INFO  [1501738379:949058] [radio_read:91] src:7 dst:3 len:45 flags:0
INFO  [1501738379:949080] [send_packet:48] src:3 dst:2 len:54
INFO  [1501738379:960884] [radio_read:91] src:3 dst:2 len:1 flags:1
INFO  [1501738379:960900] [mac_handle_ack:83] ACK status:ACK_OK retries:2
INFO  [1501738407:182901] [radio_read:91] src:2 dst:ffff len:80 flags:0
INFO  [1501738409:956976] [send_packet:48] src:3 dst:7 len:79
INFO  [1501738409:963534] [radio_read:91] src:3 dst:7 len:1 flags:1
INFO  [1501738409:963543] [mac_handle_ack:83] ACK status:ACK_OK retries:1
INFO  [1501738419:901089] [send_packet:48] src:3 dst:ffff len:80
INFO  [1501738428:137421] [radio_read:91] src:7 dst:ffff len:80 flags:0
DATA send to 1 'Hello 4'
INFO  [1501738448:489052] [send_packet:48] src:3 dst:2 len:45
INFO  [1501738448:495513] [radio_read:91] src:3 dst:2 len:1 flags:1
INFO  [1501738448:495538] [mac_handle_ack:83] ACK status:ACK_OK retries:1
INFO  [1501738477:608105] [radio_read:91] src:7 dst:3 len:45 flags:0
INFO  [1501738477:608129] [send_packet:48] src:3 dst:2 len:54
INFO  [1501738477:613467] [radio_read:91] src:3 dst:2 len:1 flags:1
INFO  [1501738477:613479] [mac_handle_ack:83] ACK status:ACK_OK retries:1
INFO  [1501738493:517098] [radio_read:91] src:2 dst:3 len:79 flags:0
INFO  [1501738497:715374] [send_packet:48] src:3 dst:2 len:53
INFO  [1501738497:721791] [radio_read:91] src:3 dst:2 len:1 flags:1
INFO  [1501738497:721814] [mac_handle_ack:83] ACK status:ACK_OK retries:1
INFO  [1501738511:555588] [send_packet:48] src:3 dst:7 len:79
INFO  [1501738511:563176] [radio_read:91] src:3 dst:7 len:1 flags:1
INFO  [1501738511:563183] [mac_handle_ack:83] ACK status:ACK_OK retries:1
INFO  [1501738513:917893] [radio_read:91] src:7 dst:3 len:45 flags:0
INFO  [1501738513:917913] [send_packet:48] src:3 dst:2 len:54
INFO  [1501738513:923251] [radio_read:91] src:3 dst:2 len:1 flags:1
INFO  [1501738513:923260] [mac_handle_ack:83] ACK status:ACK_OK retries:1
INFO  [1501738514:882905] [radio_read:91] src:7 dst:3 len:53 flags:0
INFO  [1501738514:882928] [send_packet:48] src:3 dst:2 len:53
INFO  [1501738514:889272] [radio_read:91] src:3 dst:2 len:1 flags:1
INFO  [1501738514:889281] [mac_handle_ack:83] ACK status:ACK_OK retries:1
DATA send to 1 'Hello 5'
INFO  [1501738519:88159] [send_packet:48] src:3 dst:2 len:45
INFO  [1501738519:94836] [radio_read:91] src:3 dst:2 len:1 flags:1
INFO  [1501738519:94849] [mac_handle_ack:83] ACK status:ACK_OK retries:1
DATA send to 1 'Hello 6'
INFO  [1501738568:620830] [send_packet:48] src:3 dst:2 len:45
INFO  [1501738568:625138] [radio_read:91] src:3 dst:2 len:1 flags:1
INFO  [1501738568:625149] [mac_handle_ack:83] ACK status:ACK_OK retries:1
INFO  [1501738577:985253] [radio_read:91] src:7 dst:3 len:45 flags:0
INFO  [1501738577:985276] [send_packet:48] src:3 dst:2 len:54
INFO  [1501738577:991664] [radio_read:91] src:3 dst:2 len:1 flags:1
INFO  [1501738577:991675] [mac_handle_ack:83] ACK status:ACK_OK retries:1
INFO  [1501738586:798294] [radio_read:91] src:2 dst:3 len:79 flags:0
INFO  [1501738613:848425] [radio_read:91] src:7 dst:3 len:45 flags:0
INFO  [1501738613:848453] [send_packet:48] src:3 dst:2 len:54
INFO  [1501738613:857090] [radio_read:91] src:3 dst:2 len:1 flags:1
INFO  [1501738613:857103] [mac_handle_ack:83] ACK status:ACK_OK retries:2
DATA send to 1 'Hello 7'
INFO  [1501738620:270159] [send_packet:48] src:3 dst:2 len:45
INFO  [1501738620:274483] [radio_read:91] src:3 dst:2 len:1 flags:1
INFO  [1501738620:274494] [mac_handle_ack:83] ACK status:ACK_OK retries:1
INFO  [1501738625:76239] [send_packet:48] src:3 dst:ffff len:80
INFO  [1501738626:49133] [send_packet:48] src:3 dst:7 len:79
INFO  [1501738626:55617] [radio_read:91] src:3 dst:7 len:1 flags:1
INFO  [1501738626:55627] [mac_handle_ack:83] ACK status:ACK_OK retries:1
INFO  [1501738645:547430] [radio_read:91] src:2 dst:ffff len:80 flags:0
INFO  [1501738647:891725] [send_packet:48] src:3 dst:2 len:53
INFO  [1501738647:897094] [radio_read:91] src:3 dst:2 len:1 flags:1
INFO  [1501738647:897106] [mac_handle_ack:83] ACK status:ACK_OK retries:1
INFO  [1501738664:565207] [radio_read:91] src:2 dst:3 len:79 flags:0
DATA send to 1 'Hello 8'
INFO  [1501738672:354563] [send_packet:48] src:3 dst:2 len:45
INFO  [1501738672:361026] [radio_read:91] src:3 dst:2 len:1 flags:1
INFO  [1501738672:361038] [mac_handle_ack:83] ACK status:ACK_OK retries:1
INFO  [1501738681:345991] [radio_read:91] src:7 dst:3 len:45 flags:0
INFO  [1501738681:346016] [send_packet:48] src:3 dst:2 len:54
INFO  [1501738681:353552] [radio_read:91] src:3 dst:2 len:1 flags:1
INFO  [1501738681:353563] [mac_handle_ack:83] ACK status:ACK_OK retries:1
INFO  [1501738701:562291] [radio_read:91] src:7 dst:ffff len:80 flags:0
DATA send to 1 'Hello 9'
INFO  [1501738735:155244] [send_packet:48] src:3 dst:2 len:45
INFO  [1501738735:161698] [radio_read:91] src:3 dst:2 len:1 flags:1
INFO  [1501738735:161709] [mac_handle_ack:83] ACK status:ACK_OK retries:1
INFO  [1501738735:773144] [send_packet:48] src:3 dst:7 len:79
INFO  [1501738735:778605] [radio_read:91] src:3 dst:7 len:1 flags:1
INFO  [1501738735:778615] [mac_handle_ack:83] ACK status:ACK_OK retries:1
INFO  [1501738740:767294] [radio_read:91] src:7 dst:3 len:53 flags:0
INFO  [1501738740:767317] [send_packet:48] src:3 dst:2 len:53
INFO  [1501738740:771560] [radio_read:91] src:3 dst:2 len:1 flags:1
INFO  [1501738740:771569] [mac_handle_ack:83] ACK status:ACK_OK retries:1
INFO  [1501738772:964404] [radio_read:91] src:7 dst:3 len:45 flags:0
INFO  [1501738772:964424] [send_packet:48] src:3 dst:2 len:54
INFO  [1501738772:971900] [radio_read:91] src:3 dst:2 len:1 flags:1
INFO  [1501738772:971911] [mac_handle_ack:83] ACK status:ACK_OK retries:1
INFO  [1501738804:800023] [send_packet:48] src:3 dst:7 len:79
INFO  [1501738804:807642] [radio_read:91] src:3 dst:7 len:1 flags:1
INFO  [1501738804:807657] [mac_handle_ack:83] ACK status:ACK_OK retries:1
INFO  [1501738806:633137] [radio_read:91] src:7 dst:3 len:46 flags:0
INFO  [1501738806:633159] [send_packet:48] src:3 dst:2 len:55
INFO  [1501738806:638517] [radio_read:91] src:3 dst:2 len:1 flags:1
INFO  [1501738806:638528] [mac_handle_ack:83] ACK status:ACK_OK retries:1
DATA send to 1 'Hello 10'
INFO  [1501738821:797990] [send_packet:48] src:3 dst:2 len:46
INFO  [1501738821:803379] [radio_read:91] src:3 dst:2 len:1 flags:1
INFO  [1501738821:803390] [mac_handle_ack:83] ACK status:ACK_OK retries:1
INFO  [1501738875:18486] [radio_read:91] src:7 dst:3 len:46 flags:0
INFO  [1501738875:18508] [send_packet:48] src:3 dst:2 len:55
INFO  [1501738875:23839] [radio_read:91] src:3 dst:2 len:1 flags:1
INFO  [1501738875:23849] [mac_handle_ack:83] ACK status:ACK_OK retries:1
INFO  [1501738882:565369] [send_packet:48] src:3 dst:7 len:79
INFO  [1501738882:571892] [radio_read:91] src:3 dst:7 len:1 flags:1
INFO  [1501738882:571905] [mac_handle_ack:83] ACK status:ACK_OK retries:1
DATA send to 1 'Hello 11'
INFO  [1501738891:578234] [send_packet:48] src:3 dst:2 len:46
INFO  [1501738891:585770] [radio_read:91] src:3 dst:2 len:1 flags:1
INFO  [1501738891:585806] [mac_handle_ack:83] ACK status:ACK_OK retries:1
INFO  [1501738935:202799] [radio_read:91] src:7 dst:3 len:46 flags:0
INFO  [1501738935:202827] [send_packet:48] src:3 dst:2 len:55
INFO  [1501738935:213472] [radio_read:91] src:3 dst:2 len:1 flags:1
INFO  [1501738935:213482] [mac_handle_ack:83] ACK status:ACK_OK retries:2
DATA send to 1 'Hello 12'
INFO  [1501738946:347748] [send_packet:48] src:3 dst:2 len:46
INFO  [1501738946:353170] [radio_read:91] src:3 dst:2 len:1 flags:1
INFO  [1501738946:353182] [mac_handle_ack:83] ACK status:ACK_OK retries:1
INFO  [1501738947:109636] [send_packet:48] src:3 dst:7 len:79
INFO  [1501738947:118514] [radio_read:91] src:3 dst:7 len:1 flags:1
INFO  [1501738947:118531] [mac_handle_ack:83] ACK status:ACK_OK retries:1
INFO  [1501738951:505132] [radio_read:91] src:2 dst:3 len:79 flags:0
DATA send to 1 'Hello 13'
INFO  [1501738969:333043] [send_packet:48] src:3 dst:2 len:46
INFO  [1501738969:339684] [radio_read:91] src:3 dst:2 len:1 flags:1
INFO  [1501738969:339693] [mac_handle_ack:83] ACK status:ACK_OK retries:1
INFO  [1501738980:835202] [radio_read:91] src:2 dst:ffff len:80 flags:0
INFO  [1501738984:922530] [send_packet:48] src:3 dst:2 len:53
INFO  [1501738984:930056] [radio_read:91] src:3 dst:2 len:1 flags:1
INFO  [1501738984:930126] [mac_handle_ack:83] ACK status:ACK_OK retries:1
INFO  [1501738995:372287] [radio_read:91] src:7 dst:ffff len:80 flags:0
INFO  [1501739010:464353] [send_packet:48] src:3 dst:ffff len:80
INFO  [1501739024:495212] [radio_read:91] src:7 dst:3 len:46 flags:0
INFO  [1501739024:495237] [send_packet:48] src:3 dst:2 len:55
INFO  [1501739024:501644] [radio_read:91] src:3 dst:2 len:1 flags:1
INFO  [1501739024:501655] [mac_handle_ack:83] ACK status:ACK_OK retries:1
INFO  [1501739059:949832] [radio_read:91] src:7 dst:3 len:46 flags:0
INFO  [1501739059:949854] [send_packet:48] src:3 dst:2 len:55
INFO  [1501739059:955215] [radio_read:91] src:3 dst:2 len:1 flags:1
INFO  [1501739059:955226] [mac_handle_ack:83] ACK status:ACK_OK retries:1
INFO  [1501739062:3047] [send_packet:48] src:3 dst:7 len:79
INFO  [1501739062:10958] [radio_read:91] src:3 dst:7 len:1 flags:1
INFO  [1501739062:10970] [mac_handle_ack:83] ACK status:ACK_OK retries:1
INFO  [1501739081:823913] [radio_read:91] src:7 dst:3 len:53 flags:0
INFO  [1501739081:823946] [send_packet:48] src:3 dst:2 len:53
INFO  [1501739081:829325] [radio_read:91] src:3 dst:2 len:1 flags:1
INFO  [1501739081:829341] [mac_handle_ack:83] ACK status:ACK_OK retries:1
DATA send to 1 'Hello 14'
INFO  [1501739085:381910] [send_packet:48] src:3 dst:2 len:46
INFO  [1501739085:392602] [radio_read:91] src:3 dst:2 len:1 flags:1
INFO  [1501739085:392615] [mac_handle_ack:83] ACK status:ACK_OK retries:2
INFO  [1501739093:881001] [radio_read:91] src:7 dst:3 len:46 flags:0
INFO  [1501739093:881031] [send_packet:48] src:3 dst:2 len:55
INFO  [1501739093:886410] [radio_read:91] src:3 dst:2 len:1 flags:1
INFO  [1501739093:886426] [mac_handle_ack:83] ACK status:ACK_OK retries:1
INFO  [1501739094:13152] [radio_read:91] src:2 dst:3 len:79 flags:0
DATA send to 1 'Hello 15'
INFO  [1501739098:389697] [send_packet:48] src:3 dst:2 len:46
INFO  [1501739098:397171] [radio_read:91] src:3 dst:2 len:1 flags:1
INFO  [1501739098:397181] [mac_handle_ack:83] ACK status:ACK_OK retries:1
INFO  [1501739142:483221] [send_packet:48] src:3 dst:7 len:79
INFO  [1501739142:491876] [radio_read:91] src:3 dst:7 len:1 flags:1
INFO  [1501739142:491888] [mac_handle_ack:83] ACK status:ACK_OK retries:1
INFO  [1501739165:313197] [radio_read:91] src:7 dst:3 len:46 flags:0
INFO  [1501739165:313226] [send_packet:48] src:3 dst:2 len:55
INFO  [1501739165:318557] [radio_read:91] src:3 dst:2 len:1 flags:1
INFO  [1501739165:318568] [mac_handle_ack:83] ACK status:ACK_OK retries:1
DATA send to 1 'Hello 16'
INFO  [1501739192:119278] [send_packet:48] src:3 dst:2 len:46
INFO  [1501739192:125680] [radio_read:91] src:3 dst:2 len:1 flags:1
INFO  [1501739192:125689] [mac_handle_ack:83] ACK status:ACK_OK retries:1
INFO  [1501739241:160144] [send_packet:48] src:3 dst:7 len:79
INFO  [1501739241:166671] [radio_read:91] src:3 dst:7 len:1 flags:1
INFO  [1501739241:166692] [mac_handle_ack:83] ACK status:ACK_OK retries:1
INFO  [1501739252:960219] [radio_read:91] src:2 dst:3 len:79 flags:0
INFO  [1501739254:750647] [radio_read:91] src:7 dst:3 len:46 flags:0
INFO  [1501739254:750673] [send_packet:48] src:3 dst:2 len:55
INFO  [1501739254:757087] [radio_read:91] src:3 dst:2 len:1 flags:1
INFO  [1501739254:757095] [mac_handle_ack:83] ACK status:ACK_OK retries:1
INFO  [1501739256:51029] [send_packet:48] src:3 dst:2 len:53
INFO  [1501739256:56408] [radio_read:91] src:3 dst:2 len:1 flags:1
INFO  [1501739256:56418] [mac_handle_ack:83] ACK status:ACK_OK retries:1
DATA send to 1 'Hello 17'
INFO  [1501739258:652136] [send_packet:48] src:3 dst:2 len:46
INFO  [1501739258:657448] [radio_read:91] src:3 dst:2 len:1 flags:1
INFO  [1501739258:657456] [mac_handle_ack:83] ACK status:ACK_OK retries:1
DATA send to 1 'Hello 18'
INFO  [1501739297:193396] [send_packet:48] src:3 dst:2 len:46
INFO  [1501739297:199829] [radio_read:91] src:3 dst:2 len:1 flags:1
INFO  [1501739297:199839] [mac_handle_ack:83] ACK status:ACK_OK retries:1
INFO  [1501739315:278610] [radio_read:91] src:7 dst:3 len:46 flags:0
INFO  [1501739315:278632] [send_packet:48] src:3 dst:2 len:55
INFO  [1501739315:284018] [radio_read:91] src:3 dst:2 len:1 flags:1
INFO  [1501739315:284029] [mac_handle_ack:83] ACK status:ACK_OK retries:1
INFO  [1501739364:823295] [send_packet:48] src:3 dst:7 len:79
INFO  [1501739364:832066] [radio_read:91] src:3 dst:7 len:1 flags:1
INFO  [1501739364:832076] [mac_handle_ack:83] ACK status:ACK_OK retries:1
INFO  [1501739369:686896] [radio_read:91] src:7 dst:3 len:53 flags:0
INFO  [1501739369:686920] [send_packet:48] src:3 dst:2 len:53
INFO  [1501739369:693284] [radio_read:91] src:3 dst:2 len:1 flags:1
INFO  [1501739369:693293] [mac_handle_ack:83] ACK status:ACK_OK retries:1
DATA send to 1 'Hello 19'
INFO  [1501739385:5005] [send_packet:48] src:3 dst:2 len:46
INFO  [1501739385:10365] [radio_read:91] src:3 dst:2 len:1 flags:1
INFO  [1501739385:10378] [mac_handle_ack:83] ACK status:ACK_OK retries:1
INFO  [1501739388:520813] [radio_read:91] src:7 dst:3 len:46 flags:0
INFO  [1501739388:520833] [send_packet:48] src:3 dst:2 len:55
INFO  [1501739388:527209] [radio_read:91] src:3 dst:2 len:1 flags:1
INFO  [1501739388:527218] [mac_handle_ack:83] ACK status:ACK_OK retries:1
DATA send to 1 'Hello 20'
INFO  [1501739391:622965] [send_packet:48] src:3 dst:2 len:46
INFO  [1501739391:628306] [radio_read:91] src:3 dst:2 len:1 flags:1
INFO  [1501739391:628319] [mac_handle_ack:83] ACK status:ACK_OK retries:1
INFO  [1501739418:688719] [radio_read:91] src:7 dst:3 len:46 flags:0
INFO  [1501739418:688745] [send_packet:48] src:3 dst:2 len:55
INFO  [1501739418:695167] [radio_read:91] src:3 dst:2 len:1 flags:1
INFO  [1501739418:695178] [mac_handle_ack:83] ACK status:ACK_OK retries:1
INFO  [1501739443:685561] [radio_read:91] src:2 dst:3 len:79 flags:0
INFO  [1501739460:794041] [send_packet:48] src:3 dst:7 len:79
INFO  [1501739460:804893] [radio_read:91] src:3 dst:7 len:1 flags:1
INFO  [1501739460:804906] [mac_handle_ack:83] ACK status:ACK_OK retries:2
DATA send to 1 'Hello 21'
INFO  [1501739465:406040] [send_packet:48] src:3 dst:2 len:46
INFO  [1501739465:411349] [radio_read:91] src:3 dst:2 len:1 flags:1
INFO  [1501739465:411359] [mac_handle_ack:83] ACK status:ACK_OK retries:1
INFO  [1501739492:369405] [radio_read:91] src:7 dst:3 len:46 flags:0
INFO  [1501739492:369431] [send_packet:48] src:3 dst:2 len:55
INFO  [1501739492:374745] [radio_read:91] src:3 dst:2 len:1 flags:1
INFO  [1501739492:374760] [mac_handle_ack:83] ACK status:ACK_OK retries:1
DATA send to 1 'Hello 22'
INFO  [1501739513:845066] [send_packet:48] src:3 dst:2 len:46
INFO  [1501739513:850419] [radio_read:91] src:3 dst:2 len:1 flags:1
INFO  [1501739513:850434] [mac_handle_ack:83] ACK status:ACK_OK retries:1
INFO  [1501739532:252897] [radio_read:91] src:7 dst:3 len:46 flags:0
INFO  [1501739532:252931] [send_packet:48] src:3 dst:2 len:55
INFO  [1501739532:257188] [radio_read:91] src:3 dst:2 len:1 flags:1
INFO  [1501739532:257213] [mac_handle_ack:83] ACK status:ACK_OK retries:1
INFO  [1501739551:599533] [send_packet:48] src:3 dst:7 len:79
INFO  [1501739551:607167] [radio_read:91] src:3 dst:7 len:1 flags:1
INFO  [1501739551:607176] [mac_handle_ack:83] ACK status:ACK_OK retries:1
DATA send to 1 'Hello 23'
INFO  [1501739587:850764] [send_packet:48] src:3 dst:2 len:46
INFO  [1501739587:856200] [radio_read:91] src:3 dst:2 len:1 flags:1
INFO  [1501739587:856219] [mac_handle_ack:83] ACK status:ACK_OK retries:1
INFO  [1501739600:811849] [send_packet:48] src:3 dst:2 len:53
INFO  [1501739600:817282] [radio_read:91] src:3 dst:2 len:1 flags:1
INFO  [1501739600:817292] [mac_handle_ack:83] ACK status:ACK_OK retries:1
INFO  [1501739615:758263] [radio_read:91] src:2 dst:3 len:79 flags:0
INFO  [1501739618:691234] [radio_read:91] src:7 dst:3 len:46 flags:0
INFO  [1501739618:691254] [send_packet:48] src:3 dst:2 len:55
INFO  [1501739618:696583] [radio_read:91] src:3 dst:2 len:1 flags:1
INFO  [1501739618:696592] [mac_handle_ack:83] ACK status:ACK_OK retries:1
INFO  [1501739619:908662] [send_packet:48] src:3 dst:7 len:79
INFO  [1501739619:916325] [radio_read:91] src:3 dst:7 len:1 flags:1
INFO  [1501739619:916334] [mac_handle_ack:83] ACK status:ACK_OK retries:1
INFO  [1501739634:75964] [radio_read:91] src:7 dst:3 len:46 flags:0
INFO  [1501739634:75993] [send_packet:48] src:3 dst:2 len:55
INFO  [1501739634:81387] [radio_read:91] src:3 dst:2 len:1 flags:1
INFO  [1501739634:81396] [mac_handle_ack:83] ACK status:ACK_OK retries:1
INFO  [1501739678:273765] [radio_read:91] src:7 dst:3 len:53 flags:0
INFO  [1501739678:273791] [send_packet:48] src:3 dst:2 len:53
INFO  [1501739678:279104] [radio_read:91] src:3 dst:2 len:1 flags:1
INFO  [1501739678:279113] [mac_handle_ack:83] ACK status:ACK_OK retries:1
DATA send to 1 'Hello 24'
INFO  [1501739685:201990] [send_packet:48] src:3 dst:2 len:46
INFO  [1501739685:208401] [radio_read:91] src:3 dst:2 len:1 flags:1
INFO  [1501739685:208411] [mac_handle_ack:83] ACK status:ACK_OK retries:1
INFO  [1501739699:824433] [send_packet:48] src:3 dst:7 len:79
INFO  [1501739699:832078] [radio_read:91] src:3 dst:7 len:1 flags:1
INFO  [1501739699:832092] [mac_handle_ack:83] ACK status:ACK_OK retries:1
INFO  [1501739725:773441] [radio_read:91] src:7 dst:3 len:46 flags:0
INFO  [1501739725:773470] [send_packet:48] src:3 dst:2 len:55
INFO  [1501739725:777751] [radio_read:91] src:3 dst:2 len:1 flags:1
INFO  [1501739725:777763] [mac_handle_ack:83] ACK status:ACK_OK retries:1
DATA send to 1 'Hello 25'
INFO  [1501739735:452858] [send_packet:48] src:3 dst:2 len:46
INFO  [1501739735:460445] [radio_read:91] src:3 dst:2 len:1 flags:1
INFO  [1501739735:460466] [mac_handle_ack:83] ACK status:ACK_OK retries:1
INFO  [1501739750:247956] [radio_read:91] src:7 dst:3 len:46 flags:0
INFO  [1501739750:247981] [send_packet:48] src:3 dst:2 len:55
INFO  [1501739750:254409] [radio_read:91] src:3 dst:2 len:1 flags:1
INFO  [1501739750:254438] [mac_handle_ack:83] ACK status:ACK_OK retries:1
INFO  [1501739770:705474] [radio_read:91] src:2 dst:3 len:79 flags:0
DATA send to 1 'Hello 26'
INFO  [1501739772:308070] [send_packet:48] src:3 dst:2 len:46
INFO  [1501739772:312276] [radio_read:91] src:3 dst:2 len:1 flags:1
INFO  [1501739772:312286] [mac_handle_ack:83] ACK status:ACK_OK retries:1
INFO  [1501739807:794737] [send_packet:48] src:3 dst:7 len:79
INFO  [1501739807:802251] [radio_read:91] src:3 dst:7 len:1 flags:1
INFO  [1501739807:802263] [mac_handle_ack:83] ACK status:ACK_OK retries:1
DATA send to 1 'Hello 27'
INFO  [1501739839:715372] [send_packet:48] src:3 dst:2 len:46
INFO  [1501739839:721809] [radio_read:91] src:3 dst:2 len:1 flags:1
INFO  [1501739839:721822] [mac_handle_ack:83] ACK status:ACK_OK retries:1
INFO  [1501739840:545544] [radio_read:91] src:7 dst:3 len:46 flags:0
INFO  [1501739840:545567] [send_packet:48] src:3 dst:2 len:55
INFO  [1501739840:551964] [radio_read:91] src:3 dst:2 len:1 flags:1
INFO  [1501739840:551980] [mac_handle_ack:83] ACK status:ACK_OK retries:1
DATA send to 1 'Hello 28'
INFO  [1501739882:603376] [send_packet:48] src:3 dst:2 len:46
INFO  [1501739882:609875] [radio_read:91] src:3 dst:2 len:1 flags:1
INFO  [1501739882:609884] [mac_handle_ack:83] ACK status:ACK_OK retries:1
INFO  [1501739902:334906] [radio_read:91] src:2 dst:3 len:79 flags:0
INFO  [1501739902:581114] [send_packet:48] src:3 dst:2 len:53
INFO  [1501739902:588769] [radio_read:91] src:3 dst:2 len:1 flags:1
INFO  [1501739902:588781] [mac_handle_ack:83] ACK status:ACK_OK retries:1
INFO  [1501739925:616157] [send_packet:48] src:3 dst:7 len:79
INFO  [1501739925:622691] [radio_read:91] src:3 dst:7 len:1 flags:1
INFO  [1501739925:622703] [mac_handle_ack:83] ACK status:ACK_OK retries:1
INFO  [1501739927:564902] [radio_read:91] src:7 dst:3 len:46 flags:0
INFO  [1501739927:564923] [send_packet:48] src:3 dst:2 len:55
INFO  [1501739927:571290] [radio_read:91] src:3 dst:2 len:1 flags:1
INFO  [1501739927:571306] [mac_handle_ack:83] ACK status:ACK_OK retries:1
INFO  [1501739956:768045] [radio_read:91] src:7 dst:3 len:46 flags:0
INFO  [1501739956:768080] [send_packet:48] src:3 dst:2 len:55
INFO  [1501739956:774480] [radio_read:91] src:3 dst:2 len:1 flags:1
INFO  [1501739956:774490] [mac_handle_ack:83] ACK status:ACK_OK retries:1
DATA send to 1 'Hello 29'
INFO  [1501739962:532038] [send_packet:48] src:3 dst:2 len:46
INFO  [1501739962:537416] [radio_read:91] src:3 dst:2 len:1 flags:1
INFO  [1501739962:537426] [mac_handle_ack:83] ACK status:ACK_OK retries:1
DATA send to 1 'Hello 30'
INFO  [1501740000:604564] [send_packet:48] src:3 dst:2 len:46
INFO  [1501740000:609939] [radio_read:91] src:3 dst:2 len:1 flags:1
INFO  [1501740000:609949] [mac_handle_ack:83] ACK status:ACK_OK retries:1
INFO  [1501740005:561841] [radio_read:91] src:7 dst:3 len:46 flags:0
INFO  [1501740005:561862] [send_packet:48] src:3 dst:2 len:55
INFO  [1501740005:566157] [radio_read:91] src:3 dst:2 len:1 flags:1
INFO  [1501740005:566167] [mac_handle_ack:83] ACK status:ACK_OK retries:1
INFO  [1501740014:88223] [radio_read:91] src:7 dst:3 len:53 flags:0
INFO  [1501740014:88249] [send_packet:48] src:3 dst:2 len:53
INFO  [1501740014:93580] [radio_read:91] src:3 dst:2 len:1 flags:1
INFO  [1501740014:93592] [mac_handle_ack:83] ACK status:ACK_OK retries:1
INFO  [1501740027:317434] [send_packet:48] src:3 dst:7 len:79
INFO  [1501740027:324984] [radio_read:91] src:3 dst:7 len:1 flags:1
INFO  [1501740027:324994] [mac_handle_ack:83] ACK status:ACK_OK retries:1
INFO  [1501740041:606834] [radio_read:91] src:7 dst:ffff len:80 flags:0
DATA send to 1 'Hello 31'
INFO  [1501740089:259435] [send_packet:48] src:3 dst:2 len:46
INFO  [1501740089:266959] [radio_read:91] src:3 dst:2 len:1 flags:1
INFO  [1501740089:266971] [mac_handle_ack:83] ACK status:ACK_OK retries:1
INFO  [1501740093:746633] [radio_read:91] src:7 dst:3 len:46 flags:0
INFO  [1501740093:746664] [send_packet:48] src:3 dst:2 len:55
INFO  [1501740093:753132] [radio_read:91] src:3 dst:2 len:1 flags:1
INFO  [1501740093:753146] [mac_handle_ack:83] ACK status:ACK_OK retries:1
INFO  [1501740096:518998] [radio_read:91] src:2 dst:3 len:79 flags:0
INFO  [1501740103:626665] [send_packet:48] src:3 dst:7 len:79
INFO  [1501740103:632168] [radio_read:91] src:3 dst:7 len:1 flags:1
INFO  [1501740103:632182] [mac_handle_ack:83] ACK status:ACK_OK retries:1
DATA send to 1 'Hello 32'
INFO  [1501740119:694226] [send_packet:48] src:3 dst:2 len:46
INFO  [1501740119:699639] [radio_read:91] src:3 dst:2 len:1 flags:1
INFO  [1501740119:699652] [mac_handle_ack:83] ACK status:ACK_OK retries:1
INFO  [1501740137:845721] [radio_read:91] src:7 dst:3 len:46 flags:0
INFO  [1501740137:845742] [send_packet:48] src:3 dst:2 len:55
INFO  [1501740137:851076] [radio_read:91] src:3 dst:2 len:1 flags:1
INFO  [1501740137:851085] [mac_handle_ack:83] ACK status:ACK_OK retries:1
INFO  [1501740212:187426] [radio_read:91] src:2 dst:ffff len:80 flags:0
DATA send to 1 'Hello 33'
INFO  [1501740215:807205] [send_packet:48] src:3 dst:2 len:46
INFO  [1501740215:813629] [radio_read:91] src:3 dst:2 len:1 flags:1
INFO  [1501740215:813640] [mac_handle_ack:83] ACK status:ACK_OK retries:1
INFO  [1501740215:959436] [send_packet:48] src:3 dst:2 len:53
INFO  [1501740215:965936] [radio_read:91] src:3 dst:2 len:1 flags:1
INFO  [1501740215:965947] [mac_handle_ack:83] ACK status:ACK_OK retries:1
INFO  [1501740226:67840] [send_packet:48] src:3 dst:7 len:79
INFO  [1501740226:75350] [radio_read:91] src:3 dst:7 len:1 flags:1
INFO  [1501740226:75364] [mac_handle_ack:83] ACK status:ACK_OK retries:1
INFO  [1501740227:986158] [radio_read:91] src:7 dst:3 len:46 flags:0
INFO  [1501740227:986177] [send_packet:48] src:3 dst:2 len:55
INFO  [1501740227:992555] [radio_read:91] src:3 dst:2 len:1 flags:1
INFO  [1501740227:992565] [mac_handle_ack:83] ACK status:ACK_OK retries:1
INFO  [1501740228:664628] [radio_read:91] src:7 dst:3 len:53 flags:0
INFO  [1501740228:664651] [send_packet:48] src:3 dst:2 len:53
INFO  [1501740228:668912] [radio_read:91] src:3 dst:2 len:1 flags:1
INFO  [1501740228:668922] [mac_handle_ack:83] ACK status:ACK_OK retries:1
INFO  [1501740262:412157] [send_packet:48] src:3 dst:ffff len:80
INFO  [1501740270:676454] [radio_read:91] src:7 dst:3 len:46 flags:0
INFO  [1501740270:676475] [send_packet:48] src:3 dst:2 len:55
INFO  [1501740270:683930] [radio_read:91] src:3 dst:2 len:1 flags:1
INFO  [1501740270:683943] [mac_handle_ack:83] ACK status:ACK_OK retries:1
