Contiki-3.x-3272-gbcd9e94 started with IPV6, RPL
INFO  [1501738188:542030] [main:110] Using node id=6
INFO  [1501738188:542047] [main:114] MAC wfmac RDC nullrdc NETWORK sicslowpan
INFO  [1501738188:542049] [main:115] route_table_max_sz=100,nbr_table_max_sz=100
Tentative link-local IPv6 address fe80:0000:0000:0000:0302:0304:0506:0006
UDP client process started nbr:100 routes:100
Client IPv6 addresses: fd00::302:304:506:6
fe80::302:304:506:6
Created a connection with the server :: local/remote port 8765/5678
INFO  [1501738189:543832] [radio_read:91] src:5 dst:ffff len:10 flags:0
INFO  [1501738196:542411] [send_packet:48] src:6 dst:ffff len:10
INFO  [1501738198:573629] [radio_read:91] src:5 dst:ffff len:80 flags:0
INFO  [1501738198:867880] [radio_read:91] src:2 dst:ffff len:80 flags:0
INFO  [1501738201:602023] [send_packet:48] src:6 dst:ffff len:80
INFO  [1501738202:994299] [send_packet:48] src:6 dst:5 len:53
INFO  [1501738202:999652] [radio_read:91] src:6 dst:5 len:1 flags:1
INFO  [1501738202:999670] [mac_handle_ack:83] ACK status:ACK_OK retries:1
INFO  [1501738203:465847] [radio_read:91] src:a dst:ffff len:80 flags:0
INFO  [1501738203:661101] [radio_read:91] src:7 dst:ffff len:80 flags:0
INFO  [1501738203:682714] [send_packet:48] src:6 dst:5 len:79
INFO  [1501738203:691340] [radio_read:91] src:6 dst:5 len:1 flags:1
INFO  [1501738203:691356] [mac_handle_ack:83] ACK status:ACK_OK retries:1
INFO  [1501738205:520784] [radio_read:91] src:2 dst:ffff len:80 flags:0
INFO  [1501738206:159034] [radio_read:91] src:5 dst:ffff len:80 flags:0
INFO  [1501738210:82328] [send_packet:48] src:6 dst:ffff len:80
INFO  [1501738210:558793] [send_packet:48] src:6 dst:5 len:53
INFO  [1501738210:564124] [radio_read:91] src:6 dst:5 len:1 flags:1
INFO  [1501738210:564134] [mac_handle_ack:83] ACK status:ACK_OK retries:1
INFO  [1501738211:803578] [radio_read:91] src:7 dst:ffff len:80 flags:0
INFO  [1501738212:931096] [radio_read:91] src:a dst:ffff len:80 flags:0
INFO  [1501738218:907574] [send_packet:48] src:6 dst:5 len:79
INFO  [1501738218:914098] [radio_read:91] src:6 dst:5 len:1 flags:1
INFO  [1501738218:914111] [mac_handle_ack:83] ACK status:ACK_OK retries:1
INFO  [1501738219:15567] [radio_read:91] src:2 dst:ffff len:80 flags:0
INFO  [1501738222:923969] [radio_read:91] src:5 dst:ffff len:80 flags:0
INFO  [1501738224:328134] [send_packet:48] src:6 dst:ffff len:80
INFO  [1501738224:793700] [radio_read:91] src:a dst:ffff len:80 flags:0
INFO  [1501738228:531866] [send_packet:48] src:6 dst:5 len:53
INFO  [1501738228:538314] [radio_read:91] src:6 dst:5 len:1 flags:1
INFO  [1501738228:538327] [mac_handle_ack:83] ACK status:ACK_OK retries:1
INFO  [1501738228:836574] [radio_read:91] src:7 dst:ffff len:80 flags:0
INFO  [1501738243:517811] [radio_read:91] src:5 dst:ffff len:80 flags:0
INFO  [1501738245:820300] [send_packet:48] src:6 dst:5 len:53
INFO  [1501738245:826794] [radio_read:91] src:6 dst:5 len:1 flags:1
INFO  [1501738245:826807] [mac_handle_ack:83] ACK status:ACK_OK retries:1
DATA send to 1 'Hello 1'
INFO  [1501738249:699045] [send_packet:48] src:6 dst:5 len:45
INFO  [1501738249:703392] [radio_read:91] src:6 dst:5 len:1 flags:1
INFO  [1501738249:703404] [mac_handle_ack:83] ACK status:ACK_OK retries:1
INFO  [1501738250:219725] [radio_read:91] src:2 dst:ffff len:80 flags:0
INFO  [1501738252:451635] [send_packet:48] src:6 dst:ffff len:80
INFO  [1501738260:556939] [radio_read:91] src:a dst:ffff len:80 flags:0
INFO  [1501738290:391293] [radio_read:91] src:5 dst:ffff len:80 flags:0
INFO  [1501738292:707714] [radio_read:91] src:2 dst:ffff len:80 flags:0
INFO  [1501738298:143512] [send_packet:48] src:6 dst:ffff len:80
INFO  [1501738299:389223] [radio_read:91] src:a dst:6 len:79 flags:0
INFO  [1501738303:950515] [radio_read:91] src:7 dst:6 len:79 flags:0
INFO  [1501738315:832658] [radio_read:91] src:7 dst:ffff len:80 flags:0
INFO  [1501738320:21562] [radio_read:91] src:a dst:ffff len:80 flags:0
INFO  [1501738330:650811] [send_packet:48] src:6 dst:2 len:79
INFO  [1501738330:657320] [radio_read:91] src:6 dst:2 len:1 flags:1
INFO  [1501738330:657332] [mac_handle_ack:83] ACK status:ACK_OK retries:1
DATA send to 1 'Hello 2'
INFO  [1501738337:176310] [send_packet:48] src:6 dst:5 len:45
INFO  [1501738337:182760] [radio_read:91] src:6 dst:5 len:1 flags:1
INFO  [1501738337:182771] [mac_handle_ack:83] ACK status:ACK_OK retries:1
INFO  [1501738373:498208] [radio_read:91] src:7 dst:6 len:79 flags:0
INFO  [1501738406:823691] [send_packet:48] src:6 dst:2 len:79
INFO  [1501738406:832344] [radio_read:91] src:6 dst:2 len:1 flags:1
INFO  [1501738406:832354] [mac_handle_ack:83] ACK status:ACK_OK retries:1
INFO  [1501738407:183000] [radio_read:91] src:2 dst:ffff len:80 flags:0
INFO  [1501738407:660253] [radio_read:91] src:5 dst:ffff len:80 flags:0
INFO  [1501738420:863137] [radio_read:91] src:2 dst:6 len:79 flags:0
DATA send to 1 'Hello 3'
INFO  [1501738421:47554] [send_packet:48] src:6 dst:5 len:45
INFO  [1501738421:52916] [radio_read:91] src:6 dst:5 len:1 flags:1
INFO  [1501738421:52927] [mac_handle_ack:83] ACK status:ACK_OK retries:1
INFO  [1501738428:138505] [radio_read:91] src:7 dst:ffff len:80 flags:0
INFO  [1501738430:560876] [radio_read:91] src:a dst:ffff len:80 flags:0
INFO  [1501738444:469604] [send_packet:48] src:6 dst:ffff len:80
INFO  [1501738446:469740] [radio_read:91] src:5 dst:6 len:79 flags:0
INFO  [1501738450:865990] [send_packet:48] src:6 dst:5 len:53
INFO  [1501738450:873484] [radio_read:91] src:6 dst:5 len:1 flags:1
INFO  [1501738450:873494] [mac_handle_ack:83] ACK status:ACK_OK retries:1
DATA send to 1 'Hello 4'
INFO  [1501738475:532407] [send_packet:48] src:6 dst:5 len:45
INFO  [1501738475:537768] [radio_read:91] src:6 dst:5 len:1 flags:1
INFO  [1501738475:537781] [mac_handle_ack:83] ACK status:ACK_OK retries:1
INFO  [1501738476:58007] [send_packet:48] src:6 dst:a len:79
INFO  [1501738476:65627] [radio_read:91] src:6 dst:a len:1 flags:1
INFO  [1501738476:65639] [mac_handle_ack:83] ACK status:ACK_OK retries:1
INFO  [1501738506:327867] [radio_read:91] src:a dst:6 len:79 flags:0
DATA send to 1 'Hello 5'
INFO  [1501738526:629633] [send_packet:48] src:6 dst:5 len:45
INFO  [1501738526:636075] [radio_read:91] src:6 dst:5 len:1 flags:1
INFO  [1501738526:636086] [mac_handle_ack:83] ACK status:ACK_OK retries:1
INFO  [1501738552:28553] [send_packet:48] src:6 dst:2 len:79
INFO  [1501738552:36211] [radio_read:91] src:6 dst:2 len:1 flags:1
INFO  [1501738552:36222] [mac_handle_ack:83] ACK status:ACK_OK retries:1
DATA send to 1 'Hello 6'
INFO  [1501738552:390545] [send_packet:48] src:6 dst:5 len:45
INFO  [1501738552:395793] [radio_read:91] src:6 dst:5 len:1 flags:1
INFO  [1501738552:395802] [mac_handle_ack:83] ACK status:ACK_OK retries:1
INFO  [1501738589:516414] [radio_read:91] src:7 dst:6 len:79 flags:0
INFO  [1501738645:547362] [radio_read:91] src:2 dst:ffff len:80 flags:0
INFO  [1501738648:580486] [radio_read:91] src:a dst:ffff len:80 flags:0
DATA send to 1 'Hello 7'
INFO  [1501738649:61030] [send_packet:48] src:6 dst:5 len:45
INFO  [1501738649:67433] [radio_read:91] src:6 dst:5 len:1 flags:1
INFO  [1501738649:67444] [mac_handle_ack:83] ACK status:ACK_OK retries:1
INFO  [1501738657:775024] [send_packet:48] src:6 dst:7 len:79
INFO  [1501738657:780463] [radio_read:91] src:6 dst:7 len:1 flags:1
INFO  [1501738657:780473] [mac_handle_ack:83] ACK status:ACK_OK retries:1
INFO  [1501738683:544643] [radio_read:91] src:5 dst:ffff len:80 flags:0
INFO  [1501738688:457155] [send_packet:48] src:6 dst:5 len:53
INFO  [1501738688:468911] [radio_read:91] src:6 dst:5 len:1 flags:1
INFO  [1501738688:468924] [mac_handle_ack:83] ACK status:ACK_OK retries:2
INFO  [1501738691:644350] [radio_read:91] src:a dst:6 len:79 flags:0
INFO  [1501738705:226143] [send_packet:48] src:6 dst:ffff len:80
DATA send to 1 'Hello 8'
INFO  [1501738715:424971] [send_packet:48] src:6 dst:5 len:45
INFO  [1501738715:431421] [radio_read:91] src:6 dst:5 len:1 flags:1
INFO  [1501738715:431432] [mac_handle_ack:83] ACK status:ACK_OK retries:1
INFO  [1501738737:593674] [radio_read:91] src:7 dst:6 len:79 flags:0
INFO  [1501738747:517478] [radio_read:91] src:5 dst:6 len:79 flags:0
INFO  [1501738755:157863] [send_packet:48] src:6 dst:2 len:79
INFO  [1501738755:164380] [radio_read:91] src:6 dst:2 len:1 flags:1
INFO  [1501738755:164392] [mac_handle_ack:83] ACK status:ACK_OK retries:1
DATA send to 1 'Hello 9'
INFO  [1501738775:62205] [send_packet:48] src:6 dst:5 len:45
INFO  [1501738775:69752] [radio_read:91] src:6 dst:5 len:1 flags:1
INFO  [1501738775:69762] [mac_handle_ack:83] ACK status:ACK_OK retries:1
INFO  [1501738779:940001] [radio_read:91] src:2 dst:6 len:79 flags:0
INFO  [1501738817:999291] [send_packet:48] src:6 dst:a len:79
INFO  [1501738818:7128] [radio_read:91] src:6 dst:a len:1 flags:1
INFO  [1501738818:7145] [mac_handle_ack:83] ACK status:ACK_OK retries:1
DATA send to 1 'Hello 10'
INFO  [1501738843:365860] [send_packet:48] src:6 dst:5 len:46
INFO  [1501738843:373604] [radio_read:91] src:6 dst:5 len:1 flags:1
INFO  [1501738843:373614] [mac_handle_ack:83] ACK status:ACK_OK retries:1
INFO  [1501738844:353764] [radio_read:91] src:2 dst:6 len:79 flags:0
DATA send to 1 'Hello 11'
INFO  [1501738848:554317] [send_packet:48] src:6 dst:5 len:46
INFO  [1501738848:560877] [radio_read:91] src:6 dst:5 len:1 flags:1
INFO  [1501738848:560891] [mac_handle_ack:83] ACK status:ACK_OK retries:1
INFO  [1501738881:999758] [send_packet:48] src:6 dst:7 len:79
INFO  [1501738882:7351] [radio_read:91] src:6 dst:7 len:1 flags:1
INFO  [1501738882:7365] [mac_handle_ack:83] ACK status:ACK_OK retries:1
DATA send to 1 'Hello 12'
INFO  [1501738943:737361] [send_packet:48] src:6 dst:5 len:46
INFO  [1501738943:742751] [radio_read:91] src:6 dst:5 len:1 flags:1
INFO  [1501738943:742760] [mac_handle_ack:83] ACK status:ACK_OK retries:1
INFO  [1501738975:213852] [radio_read:91] src:7 dst:6 len:79 flags:0
INFO  [1501738980:835229] [radio_read:91] src:2 dst:ffff len:80 flags:0
INFO  [1501738995:372407] [radio_read:91] src:7 dst:ffff len:80 flags:0
DATA send to 1 'Hello 13'
INFO  [1501738996:88626] [send_packet:48] src:6 dst:5 len:46
INFO  [1501738996:95085] [radio_read:91] src:6 dst:5 len:1 flags:1
INFO  [1501738996:95100] [mac_handle_ack:83] ACK status:ACK_OK retries:1
INFO  [1501738999:382696] [send_packet:48] src:6 dst:2 len:79
INFO  [1501738999:391341] [radio_read:91] src:6 dst:2 len:1 flags:1
INFO  [1501738999:391354] [mac_handle_ack:83] ACK status:ACK_OK retries:1
INFO  [1501739001:528578] [radio_read:91] src:5 dst:6 len:79 flags:0
INFO  [1501739002:591825] [radio_read:91] src:a dst:6 len:79 flags:0
INFO  [1501739016:431905] [radio_read:91] src:2 dst:6 len:79 flags:0
INFO  [1501739026:292239] [send_packet:48] src:6 dst:5 len:53
INFO  [1501739026:299834] [radio_read:91] src:6 dst:5 len:1 flags:1
INFO  [1501739026:299853] [mac_handle_ack:83] ACK status:ACK_OK retries:1
INFO  [1501739027:253983] [radio_read:91] src:5 dst:ffff len:80 flags:0
DATA send to 1 'Hello 14'
INFO  [1501739054:348411] [send_packet:48] src:6 dst:5 len:46
INFO  [1501739054:354829] [radio_read:91] src:6 dst:5 len:1 flags:1
INFO  [1501739054:354842] [mac_handle_ack:83] ACK status:ACK_OK retries:1
DATA send to 1 'Hello 15'
INFO  [1501739093:231221] [send_packet:48] src:6 dst:5 len:46
INFO  [1501739093:236649] [radio_read:91] src:6 dst:5 len:1 flags:1
INFO  [1501739093:236664] [mac_handle_ack:83] ACK status:ACK_OK retries:1
INFO  [1501739097:675604] [send_packet:48] src:6 dst:a len:79
INFO  [1501739097:682262] [radio_read:91] src:6 dst:a len:1 flags:1
INFO  [1501739097:682276] [mac_handle_ack:83] ACK status:ACK_OK retries:1
INFO  [1501739113:267279] [send_packet:48] src:6 dst:ffff len:80
DATA send to 1 'Hello 16'
INFO  [1501739149:144676] [send_packet:48] src:6 dst:5 len:46
INFO  [1501739149:150011] [radio_read:91] src:6 dst:5 len:1 flags:1
INFO  [1501739149:150023] [mac_handle_ack:83] ACK status:ACK_OK retries:1
INFO  [1501739153:555322] [radio_read:91] src:7 dst:6 len:79 flags:0
INFO  [1501739162:484774] [radio_read:91] src:2 dst:6 len:79 flags:0
INFO  [1501739176:710771] [send_packet:48] src:6 dst:a len:79
INFO  [1501739176:716213] [radio_read:91] src:6 dst:a len:1 flags:1
INFO  [1501739176:716222] [mac_handle_ack:83] ACK status:ACK_OK retries:1
DATA send to 1 'Hello 17'
INFO  [1501739212:993661] [send_packet:48] src:6 dst:5 len:46
INFO  [1501739213:218] [radio_read:91] src:6 dst:5 len:1 flags:1
INFO  [1501739213:232] [mac_handle_ack:83] ACK status:ACK_OK retries:1
INFO  [1501739293:832021] [send_packet:48] src:6 dst:7 len:79
INFO  [1501739293:840833] [radio_read:91] src:6 dst:7 len:1 flags:1
INFO  [1501739293:840846] [mac_handle_ack:83] ACK status:ACK_OK retries:1
DATA send to 1 'Hello 18'
INFO  [1501739305:875073] [send_packet:48] src:6 dst:5 len:46
INFO  [1501739305:881486] [radio_read:91] src:6 dst:5 len:1 flags:1
INFO  [1501739305:881496] [mac_handle_ack:83] ACK status:ACK_OK retries:1
DATA send to 1 'Hello 19'
INFO  [1501739337:722372] [send_packet:48] src:6 dst:5 len:46
INFO  [1501739337:727708] [radio_read:91] src:6 dst:5 len:1 flags:1
INFO  [1501739337:727719] [mac_handle_ack:83] ACK status:ACK_OK retries:1
INFO  [1501739359:798133] [radio_read:91] src:7 dst:6 len:79 flags:0
INFO  [1501739360:786059] [send_packet:48] src:6 dst:2 len:79
INFO  [1501739360:791552] [radio_read:91] src:6 dst:2 len:1 flags:1
INFO  [1501739360:791562] [mac_handle_ack:83] ACK status:ACK_OK retries:1
INFO  [1501739363:72374] [send_packet:48] src:6 dst:5 len:53
INFO  [1501739363:78869] [radio_read:91] src:6 dst:5 len:1 flags:1
INFO  [1501739363:78880] [mac_handle_ack:83] ACK status:ACK_OK retries:1
INFO  [1501739375:945399] [radio_read:91] src:2 dst:6 len:79 flags:0
INFO  [1501739396:159141] [radio_read:91] src:5 dst:6 len:79 flags:0
INFO  [1501739396:163496] [radio_read:91] src:5 dst:6 len:79 flags:0
INFO  [1501739398:545813] [send_packet:48] src:6 dst:5 len:53
INFO  [1501739398:552278] [radio_read:91] src:6 dst:5 len:1 flags:1
INFO  [1501739398:552291] [mac_handle_ack:83] ACK status:ACK_OK retries:1
INFO  [1501739430:652029] [send_packet:48] src:6 dst:2 len:79
INFO  [1501739430:659598] [radio_read:91] src:6 dst:2 len:1 flags:1
INFO  [1501739430:659608] [mac_handle_ack:83] ACK status:ACK_OK retries:1
DATA send to 1 'Hello 20'
INFO  [1501739442:410102] [send_packet:48] src:6 dst:5 len:46
INFO  [1501739442:415480] [radio_read:91] src:6 dst:5 len:1 flags:1
INFO  [1501739442:415493] [mac_handle_ack:83] ACK status:ACK_OK retries:1
INFO  [1501739458:391619] [radio_read:91] src:a dst:6 len:79 flags:0
INFO  [1501739469:432106] [radio_read:91] src:7 dst:6 len:79 flags:0
DATA send to 1 'Hello 21'
INFO  [1501739469:560087] [send_packet:48] src:6 dst:5 len:46
INFO  [1501739469:565424] [radio_read:91] src:6 dst:5 len:1 flags:1
INFO  [1501739469:565435] [mac_handle_ack:83] ACK status:ACK_OK retries:1
DATA send to 1 'Hello 22'
INFO  [1501739509:251459] [send_packet:48] src:6 dst:5 len:46
INFO  [1501739509:256865] [radio_read:91] src:6 dst:5 len:1 flags:1
INFO  [1501739509:256877] [mac_handle_ack:83] ACK status:ACK_OK retries:1
INFO  [1501739536:2400] [radio_read:91] src:2 dst:6 len:79 flags:0
INFO  [1501739536:325339] [send_packet:48] src:6 dst:a len:79
INFO  [1501739536:331821] [radio_read:91] src:6 dst:a len:1 flags:1
INFO  [1501739536:331833] [mac_handle_ack:83] ACK status:ACK_OK retries:1
INFO  [1501739542:24581] [radio_read:91] src:a dst:6 len:79 flags:0
DATA send to 1 'Hello 23'
INFO  [1501739621:100128] [send_packet:48] src:6 dst:5 len:46
INFO  [1501739621:105503] [radio_read:91] src:6 dst:5 len:1 flags:1
INFO  [1501739621:105517] [mac_handle_ack:83] ACK status:ACK_OK retries:1
INFO  [1501739628:714812] [send_packet:48] src:6 dst:7 len:79
INFO  [1501739628:722437] [radio_read:91] src:6 dst:7 len:1 flags:1
INFO  [1501739628:722447] [mac_handle_ack:83] ACK status:ACK_OK retries:1
DATA send to 1 'Hello 24'
INFO  [1501739643:886357] [send_packet:48] src:6 dst:5 len:46
INFO  [1501739643:891686] [radio_read:91] src:6 dst:5 len:1 flags:1
INFO  [1501739643:891723] [mac_handle_ack:83] ACK status:ACK_OK retries:1
INFO  [1501739671:67888] [radio_read:91] src:5 dst:6 len:79 flags:0
INFO  [1501739683:82087] [radio_read:91] src:7 dst:6 len:79 flags:0
INFO  [1501739700:443001] [radio_read:91] src:2 dst:6 len:79 flags:0
INFO  [1501739720:87863] [send_packet:48] src:6 dst:2 len:79
INFO  [1501739720:94484] [radio_read:91] src:6 dst:2 len:1 flags:1
INFO  [1501739720:94498] [mac_handle_ack:83] ACK status:ACK_OK retries:1
INFO  [1501739734:436491] [send_packet:48] src:6 dst:5 len:53
INFO  [1501739734:446994] [radio_read:91] src:6 dst:5 len:1 flags:1
INFO  [1501739734:447007] [mac_handle_ack:83] ACK status:ACK_OK retries:1
DATA send to 1 'Hello 25'
INFO  [1501739742:179038] [send_packet:48] src:6 dst:5 len:46
INFO  [1501739742:185435] [radio_read:91] src:6 dst:5 len:1 flags:1
INFO  [1501739742:185448] [mac_handle_ack:83] ACK status:ACK_OK retries:1
DATA send to 1 'Hello 26'
INFO  [1501739760:161127] [send_packet:48] src:6 dst:5 len:46
INFO  [1501739760:165444] [radio_read:91] src:6 dst:5 len:1 flags:1
INFO  [1501739760:165455] [mac_handle_ack:83] ACK status:ACK_OK retries:1
DATA send to 1 'Hello 27'
INFO  [1501739819:218779] [send_packet:48] src:6 dst:5 len:46
INFO  [1501739819:224207] [radio_read:91] src:6 dst:5 len:1 flags:1
INFO  [1501739819:224220] [mac_handle_ack:83] ACK status:ACK_OK retries:1
INFO  [1501739826:9371] [radio_read:91] src:a dst:6 len:79 flags:0
INFO  [1501739837:264239] [send_packet:48] src:6 dst:a len:79
INFO  [1501739837:272918] [radio_read:91] src:6 dst:a len:1 flags:1
INFO  [1501739837:272931] [mac_handle_ack:83] ACK status:ACK_OK retries:1
INFO  [1501739841:565538] [radio_read:91] src:2 dst:6 len:79 flags:0
INFO  [1501739869:545076] [radio_read:91] src:7 dst:6 len:79 flags:0
DATA send to 1 'Hello 28'
INFO  [1501739870:804376] [send_packet:48] src:6 dst:5 len:46
INFO  [1501739870:811776] [radio_read:91] src:6 dst:5 len:1 flags:1
INFO  [1501739870:811788] [mac_handle_ack:83] ACK status:ACK_OK retries:1
INFO  [1501739875:838957] [send_packet:48] src:6 dst:ffff len:80
INFO  [1501739905:293097] [send_packet:48] src:6 dst:7 len:79
INFO  [1501739905:299625] [radio_read:91] src:6 dst:7 len:1 flags:1
INFO  [1501739905:299639] [mac_handle_ack:83] ACK status:ACK_OK retries:1
DATA send to 1 'Hello 29'
INFO  [1501739968:137754] [send_packet:48] src:6 dst:5 len:46
INFO  [1501739968:143237] [radio_read:91] src:6 dst:5 len:1 flags:1
INFO  [1501739968:143247] [mac_handle_ack:83] ACK status:ACK_OK retries:1
INFO  [1501739975:530423] [radio_read:91] src:5 dst:6 len:79 flags:0
INFO  [1501739986:884096] [send_packet:48] src:6 dst:7 len:79
INFO  [1501739986:890676] [radio_read:91] src:6 dst:7 len:1 flags:1
INFO  [1501739986:890687] [mac_handle_ack:83] ACK status:ACK_OK retries:1
INFO  [1501740019:10532] [radio_read:91] src:2 dst:6 len:79 flags:0
DATA send to 1 'Hello 30'
INFO  [1501740037:316473] [send_packet:48] src:6 dst:5 len:46
INFO  [1501740037:322812] [radio_read:91] src:6 dst:5 len:1 flags:1
INFO  [1501740037:322824] [mac_handle_ack:83] ACK status:ACK_OK retries:1
INFO  [1501740041:606887] [radio_read:91] src:7 dst:ffff len:80 flags:0
INFO  [1501740075:427950] [send_packet:48] src:6 dst:2 len:79
INFO  [1501740075:439859] [radio_read:91] src:6 dst:2 len:1 flags:1
INFO  [1501740075:439873] [mac_handle_ack:83] ACK status:ACK_OK retries:2
INFO  [1501740077:844502] [radio_read:91] src:a dst:6 len:79 flags:0
INFO  [1501740083:629420] [radio_read:91] src:7 dst:6 len:79 flags:0
INFO  [1501740087:229021] [send_packet:48] src:6 dst:5 len:53
INFO  [1501740087:237739] [radio_read:91] src:6 dst:5 len:1 flags:1
INFO  [1501740087:237752] [mac_handle_ack:83] ACK status:ACK_OK retries:1
INFO  [1501740092:80355] [radio_read:91] src:5 dst:ffff len:80 flags:0
DATA send to 1 'Hello 31'
INFO  [1501740095:526320] [send_packet:48] src:6 dst:5 len:46
INFO  [1501740095:534857] [radio_read:91] src:6 dst:5 len:1 flags:1
INFO  [1501740095:534871] [mac_handle_ack:83] ACK status:ACK_OK retries:1
DATA send to 1 'Hello 32'
INFO  [1501740137:801641] [send_packet:48] src:6 dst:5 len:46
INFO  [1501740137:807037] [radio_read:91] src:6 dst:5 len:1 flags:1
INFO  [1501740137:807048] [mac_handle_ack:83] ACK status:ACK_OK retries:1
INFO  [1501740163:610437] [radio_read:91] src:2 dst:6 len:79 flags:0
INFO  [1501740170:592292] [send_packet:48] src:6 dst:a len:79
INFO  [1501740170:599884] [radio_read:91] src:6 dst:a len:1 flags:1
INFO  [1501740170:599894] [mac_handle_ack:83] ACK status:ACK_OK retries:1
DATA send to 1 'Hello 33'
INFO  [1501740176:448977] [send_packet:48] src:6 dst:5 len:46
INFO  [1501740176:454371] [radio_read:91] src:6 dst:5 len:1 flags:1
INFO  [1501740176:454379] [mac_handle_ack:83] ACK status:ACK_OK retries:1
INFO  [1501740212:187466] [radio_read:91] src:2 dst:ffff len:80 flags:0
INFO  [1501740230:9233] [radio_read:91] src:7 dst:6 len:79 flags:0
INFO  [1501740239:988384] [send_packet:48] src:6 dst:7 len:79
INFO  [1501740239:995976] [radio_read:91] src:6 dst:7 len:1 flags:1
INFO  [1501740239:995988] [mac_handle_ack:83] ACK status:ACK_OK retries:1
DATA send to 1 'Hello 34'
INFO  [1501740257:465690] [send_packet:48] src:6 dst:5 len:46
INFO  [1501740257:471016] [radio_read:91] src:6 dst:5 len:1 flags:1
INFO  [1501740257:471028] [mac_handle_ack:83] ACK status:ACK_OK retries:1
