Contiki-3.x-3272-gbcd9e94 started with IPV6, RPL
INFO  [1501738188:555739] [main:110] Using node id=18
INFO  [1501738188:555755] [main:114] MAC wfmac RDC nullrdc NETWORK sicslowpan
INFO  [1501738188:555757] [main:115] route_table_max_sz=100,nbr_table_max_sz=100
Tentative link-local IPv6 address fe80:0000:0000:0000:0302:0304:0506:0012
UDP client process started nbr:100 routes:100
Client IPv6 addresses: fd00::302:304:506:12
fe80::302:304:506:12
Created a connection with the server :: local/remote port 8765/5678
INFO  [1501738189:557771] [radio_read:91] src:11 dst:ffff len:10 flags:0
INFO  [1501738189:558854] [radio_read:91] src:13 dst:ffff len:10 flags:0
INFO  [1501738189:560986] [radio_read:91] src:e dst:ffff len:10 flags:0
INFO  [1501738206:135435] [radio_read:91] src:e dst:ffff len:80 flags:0
INFO  [1501738207:386885] [radio_read:91] src:11 dst:ffff len:80 flags:0
INFO  [1501738208:575517] [send_packet:48] src:12 dst:ffff len:80
INFO  [1501738208:693435] [send_packet:48] src:12 dst:e len:53
INFO  [1501738208:700946] [radio_read:91] src:12 dst:e len:1 flags:1
INFO  [1501738208:700961] [mac_handle_ack:83] ACK status:ACK_OK retries:1
INFO  [1501738210:921227] [radio_read:91] src:13 dst:ffff len:80 flags:0
INFO  [1501738211:217897] [radio_read:91] src:13 dst:12 len:53 flags:0
INFO  [1501738211:217933] [send_packet:48] src:12 dst:e len:53
INFO  [1501738211:225434] [radio_read:91] src:12 dst:e len:1 flags:1
INFO  [1501738211:225446] [mac_handle_ack:83] ACK status:ACK_OK retries:1
INFO  [1501738211:741323] [send_packet:48] src:12 dst:e len:79
INFO  [1501738211:747832] [radio_read:91] src:12 dst:e len:1 flags:1
INFO  [1501738211:747846] [mac_handle_ack:83] ACK status:ACK_OK retries:1
INFO  [1501738213:382204] [radio_read:91] src:11 dst:ffff len:80 flags:0
INFO  [1501738213:382246] [send_packet:48] src:12 dst:e len:53
INFO  [1501738213:387695] [radio_read:91] src:12 dst:e len:1 flags:1
INFO  [1501738213:387708] [mac_handle_ack:83] ACK status:ACK_OK retries:1
INFO  [1501738213:555139] [send_packet:48] src:12 dst:11 len:53
INFO  [1501738213:560588] [radio_read:91] src:12 dst:11 len:1 flags:1
INFO  [1501738213:560600] [mac_handle_ack:83] ACK status:ACK_OK retries:1
INFO  [1501738216:618932] [send_packet:48] src:12 dst:ffff len:80
INFO  [1501738216:863828] [radio_read:91] src:13 dst:12 len:53 flags:0
INFO  [1501738216:863856] [send_packet:48] src:12 dst:e len:53
INFO  [1501738216:869160] [radio_read:91] src:12 dst:e len:1 flags:1
INFO  [1501738216:869170] [mac_handle_ack:83] ACK status:ACK_OK retries:1
INFO  [1501738218:400623] [send_packet:48] src:12 dst:e len:53
INFO  [1501738218:408121] [radio_read:91] src:12 dst:e len:1 flags:1
INFO  [1501738218:408136] [mac_handle_ack:83] ACK status:ACK_OK retries:1
INFO  [1501738220:138122] [radio_read:91] src:13 dst:ffff len:80 flags:0
INFO  [1501738220:968911] [radio_read:91] src:e dst:ffff len:80 flags:0
INFO  [1501738221:673977] [radio_read:91] src:11 dst:ffff len:80 flags:0
INFO  [1501738223:487087] [send_packet:48] src:12 dst:ffff len:80
INFO  [1501738225:145076] [send_packet:48] src:12 dst:11 len:79
INFO  [1501738225:152759] [radio_read:91] src:12 dst:11 len:1 flags:1
INFO  [1501738225:152773] [mac_handle_ack:83] ACK status:ACK_OK retries:1
INFO  [1501738226:294275] [send_packet:48] src:12 dst:e len:53
INFO  [1501738226:300720] [radio_read:91] src:12 dst:e len:1 flags:1
INFO  [1501738226:300732] [mac_handle_ack:83] ACK status:ACK_OK retries:1
INFO  [1501738227:393645] [radio_read:91] src:13 dst:ffff len:80 flags:0
INFO  [1501738235:475432] [radio_read:91] src:11 dst:ffff len:80 flags:0
INFO  [1501738237:690440] [radio_read:91] src:e dst:ffff len:80 flags:0
INFO  [1501738239:732591] [radio_read:91] src:13 dst:ffff len:80 flags:0
INFO  [1501738240:265727] [send_packet:48] src:12 dst:e len:53
INFO  [1501738240:274458] [radio_read:91] src:12 dst:e len:1 flags:1
INFO  [1501738240:274484] [mac_handle_ack:83] ACK status:ACK_OK retries:1
INFO  [1501738241:797873] [send_packet:48] src:12 dst:ffff len:80
INFO  [1501738245:397901] [radio_read:91] src:13 dst:12 len:79 flags:0
INFO  [1501738250:807277] [radio_read:91] src:13 dst:12 len:79 flags:0
INFO  [1501738250:812634] [radio_read:91] src:13 dst:12 len:79 flags:0
INFO  [1501738255:453506] [radio_read:91] src:13 dst:ffff len:80 flags:0
INFO  [1501738257:436093] [radio_read:91] src:13 dst:12 len:53 flags:0
INFO  [1501738257:436121] [send_packet:48] src:12 dst:e len:53
INFO  [1501738257:442513] [radio_read:91] src:12 dst:e len:1 flags:1
INFO  [1501738257:442525] [mac_handle_ack:83] ACK status:ACK_OK retries:1
INFO  [1501738261:592529] [radio_read:91] src:13 dst:ffff len:80 flags:0
INFO  [1501738262:628496] [radio_read:91] src:e dst:ffff len:80 flags:0
INFO  [1501738263:796062] [radio_read:91] src:11 dst:ffff len:80 flags:0
INFO  [1501738271:549835] [send_packet:48] src:12 dst:ffff len:80
INFO  [1501738275:752033] [radio_read:91] src:13 dst:ffff len:80 flags:0
DATA send to 1 'Hello 1'
INFO  [1501738277:678034] [send_packet:48] src:12 dst:e len:45
INFO  [1501738277:684465] [radio_read:91] src:12 dst:e len:1 flags:1
INFO  [1501738277:684481] [mac_handle_ack:83] ACK status:ACK_OK retries:1
INFO  [1501738302:61837] [send_packet:48] src:12 dst:11 len:79
INFO  [1501738302:70397] [radio_read:91] src:12 dst:11 len:1 flags:1
INFO  [1501738302:70408] [mac_handle_ack:83] ACK status:ACK_OK retries:1
INFO  [1501738304:231268] [radio_read:91] src:13 dst:12 len:45 flags:0
INFO  [1501738304:231290] [send_packet:48] src:12 dst:e len:54
INFO  [1501738304:237627] [radio_read:91] src:12 dst:e len:1 flags:1
INFO  [1501738304:237636] [mac_handle_ack:83] ACK status:ACK_OK retries:1
INFO  [1501738307:117557] [radio_read:91] src:13 dst:ffff len:80 flags:0
DATA send to 1 'Hello 2'
INFO  [1501738309:346057] [send_packet:48] src:12 dst:e len:45
INFO  [1501738309:350340] [radio_read:91] src:12 dst:e len:1 flags:1
INFO  [1501738309:350351] [mac_handle_ack:83] ACK status:ACK_OK retries:1
INFO  [1501738325:868202] [radio_read:91] src:e dst:ffff len:80 flags:0
INFO  [1501738325:900326] [radio_read:91] src:11 dst:ffff len:80 flags:0
INFO  [1501738331:477741] [send_packet:48] src:12 dst:e len:53
INFO  [1501738331:483103] [radio_read:91] src:12 dst:e len:1 flags:1
INFO  [1501738331:483113] [mac_handle_ack:83] ACK status:ACK_OK retries:1
INFO  [1501738336:593376] [send_packet:48] src:12 dst:ffff len:80
INFO  [1501738340:984590] [radio_read:91] src:13 dst:12 len:53 flags:0
INFO  [1501738340:984616] [send_packet:48] src:12 dst:e len:53
INFO  [1501738340:991006] [radio_read:91] src:12 dst:e len:1 flags:1
INFO  [1501738340:991019] [mac_handle_ack:83] ACK status:ACK_OK retries:1
INFO  [1501738343:792914] [radio_read:91] src:13 dst:12 len:45 flags:0
INFO  [1501738343:792934] [send_packet:48] src:12 dst:e len:54
INFO  [1501738343:798318] [radio_read:91] src:12 dst:e len:1 flags:1
INFO  [1501738343:798328] [mac_handle_ack:83] ACK status:ACK_OK retries:1
INFO  [1501738347:317785] [radio_read:91] src:13 dst:ffff len:80 flags:0
INFO  [1501738368:625789] [radio_read:91] src:e dst:12 len:79 flags:0
INFO  [1501738371:326944] [radio_read:91] src:13 dst:12 len:45 flags:0
INFO  [1501738371:326995] [send_packet:48] src:12 dst:e len:54
INFO  [1501738371:334479] [radio_read:91] src:12 dst:e len:1 flags:1
INFO  [1501738371:334489] [mac_handle_ack:83] ACK status:ACK_OK retries:1
DATA send to 1 'Hello 3'
INFO  [1501738373:758153] [send_packet:48] src:12 dst:e len:45
INFO  [1501738373:765637] [radio_read:91] src:12 dst:e len:1 flags:1
INFO  [1501738373:765649] [mac_handle_ack:83] ACK status:ACK_OK retries:1
INFO  [1501738405:743695] [radio_read:91] src:11 dst:12 len:79 flags:0
INFO  [1501738414:872143] [send_packet:48] src:12 dst:13 len:79
INFO  [1501738414:879721] [radio_read:91] src:12 dst:13 len:1 flags:1
INFO  [1501738414:879735] [mac_handle_ack:83] ACK status:ACK_OK retries:1
INFO  [1501738419:341368] [radio_read:91] src:e dst:ffff len:80 flags:0
INFO  [1501738429:600014] [radio_read:91] src:11 dst:ffff len:80 flags:0
DATA send to 1 'Hello 4'
INFO  [1501738429:678729] [send_packet:48] src:12 dst:e len:45
INFO  [1501738429:683997] [radio_read:91] src:12 dst:e len:1 flags:1
INFO  [1501738429:684009] [mac_handle_ack:83] ACK status:ACK_OK retries:1
INFO  [1501738432:555549] [send_packet:48] src:12 dst:ffff len:80
INFO  [1501738453:526464] [radio_read:91] src:13 dst:ffff len:80 flags:0
INFO  [1501738454:674789] [radio_read:91] src:13 dst:12 len:45 flags:0
INFO  [1501738454:674810] [send_packet:48] src:12 dst:e len:54
INFO  [1501738454:682259] [radio_read:91] src:12 dst:e len:1 flags:1
INFO  [1501738454:682268] [mac_handle_ack:83] ACK status:ACK_OK retries:1
DATA send to 1 'Hello 5'
INFO  [1501738490:531136] [send_packet:48] src:12 dst:e len:45
INFO  [1501738490:535433] [radio_read:91] src:12 dst:e len:1 flags:1
INFO  [1501738490:535443] [mac_handle_ack:83] ACK status:ACK_OK retries:1
INFO  [1501738525:829178] [send_packet:48] src:12 dst:11 len:79
INFO  [1501738525:836719] [radio_read:91] src:12 dst:11 len:1 flags:1
INFO  [1501738525:836733] [mac_handle_ack:83] ACK status:ACK_OK retries:1
INFO  [1501738533:794527] [radio_read:91] src:13 dst:12 len:45 flags:0
INFO  [1501738533:794547] [send_packet:48] src:12 dst:e len:54
INFO  [1501738533:804228] [radio_read:91] src:12 dst:e len:1 flags:1
INFO  [1501738533:804247] [mac_handle_ack:83] ACK status:ACK_OK retries:2
INFO  [1501738567:546345] [radio_read:91] src:e dst:12 len:79 flags:0
INFO  [1501738591:1626] [send_packet:48] src:12 dst:13 len:79
INFO  [1501738591:10254] [radio_read:91] src:12 dst:13 len:1 flags:1
INFO  [1501738591:10267] [mac_handle_ack:83] ACK status:ACK_OK retries:1
INFO  [1501738601:112246] [radio_read:91] src:11 dst:12 len:79 flags:0
INFO  [1501738602:15111] [radio_read:91] src:13 dst:12 len:45 flags:0
INFO  [1501738602:15143] [send_packet:48] src:12 dst:e len:54
INFO  [1501738602:21538] [radio_read:91] src:12 dst:e len:1 flags:1
INFO  [1501738602:21550] [mac_handle_ack:83] ACK status:ACK_OK retries:1
DATA send to 1 'Hello 6'
INFO  [1501738602:471879] [send_packet:48] src:12 dst:e len:45
INFO  [1501738602:477227] [radio_read:91] src:12 dst:e len:1 flags:1
INFO  [1501738602:477240] [mac_handle_ack:83] ACK status:ACK_OK retries:1
INFO  [1501738612:846484] [radio_read:91] src:13 dst:12 len:45 flags:0
INFO  [1501738612:846510] [send_packet:48] src:12 dst:e len:54
INFO  [1501738612:852894] [radio_read:91] src:12 dst:e len:1 flags:1
INFO  [1501738612:852908] [mac_handle_ack:83] ACK status:ACK_OK retries:1
DATA send to 1 'Hello 7'
INFO  [1501738627:539945] [send_packet:48] src:12 dst:e len:45
INFO  [1501738627:547422] [radio_read:91] src:12 dst:e len:1 flags:1
INFO  [1501738627:547432] [mac_handle_ack:83] ACK status:ACK_OK retries:1
INFO  [1501738667:791273] [radio_read:91] src:11 dst:ffff len:80 flags:0
INFO  [1501738667:850085] [send_packet:48] src:12 dst:ffff len:80
DATA send to 1 'Hello 8'
INFO  [1501738671:306666] [send_packet:48] src:12 dst:e len:45
INFO  [1501738671:312049] [radio_read:91] src:12 dst:e len:1 flags:1
INFO  [1501738671:312062] [mac_handle_ack:83] ACK status:ACK_OK retries:1
INFO  [1501738672:473444] [send_packet:48] src:12 dst:e len:53
INFO  [1501738672:479887] [radio_read:91] src:12 dst:e len:1 flags:1
INFO  [1501738672:479899] [mac_handle_ack:83] ACK status:ACK_OK retries:1
INFO  [1501738684:214128] [radio_read:91] src:13 dst:12 len:45 flags:0
INFO  [1501738684:214149] [send_packet:48] src:12 dst:e len:54
INFO  [1501738684:220502] [radio_read:91] src:12 dst:e len:1 flags:1
INFO  [1501738684:220514] [mac_handle_ack:83] ACK status:ACK_OK retries:1
INFO  [1501738685:400822] [radio_read:91] src:11 dst:12 len:79 flags:0
INFO  [1501738686:798806] [radio_read:91] src:13 dst:12 len:53 flags:0
INFO  [1501738686:798834] [send_packet:48] src:12 dst:e len:53
INFO  [1501738686:804241] [radio_read:91] src:12 dst:e len:1 flags:1
INFO  [1501738686:804253] [mac_handle_ack:83] ACK status:ACK_OK retries:1
INFO  [1501738715:912926] [send_packet:48] src:12 dst:11 len:79
INFO  [1501738715:920442] [radio_read:91] src:12 dst:11 len:1 flags:1
INFO  [1501738715:920455] [mac_handle_ack:83] ACK status:ACK_OK retries:1
INFO  [1501738716:579093] [radio_read:91] src:e dst:ffff len:80 flags:0
INFO  [1501738722:552106] [send_packet:48] src:12 dst:e len:53
INFO  [1501738722:557557] [radio_read:91] src:12 dst:e len:1 flags:1
INFO  [1501738722:557579] [mac_handle_ack:83] ACK status:ACK_OK retries:1
INFO  [1501738737:140293] [radio_read:91] src:e dst:12 len:79 flags:0
INFO  [1501738751:793377] [radio_read:91] src:13 dst:ffff len:80 flags:0
DATA send to 1 'Hello 9'
INFO  [1501738757:276756] [send_packet:48] src:12 dst:e len:45
INFO  [1501738757:282184] [radio_read:91] src:12 dst:e len:1 flags:1
INFO  [1501738757:282194] [mac_handle_ack:83] ACK status:ACK_OK retries:1
INFO  [1501738777:103190] [radio_read:91] src:13 dst:12 len:45 flags:0
INFO  [1501738777:103209] [send_packet:48] src:12 dst:e len:54
INFO  [1501738777:109625] [radio_read:91] src:12 dst:e len:1 flags:1
INFO  [1501738777:109635] [mac_handle_ack:83] ACK status:ACK_OK retries:1
INFO  [1501738787:717895] [send_packet:48] src:12 dst:13 len:79
INFO  [1501738787:725581] [radio_read:91] src:12 dst:13 len:1 flags:1
INFO  [1501738787:725594] [mac_handle_ack:83] ACK status:ACK_OK retries:1
INFO  [1501738791:363918] [radio_read:91] src:13 dst:12 len:53 flags:0
INFO  [1501738791:363946] [send_packet:48] src:12 dst:e len:53
INFO  [1501738791:368216] [radio_read:91] src:12 dst:e len:1 flags:1
INFO  [1501738791:368226] [mac_handle_ack:83] ACK status:ACK_OK retries:1
INFO  [1501738800:630406] [radio_read:91] src:13 dst:12 len:46 flags:0
INFO  [1501738800:630428] [send_packet:48] src:12 dst:e len:55
INFO  [1501738800:635766] [radio_read:91] src:12 dst:e len:1 flags:1
INFO  [1501738800:635780] [mac_handle_ack:83] ACK status:ACK_OK retries:1
DATA send to 1 'Hello 10'
INFO  [1501738837:371020] [send_packet:48] src:12 dst:e len:46
INFO  [1501738837:377761] [radio_read:91] src:12 dst:e len:1 flags:1
INFO  [1501738837:377773] [mac_handle_ack:83] ACK status:ACK_OK retries:1
INFO  [1501738838:486610] [radio_read:91] src:e dst:12 len:79 flags:0
INFO  [1501738863:722392] [radio_read:91] src:13 dst:12 len:46 flags:0
INFO  [1501738863:722414] [send_packet:48] src:12 dst:e len:55
INFO  [1501738863:729897] [radio_read:91] src:12 dst:e len:1 flags:1
INFO  [1501738863:729910] [mac_handle_ack:83] ACK status:ACK_OK retries:1
INFO  [1501738901:882761] [send_packet:48] src:12 dst:11 len:79
INFO  [1501738901:891469] [radio_read:91] src:12 dst:11 len:1 flags:1
INFO  [1501738901:891486] [mac_handle_ack:83] ACK status:ACK_OK retries:1
DATA send to 1 'Hello 11'
INFO  [1501738903:537335] [send_packet:48] src:12 dst:e len:46
INFO  [1501738903:542700] [radio_read:91] src:12 dst:e len:1 flags:1
INFO  [1501738903:542711] [mac_handle_ack:83] ACK status:ACK_OK retries:1
INFO  [1501738907:331276] [radio_read:91] src:11 dst:12 len:79 flags:0
INFO  [1501738913:907851] [radio_read:91] src:13 dst:12 len:46 flags:0
INFO  [1501738913:907877] [send_packet:48] src:12 dst:e len:55
INFO  [1501738913:913233] [radio_read:91] src:12 dst:e len:1 flags:1
INFO  [1501738913:913255] [mac_handle_ack:83] ACK status:ACK_OK retries:1
DATA send to 1 'Hello 12'
INFO  [1501738950:812420] [send_packet:48] src:12 dst:e len:46
INFO  [1501738950:817754] [radio_read:91] src:12 dst:e len:1 flags:1
INFO  [1501738950:817766] [mac_handle_ack:83] ACK status:ACK_OK retries:1
INFO  [1501738963:749508] [send_packet:48] src:12 dst:13 len:79
INFO  [1501738963:756006] [radio_read:91] src:12 dst:13 len:1 flags:1
INFO  [1501738963:756015] [mac_handle_ack:83] ACK status:ACK_OK retries:1
DATA send to 1 'Hello 13'
INFO  [1501738991:881954] [send_packet:48] src:12 dst:e len:46
INFO  [1501738991:888407] [radio_read:91] src:12 dst:e len:1 flags:1
INFO  [1501738991:888422] [mac_handle_ack:83] ACK status:ACK_OK retries:1
INFO  [1501739024:101460] [radio_read:91] src:13 dst:12 len:46 flags:0
INFO  [1501739024:101489] [send_packet:48] src:12 dst:e len:55
INFO  [1501739024:106793] [radio_read:91] src:12 dst:e len:1 flags:1
INFO  [1501739024:106804] [mac_handle_ack:83] ACK status:ACK_OK retries:1
INFO  [1501739025:863735] [send_packet:48] src:12 dst:e len:53
INFO  [1501739025:871328] [radio_read:91] src:12 dst:e len:1 flags:1
INFO  [1501739025:871342] [mac_handle_ack:83] ACK status:ACK_OK retries:1
INFO  [1501739041:225863] [send_packet:48] src:12 dst:11 len:79
INFO  [1501739041:238754] [radio_read:91] src:12 dst:11 len:1 flags:1
INFO  [1501739041:238770] [mac_handle_ack:83] ACK status:ACK_OK retries:2
DATA send to 1 'Hello 14'
INFO  [1501739045:698091] [send_packet:48] src:12 dst:e len:46
INFO  [1501739045:705783] [radio_read:91] src:12 dst:e len:1 flags:1
INFO  [1501739045:705795] [mac_handle_ack:83] ACK status:ACK_OK retries:1
INFO  [1501739075:968126] [radio_read:91] src:13 dst:12 len:46 flags:0
INFO  [1501739075:968153] [send_packet:48] src:12 dst:e len:55
INFO  [1501739075:974604] [radio_read:91] src:12 dst:e len:1 flags:1
INFO  [1501739075:974615] [mac_handle_ack:83] ACK status:ACK_OK retries:1
INFO  [1501739100:172749] [radio_read:91] src:13 dst:12 len:53 flags:0
INFO  [1501739100:172775] [send_packet:48] src:12 dst:e len:53
INFO  [1501739100:179202] [radio_read:91] src:12 dst:e len:1 flags:1
INFO  [1501739100:179213] [mac_handle_ack:83] ACK status:ACK_OK retries:1
INFO  [1501739105:84363] [radio_read:91] src:13 dst:12 len:46 flags:0
INFO  [1501739105:84391] [send_packet:48] src:12 dst:e len:55
INFO  [1501739105:89707] [radio_read:91] src:12 dst:e len:1 flags:1
INFO  [1501739105:89716] [mac_handle_ack:83] ACK status:ACK_OK retries:1
DATA send to 1 'Hello 15'
INFO  [1501739106:822099] [send_packet:48] src:12 dst:e len:46
INFO  [1501739106:828522] [radio_read:91] src:12 dst:e len:1 flags:1
INFO  [1501739106:828532] [mac_handle_ack:83] ACK status:ACK_OK retries:1
INFO  [1501739110:852288] [radio_read:91] src:e dst:12 len:79 flags:0
INFO  [1501739116:570407] [send_packet:48] src:12 dst:e len:53
INFO  [1501739116:577910] [radio_read:91] src:12 dst:e len:1 flags:1
INFO  [1501739116:577921] [mac_handle_ack:83] ACK status:ACK_OK retries:1
INFO  [1501739116:640176] [radio_read:91] src:11 dst:12 len:79 flags:0
INFO  [1501739152:390199] [radio_read:91] src:e dst:ffff len:80 flags:0
INFO  [1501739155:191147] [send_packet:48] src:12 dst:13 len:79
INFO  [1501739155:196552] [radio_read:91] src:12 dst:13 len:1 flags:1
INFO  [1501739155:196563] [mac_handle_ack:83] ACK status:ACK_OK retries:1
INFO  [1501739155:831463] [radio_read:91] src:13 dst:12 len:46 flags:0
INFO  [1501739155:831507] [send_packet:48] src:12 dst:e len:55
INFO  [1501739155:838988] [radio_read:91] src:12 dst:e len:1 flags:1
INFO  [1501739155:839000] [mac_handle_ack:83] ACK status:ACK_OK retries:1
INFO  [1501739159:134394] [radio_read:91] src:13 dst:12 len:53 flags:0
INFO  [1501739159:134423] [send_packet:48] src:12 dst:e len:53
INFO  [1501739159:139715] [radio_read:91] src:12 dst:e len:1 flags:1
INFO  [1501739159:139725] [mac_handle_ack:83] ACK status:ACK_OK retries:1
DATA send to 1 'Hello 16'
INFO  [1501739205:941116] [send_packet:48] src:12 dst:e len:46
INFO  [1501739205:945395] [radio_read:91] src:12 dst:e len:1 flags:1
INFO  [1501739205:945404] [mac_handle_ack:83] ACK status:ACK_OK retries:1
DATA send to 1 'Hello 17'
INFO  [1501739213:756139] [send_packet:48] src:12 dst:e len:46
INFO  [1501739213:761491] [radio_read:91] src:12 dst:e len:1 flags:1
INFO  [1501739213:761504] [mac_handle_ack:83] ACK status:ACK_OK retries:1
INFO  [1501739224:116019] [radio_read:91] src:11 dst:ffff len:80 flags:0
INFO  [1501739225:593860] [radio_read:91] src:13 dst:ffff len:80 flags:0
INFO  [1501739243:379294] [send_packet:48] src:12 dst:ffff len:80
INFO  [1501739253:978553] [send_packet:48] src:12 dst:11 len:79
INFO  [1501739253:985029] [radio_read:91] src:12 dst:11 len:1 flags:1
INFO  [1501739253:985041] [mac_handle_ack:83] ACK status:ACK_OK retries:1
INFO  [1501739261:492870] [radio_read:91] src:13 dst:12 len:46 flags:0
INFO  [1501739261:492890] [send_packet:48] src:12 dst:e len:55
INFO  [1501739261:503615] [radio_read:91] src:12 dst:e len:1 flags:1
INFO  [1501739261:503625] [mac_handle_ack:83] ACK status:ACK_OK retries:2
DATA send to 1 'Hello 18'
INFO  [1501739295:932593] [send_packet:48] src:12 dst:e len:46
INFO  [1501739295:939044] [radio_read:91] src:12 dst:e len:1 flags:1
INFO  [1501739295:939059] [mac_handle_ack:83] ACK status:ACK_OK retries:1
INFO  [1501739298:919422] [radio_read:91] src:13 dst:12 len:46 flags:0
INFO  [1501739298:919445] [send_packet:48] src:12 dst:e len:55
INFO  [1501739298:925900] [radio_read:91] src:12 dst:e len:1 flags:1
INFO  [1501739298:925911] [mac_handle_ack:83] ACK status:ACK_OK retries:1
INFO  [1501739305:785813] [radio_read:91] src:11 dst:12 len:79 flags:0
INFO  [1501739352:101157] [radio_read:91] src:13 dst:12 len:46 flags:0
INFO  [1501739352:101177] [send_packet:48] src:12 dst:e len:55
INFO  [1501739352:107575] [radio_read:91] src:12 dst:e len:1 flags:1
INFO  [1501739352:107583] [mac_handle_ack:83] ACK status:ACK_OK retries:1
INFO  [1501739371:749049] [send_packet:48] src:12 dst:13 len:79
INFO  [1501739371:755530] [radio_read:91] src:12 dst:13 len:1 flags:1
INFO  [1501739371:755540] [mac_handle_ack:83] ACK status:ACK_OK retries:1
DATA send to 1 'Hello 19'
INFO  [1501739382:393792] [send_packet:48] src:12 dst:e len:46
INFO  [1501739382:399173] [radio_read:91] src:12 dst:e len:1 flags:1
INFO  [1501739382:399186] [mac_handle_ack:83] ACK status:ACK_OK retries:1
DATA send to 1 'Hello 20'
INFO  [1501739391:677670] [send_packet:48] src:12 dst:e len:46
INFO  [1501739391:683026] [radio_read:91] src:12 dst:e len:1 flags:1
INFO  [1501739391:683071] [mac_handle_ack:83] ACK status:ACK_OK retries:1
INFO  [1501739401:38196] [radio_read:91] src:13 dst:12 len:46 flags:0
INFO  [1501739401:38222] [send_packet:48] src:12 dst:e len:55
INFO  [1501739401:44649] [radio_read:91] src:12 dst:e len:1 flags:1
INFO  [1501739401:44661] [mac_handle_ack:83] ACK status:ACK_OK retries:1
INFO  [1501739432:867043] [radio_read:91] src:e dst:12 len:79 flags:0
INFO  [1501739437:810740] [send_packet:48] src:12 dst:e len:53
INFO  [1501739437:817179] [radio_read:91] src:12 dst:e len:1 flags:1
INFO  [1501739437:817193] [mac_handle_ack:83] ACK status:ACK_OK retries:1
INFO  [1501739457:563203] [send_packet:48] src:12 dst:11 len:79
INFO  [1501739457:571788] [radio_read:91] src:12 dst:11 len:1 flags:1
INFO  [1501739457:571799] [mac_handle_ack:83] ACK status:ACK_OK retries:1
DATA send to 1 'Hello 21'
INFO  [1501739472:1076] [send_packet:48] src:12 dst:e len:46
INFO  [1501739472:6445] [radio_read:91] src:12 dst:e len:1 flags:1
INFO  [1501739472:6455] [mac_handle_ack:83] ACK status:ACK_OK retries:1
INFO  [1501739477:97862] [radio_read:91] src:13 dst:12 len:53 flags:0
INFO  [1501739477:97891] [send_packet:48] src:12 dst:e len:53
INFO  [1501739477:104334] [radio_read:91] src:12 dst:e len:1 flags:1
INFO  [1501739477:104346] [mac_handle_ack:83] ACK status:ACK_OK retries:1
INFO  [1501739488:833879] [radio_read:91] src:11 dst:12 len:79 flags:0
INFO  [1501739490:672785] [radio_read:91] src:13 dst:12 len:46 flags:0
INFO  [1501739490:672807] [send_packet:48] src:12 dst:e len:55
INFO  [1501739490:680297] [radio_read:91] src:12 dst:e len:1 flags:1
INFO  [1501739490:680309] [mac_handle_ack:83] ACK status:ACK_OK retries:1
DATA send to 1 'Hello 22'
INFO  [1501739521:447148] [send_packet:48] src:12 dst:e len:46
INFO  [1501739521:454637] [radio_read:91] src:12 dst:e len:1 flags:1
INFO  [1501739521:454651] [mac_handle_ack:83] ACK status:ACK_OK retries:1
INFO  [1501739523:35137] [send_packet:48] src:12 dst:13 len:79
INFO  [1501739523:40522] [radio_read:91] src:12 dst:13 len:1 flags:1
INFO  [1501739523:40533] [mac_handle_ack:83] ACK status:ACK_OK retries:1
INFO  [1501739526:204445] [radio_read:91] src:13 dst:12 len:53 flags:0
INFO  [1501739526:204476] [send_packet:48] src:12 dst:e len:53
INFO  [1501739526:210903] [radio_read:91] src:12 dst:e len:1 flags:1
INFO  [1501739526:210915] [mac_handle_ack:83] ACK status:ACK_OK retries:1
INFO  [1501739529:171361] [radio_read:91] src:13 dst:12 len:46 flags:0
INFO  [1501739529:171388] [send_packet:48] src:12 dst:e len:55
INFO  [1501739529:176780] [radio_read:91] src:12 dst:e len:1 flags:1
INFO  [1501739529:176796] [mac_handle_ack:83] ACK status:ACK_OK retries:1
INFO  [1501739573:820209] [radio_read:91] src:13 dst:12 len:46 flags:0
INFO  [1501739573:820231] [send_packet:48] src:12 dst:e len:55
INFO  [1501739573:826619] [radio_read:91] src:12 dst:e len:1 flags:1
INFO  [1501739573:826631] [mac_handle_ack:83] ACK status:ACK_OK retries:1
INFO  [1501739590:374439] [send_packet:48] src:12 dst:11 len:79
INFO  [1501739590:380942] [radio_read:91] src:12 dst:11 len:1 flags:1
INFO  [1501739590:380955] [mac_handle_ack:83] ACK status:ACK_OK retries:1
DATA send to 1 'Hello 23'
INFO  [1501739623:704058] [send_packet:48] src:12 dst:e len:46
INFO  [1501739623:708276] [radio_read:91] src:12 dst:e len:1 flags:1
INFO  [1501739623:708285] [mac_handle_ack:83] ACK status:ACK_OK retries:1
DATA send to 1 'Hello 24'
INFO  [1501739641:493494] [send_packet:48] src:12 dst:e len:46
INFO  [1501739641:499966] [radio_read:91] src:12 dst:e len:1 flags:1
INFO  [1501739641:499976] [mac_handle_ack:83] ACK status:ACK_OK retries:1
INFO  [1501739671:73349] [radio_read:91] src:11 dst:12 len:79 flags:0
INFO  [1501739675:189017] [send_packet:48] src:12 dst:13 len:79
INFO  [1501739675:196561] [radio_read:91] src:12 dst:13 len:1 flags:1
INFO  [1501739675:196571] [mac_handle_ack:83] ACK status:ACK_OK retries:1
INFO  [1501739675:258413] [radio_read:91] src:e dst:12 len:79 flags:0
INFO  [1501739681:224600] [radio_read:91] src:13 dst:12 len:46 flags:0
INFO  [1501739681:224619] [send_packet:48] src:12 dst:e len:55
INFO  [1501739681:228898] [radio_read:91] src:12 dst:e len:1 flags:1
INFO  [1501739681:228907] [mac_handle_ack:83] ACK status:ACK_OK retries:1
DATA send to 1 'Hello 25'
INFO  [1501739700:538423] [send_packet:48] src:12 dst:e len:46
INFO  [1501739700:543809] [radio_read:91] src:12 dst:e len:1 flags:1
INFO  [1501739700:543822] [mac_handle_ack:83] ACK status:ACK_OK retries:1
INFO  [1501739715:186755] [radio_read:91] src:13 dst:12 len:46 flags:0
INFO  [1501739715:186784] [send_packet:48] src:12 dst:e len:55
INFO  [1501739715:193266] [radio_read:91] src:12 dst:e len:1 flags:1
INFO  [1501739715:193279] [mac_handle_ack:83] ACK status:ACK_OK retries:1
INFO  [1501739755:60803] [send_packet:48] src:12 dst:e len:53
INFO  [1501739755:67341] [radio_read:91] src:12 dst:e len:1 flags:1
INFO  [1501739755:67354] [mac_handle_ack:83] ACK status:ACK_OK retries:1
INFO  [1501739777:147834] [send_packet:48] src:12 dst:11 len:79
INFO  [1501739777:153250] [radio_read:91] src:12 dst:11 len:1 flags:1
INFO  [1501739777:153259] [mac_handle_ack:83] ACK status:ACK_OK retries:1
DATA send to 1 'Hello 26'
INFO  [1501739794:549974] [send_packet:48] src:12 dst:e len:46
INFO  [1501739794:555361] [radio_read:91] src:12 dst:e len:1 flags:1
INFO  [1501739794:555378] [mac_handle_ack:83] ACK status:ACK_OK retries:1
INFO  [1501739801:488953] [send_packet:48] src:12 dst:ffff len:80
INFO  [1501739802:761262] [radio_read:91] src:13 dst:12 len:46 flags:0
INFO  [1501739802:761285] [send_packet:48] src:12 dst:e len:55
INFO  [1501739802:767726] [radio_read:91] src:12 dst:e len:1 flags:1
INFO  [1501739802:767738] [mac_handle_ack:83] ACK status:ACK_OK retries:1
INFO  [1501739810:31259] [radio_read:91] src:13 dst:12 len:46 flags:0
INFO  [1501739810:31285] [send_packet:48] src:12 dst:e len:55
INFO  [1501739810:37752] [radio_read:91] src:12 dst:e len:1 flags:1
INFO  [1501739810:37765] [mac_handle_ack:83] ACK status:ACK_OK retries:1
DATA send to 1 'Hello 27'
INFO  [1501739860:629547] [send_packet:48] src:12 dst:e len:46
INFO  [1501739860:634933] [radio_read:91] src:12 dst:e len:1 flags:1
INFO  [1501739860:634943] [mac_handle_ack:83] ACK status:ACK_OK retries:1
INFO  [1501739868:11352] [send_packet:48] src:12 dst:13 len:79
INFO  [1501739868:17818] [radio_read:91] src:12 dst:13 len:1 flags:1
INFO  [1501739868:17831] [mac_handle_ack:83] ACK status:ACK_OK retries:1
INFO  [1501739876:600852] [radio_read:91] src:13 dst:12 len:53 flags:0
INFO  [1501739876:600877] [send_packet:48] src:12 dst:e len:53
INFO  [1501739876:608364] [radio_read:91] src:12 dst:e len:1 flags:1
INFO  [1501739876:608377] [mac_handle_ack:83] ACK status:ACK_OK retries:1
INFO  [1501739888:48799] [radio_read:91] src:11 dst:12 len:79 flags:0
INFO  [1501739894:790186] [radio_read:91] src:e dst:12 len:79 flags:0
INFO  [1501739917:431451] [radio_read:91] src:13 dst:12 len:46 flags:0
INFO  [1501739917:431479] [send_packet:48] src:12 dst:e len:55
INFO  [1501739917:437926] [radio_read:91] src:12 dst:e len:1 flags:1
INFO  [1501739917:437956] [mac_handle_ack:83] ACK status:ACK_OK retries:1
DATA send to 1 'Hello 28'
INFO  [1501739925:831163] [send_packet:48] src:12 dst:e len:46
INFO  [1501739925:837573] [radio_read:91] src:12 dst:e len:1 flags:1
INFO  [1501739925:837584] [mac_handle_ack:83] ACK status:ACK_OK retries:1
INFO  [1501739931:283648] [radio_read:91] src:11 dst:ffff len:80 flags:0
INFO  [1501739932:126906] [send_packet:48] src:12 dst:11 len:79
INFO  [1501739932:134491] [radio_read:91] src:12 dst:11 len:1 flags:1
INFO  [1501739932:134504] [mac_handle_ack:83] ACK status:ACK_OK retries:1
INFO  [1501739948:731950] [radio_read:91] src:13 dst:12 len:46 flags:0
INFO  [1501739948:731970] [send_packet:48] src:12 dst:e len:55
INFO  [1501739948:738379] [radio_read:91] src:12 dst:e len:1 flags:1
INFO  [1501739948:738387] [mac_handle_ack:83] ACK status:ACK_OK retries:1
DATA send to 1 'Hello 29'
INFO  [1501739979:877783] [send_packet:48] src:12 dst:e len:46
INFO  [1501739979:883128] [radio_read:91] src:12 dst:e len:1 flags:1
INFO  [1501739979:883141] [mac_handle_ack:83] ACK status:ACK_OK retries:1
INFO  [1501739990:567018] [radio_read:91] src:13 dst:12 len:46 flags:0
INFO  [1501739990:567037] [send_packet:48] src:12 dst:e len:55
INFO  [1501739990:573472] [radio_read:91] src:12 dst:e len:1 flags:1
INFO  [1501739990:573482] [mac_handle_ack:83] ACK status:ACK_OK retries:1
INFO  [1501739993:875415] [radio_read:91] src:13 dst:ffff len:80 flags:0
DATA send to 1 'Hello 30'
INFO  [1501740001:718811] [send_packet:48] src:12 dst:e len:46
INFO  [1501740001:724174] [radio_read:91] src:12 dst:e len:1 flags:1
INFO  [1501740001:724184] [mac_handle_ack:83] ACK status:ACK_OK retries:1
INFO  [1501740051:819094] [send_packet:48] src:12 dst:13 len:79
INFO  [1501740051:826646] [radio_read:91] src:12 dst:13 len:1 flags:1
INFO  [1501740051:826659] [mac_handle_ack:83] ACK status:ACK_OK retries:1
INFO  [1501740075:277734] [radio_read:91] src:11 dst:12 len:79 flags:0
INFO  [1501740095:535958] [radio_read:91] src:e dst:ffff len:80 flags:0
DATA send to 1 'Hello 31'
INFO  [1501740098:743570] [send_packet:48] src:12 dst:e len:46
INFO  [1501740098:748963] [radio_read:91] src:12 dst:e len:1 flags:1
INFO  [1501740098:748975] [mac_handle_ack:83] ACK status:ACK_OK retries:1
INFO  [1501740105:267843] [radio_read:91] src:13 dst:12 len:46 flags:0
INFO  [1501740105:267866] [send_packet:48] src:12 dst:e len:55
INFO  [1501740105:274306] [radio_read:91] src:12 dst:e len:1 flags:1
INFO  [1501740105:274318] [mac_handle_ack:83] ACK status:ACK_OK retries:1
INFO  [1501740115:284781] [send_packet:48] src:12 dst:e len:53
INFO  [1501740115:290214] [radio_read:91] src:12 dst:e len:1 flags:1
INFO  [1501740115:290225] [mac_handle_ack:83] ACK status:ACK_OK retries:1
INFO  [1501740125:763309] [radio_read:91] src:13 dst:12 len:46 flags:0
INFO  [1501740125:763341] [send_packet:48] src:12 dst:e len:55
INFO  [1501740125:768671] [radio_read:91] src:12 dst:e len:1 flags:1
INFO  [1501740125:768684] [mac_handle_ack:83] ACK status:ACK_OK retries:1
INFO  [1501740150:796845] [send_packet:48] src:12 dst:11 len:79
INFO  [1501740150:803361] [radio_read:91] src:12 dst:11 len:1 flags:1
INFO  [1501740150:803372] [mac_handle_ack:83] ACK status:ACK_OK retries:1
DATA send to 1 'Hello 32'
INFO  [1501740156:331726] [send_packet:48] src:12 dst:e len:46
INFO  [1501740156:336993] [radio_read:91] src:12 dst:e len:1 flags:1
INFO  [1501740156:337002] [mac_handle_ack:83] ACK status:ACK_OK retries:1
DATA send to 1 'Hello 33'
INFO  [1501740185:915929] [send_packet:48] src:12 dst:e len:46
INFO  [1501740185:921274] [radio_read:91] src:12 dst:e len:1 flags:1
INFO  [1501740185:921282] [mac_handle_ack:83] ACK status:ACK_OK retries:1
INFO  [1501740190:324042] [radio_read:91] src:13 dst:12 len:53 flags:0
INFO  [1501740190:324072] [send_packet:48] src:12 dst:e len:53
INFO  [1501740190:332683] [radio_read:91] src:12 dst:e len:1 flags:1
INFO  [1501740190:332697] [mac_handle_ack:83] ACK status:ACK_OK retries:2
INFO  [1501740201:695413] [radio_read:91] src:e dst:12 len:79 flags:0
INFO  [1501740216:480888] [send_packet:48] src:12 dst:13 len:79
INFO  [1501740216:490529] [radio_read:91] src:12 dst:13 len:1 flags:1
INFO  [1501740216:490539] [mac_handle_ack:83] ACK status:ACK_OK retries:1
INFO  [1501740224:228165] [radio_read:91] src:13 dst:12 len:46 flags:0
INFO  [1501740224:228183] [send_packet:48] src:12 dst:e len:55
INFO  [1501740224:234588] [radio_read:91] src:12 dst:e len:1 flags:1
INFO  [1501740224:234597] [mac_handle_ack:83] ACK status:ACK_OK retries:1
INFO  [1501740250:265368] [radio_read:91] src:11 dst:12 len:79 flags:0
DATA send to 1 'Hello 34'
INFO  [1501740258:583840] [send_packet:48] src:12 dst:e len:46
INFO  [1501740258:591432] [radio_read:91] src:12 dst:e len:1 flags:1
INFO  [1501740258:591450] [mac_handle_ack:83] ACK status:ACK_OK retries:1
INFO  [1501740262:292671] [radio_read:91] src:13 dst:12 len:46 flags:0
INFO  [1501740262:292694] [send_packet:48] src:12 dst:e len:55
INFO  [1501740262:297008] [radio_read:91] src:12 dst:e len:1 flags:1
INFO  [1501740262:297016] [mac_handle_ack:83] ACK status:ACK_OK retries:1
