Contiki-3.x-3272-gbcd9e94 started with IPV6, RPL
INFO  [1501738188:545464] [main:110] Using node id=9
INFO  [1501738188:545479] [main:114] MAC wfmac RDC nullrdc NETWORK sicslowpan
INFO  [1501738188:545481] [main:115] route_table_max_sz=100,nbr_table_max_sz=100
Tentative link-local IPv6 address fe80:0000:0000:0000:0302:0304:0506:0009
UDP client process started nbr:100 routes:100
Client IPv6 addresses: fd00::302:304:506:9
fe80::302:304:506:9
Created a connection with the server :: local/remote port 8765/5678
INFO  [1501738189:543734] [radio_read:91] src:5 dst:ffff len:10 flags:0
INFO  [1501738189:555576] [radio_read:91] src:d dst:ffff len:10 flags:0
INFO  [1501738198:340045] [radio_read:91] src:8 dst:ffff len:80 flags:0
INFO  [1501738198:573420] [radio_read:91] src:5 dst:ffff len:80 flags:0
INFO  [1501738198:803198] [send_packet:48] src:9 dst:8 len:79
INFO  [1501738198:809689] [radio_read:91] src:9 dst:8 len:1 flags:1
INFO  [1501738198:809704] [mac_handle_ack:83] ACK status:ACK_OK retries:1
INFO  [1501738200:146049] [send_packet:48] src:9 dst:8 len:79
INFO  [1501738200:153572] [radio_read:91] src:9 dst:8 len:1 flags:1
INFO  [1501738200:153583] [mac_handle_ack:83] ACK status:ACK_OK retries:1
INFO  [1501738201:47498] [send_packet:48] src:9 dst:ffff len:80
INFO  [1501738203:466132] [radio_read:91] src:a dst:ffff len:80 flags:0
INFO  [1501738204:49791] [send_packet:48] src:9 dst:8 len:53
INFO  [1501738204:56255] [radio_read:91] src:9 dst:8 len:1 flags:1
INFO  [1501738204:56270] [mac_handle_ack:83] ACK status:ACK_OK retries:1
INFO  [1501738204:538981] [radio_read:91] src:a dst:9 len:53 flags:0
INFO  [1501738204:539012] [send_packet:48] src:9 dst:8 len:53
INFO  [1501738204:546575] [radio_read:91] src:9 dst:8 len:1 flags:1
INFO  [1501738204:546586] [mac_handle_ack:83] ACK status:ACK_OK retries:1
INFO  [1501738204:756788] [radio_read:91] src:d dst:ffff len:80 flags:0
INFO  [1501738206:159081] [radio_read:91] src:5 dst:ffff len:80 flags:0
INFO  [1501738206:234337] [radio_read:91] src:8 dst:ffff len:80 flags:0
INFO  [1501738207:991749] [radio_read:91] src:a dst:9 len:53 flags:0
INFO  [1501738207:991772] [send_packet:48] src:9 dst:8 len:53
INFO  [1501738207:998137] [radio_read:91] src:9 dst:8 len:1 flags:1
INFO  [1501738207:998149] [mac_handle_ack:83] ACK status:ACK_OK retries:1
INFO  [1501738208:670982] [send_packet:48] src:9 dst:8 len:53
INFO  [1501738208:678415] [radio_read:91] src:9 dst:8 len:1 flags:1
INFO  [1501738208:678425] [mac_handle_ack:83] ACK status:ACK_OK retries:1
INFO  [1501738208:709437] [radio_read:91] src:a dst:9 len:53 flags:0
INFO  [1501738208:709466] [send_packet:48] src:9 dst:8 len:53
INFO  [1501738208:714803] [radio_read:91] src:9 dst:8 len:1 flags:1
INFO  [1501738208:714811] [mac_handle_ack:83] ACK status:ACK_OK retries:1
INFO  [1501738209:170700] [radio_read:91] src:a dst:9 len:53 flags:0
INFO  [1501738209:170722] [send_packet:48] src:9 dst:8 len:53
INFO  [1501738209:176053] [radio_read:91] src:9 dst:8 len:1 flags:1
INFO  [1501738209:176062] [mac_handle_ack:83] ACK status:ACK_OK retries:1
INFO  [1501738209:449302] [send_packet:48] src:9 dst:ffff len:80
INFO  [1501738209:511644] [radio_read:91] src:a dst:9 len:53 flags:0
INFO  [1501738209:511664] [send_packet:48] src:9 dst:8 len:53
INFO  [1501738209:519106] [radio_read:91] src:9 dst:8 len:1 flags:1
INFO  [1501738209:519116] [mac_handle_ack:83] ACK status:ACK_OK retries:1
INFO  [1501738209:746835] [radio_read:91] src:d dst:ffff len:80 flags:0
INFO  [1501738209:756421] [radio_read:91] src:a dst:9 len:53 flags:0
INFO  [1501738209:756434] [send_packet:48] src:9 dst:8 len:53
INFO  [1501738209:761805] [radio_read:91] src:9 dst:8 len:1 flags:1
INFO  [1501738209:761813] [mac_handle_ack:83] ACK status:ACK_OK retries:1
INFO  [1501738210:34014] [send_packet:48] src:9 dst:8 len:79
INFO  [1501738210:41621] [radio_read:91] src:9 dst:8 len:1 flags:1
INFO  [1501738210:41632] [mac_handle_ack:83] ACK status:ACK_OK retries:1
INFO  [1501738211:234920] [radio_read:91] src:a dst:9 len:53 flags:0
INFO  [1501738211:234954] [send_packet:48] src:9 dst:8 len:53
INFO  [1501738211:242456] [radio_read:91] src:9 dst:8 len:1 flags:1
INFO  [1501738211:242474] [mac_handle_ack:83] ACK status:ACK_OK retries:1
INFO  [1501738212:931122] [radio_read:91] src:a dst:ffff len:80 flags:0
INFO  [1501738213:30755] [radio_read:91] src:a dst:9 len:79 flags:0
INFO  [1501738213:394985] [radio_read:91] src:a dst:9 len:53 flags:0
INFO  [1501738213:395022] [send_packet:48] src:9 dst:8 len:53
INFO  [1501738213:400396] [radio_read:91] src:9 dst:8 len:1 flags:1
INFO  [1501738213:400407] [mac_handle_ack:83] ACK status:ACK_OK retries:1
INFO  [1501738213:475711] [radio_read:91] src:a dst:9 len:53 flags:0
INFO  [1501738213:475748] [send_packet:48] src:9 dst:8 len:53
INFO  [1501738213:483207] [radio_read:91] src:9 dst:8 len:1 flags:1
INFO  [1501738213:483222] [mac_handle_ack:83] ACK status:ACK_OK retries:1
INFO  [1501738213:802032] [radio_read:91] src:a dst:9 len:53 flags:0
INFO  [1501738213:802056] [send_packet:48] src:9 dst:8 len:53
INFO  [1501738213:810607] [radio_read:91] src:9 dst:8 len:1 flags:1
INFO  [1501738213:810623] [mac_handle_ack:83] ACK status:ACK_OK retries:1
INFO  [1501738216:876612] [radio_read:91] src:a dst:9 len:53 flags:0
INFO  [1501738216:876636] [send_packet:48] src:9 dst:8 len:53
INFO  [1501738216:884152] [radio_read:91] src:9 dst:8 len:1 flags:1
INFO  [1501738216:884166] [mac_handle_ack:83] ACK status:ACK_OK retries:1
INFO  [1501738217:357112] [radio_read:91] src:8 dst:ffff len:80 flags:0
INFO  [1501738218:154717] [radio_read:91] src:a dst:9 len:53 flags:0
INFO  [1501738218:154748] [send_packet:48] src:9 dst:8 len:53
INFO  [1501738218:158963] [radio_read:91] src:9 dst:8 len:1 flags:1
INFO  [1501738218:158972] [mac_handle_ack:83] ACK status:ACK_OK retries:1
INFO  [1501738218:310158] [radio_read:91] src:a dst:9 len:53 flags:0
INFO  [1501738218:310187] [send_packet:48] src:9 dst:8 len:53
INFO  [1501738218:317678] [radio_read:91] src:9 dst:8 len:1 flags:1
INFO  [1501738218:317693] [mac_handle_ack:83] ACK status:ACK_OK retries:1
INFO  [1501738218:415586] [radio_read:91] src:a dst:9 len:53 flags:0
INFO  [1501738218:415617] [send_packet:48] src:9 dst:8 len:53
INFO  [1501738218:422062] [radio_read:91] src:9 dst:8 len:1 flags:1
INFO  [1501738218:422084] [mac_handle_ack:83] ACK status:ACK_OK retries:1
INFO  [1501738219:390017] [send_packet:48] src:9 dst:8 len:53
INFO  [1501738219:395335] [radio_read:91] src:9 dst:8 len:1 flags:1
INFO  [1501738219:395348] [mac_handle_ack:83] ACK status:ACK_OK retries:1
INFO  [1501738221:592119] [radio_read:91] src:a dst:9 len:53 flags:0
INFO  [1501738221:592143] [send_packet:48] src:9 dst:8 len:53
INFO  [1501738221:597475] [radio_read:91] src:9 dst:8 len:1 flags:1
INFO  [1501738221:597488] [mac_handle_ack:83] ACK status:ACK_OK retries:1
INFO  [1501738222:924024] [radio_read:91] src:5 dst:ffff len:80 flags:0
INFO  [1501738224:557761] [send_packet:48] src:9 dst:ffff len:80
INFO  [1501738224:793751] [radio_read:91] src:a dst:ffff len:80 flags:0
INFO  [1501738225:588389] [radio_read:91] src:d dst:ffff len:80 flags:0
INFO  [1501738226:308259] [radio_read:91] src:a dst:9 len:53 flags:0
INFO  [1501738226:308297] [send_packet:48] src:9 dst:8 len:53
INFO  [1501738226:315814] [radio_read:91] src:9 dst:8 len:1 flags:1
INFO  [1501738226:315830] [mac_handle_ack:83] ACK status:ACK_OK retries:1
INFO  [1501738228:124543] [radio_read:91] src:a dst:9 len:53 flags:0
INFO  [1501738228:124569] [send_packet:48] src:9 dst:8 len:53
INFO  [1501738228:128795] [radio_read:91] src:9 dst:8 len:1 flags:1
INFO  [1501738228:128804] [mac_handle_ack:83] ACK status:ACK_OK retries:1
INFO  [1501738229:255427] [radio_read:91] src:a dst:9 len:53 flags:0
INFO  [1501738229:255455] [send_packet:48] src:9 dst:8 len:53
INFO  [1501738229:260811] [radio_read:91] src:9 dst:8 len:1 flags:1
INFO  [1501738229:260822] [mac_handle_ack:83] ACK status:ACK_OK retries:1
INFO  [1501738229:446044] [radio_read:91] src:a dst:9 len:53 flags:0
INFO  [1501738229:446066] [send_packet:48] src:9 dst:8 len:53
INFO  [1501738229:453629] [radio_read:91] src:9 dst:8 len:1 flags:1
INFO  [1501738229:453645] [mac_handle_ack:83] ACK status:ACK_OK retries:1
INFO  [1501738240:281649] [radio_read:91] src:a dst:9 len:53 flags:0
INFO  [1501738240:281678] [send_packet:48] src:9 dst:8 len:53
INFO  [1501738240:285916] [radio_read:91] src:9 dst:8 len:1 flags:1
INFO  [1501738240:285927] [mac_handle_ack:83] ACK status:ACK_OK retries:1
INFO  [1501738240:909594] [radio_read:91] src:a dst:9 len:53 flags:0
INFO  [1501738240:909618] [send_packet:48] src:9 dst:8 len:53
INFO  [1501738240:915988] [radio_read:91] src:9 dst:8 len:1 flags:1
INFO  [1501738240:916000] [mac_handle_ack:83] ACK status:ACK_OK retries:1
INFO  [1501738243:517845] [radio_read:91] src:5 dst:ffff len:80 flags:0
INFO  [1501738250:696429] [radio_read:91] src:8 dst:ffff len:80 flags:0
INFO  [1501738251:576517] [radio_read:91] src:a dst:9 len:53 flags:0
INFO  [1501738251:576544] [send_packet:48] src:9 dst:8 len:53
INFO  [1501738251:582916] [radio_read:91] src:9 dst:8 len:1 flags:1
INFO  [1501738251:582928] [mac_handle_ack:83] ACK status:ACK_OK retries:1
INFO  [1501738251:856992] [radio_read:91] src:a dst:9 len:54 flags:0
INFO  [1501738251:857069] [send_packet:48] src:9 dst:8 len:54
INFO  [1501738251:864564] [radio_read:91] src:9 dst:8 len:1 flags:1
INFO  [1501738251:864581] [mac_handle_ack:83] ACK status:ACK_OK retries:1
INFO  [1501738253:513981] [radio_read:91] src:a dst:9 len:54 flags:0
INFO  [1501738253:514055] [send_packet:48] src:9 dst:8 len:54
INFO  [1501738253:521507] [radio_read:91] src:9 dst:8 len:1 flags:1
INFO  [1501738253:521523] [mac_handle_ack:83] ACK status:ACK_OK retries:1
INFO  [1501738254:56694] [radio_read:91] src:d dst:ffff len:80 flags:0
INFO  [1501738254:82474] [send_packet:48] src:9 dst:8 len:53
INFO  [1501738254:87820] [radio_read:91] src:9 dst:8 len:1 flags:1
INFO  [1501738254:87832] [mac_handle_ack:83] ACK status:ACK_OK retries:1
DATA send to 1 'Hello 1'
INFO  [1501738254:377840] [send_packet:48] src:9 dst:8 len:45
INFO  [1501738254:384272] [radio_read:91] src:9 dst:8 len:1 flags:1
INFO  [1501738254:384284] [mac_handle_ack:83] ACK status:ACK_OK retries:1
INFO  [1501738256:81227] [send_packet:48] src:9 dst:ffff len:80
INFO  [1501738257:451156] [radio_read:91] src:a dst:9 len:53 flags:0
INFO  [1501738257:451193] [send_packet:48] src:9 dst:8 len:53
INFO  [1501738257:456540] [radio_read:91] src:9 dst:8 len:1 flags:1
INFO  [1501738257:456552] [mac_handle_ack:83] ACK status:ACK_OK retries:1
INFO  [1501738260:557031] [radio_read:91] src:a dst:ffff len:80 flags:0
INFO  [1501738264:702694] [radio_read:91] src:a dst:9 len:54 flags:0
INFO  [1501738264:702722] [send_packet:48] src:9 dst:8 len:54
INFO  [1501738264:708073] [radio_read:91] src:9 dst:8 len:1 flags:1
INFO  [1501738264:708082] [mac_handle_ack:83] ACK status:ACK_OK retries:1
INFO  [1501738274:747942] [radio_read:91] src:a dst:9 len:45 flags:0
INFO  [1501738274:747967] [send_packet:48] src:9 dst:8 len:54
INFO  [1501738274:754309] [radio_read:91] src:9 dst:8 len:1 flags:1
INFO  [1501738274:754320] [mac_handle_ack:83] ACK status:ACK_OK retries:1
INFO  [1501738277:695826] [radio_read:91] src:a dst:9 len:54 flags:0
INFO  [1501738277:695845] [send_packet:48] src:9 dst:8 len:54
INFO  [1501738277:703325] [radio_read:91] src:9 dst:8 len:1 flags:1
INFO  [1501738277:703339] [mac_handle_ack:83] ACK status:ACK_OK retries:1
INFO  [1501738289:805995] [send_packet:48] src:9 dst:5 len:79
INFO  [1501738289:826339] [radio_read:91] src:9 dst:5 len:1 flags:1
INFO  [1501738289:826352] [mac_handle_ack:83] ACK status:ACK_OK retries:3
INFO  [1501738290:391319] [radio_read:91] src:5 dst:ffff len:80 flags:0
INFO  [1501738302:155149] [send_packet:48] src:9 dst:ffff len:80
INFO  [1501738304:243960] [radio_read:91] src:a dst:9 len:54 flags:0
INFO  [1501738304:243979] [send_packet:48] src:9 dst:8 len:54
INFO  [1501738304:249387] [radio_read:91] src:9 dst:8 len:1 flags:1
INFO  [1501738304:249395] [mac_handle_ack:83] ACK status:ACK_OK retries:1
INFO  [1501738307:806892] [radio_read:91] src:a dst:9 len:53 flags:0
INFO  [1501738307:806918] [send_packet:48] src:9 dst:8 len:53
INFO  [1501738307:811153] [radio_read:91] src:9 dst:8 len:1 flags:1
INFO  [1501738307:811164] [mac_handle_ack:83] ACK status:ACK_OK retries:1
INFO  [1501738309:360135] [radio_read:91] src:a dst:9 len:54 flags:0
INFO  [1501738309:360173] [send_packet:48] src:9 dst:8 len:54
INFO  [1501738309:365497] [radio_read:91] src:9 dst:8 len:1 flags:1
INFO  [1501738309:365508] [mac_handle_ack:83] ACK status:ACK_OK retries:1
INFO  [1501738310:77705] [radio_read:91] src:d dst:ffff len:80 flags:0
INFO  [1501738310:824426] [radio_read:91] src:8 dst:ffff len:80 flags:0
DATA send to 1 'Hello 2'
INFO  [1501738319:873137] [send_packet:48] src:9 dst:8 len:45
INFO  [1501738319:878489] [radio_read:91] src:9 dst:8 len:1 flags:1
INFO  [1501738319:878499] [mac_handle_ack:83] ACK status:ACK_OK retries:1
INFO  [1501738320:21601] [radio_read:91] src:a dst:ffff len:80 flags:0
INFO  [1501738322:645463] [radio_read:91] src:a dst:9 len:53 flags:0
INFO  [1501738322:645485] [send_packet:48] src:9 dst:8 len:53
INFO  [1501738322:649967] [radio_read:91] src:9 dst:8 len:1 flags:1
INFO  [1501738322:649976] [mac_handle_ack:83] ACK status:ACK_OK retries:1
INFO  [1501738325:781082] [radio_read:91] src:a dst:9 len:53 flags:0
INFO  [1501738325:781104] [send_packet:48] src:9 dst:8 len:53
INFO  [1501738325:786404] [radio_read:91] src:9 dst:8 len:1 flags:1
INFO  [1501738325:786415] [mac_handle_ack:83] ACK status:ACK_OK retries:1
INFO  [1501738326:979730] [radio_read:91] src:a dst:9 len:54 flags:0
INFO  [1501738326:979750] [send_packet:48] src:9 dst:8 len:54
INFO  [1501738326:985123] [radio_read:91] src:9 dst:8 len:1 flags:1
INFO  [1501738326:985132] [mac_handle_ack:83] ACK status:ACK_OK retries:1
INFO  [1501738329:408206] [radio_read:91] src:a dst:9 len:45 flags:0
INFO  [1501738329:408230] [send_packet:48] src:9 dst:8 len:54
INFO  [1501738329:413573] [radio_read:91] src:9 dst:8 len:1 flags:1
INFO  [1501738329:413584] [mac_handle_ack:83] ACK status:ACK_OK retries:1
INFO  [1501738330:142207] [radio_read:91] src:a dst:9 len:53 flags:0
INFO  [1501738330:142227] [send_packet:48] src:9 dst:8 len:53
INFO  [1501738330:147625] [radio_read:91] src:9 dst:8 len:1 flags:1
INFO  [1501738330:147634] [mac_handle_ack:83] ACK status:ACK_OK retries:1
INFO  [1501738331:493825] [radio_read:91] src:a dst:9 len:53 flags:0
INFO  [1501738331:493851] [send_packet:48] src:9 dst:8 len:53
INFO  [1501738331:500274] [radio_read:91] src:9 dst:8 len:1 flags:1
INFO  [1501738331:500285] [mac_handle_ack:83] ACK status:ACK_OK retries:1
INFO  [1501738332:336409] [radio_read:91] src:8 dst:9 len:79 flags:0
INFO  [1501738340:997402] [radio_read:91] src:a dst:9 len:53 flags:0
INFO  [1501738340:997425] [send_packet:48] src:9 dst:8 len:53
INFO  [1501738341:3846] [radio_read:91] src:9 dst:8 len:1 flags:1
INFO  [1501738341:3856] [mac_handle_ack:83] ACK status:ACK_OK retries:1
INFO  [1501738343:806792] [radio_read:91] src:a dst:9 len:54 flags:0
INFO  [1501738343:806812] [send_packet:48] src:9 dst:8 len:54
INFO  [1501738343:811195] [radio_read:91] src:9 dst:8 len:1 flags:1
INFO  [1501738343:811205] [mac_handle_ack:83] ACK status:ACK_OK retries:1
INFO  [1501738362:627951] [radio_read:91] src:a dst:9 len:54 flags:0
INFO  [1501738362:627982] [send_packet:48] src:9 dst:8 len:54
INFO  [1501738362:633294] [radio_read:91] src:9 dst:8 len:1 flags:1
INFO  [1501738362:633304] [mac_handle_ack:83] ACK status:ACK_OK retries:1
INFO  [1501738366:895042] [radio_read:91] src:a dst:9 len:54 flags:0
INFO  [1501738366:895062] [send_packet:48] src:9 dst:8 len:54
INFO  [1501738366:901412] [radio_read:91] src:9 dst:8 len:1 flags:1
INFO  [1501738366:901424] [mac_handle_ack:83] ACK status:ACK_OK retries:1
INFO  [1501738371:341923] [radio_read:91] src:a dst:9 len:54 flags:0
INFO  [1501738371:341943] [send_packet:48] src:9 dst:8 len:54
INFO  [1501738371:348370] [radio_read:91] src:9 dst:8 len:1 flags:1
INFO  [1501738371:348382] [mac_handle_ack:83] ACK status:ACK_OK retries:1
INFO  [1501738373:773824] [radio_read:91] src:a dst:9 len:54 flags:0
INFO  [1501738373:773843] [send_packet:48] src:9 dst:8 len:54
INFO  [1501738373:780240] [radio_read:91] src:9 dst:8 len:1 flags:1
INFO  [1501738373:780251] [mac_handle_ack:83] ACK status:ACK_OK retries:1
INFO  [1501738378:842235] [radio_read:91] src:a dst:9 len:54 flags:0
INFO  [1501738378:842275] [send_packet:48] src:9 dst:8 len:54
INFO  [1501738378:847576] [radio_read:91] src:9 dst:8 len:1 flags:1
INFO  [1501738378:847586] [mac_handle_ack:83] ACK status:ACK_OK retries:1
INFO  [1501738381:551281] [radio_read:91] src:a dst:9 len:54 flags:0
INFO  [1501738381:551301] [send_packet:48] src:9 dst:8 len:54
INFO  [1501738381:556631] [radio_read:91] src:9 dst:8 len:1 flags:1
INFO  [1501738381:556645] [mac_handle_ack:83] ACK status:ACK_OK retries:1
INFO  [1501738396:514782] [radio_read:91] src:a dst:9 len:54 flags:0
INFO  [1501738396:514806] [send_packet:48] src:9 dst:8 len:54
INFO  [1501738396:522294] [radio_read:91] src:9 dst:8 len:1 flags:1
INFO  [1501738396:522308] [mac_handle_ack:83] ACK status:ACK_OK retries:1
INFO  [1501738398:987930] [send_packet:48] src:9 dst:d len:79
INFO  [1501738398:995499] [radio_read:91] src:9 dst:d len:1 flags:1
INFO  [1501738398:995511] [mac_handle_ack:83] ACK status:ACK_OK retries:1
DATA send to 1 'Hello 3'
INFO  [1501738399:408317] [send_packet:48] src:9 dst:8 len:45
INFO  [1501738399:415844] [radio_read:91] src:9 dst:8 len:1 flags:1
INFO  [1501738399:415855] [mac_handle_ack:83] ACK status:ACK_OK retries:1
INFO  [1501738400:303593] [radio_read:91] src:a dst:9 len:45 flags:0
INFO  [1501738400:303620] [send_packet:48] src:9 dst:8 len:54
INFO  [1501738400:308975] [radio_read:91] src:9 dst:8 len:1 flags:1
INFO  [1501738400:308987] [mac_handle_ack:83] ACK status:ACK_OK retries:1
INFO  [1501738407:660137] [radio_read:91] src:5 dst:ffff len:80 flags:0
INFO  [1501738420:64903] [radio_read:91] src:d dst:ffff len:80 flags:0
INFO  [1501738429:690439] [radio_read:91] src:a dst:9 len:54 flags:0
INFO  [1501738429:690456] [send_packet:48] src:9 dst:8 len:54
INFO  [1501738429:695758] [radio_read:91] src:9 dst:8 len:1 flags:1
INFO  [1501738429:695770] [mac_handle_ack:83] ACK status:ACK_OK retries:1
INFO  [1501738430:499745] [radio_read:91] src:a dst:9 len:54 flags:0
INFO  [1501738430:499767] [send_packet:48] src:9 dst:8 len:54
INFO  [1501738430:505110] [radio_read:91] src:9 dst:8 len:1 flags:1
INFO  [1501738430:505121] [mac_handle_ack:83] ACK status:ACK_OK retries:1
INFO  [1501738430:560912] [radio_read:91] src:a dst:ffff len:80 flags:0
INFO  [1501738438:593343] [radio_read:91] src:a dst:9 len:45 flags:0
INFO  [1501738438:593364] [send_packet:48] src:9 dst:8 len:54
INFO  [1501738438:598703] [radio_read:91] src:9 dst:8 len:1 flags:1
INFO  [1501738438:598713] [mac_handle_ack:83] ACK status:ACK_OK retries:1
INFO  [1501738439:32362] [radio_read:91] src:d dst:9 len:79 flags:0
INFO  [1501738446:585737] [radio_read:91] src:a dst:9 len:54 flags:0
INFO  [1501738446:585760] [send_packet:48] src:9 dst:8 len:54
INFO  [1501738446:592187] [radio_read:91] src:9 dst:8 len:1 flags:1
INFO  [1501738446:592195] [mac_handle_ack:83] ACK status:ACK_OK retries:1
INFO  [1501738450:532124] [send_packet:48] src:9 dst:ffff len:80
INFO  [1501738452:417766] [radio_read:91] src:8 dst:ffff len:80 flags:0
INFO  [1501738454:643552] [send_packet:48] src:9 dst:8 len:53
INFO  [1501738454:650130] [radio_read:91] src:9 dst:8 len:1 flags:1
INFO  [1501738454:650141] [mac_handle_ack:83] ACK status:ACK_OK retries:1
INFO  [1501738454:689726] [radio_read:91] src:a dst:9 len:54 flags:0
INFO  [1501738454:689745] [send_packet:48] src:9 dst:8 len:54
INFO  [1501738454:697213] [radio_read:91] src:9 dst:8 len:1 flags:1
INFO  [1501738454:697223] [mac_handle_ack:83] ACK status:ACK_OK retries:1
INFO  [1501738464:314125] [radio_read:91] src:a dst:9 len:54 flags:0
INFO  [1501738464:314144] [send_packet:48] src:9 dst:8 len:54
INFO  [1501738464:321607] [radio_read:91] src:9 dst:8 len:1 flags:1
INFO  [1501738464:321619] [mac_handle_ack:83] ACK status:ACK_OK retries:1
DATA send to 1 'Hello 4'
INFO  [1501738480:515960] [send_packet:48] src:9 dst:8 len:45
INFO  [1501738480:522937] [radio_read:91] src:9 dst:8 len:1 flags:1
INFO  [1501738480:522948] [mac_handle_ack:83] ACK status:ACK_OK retries:1
INFO  [1501738490:542922] [radio_read:91] src:a dst:9 len:54 flags:0
INFO  [1501738490:542942] [send_packet:48] src:9 dst:8 len:54
INFO  [1501738490:548412] [radio_read:91] src:9 dst:8 len:1 flags:1
INFO  [1501738490:548422] [mac_handle_ack:83] ACK status:ACK_OK retries:1
INFO  [1501738502:114652] [send_packet:48] src:9 dst:a len:79
INFO  [1501738502:121120] [radio_read:91] src:9 dst:a len:1 flags:1
INFO  [1501738502:121134] [mac_handle_ack:83] ACK status:ACK_OK retries:1
INFO  [1501738504:157768] [radio_read:91] src:a dst:9 len:53 flags:0
INFO  [1501738504:157818] [send_packet:48] src:9 dst:8 len:53
INFO  [1501738504:163172] [radio_read:91] src:9 dst:8 len:1 flags:1
INFO  [1501738504:163185] [mac_handle_ack:83] ACK status:ACK_OK retries:1
INFO  [1501738507:691961] [radio_read:91] src:a dst:9 len:54 flags:0
INFO  [1501738507:691981] [send_packet:48] src:9 dst:8 len:54
INFO  [1501738507:697285] [radio_read:91] src:9 dst:8 len:1 flags:1
INFO  [1501738507:697294] [mac_handle_ack:83] ACK status:ACK_OK retries:1
INFO  [1501738522:603792] [radio_read:91] src:a dst:9 len:54 flags:0
INFO  [1501738522:603812] [send_packet:48] src:9 dst:8 len:54
INFO  [1501738522:609188] [radio_read:91] src:9 dst:8 len:1 flags:1
INFO  [1501738522:609201] [mac_handle_ack:83] ACK status:ACK_OK retries:1
DATA send to 1 'Hello 5'
INFO  [1501738525:229612] [send_packet:48] src:9 dst:8 len:45
INFO  [1501738525:240422] [radio_read:91] src:9 dst:8 len:1 flags:1
INFO  [1501738525:240436] [mac_handle_ack:83] ACK status:ACK_OK retries:2
INFO  [1501738525:740040] [radio_read:91] src:8 dst:9 len:79 flags:0
INFO  [1501738526:36472] [radio_read:91] src:a dst:9 len:45 flags:0
INFO  [1501738526:36504] [send_packet:48] src:9 dst:8 len:54
INFO  [1501738526:42859] [radio_read:91] src:9 dst:8 len:1 flags:1
INFO  [1501738526:42872] [mac_handle_ack:83] ACK status:ACK_OK retries:1
INFO  [1501738533:812644] [radio_read:91] src:a dst:9 len:54 flags:0
INFO  [1501738533:812674] [send_packet:48] src:9 dst:8 len:54
INFO  [1501738533:816960] [radio_read:91] src:9 dst:8 len:1 flags:1
INFO  [1501738533:816972] [mac_handle_ack:83] ACK status:ACK_OK retries:1
INFO  [1501738541:965662] [radio_read:91] src:a dst:9 len:54 flags:0
INFO  [1501738541:965681] [send_packet:48] src:9 dst:8 len:54
INFO  [1501738541:972106] [radio_read:91] src:9 dst:8 len:1 flags:1
INFO  [1501738541:972117] [mac_handle_ack:83] ACK status:ACK_OK retries:1
INFO  [1501738553:591497] [radio_read:91] src:a dst:9 len:54 flags:0
INFO  [1501738553:591517] [send_packet:48] src:9 dst:8 len:54
INFO  [1501738553:596804] [radio_read:91] src:9 dst:8 len:1 flags:1
INFO  [1501738553:596813] [mac_handle_ack:83] ACK status:ACK_OK retries:1
INFO  [1501738560:808093] [radio_read:91] src:a dst:9 len:54 flags:0
INFO  [1501738560:808114] [send_packet:48] src:9 dst:8 len:54
INFO  [1501738560:812357] [radio_read:91] src:9 dst:8 len:1 flags:1
INFO  [1501738560:812367] [mac_handle_ack:83] ACK status:ACK_OK retries:1
INFO  [1501738563:199143] [radio_read:91] src:5 dst:9 len:79 flags:0
DATA send to 1 'Hello 6'
INFO  [1501738563:856454] [send_packet:48] src:9 dst:8 len:45
INFO  [1501738563:862937] [radio_read:91] src:9 dst:8 len:1 flags:1
INFO  [1501738563:862949] [mac_handle_ack:83] ACK status:ACK_OK retries:1
INFO  [1501738569:255509] [radio_read:91] src:a dst:9 len:54 flags:0
INFO  [1501738569:255527] [send_packet:48] src:9 dst:8 len:54
INFO  [1501738569:261870] [radio_read:91] src:9 dst:8 len:1 flags:1
INFO  [1501738569:261881] [mac_handle_ack:83] ACK status:ACK_OK retries:1
INFO  [1501738584:871753] [radio_read:91] src:a dst:9 len:45 flags:0
INFO  [1501738584:871781] [send_packet:48] src:9 dst:8 len:54
INFO  [1501738584:876084] [radio_read:91] src:9 dst:8 len:1 flags:1
INFO  [1501738584:876096] [mac_handle_ack:83] ACK status:ACK_OK retries:1
INFO  [1501738585:183155] [radio_read:91] src:a dst:9 len:53 flags:0
INFO  [1501738585:183184] [send_packet:48] src:9 dst:8 len:53
INFO  [1501738585:189609] [radio_read:91] src:9 dst:8 len:1 flags:1
INFO  [1501738585:189626] [mac_handle_ack:83] ACK status:ACK_OK retries:1
INFO  [1501738602:30096] [radio_read:91] src:a dst:9 len:54 flags:0
INFO  [1501738602:30122] [send_packet:48] src:9 dst:8 len:54
INFO  [1501738602:35504] [radio_read:91] src:9 dst:8 len:1 flags:1
INFO  [1501738602:35513] [mac_handle_ack:83] ACK status:ACK_OK retries:1
INFO  [1501738602:488909] [radio_read:91] src:a dst:9 len:54 flags:0
INFO  [1501738602:488931] [send_packet:48] src:9 dst:8 len:54
INFO  [1501738602:494249] [radio_read:91] src:9 dst:8 len:1 flags:1
INFO  [1501738602:494259] [mac_handle_ack:83] ACK status:ACK_OK retries:1
INFO  [1501738609:379042] [send_packet:48] src:9 dst:5 len:79
INFO  [1501738609:390035] [radio_read:91] src:9 dst:5 len:1 flags:1
INFO  [1501738609:390052] [mac_handle_ack:83] ACK status:ACK_OK retries:2
INFO  [1501738612:862714] [radio_read:91] src:a dst:9 len:54 flags:0
INFO  [1501738612:862733] [send_packet:48] src:9 dst:8 len:54
INFO  [1501738612:867033] [radio_read:91] src:a dst:9 len:54 flags:0
INFO  [1501738612:867050] [send_packet:48] src:9 dst:8 len:54
INFO  [1501738612:873490] [radio_read:91] src:9 dst:8 len:1 flags:1
INFO  [1501738612:873505] [mac_handle_ack:83] ACK status:ACK_OK retries:1
INFO  [1501738612:878871] [radio_read:91] src:9 dst:8 len:1 flags:1
INFO  [1501738612:878889] [mac_handle_ack:83] ACK status:ACK_OK retries:1
INFO  [1501738619:155121] [radio_read:91] src:a dst:9 len:54 flags:0
INFO  [1501738619:155150] [send_packet:48] src:9 dst:8 len:54
INFO  [1501738619:159405] [radio_read:91] src:9 dst:8 len:1 flags:1
INFO  [1501738619:159414] [mac_handle_ack:83] ACK status:ACK_OK retries:1
INFO  [1501738619:224491] [radio_read:91] src:a dst:9 len:54 flags:0
INFO  [1501738619:224513] [send_packet:48] src:9 dst:8 len:54
INFO  [1501738619:232032] [radio_read:91] src:9 dst:8 len:1 flags:1
INFO  [1501738619:232044] [mac_handle_ack:83] ACK status:ACK_OK retries:1
INFO  [1501738621:841269] [radio_read:91] src:8 dst:9 len:79 flags:0
INFO  [1501738627:552837] [radio_read:91] src:a dst:9 len:54 flags:0
INFO  [1501738627:552854] [send_packet:48] src:9 dst:8 len:54
INFO  [1501738627:558167] [radio_read:91] src:9 dst:8 len:1 flags:1
INFO  [1501738627:558178] [mac_handle_ack:83] ACK status:ACK_OK retries:1
INFO  [1501738627:833957] [send_packet:48] src:9 dst:8 len:53
INFO  [1501738627:840345] [radio_read:91] src:9 dst:8 len:1 flags:1
INFO  [1501738627:840355] [mac_handle_ack:83] ACK status:ACK_OK retries:1
INFO  [1501738639:606780] [radio_read:91] src:d dst:ffff len:80 flags:0
INFO  [1501738641:146902] [radio_read:91] src:d dst:9 len:79 flags:0
INFO  [1501738642:776943] [radio_read:91] src:a dst:9 len:53 flags:0
INFO  [1501738642:776967] [send_packet:48] src:9 dst:8 len:53
INFO  [1501738642:784392] [radio_read:91] src:9 dst:8 len:1 flags:1
INFO  [1501738642:784409] [mac_handle_ack:83] ACK status:ACK_OK retries:1
INFO  [1501738642:850116] [radio_read:91] src:a dst:9 len:53 flags:0
INFO  [1501738642:850137] [send_packet:48] src:9 dst:8 len:53
INFO  [1501738642:856545] [radio_read:91] src:9 dst:8 len:1 flags:1
INFO  [1501738642:856557] [mac_handle_ack:83] ACK status:ACK_OK retries:1
INFO  [1501738645:780945] [radio_read:91] src:a dst:9 len:45 flags:0
INFO  [1501738645:780968] [send_packet:48] src:9 dst:8 len:54
INFO  [1501738645:786211] [radio_read:91] src:9 dst:8 len:1 flags:1
INFO  [1501738645:786225] [mac_handle_ack:83] ACK status:ACK_OK retries:1
INFO  [1501738648:581593] [radio_read:91] src:a dst:ffff len:80 flags:0
INFO  [1501738648:597630] [radio_read:91] src:a dst:9 len:53 flags:0
INFO  [1501738648:597651] [send_packet:48] src:9 dst:8 len:53
INFO  [1501738648:604093] [radio_read:91] src:9 dst:8 len:1 flags:1
INFO  [1501738648:604106] [mac_handle_ack:83] ACK status:ACK_OK retries:1
INFO  [1501738651:710175] [radio_read:91] src:a dst:9 len:53 flags:0
INFO  [1501738651:710198] [send_packet:48] src:9 dst:8 len:53
INFO  [1501738651:716684] [radio_read:91] src:9 dst:8 len:1 flags:1
INFO  [1501738651:716694] [mac_handle_ack:83] ACK status:ACK_OK retries:1
DATA send to 1 'Hello 7'
INFO  [1501738660:10932] [send_packet:48] src:9 dst:8 len:45
INFO  [1501738660:18392] [radio_read:91] src:9 dst:8 len:1 flags:1
INFO  [1501738660:18405] [mac_handle_ack:83] ACK status:ACK_OK retries:1
INFO  [1501738661:297981] [radio_read:91] src:a dst:9 len:54 flags:0
INFO  [1501738661:298017] [send_packet:48] src:9 dst:8 len:54
INFO  [1501738661:303324] [radio_read:91] src:9 dst:8 len:1 flags:1
INFO  [1501738661:303334] [mac_handle_ack:83] ACK status:ACK_OK retries:1
INFO  [1501738671:319491] [radio_read:91] src:a dst:9 len:54 flags:0
INFO  [1501738671:319513] [send_packet:48] src:9 dst:8 len:54
INFO  [1501738671:323790] [radio_read:91] src:9 dst:8 len:1 flags:1
INFO  [1501738671:323799] [mac_handle_ack:83] ACK status:ACK_OK retries:1
INFO  [1501738672:486229] [radio_read:91] src:a dst:9 len:53 flags:0
INFO  [1501738672:486249] [send_packet:48] src:9 dst:8 len:53
INFO  [1501738672:492635] [radio_read:91] src:9 dst:8 len:1 flags:1
INFO  [1501738672:492646] [mac_handle_ack:83] ACK status:ACK_OK retries:1
INFO  [1501738683:544547] [radio_read:91] src:5 dst:ffff len:80 flags:0
INFO  [1501738684:229067] [radio_read:91] src:a dst:9 len:54 flags:0
INFO  [1501738684:229087] [send_packet:48] src:9 dst:8 len:54
INFO  [1501738684:236552] [radio_read:91] src:9 dst:8 len:1 flags:1
INFO  [1501738684:236565] [mac_handle_ack:83] ACK status:ACK_OK retries:1
INFO  [1501738686:811735] [radio_read:91] src:a dst:9 len:53 flags:0
INFO  [1501738686:811765] [send_packet:48] src:9 dst:8 len:53
INFO  [1501738686:816069] [radio_read:91] src:9 dst:8 len:1 flags:1
INFO  [1501738686:816080] [mac_handle_ack:83] ACK status:ACK_OK retries:1
INFO  [1501738688:626497] [radio_read:91] src:a dst:9 len:54 flags:0
INFO  [1501738688:626517] [send_packet:48] src:9 dst:8 len:54
INFO  [1501738688:632902] [radio_read:91] src:9 dst:8 len:1 flags:1
INFO  [1501738688:632912] [mac_handle_ack:83] ACK status:ACK_OK retries:1
INFO  [1501738691:862985] [send_packet:48] src:9 dst:ffff len:80
INFO  [1501738693:270088] [radio_read:91] src:8 dst:ffff len:80 flags:0
INFO  [1501738695:592973] [send_packet:48] src:9 dst:d len:79
INFO  [1501738695:599496] [radio_read:91] src:9 dst:d len:1 flags:1
INFO  [1501738695:599517] [mac_handle_ack:83] ACK status:ACK_OK retries:1
INFO  [1501738695:780219] [radio_read:91] src:a dst:9 len:53 flags:0
INFO  [1501738695:780250] [send_packet:48] src:9 dst:8 len:53
INFO  [1501738695:786679] [radio_read:91] src:9 dst:8 len:1 flags:1
INFO  [1501738695:786690] [mac_handle_ack:83] ACK status:ACK_OK retries:1
INFO  [1501738710:94721] [radio_read:91] src:a dst:9 len:54 flags:0
INFO  [1501738710:94742] [send_packet:48] src:9 dst:8 len:54
INFO  [1501738710:100075] [radio_read:91] src:9 dst:8 len:1 flags:1
INFO  [1501738710:100086] [mac_handle_ack:83] ACK status:ACK_OK retries:1
INFO  [1501738711:552600] [radio_read:91] src:a dst:9 len:45 flags:0
INFO  [1501738711:552633] [send_packet:48] src:9 dst:8 len:54
INFO  [1501738711:558993] [radio_read:91] src:9 dst:8 len:1 flags:1
INFO  [1501738711:559005] [mac_handle_ack:83] ACK status:ACK_OK retries:1
DATA send to 1 'Hello 8'
INFO  [1501738715:194727] [send_packet:48] src:9 dst:8 len:45
INFO  [1501738715:202229] [radio_read:91] src:9 dst:8 len:1 flags:1
INFO  [1501738715:202244] [mac_handle_ack:83] ACK status:ACK_OK retries:1
INFO  [1501738722:564963] [radio_read:91] src:a dst:9 len:53 flags:0
INFO  [1501738722:564991] [send_packet:48] src:9 dst:8 len:53
INFO  [1501738722:571403] [radio_read:91] src:9 dst:8 len:1 flags:1
INFO  [1501738722:571413] [mac_handle_ack:83] ACK status:ACK_OK retries:1
INFO  [1501738727:45538] [radio_read:91] src:a dst:9 len:54 flags:0
INFO  [1501738727:45557] [send_packet:48] src:9 dst:8 len:54
INFO  [1501738727:52012] [radio_read:91] src:9 dst:8 len:1 flags:1
INFO  [1501738727:52029] [mac_handle_ack:83] ACK status:ACK_OK retries:1
INFO  [1501738736:103478] [radio_read:91] src:8 dst:9 len:79 flags:0
INFO  [1501738756:7608] [radio_read:91] src:a dst:9 len:45 flags:0
INFO  [1501738756:7634] [send_packet:48] src:9 dst:8 len:54
INFO  [1501738756:14110] [radio_read:91] src:9 dst:8 len:1 flags:1
INFO  [1501738756:14124] [mac_handle_ack:83] ACK status:ACK_OK retries:1
INFO  [1501738756:441465] [radio_read:91] src:a dst:9 len:54 flags:0
INFO  [1501738756:441493] [send_packet:48] src:9 dst:8 len:54
INFO  [1501738756:445732] [radio_read:91] src:9 dst:8 len:1 flags:1
INFO  [1501738756:445765] [mac_handle_ack:83] ACK status:ACK_OK retries:1
INFO  [1501738757:288472] [radio_read:91] src:a dst:9 len:54 flags:0
INFO  [1501738757:288491] [send_packet:48] src:9 dst:8 len:54
INFO  [1501738757:293836] [radio_read:91] src:9 dst:8 len:1 flags:1
INFO  [1501738757:293848] [mac_handle_ack:83] ACK status:ACK_OK retries:1
INFO  [1501738766:141586] [radio_read:91] src:a dst:9 len:54 flags:0
INFO  [1501738766:141604] [send_packet:48] src:9 dst:8 len:54
INFO  [1501738766:145884] [radio_read:91] src:9 dst:8 len:1 flags:1
INFO  [1501738766:145893] [mac_handle_ack:83] ACK status:ACK_OK retries:1
INFO  [1501738777:119225] [radio_read:91] src:a dst:9 len:54 flags:0
INFO  [1501738777:119244] [send_packet:48] src:9 dst:8 len:54
INFO  [1501738777:126682] [radio_read:91] src:9 dst:8 len:1 flags:1
INFO  [1501738777:126691] [mac_handle_ack:83] ACK status:ACK_OK retries:1
DATA send to 1 'Hello 9'
INFO  [1501738783:288338] [send_packet:48] src:9 dst:8 len:45
INFO  [1501738783:294791] [radio_read:91] src:9 dst:8 len:1 flags:1
INFO  [1501738783:294801] [mac_handle_ack:83] ACK status:ACK_OK retries:1
INFO  [1501738783:720037] [send_packet:48] src:9 dst:d len:79
INFO  [1501738783:726524] [radio_read:91] src:9 dst:d len:1 flags:1
INFO  [1501738783:726539] [mac_handle_ack:83] ACK status:ACK_OK retries:1
INFO  [1501738784:801797] [radio_read:91] src:a dst:9 len:54 flags:0
INFO  [1501738784:801833] [send_packet:48] src:9 dst:8 len:54
INFO  [1501738784:806105] [radio_read:91] src:9 dst:8 len:1 flags:1
INFO  [1501738784:806115] [mac_handle_ack:83] ACK status:ACK_OK retries:1
DATA send to 1 'Hello 10'
INFO  [1501738789:120018] [send_packet:48] src:9 dst:8 len:46
INFO  [1501738789:125391] [radio_read:91] src:9 dst:8 len:1 flags:1
INFO  [1501738789:125402] [mac_handle_ack:83] ACK status:ACK_OK retries:1
INFO  [1501738791:377755] [radio_read:91] src:a dst:9 len:53 flags:0
INFO  [1501738791:377793] [send_packet:48] src:9 dst:8 len:53
INFO  [1501738791:384249] [radio_read:91] src:9 dst:8 len:1 flags:1
INFO  [1501738791:384265] [mac_handle_ack:83] ACK status:ACK_OK retries:1
INFO  [1501738791:563522] [radio_read:91] src:a dst:9 len:55 flags:0
INFO  [1501738791:563547] [send_packet:48] src:9 dst:8 len:55
INFO  [1501738791:571037] [radio_read:91] src:9 dst:8 len:1 flags:1
INFO  [1501738791:571054] [mac_handle_ack:83] ACK status:ACK_OK retries:1
INFO  [1501738795:873746] [radio_read:91] src:a dst:9 len:55 flags:0
INFO  [1501738795:873766] [send_packet:48] src:9 dst:8 len:55
INFO  [1501738795:881255] [radio_read:91] src:9 dst:8 len:1 flags:1
INFO  [1501738795:881267] [mac_handle_ack:83] ACK status:ACK_OK retries:1
INFO  [1501738800:645471] [radio_read:91] src:a dst:9 len:55 flags:0
INFO  [1501738800:645495] [send_packet:48] src:9 dst:8 len:55
INFO  [1501738800:650878] [radio_read:91] src:9 dst:8 len:1 flags:1
INFO  [1501738800:650889] [mac_handle_ack:83] ACK status:ACK_OK retries:1
INFO  [1501738802:982594] [radio_read:91] src:a dst:9 len:46 flags:0
INFO  [1501738802:982618] [send_packet:48] src:9 dst:8 len:55
INFO  [1501738802:987928] [radio_read:91] src:9 dst:8 len:1 flags:1
INFO  [1501738802:987938] [mac_handle_ack:83] ACK status:ACK_OK retries:1
INFO  [1501738808:463548] [radio_read:91] src:a dst:9 len:53 flags:0
INFO  [1501738808:463570] [send_packet:48] src:9 dst:8 len:53
INFO  [1501738808:467804] [radio_read:91] src:9 dst:8 len:1 flags:1
INFO  [1501738808:467815] [mac_handle_ack:83] ACK status:ACK_OK retries:1
INFO  [1501738813:292986] [radio_read:91] src:a dst:9 len:55 flags:0
INFO  [1501738813:293019] [send_packet:48] src:9 dst:8 len:55
INFO  [1501738813:299400] [radio_read:91] src:9 dst:8 len:1 flags:1
INFO  [1501738813:299419] [mac_handle_ack:83] ACK status:ACK_OK retries:1
INFO  [1501738813:305883] [radio_read:91] src:a dst:9 len:55 flags:0
INFO  [1501738813:305900] [send_packet:48] src:9 dst:8 len:55
INFO  [1501738813:313389] [radio_read:91] src:9 dst:8 len:1 flags:1
INFO  [1501738813:313402] [mac_handle_ack:83] ACK status:ACK_OK retries:1
INFO  [1501738837:385831] [radio_read:91] src:a dst:9 len:55 flags:0
INFO  [1501738837:385869] [send_packet:48] src:9 dst:8 len:55
INFO  [1501738837:391261] [radio_read:91] src:9 dst:8 len:1 flags:1
INFO  [1501738837:391273] [mac_handle_ack:83] ACK status:ACK_OK retries:1
INFO  [1501738851:566559] [radio_read:91] src:a dst:9 len:55 flags:0
INFO  [1501738851:566579] [send_packet:48] src:9 dst:8 len:55
INFO  [1501738851:577289] [radio_read:91] src:9 dst:8 len:1 flags:1
INFO  [1501738851:577304] [mac_handle_ack:83] ACK status:ACK_OK retries:2
INFO  [1501738852:492291] [radio_read:91] src:a dst:9 len:46 flags:0
INFO  [1501738852:492324] [send_packet:48] src:9 dst:8 len:55
INFO  [1501738852:505302] [radio_read:91] src:9 dst:8 len:1 flags:1
INFO  [1501738852:505319] [mac_handle_ack:83] ACK status:ACK_OK retries:2
DATA send to 1 'Hello 11'
INFO  [1501738853:334280] [send_packet:48] src:9 dst:8 len:46
INFO  [1501738853:339650] [radio_read:91] src:9 dst:8 len:1 flags:1
INFO  [1501738853:339661] [mac_handle_ack:83] ACK status:ACK_OK retries:1
INFO  [1501738855:939017] [send_packet:48] src:9 dst:d len:79
INFO  [1501738855:945542] [radio_read:91] src:9 dst:d len:1 flags:1
INFO  [1501738855:945554] [mac_handle_ack:83] ACK status:ACK_OK retries:1
INFO  [1501738858:631179] [radio_read:91] src:5 dst:9 len:79 flags:0
INFO  [1501738863:739038] [radio_read:91] src:a dst:9 len:55 flags:0
INFO  [1501738863:739057] [send_packet:48] src:9 dst:8 len:55
INFO  [1501738863:744371] [radio_read:91] src:9 dst:8 len:1 flags:1
INFO  [1501738863:744381] [mac_handle_ack:83] ACK status:ACK_OK retries:1
INFO  [1501738869:986637] [radio_read:91] src:a dst:9 len:55 flags:0
INFO  [1501738869:986657] [send_packet:48] src:9 dst:8 len:55
INFO  [1501738869:991997] [radio_read:91] src:9 dst:8 len:1 flags:1
INFO  [1501738869:992006] [mac_handle_ack:83] ACK status:ACK_OK retries:1
INFO  [1501738884:495632] [radio_read:91] src:8 dst:9 len:79 flags:0
INFO  [1501738901:830589] [radio_read:91] src:a dst:9 len:55 flags:0
INFO  [1501738901:830613] [send_packet:48] src:9 dst:8 len:55
INFO  [1501738901:838131] [radio_read:91] src:9 dst:8 len:1 flags:1
INFO  [1501738901:838147] [mac_handle_ack:83] ACK status:ACK_OK retries:1
INFO  [1501738902:959452] [radio_read:91] src:a dst:9 len:53 flags:0
INFO  [1501738902:959477] [send_packet:48] src:9 dst:8 len:53
INFO  [1501738902:965826] [radio_read:91] src:9 dst:8 len:1 flags:1
INFO  [1501738902:965838] [mac_handle_ack:83] ACK status:ACK_OK retries:1
INFO  [1501738903:550201] [radio_read:91] src:a dst:9 len:55 flags:0
INFO  [1501738903:550221] [send_packet:48] src:9 dst:8 len:55
INFO  [1501738903:555556] [radio_read:91] src:9 dst:8 len:1 flags:1
INFO  [1501738903:555567] [mac_handle_ack:83] ACK status:ACK_OK retries:1
DATA send to 1 'Hello 12'
INFO  [1501738912:179341] [send_packet:48] src:9 dst:8 len:46
INFO  [1501738912:185834] [radio_read:91] src:9 dst:8 len:1 flags:1
INFO  [1501738912:185845] [mac_handle_ack:83] ACK status:ACK_OK retries:1
INFO  [1501738913:833910] [radio_read:91] src:a dst:9 len:46 flags:0
INFO  [1501738913:833944] [send_packet:48] src:9 dst:8 len:55
INFO  [1501738913:838288] [radio_read:91] src:9 dst:8 len:1 flags:1
INFO  [1501738913:838304] [mac_handle_ack:83] ACK status:ACK_OK retries:1
INFO  [1501738913:926166] [radio_read:91] src:a dst:9 len:55 flags:0
INFO  [1501738913:926189] [send_packet:48] src:9 dst:8 len:55
INFO  [1501738913:932692] [radio_read:91] src:9 dst:8 len:1 flags:1
INFO  [1501738913:932705] [mac_handle_ack:83] ACK status:ACK_OK retries:1
INFO  [1501738913:989084] [radio_read:91] src:a dst:9 len:55 flags:0
INFO  [1501738913:989107] [send_packet:48] src:9 dst:8 len:55
INFO  [1501738913:994481] [radio_read:91] src:9 dst:8 len:1 flags:1
INFO  [1501738913:994497] [mac_handle_ack:83] ACK status:ACK_OK retries:1
INFO  [1501738914:359759] [radio_read:91] src:a dst:9 len:55 flags:0
INFO  [1501738914:359789] [send_packet:48] src:9 dst:8 len:55
INFO  [1501738914:366141] [radio_read:91] src:9 dst:8 len:1 flags:1
INFO  [1501738914:366162] [mac_handle_ack:83] ACK status:ACK_OK retries:1
INFO  [1501738914:554039] [radio_read:91] src:a dst:9 len:55 flags:0
INFO  [1501738914:554091] [send_packet:48] src:9 dst:8 len:55
INFO  [1501738914:559380] [radio_read:91] src:9 dst:8 len:1 flags:1
INFO  [1501738914:559405] [mac_handle_ack:83] ACK status:ACK_OK retries:1
INFO  [1501738919:909236] [radio_read:91] src:a dst:9 len:53 flags:0
INFO  [1501738919:909269] [send_packet:48] src:9 dst:8 len:53
INFO  [1501738919:917818] [radio_read:91] src:9 dst:8 len:1 flags:1
INFO  [1501738919:917832] [mac_handle_ack:83] ACK status:ACK_OK retries:1
INFO  [1501738930:192089] [send_packet:48] src:9 dst:a len:79
INFO  [1501738930:196519] [send_packet:48] src:9 dst:8 len:53
INFO  [1501738930:198723] [radio_read:91] src:9 dst:a len:1 flags:1
INFO  [1501738930:198736] [mac_handle_ack:83] ACK status:ACK_OK retries:1
INFO  [1501738930:202990] [radio_read:91] src:9 dst:8 len:1 flags:1
INFO  [1501738930:202998] [mac_handle_ack:83] ACK status:ACK_OK retries:1
INFO  [1501738950:826213] [radio_read:91] src:a dst:9 len:55 flags:0
INFO  [1501738950:826234] [send_packet:48] src:9 dst:8 len:55
INFO  [1501738950:831556] [radio_read:91] src:9 dst:8 len:1 flags:1
INFO  [1501738950:831568] [mac_handle_ack:83] ACK status:ACK_OK retries:1
INFO  [1501738953:197422] [radio_read:91] src:d dst:9 len:79 flags:0
INFO  [1501738969:746360] [radio_read:91] src:a dst:9 len:55 flags:0
INFO  [1501738969:746380] [send_packet:48] src:9 dst:8 len:55
INFO  [1501738969:752811] [radio_read:91] src:9 dst:8 len:1 flags:1
INFO  [1501738969:752819] [mac_handle_ack:83] ACK status:ACK_OK retries:1
INFO  [1501738973:731080] [radio_read:91] src:a dst:9 len:46 flags:0
INFO  [1501738973:731108] [send_packet:48] src:9 dst:8 len:55
INFO  [1501738973:737485] [radio_read:91] src:9 dst:8 len:1 flags:1
INFO  [1501738973:737501] [mac_handle_ack:83] ACK status:ACK_OK retries:1
INFO  [1501738981:734911] [radio_read:91] src:a dst:9 len:53 flags:0
INFO  [1501738981:734945] [send_packet:48] src:9 dst:8 len:53
INFO  [1501738981:741381] [radio_read:91] src:9 dst:8 len:1 flags:1
INFO  [1501738981:741395] [mac_handle_ack:83] ACK status:ACK_OK retries:1
INFO  [1501738991:903403] [radio_read:91] src:a dst:9 len:55 flags:0
INFO  [1501738991:903428] [send_packet:48] src:9 dst:8 len:55
INFO  [1501738991:908785] [radio_read:91] src:9 dst:8 len:1 flags:1
INFO  [1501738991:908797] [mac_handle_ack:83] ACK status:ACK_OK retries:1
DATA send to 1 'Hello 13'
INFO  [1501739000:381942] [send_packet:48] src:9 dst:8 len:46
INFO  [1501739000:388492] [radio_read:91] src:9 dst:8 len:1 flags:1
INFO  [1501739000:388505] [mac_handle_ack:83] ACK status:ACK_OK retries:1
INFO  [1501739004:498583] [radio_read:91] src:a dst:9 len:55 flags:0
INFO  [1501739004:498600] [send_packet:48] src:9 dst:8 len:55
INFO  [1501739004:503932] [radio_read:91] src:9 dst:8 len:1 flags:1
INFO  [1501739004:503941] [mac_handle_ack:83] ACK status:ACK_OK retries:1
INFO  [1501739015:722929] [radio_read:91] src:a dst:9 len:53 flags:0
INFO  [1501739015:722958] [send_packet:48] src:9 dst:8 len:53
INFO  [1501739015:728253] [radio_read:91] src:9 dst:8 len:1 flags:1
INFO  [1501739015:728263] [mac_handle_ack:83] ACK status:ACK_OK retries:1
INFO  [1501739015:773227] [send_packet:48] src:9 dst:a len:79
INFO  [1501739015:780754] [radio_read:91] src:9 dst:a len:1 flags:1
INFO  [1501739015:780767] [mac_handle_ack:83] ACK status:ACK_OK retries:1
INFO  [1501739017:143592] [radio_read:91] src:a dst:9 len:55 flags:0
INFO  [1501739017:143620] [send_packet:48] src:9 dst:8 len:55
INFO  [1501739017:147976] [radio_read:91] src:9 dst:8 len:1 flags:1
INFO  [1501739017:147986] [mac_handle_ack:83] ACK status:ACK_OK retries:1
INFO  [1501739022:452908] [radio_read:91] src:a dst:9 len:53 flags:0
INFO  [1501739022:452935] [send_packet:48] src:9 dst:8 len:53
INFO  [1501739022:459303] [radio_read:91] src:9 dst:8 len:1 flags:1
INFO  [1501739022:459316] [mac_handle_ack:83] ACK status:ACK_OK retries:1
INFO  [1501739024:113998] [radio_read:91] src:a dst:9 len:55 flags:0
INFO  [1501739024:114017] [send_packet:48] src:9 dst:8 len:55
INFO  [1501739024:120438] [radio_read:91] src:9 dst:8 len:1 flags:1
INFO  [1501739024:120451] [mac_handle_ack:83] ACK status:ACK_OK retries:1
INFO  [1501739025:878675] [radio_read:91] src:a dst:9 len:53 flags:0
INFO  [1501739025:878699] [send_packet:48] src:9 dst:8 len:53
INFO  [1501739025:885153] [radio_read:91] src:9 dst:8 len:1 flags:1
INFO  [1501739025:885164] [mac_handle_ack:83] ACK status:ACK_OK retries:1
INFO  [1501739027:254020] [radio_read:91] src:5 dst:ffff len:80 flags:0
INFO  [1501739030:411730] [radio_read:91] src:a dst:ffff len:80 flags:0
INFO  [1501739031:682250] [radio_read:91] src:a dst:9 len:55 flags:0
INFO  [1501739031:682279] [send_packet:48] src:9 dst:8 len:55
INFO  [1501739031:693039] [radio_read:91] src:9 dst:8 len:1 flags:1
INFO  [1501739031:693055] [mac_handle_ack:83] ACK status:ACK_OK retries:2
INFO  [1501739039:67999] [radio_read:91] src:a dst:9 len:46 flags:0
INFO  [1501739039:68025] [send_packet:48] src:9 dst:8 len:55
INFO  [1501739039:74516] [radio_read:91] src:9 dst:8 len:1 flags:1
INFO  [1501739039:74526] [mac_handle_ack:83] ACK status:ACK_OK retries:1
INFO  [1501739045:711964] [radio_read:91] src:a dst:9 len:55 flags:0
INFO  [1501739045:711984] [send_packet:48] src:9 dst:8 len:55
INFO  [1501739045:717382] [radio_read:91] src:9 dst:8 len:1 flags:1
INFO  [1501739045:717398] [mac_handle_ack:83] ACK status:ACK_OK retries:1
DATA send to 1 'Hello 14'
INFO  [1501739046:815056] [send_packet:48] src:9 dst:8 len:46
INFO  [1501739046:822620] [radio_read:91] src:9 dst:8 len:1 flags:1
INFO  [1501739046:822636] [mac_handle_ack:83] ACK status:ACK_OK retries:1
INFO  [1501739057:329632] [radio_read:91] src:a dst:9 len:55 flags:0
INFO  [1501739057:329656] [send_packet:48] src:9 dst:8 len:55
INFO  [1501739057:337145] [radio_read:91] src:9 dst:8 len:1 flags:1
INFO  [1501739057:337158] [mac_handle_ack:83] ACK status:ACK_OK retries:1
INFO  [1501739075:982740] [radio_read:91] src:a dst:9 len:55 flags:0
INFO  [1501739075:982765] [send_packet:48] src:9 dst:8 len:55
INFO  [1501739075:990206] [radio_read:91] src:9 dst:8 len:1 flags:1
INFO  [1501739075:990219] [mac_handle_ack:83] ACK status:ACK_OK retries:1
INFO  [1501739078:883512] [radio_read:91] src:a dst:9 len:55 flags:0
INFO  [1501739078:883535] [send_packet:48] src:9 dst:8 len:55
INFO  [1501739078:887794] [radio_read:91] src:9 dst:8 len:1 flags:1
INFO  [1501739078:887804] [mac_handle_ack:83] ACK status:ACK_OK retries:1
INFO  [1501739088:667529] [radio_read:91] src:8 dst:9 len:79 flags:0
INFO  [1501739088:736375] [send_packet:48] src:9 dst:ffff len:80
INFO  [1501739091:895498] [send_packet:48] src:9 dst:8 len:53
INFO  [1501739091:903051] [radio_read:91] src:9 dst:8 len:1 flags:1
INFO  [1501739091:903094] [mac_handle_ack:83] ACK status:ACK_OK retries:1
INFO  [1501739093:720837] [radio_read:91] src:a dst:9 len:53 flags:0
INFO  [1501739093:720866] [send_packet:48] src:9 dst:8 len:53
INFO  [1501739093:727244] [radio_read:91] src:9 dst:8 len:1 flags:1
INFO  [1501739093:727257] [mac_handle_ack:83] ACK status:ACK_OK retries:1
DATA send to 1 'Hello 15'
INFO  [1501739097:335875] [send_packet:48] src:9 dst:8 len:46
INFO  [1501739097:342249] [radio_read:91] src:9 dst:8 len:1 flags:1
INFO  [1501739097:342260] [mac_handle_ack:83] ACK status:ACK_OK retries:1
INFO  [1501739098:376788] [radio_read:91] src:d dst:ffff len:80 flags:0
INFO  [1501739100:188833] [radio_read:91] src:a dst:9 len:53 flags:0
INFO  [1501739100:188857] [send_packet:48] src:9 dst:8 len:53
INFO  [1501739100:194227] [radio_read:91] src:9 dst:8 len:1 flags:1
INFO  [1501739100:194238] [mac_handle_ack:83] ACK status:ACK_OK retries:1
INFO  [1501739105:98276] [radio_read:91] src:a dst:9 len:55 flags:0
INFO  [1501739105:98296] [send_packet:48] src:9 dst:8 len:55
INFO  [1501739105:104699] [radio_read:91] src:9 dst:8 len:1 flags:1
INFO  [1501739105:104733] [mac_handle_ack:83] ACK status:ACK_OK retries:1
INFO  [1501739106:428471] [radio_read:91] src:a dst:9 len:55 flags:0
INFO  [1501739106:428489] [send_packet:48] src:9 dst:8 len:55
INFO  [1501739106:435960] [radio_read:91] src:9 dst:8 len:1 flags:1
INFO  [1501739106:435971] [mac_handle_ack:83] ACK status:ACK_OK retries:1
INFO  [1501739106:839184] [radio_read:91] src:a dst:9 len:55 flags:0
INFO  [1501739106:839216] [send_packet:48] src:9 dst:8 len:55
INFO  [1501739106:845624] [radio_read:91] src:9 dst:8 len:1 flags:1
INFO  [1501739106:845632] [mac_handle_ack:83] ACK status:ACK_OK retries:1
INFO  [1501739111:715910] [radio_read:91] src:5 dst:9 len:79 flags:0
INFO  [1501739116:585309] [radio_read:91] src:a dst:9 len:53 flags:0
INFO  [1501739116:585331] [send_packet:48] src:9 dst:8 len:53
INFO  [1501739116:591735] [radio_read:91] src:9 dst:8 len:1 flags:1
INFO  [1501739116:591744] [mac_handle_ack:83] ACK status:ACK_OK retries:1
INFO  [1501739116:678849] [send_packet:48] src:9 dst:5 len:79
INFO  [1501739116:686400] [radio_read:91] src:9 dst:5 len:1 flags:1
INFO  [1501739116:686410] [mac_handle_ack:83] ACK status:ACK_OK retries:1
INFO  [1501739118:375727] [radio_read:91] src:a dst:9 len:55 flags:0
INFO  [1501739118:375753] [send_packet:48] src:9 dst:8 len:55
INFO  [1501739118:382158] [radio_read:91] src:9 dst:8 len:1 flags:1
INFO  [1501739118:382169] [mac_handle_ack:83] ACK status:ACK_OK retries:1
INFO  [1501739123:591298] [radio_read:91] src:a dst:9 len:46 flags:0
INFO  [1501739123:591319] [send_packet:48] src:9 dst:8 len:55
INFO  [1501739123:596646] [radio_read:91] src:9 dst:8 len:1 flags:1
INFO  [1501739123:596661] [mac_handle_ack:83] ACK status:ACK_OK retries:1
INFO  [1501739129:814769] [radio_read:91] src:a dst:9 len:53 flags:0
INFO  [1501739129:814796] [send_packet:48] src:9 dst:8 len:53
INFO  [1501739129:820124] [radio_read:91] src:9 dst:8 len:1 flags:1
INFO  [1501739129:820134] [mac_handle_ack:83] ACK status:ACK_OK retries:1
INFO  [1501739135:66707] [radio_read:91] src:a dst:9 len:55 flags:0
INFO  [1501739135:66727] [send_packet:48] src:9 dst:8 len:55
INFO  [1501739135:72055] [radio_read:91] src:9 dst:8 len:1 flags:1
INFO  [1501739135:72065] [mac_handle_ack:83] ACK status:ACK_OK retries:1
INFO  [1501739144:359095] [radio_read:91] src:d dst:9 len:79 flags:0
INFO  [1501739155:845402] [radio_read:91] src:a dst:9 len:55 flags:0
INFO  [1501739155:845427] [send_packet:48] src:9 dst:8 len:55
INFO  [1501739155:850863] [radio_read:91] src:9 dst:8 len:1 flags:1
INFO  [1501739155:850885] [mac_handle_ack:83] ACK status:ACK_OK retries:1
INFO  [1501739159:148408] [radio_read:91] src:a dst:9 len:53 flags:0
INFO  [1501739159:148433] [send_packet:48] src:9 dst:8 len:53
INFO  [1501739159:153735] [radio_read:91] src:9 dst:8 len:1 flags:1
INFO  [1501739159:153746] [mac_handle_ack:83] ACK status:ACK_OK retries:1
INFO  [1501739165:714874] [radio_read:91] src:a dst:9 len:46 flags:0
INFO  [1501739165:714896] [send_packet:48] src:9 dst:8 len:55
INFO  [1501739165:720208] [radio_read:91] src:9 dst:8 len:1 flags:1
INFO  [1501739165:720219] [mac_handle_ack:83] ACK status:ACK_OK retries:1
INFO  [1501739165:841768] [radio_read:91] src:a dst:9 len:55 flags:0
INFO  [1501739165:841819] [send_packet:48] src:9 dst:8 len:55
INFO  [1501739165:853648] [radio_read:91] src:9 dst:8 len:1 flags:1
INFO  [1501739165:853662] [mac_handle_ack:83] ACK status:ACK_OK retries:2
INFO  [1501739182:943141] [radio_read:91] src:a dst:9 len:55 flags:0
INFO  [1501739182:943169] [send_packet:48] src:9 dst:8 len:55
INFO  [1501739182:948590] [radio_read:91] src:9 dst:8 len:1 flags:1
INFO  [1501739182:948600] [mac_handle_ack:83] ACK status:ACK_OK retries:1
INFO  [1501739183:394776] [radio_read:91] src:a dst:9 len:55 flags:0
INFO  [1501739183:394797] [send_packet:48] src:9 dst:8 len:55
INFO  [1501739183:401218] [radio_read:91] src:9 dst:8 len:1 flags:1
INFO  [1501739183:401229] [mac_handle_ack:83] ACK status:ACK_OK retries:1
INFO  [1501739186:585463] [send_packet:48] src:9 dst:d len:79
INFO  [1501739186:593012] [radio_read:91] src:9 dst:d len:1 flags:1
INFO  [1501739186:593023] [mac_handle_ack:83] ACK status:ACK_OK retries:1
DATA send to 1 'Hello 16'
INFO  [1501739200:745440] [send_packet:48] src:9 dst:8 len:46
INFO  [1501739200:750768] [radio_read:91] src:9 dst:8 len:1 flags:1
INFO  [1501739200:750778] [mac_handle_ack:83] ACK status:ACK_OK retries:1
INFO  [1501739205:955102] [radio_read:91] src:a dst:9 len:55 flags:0
INFO  [1501739205:955120] [send_packet:48] src:9 dst:8 len:55
INFO  [1501739205:960488] [radio_read:91] src:9 dst:8 len:1 flags:1
INFO  [1501739205:960497] [mac_handle_ack:83] ACK status:ACK_OK retries:1
INFO  [1501739207:112250] [radio_read:91] src:8 dst:ffff len:80 flags:0
INFO  [1501739213:769027] [radio_read:91] src:a dst:9 len:55 flags:0
INFO  [1501739213:769055] [send_packet:48] src:9 dst:8 len:55
INFO  [1501739213:774362] [radio_read:91] src:9 dst:8 len:1 flags:1
INFO  [1501739213:774373] [mac_handle_ack:83] ACK status:ACK_OK retries:1
DATA send to 1 'Hello 17'
INFO  [1501739223:612573] [send_packet:48] src:9 dst:8 len:46
INFO  [1501739223:619003] [radio_read:91] src:9 dst:8 len:1 flags:1
INFO  [1501739223:619015] [mac_handle_ack:83] ACK status:ACK_OK retries:1
INFO  [1501739229:105898] [radio_read:91] src:a dst:9 len:55 flags:0
INFO  [1501739229:105918] [send_packet:48] src:9 dst:8 len:55
INFO  [1501739229:113458] [radio_read:91] src:9 dst:8 len:1 flags:1
INFO  [1501739229:113469] [mac_handle_ack:83] ACK status:ACK_OK retries:1
INFO  [1501739239:704125] [radio_read:91] src:a dst:9 len:53 flags:0
INFO  [1501739239:704156] [send_packet:48] src:9 dst:8 len:53
INFO  [1501739239:709504] [radio_read:91] src:9 dst:8 len:1 flags:1
INFO  [1501739239:709514] [mac_handle_ack:83] ACK status:ACK_OK retries:1
INFO  [1501739247:76298] [radio_read:91] src:a dst:9 len:55 flags:0
INFO  [1501739247:76316] [send_packet:48] src:9 dst:8 len:55
INFO  [1501739247:81685] [radio_read:91] src:9 dst:8 len:1 flags:1
INFO  [1501739247:81694] [mac_handle_ack:83] ACK status:ACK_OK retries:1
INFO  [1501739254:54080] [radio_read:91] src:a dst:9 len:55 flags:0
INFO  [1501739254:54104] [send_packet:48] src:9 dst:8 len:55
INFO  [1501739254:59443] [radio_read:91] src:9 dst:8 len:1 flags:1
INFO  [1501739254:59453] [mac_handle_ack:83] ACK status:ACK_OK retries:1
INFO  [1501739259:271372] [radio_read:91] src:8 dst:9 len:79 flags:0
INFO  [1501739261:517434] [radio_read:91] src:a dst:9 len:55 flags:0
INFO  [1501739261:517460] [send_packet:48] src:9 dst:8 len:55
INFO  [1501739261:520659] [radio_read:91] src:a dst:9 len:55 flags:0
INFO  [1501739261:520682] [send_packet:48] src:9 dst:8 len:55
INFO  [1501739261:527075] [radio_read:91] src:9 dst:8 len:1 flags:1
INFO  [1501739261:527086] [mac_handle_ack:83] ACK status:ACK_OK retries:1
INFO  [1501739261:530298] [radio_read:91] src:9 dst:8 len:1 flags:1
INFO  [1501739261:530384] [mac_handle_ack:83] ACK status:ACK_OK retries:1
INFO  [1501739262:890736] [radio_read:91] src:a dst:9 len:46 flags:0
INFO  [1501739262:890757] [send_packet:48] src:9 dst:8 len:55
INFO  [1501739262:895034] [radio_read:91] src:9 dst:8 len:1 flags:1
INFO  [1501739262:895043] [mac_handle_ack:83] ACK status:ACK_OK retries:1
INFO  [1501739271:416531] [radio_read:91] src:a dst:9 len:55 flags:0
INFO  [1501739271:416550] [send_packet:48] src:9 dst:8 len:55
INFO  [1501739271:420791] [radio_read:91] src:9 dst:8 len:1 flags:1
INFO  [1501739271:420801] [mac_handle_ack:83] ACK status:ACK_OK retries:1
INFO  [1501739279:112556] [radio_read:91] src:5 dst:9 len:79 flags:0
INFO  [1501739295:948760] [radio_read:91] src:a dst:9 len:55 flags:0
INFO  [1501739295:948781] [send_packet:48] src:9 dst:8 len:55
INFO  [1501739295:955235] [radio_read:91] src:9 dst:8 len:1 flags:1
INFO  [1501739295:955247] [mac_handle_ack:83] ACK status:ACK_OK retries:1
INFO  [1501739298:933351] [radio_read:91] src:a dst:9 len:55 flags:0
INFO  [1501739298:933370] [send_packet:48] src:9 dst:8 len:55
INFO  [1501739298:939768] [radio_read:91] src:9 dst:8 len:1 flags:1
INFO  [1501739298:939777] [mac_handle_ack:83] ACK status:ACK_OK retries:1
INFO  [1501739305:474813] [radio_read:91] src:a dst:9 len:55 flags:0
INFO  [1501739305:474831] [send_packet:48] src:9 dst:8 len:55
INFO  [1501739305:480136] [radio_read:91] src:9 dst:8 len:1 flags:1
INFO  [1501739305:480146] [mac_handle_ack:83] ACK status:ACK_OK retries:1
INFO  [1501739307:957599] [send_packet:48] src:9 dst:a len:79
INFO  [1501739307:964107] [radio_read:91] src:9 dst:a len:1 flags:1
INFO  [1501739307:964117] [mac_handle_ack:83] ACK status:ACK_OK retries:1
DATA send to 1 'Hello 18'
INFO  [1501739308:374564] [send_packet:48] src:9 dst:8 len:46
INFO  [1501739308:379963] [radio_read:91] src:9 dst:8 len:1 flags:1
INFO  [1501739308:379972] [mac_handle_ack:83] ACK status:ACK_OK retries:1
INFO  [1501739310:145056] [radio_read:91] src:a dst:9 len:55 flags:0
INFO  [1501739310:145076] [send_packet:48] src:9 dst:8 len:55
INFO  [1501739310:151601] [radio_read:91] src:9 dst:8 len:1 flags:1
INFO  [1501739310:151611] [mac_handle_ack:83] ACK status:ACK_OK retries:1
INFO  [1501739319:338456] [radio_read:91] src:a dst:9 len:46 flags:0
INFO  [1501739319:338476] [send_packet:48] src:9 dst:8 len:55
INFO  [1501739319:343751] [radio_read:91] src:9 dst:8 len:1 flags:1
INFO  [1501739319:343760] [mac_handle_ack:83] ACK status:ACK_OK retries:1
INFO  [1501739324:15619] [radio_read:91] src:a dst:9 len:53 flags:0
INFO  [1501739324:15641] [send_packet:48] src:9 dst:8 len:53
INFO  [1501739324:19910] [radio_read:91] src:9 dst:8 len:1 flags:1
INFO  [1501739324:19919] [mac_handle_ack:83] ACK status:ACK_OK retries:1
INFO  [1501739349:955194] [radio_read:91] src:a dst:9 len:55 flags:0
INFO  [1501739349:955213] [send_packet:48] src:9 dst:8 len:55
INFO  [1501739349:960543] [radio_read:91] src:9 dst:8 len:1 flags:1
INFO  [1501739349:960551] [mac_handle_ack:83] ACK status:ACK_OK retries:1
INFO  [1501739352:113883] [radio_read:91] src:a dst:9 len:55 flags:0
INFO  [1501739352:113902] [send_packet:48] src:9 dst:8 len:55
INFO  [1501739352:120311] [radio_read:91] src:9 dst:8 len:1 flags:1
INFO  [1501739352:120322] [mac_handle_ack:83] ACK status:ACK_OK retries:1
INFO  [1501739353:728414] [radio_read:91] src:a dst:9 len:46 flags:0
INFO  [1501739353:728442] [send_packet:48] src:9 dst:8 len:55
INFO  [1501739353:734895] [radio_read:91] src:9 dst:8 len:1 flags:1
INFO  [1501739353:734906] [mac_handle_ack:83] ACK status:ACK_OK retries:1
INFO  [1501739362:298401] [radio_read:91] src:a dst:9 len:55 flags:0
INFO  [1501739362:298420] [send_packet:48] src:9 dst:8 len:55
INFO  [1501739362:304830] [radio_read:91] src:9 dst:8 len:1 flags:1
INFO  [1501739362:304840] [mac_handle_ack:83] ACK status:ACK_OK retries:1
INFO  [1501739364:977609] [radio_read:91] src:a dst:9 len:55 flags:0
INFO  [1501739364:977627] [send_packet:48] src:9 dst:8 len:55
INFO  [1501739364:981911] [radio_read:91] src:9 dst:8 len:1 flags:1
INFO  [1501739364:981920] [mac_handle_ack:83] ACK status:ACK_OK retries:1
INFO  [1501739370:532253] [send_packet:48] src:9 dst:5 len:79
INFO  [1501739370:540839] [radio_read:91] src:9 dst:5 len:1 flags:1
INFO  [1501739370:540851] [mac_handle_ack:83] ACK status:ACK_OK retries:1
DATA send to 1 'Hello 19'
INFO  [1501739371:86037] [send_packet:48] src:9 dst:8 len:46
INFO  [1501739371:91331] [radio_read:91] src:9 dst:8 len:1 flags:1
INFO  [1501739371:91341] [mac_handle_ack:83] ACK status:ACK_OK retries:1
INFO  [1501739382:407721] [radio_read:91] src:a dst:9 len:55 flags:0
INFO  [1501739382:407739] [send_packet:48] src:9 dst:8 len:55
INFO  [1501739382:415217] [radio_read:91] src:9 dst:8 len:1 flags:1
INFO  [1501739382:415226] [mac_handle_ack:83] ACK status:ACK_OK retries:1
INFO  [1501739391:690495] [radio_read:91] src:a dst:9 len:55 flags:0
INFO  [1501739391:690525] [send_packet:48] src:9 dst:8 len:55
INFO  [1501739391:695864] [radio_read:91] src:9 dst:8 len:1 flags:1
INFO  [1501739391:695876] [mac_handle_ack:83] ACK status:ACK_OK retries:1
INFO  [1501739393:603106] [send_packet:48] src:9 dst:8 len:53
INFO  [1501739393:611956] [radio_read:91] src:9 dst:8 len:1 flags:1
INFO  [1501739393:611969] [mac_handle_ack:83] ACK status:ACK_OK retries:1
INFO  [1501739398:821620] [radio_read:91] src:a dst:9 len:55 flags:0
INFO  [1501739398:821640] [send_packet:48] src:9 dst:8 len:55
INFO  [1501739398:829152] [radio_read:91] src:9 dst:8 len:1 flags:1
INFO  [1501739398:829165] [mac_handle_ack:83] ACK status:ACK_OK retries:1
INFO  [1501739399:439431] [radio_read:91] src:a dst:9 len:46 flags:0
INFO  [1501739399:439457] [send_packet:48] src:9 dst:8 len:55
INFO  [1501739399:447139] [radio_read:91] src:9 dst:8 len:1 flags:1
INFO  [1501739399:447155] [mac_handle_ack:83] ACK status:ACK_OK retries:1
INFO  [1501739399:518156] [radio_read:91] src:a dst:9 len:55 flags:0
INFO  [1501739399:518191] [send_packet:48] src:9 dst:8 len:55
INFO  [1501739399:524606] [radio_read:91] src:9 dst:8 len:1 flags:1
INFO  [1501739399:524617] [mac_handle_ack:83] ACK status:ACK_OK retries:1
INFO  [1501739401:51122] [radio_read:91] src:a dst:9 len:55 flags:0
INFO  [1501739401:51146] [send_packet:48] src:9 dst:8 len:55
INFO  [1501739401:55443] [radio_read:91] src:9 dst:8 len:1 flags:1
INFO  [1501739401:55458] [mac_handle_ack:83] ACK status:ACK_OK retries:1
DATA send to 1 'Hello 20'
INFO  [1501739420:292825] [send_packet:48] src:9 dst:8 len:46
INFO  [1501739420:299227] [radio_read:91] src:9 dst:8 len:1 flags:1
INFO  [1501739420:299242] [mac_handle_ack:83] ACK status:ACK_OK retries:1
INFO  [1501739428:461153] [radio_read:91] src:a dst:9 len:53 flags:0
INFO  [1501739428:461180] [send_packet:48] src:9 dst:8 len:53
INFO  [1501739428:467581] [radio_read:91] src:9 dst:8 len:1 flags:1
INFO  [1501739428:467592] [mac_handle_ack:83] ACK status:ACK_OK retries:1
INFO  [1501739434:17223] [radio_read:91] src:a dst:9 len:53 flags:0
INFO  [1501739434:17246] [send_packet:48] src:9 dst:8 len:53
INFO  [1501739434:23660] [radio_read:91] src:9 dst:8 len:1 flags:1
INFO  [1501739434:23669] [mac_handle_ack:83] ACK status:ACK_OK retries:1
INFO  [1501739437:824600] [radio_read:91] src:a dst:9 len:53 flags:0
INFO  [1501739437:824628] [send_packet:48] src:9 dst:8 len:53
INFO  [1501739437:831045] [radio_read:91] src:9 dst:8 len:1 flags:1
INFO  [1501739437:831054] [mac_handle_ack:83] ACK status:ACK_OK retries:1
INFO  [1501739447:74761] [radio_read:91] src:a dst:9 len:55 flags:0
INFO  [1501739447:74795] [send_packet:48] src:9 dst:8 len:55
INFO  [1501739447:81219] [radio_read:91] src:9 dst:8 len:1 flags:1
INFO  [1501739447:81228] [mac_handle_ack:83] ACK status:ACK_OK retries:1
INFO  [1501739455:138170] [radio_read:91] src:a dst:9 len:46 flags:0
INFO  [1501739455:138191] [send_packet:48] src:9 dst:8 len:55
INFO  [1501739455:143542] [radio_read:91] src:9 dst:8 len:1 flags:1
INFO  [1501739455:143551] [mac_handle_ack:83] ACK status:ACK_OK retries:1
INFO  [1501739456:125360] [radio_read:91] src:a dst:9 len:55 flags:0
INFO  [1501739456:125379] [send_packet:48] src:9 dst:8 len:55
INFO  [1501739456:130717] [radio_read:91] src:9 dst:8 len:1 flags:1
INFO  [1501739456:130726] [mac_handle_ack:83] ACK status:ACK_OK retries:1
INFO  [1501739460:121292] [send_packet:48] src:9 dst:5 len:79
INFO  [1501739460:134253] [radio_read:91] src:9 dst:5 len:1 flags:1
INFO  [1501739460:134266] [mac_handle_ack:83] ACK status:ACK_OK retries:2
INFO  [1501739472:16012] [radio_read:91] src:a dst:9 len:55 flags:0
INFO  [1501739472:16031] [send_packet:48] src:9 dst:8 len:55
INFO  [1501739472:22429] [radio_read:91] src:9 dst:8 len:1 flags:1
INFO  [1501739472:22439] [mac_handle_ack:83] ACK status:ACK_OK retries:1
INFO  [1501739477:111691] [radio_read:91] src:a dst:9 len:53 flags:0
INFO  [1501739477:111714] [send_packet:48] src:9 dst:8 len:53
INFO  [1501739477:117148] [radio_read:91] src:9 dst:8 len:1 flags:1
INFO  [1501739477:117159] [mac_handle_ack:83] ACK status:ACK_OK retries:1
INFO  [1501739484:246721] [radio_read:91] src:a dst:9 len:55 flags:0
INFO  [1501739484:246742] [send_packet:48] src:9 dst:8 len:55
INFO  [1501739484:252075] [radio_read:91] src:9 dst:8 len:1 flags:1
INFO  [1501739484:252089] [mac_handle_ack:83] ACK status:ACK_OK retries:1
INFO  [1501739485:916915] [radio_read:91] src:d dst:9 len:79 flags:0
DATA send to 1 'Hello 21'
INFO  [1501739490:354363] [send_packet:48] src:9 dst:8 len:46
INFO  [1501739490:359739] [radio_read:91] src:9 dst:8 len:1 flags:1
INFO  [1501739490:359751] [mac_handle_ack:83] ACK status:ACK_OK retries:1
INFO  [1501739490:687805] [radio_read:91] src:a dst:9 len:55 flags:0
INFO  [1501739490:687822] [send_packet:48] src:9 dst:8 len:55
INFO  [1501739490:693164] [radio_read:91] src:9 dst:8 len:1 flags:1
INFO  [1501739490:693177] [mac_handle_ack:83] ACK status:ACK_OK retries:1
INFO  [1501739494:803164] [radio_read:91] src:a dst:9 len:55 flags:0
INFO  [1501739494:803210] [send_packet:48] src:9 dst:8 len:55
INFO  [1501739494:808547] [radio_read:91] src:9 dst:8 len:1 flags:1
INFO  [1501739494:808558] [mac_handle_ack:83] ACK status:ACK_OK retries:1
INFO  [1501739498:340183] [radio_read:91] src:a dst:9 len:53 flags:0
INFO  [1501739498:340208] [send_packet:48] src:9 dst:8 len:53
INFO  [1501739498:345463] [radio_read:91] src:9 dst:8 len:1 flags:1
INFO  [1501739498:345473] [mac_handle_ack:83] ACK status:ACK_OK retries:1
INFO  [1501739501:876842] [radio_read:91] src:8 dst:9 len:79 flags:0
INFO  [1501739520:790145] [send_packet:48] src:9 dst:d len:79
INFO  [1501739520:797787] [radio_read:91] src:9 dst:d len:1 flags:1
INFO  [1501739520:797813] [mac_handle_ack:83] ACK status:ACK_OK retries:1
INFO  [1501739521:460115] [radio_read:91] src:a dst:9 len:55 flags:0
INFO  [1501739521:460139] [send_packet:48] src:9 dst:8 len:55
INFO  [1501739521:465451] [radio_read:91] src:9 dst:8 len:1 flags:1
INFO  [1501739521:465462] [mac_handle_ack:83] ACK status:ACK_OK retries:1
INFO  [1501739526:220524] [radio_read:91] src:a dst:9 len:53 flags:0
INFO  [1501739526:220556] [send_packet:48] src:9 dst:8 len:53
INFO  [1501739526:228126] [radio_read:91] src:9 dst:8 len:1 flags:1
INFO  [1501739526:228139] [mac_handle_ack:83] ACK status:ACK_OK retries:1
INFO  [1501739529:185295] [radio_read:91] src:a dst:9 len:55 flags:0
INFO  [1501739529:185324] [send_packet:48] src:9 dst:8 len:55
INFO  [1501739529:191690] [radio_read:91] src:9 dst:8 len:1 flags:1
INFO  [1501739529:191703] [mac_handle_ack:83] ACK status:ACK_OK retries:1
INFO  [1501739529:569622] [radio_read:91] src:a dst:9 len:46 flags:0
INFO  [1501739529:569649] [send_packet:48] src:9 dst:8 len:55
INFO  [1501739529:575034] [radio_read:91] src:9 dst:8 len:1 flags:1
INFO  [1501739529:575050] [mac_handle_ack:83] ACK status:ACK_OK retries:1
INFO  [1501739539:689635] [radio_read:91] src:a dst:9 len:55 flags:0
INFO  [1501739539:689658] [send_packet:48] src:9 dst:8 len:55
INFO  [1501739539:695012] [radio_read:91] src:9 dst:8 len:1 flags:1
INFO  [1501739539:695025] [mac_handle_ack:83] ACK status:ACK_OK retries:1
INFO  [1501739541:516155] [radio_read:91] src:a dst:9 len:53 flags:0
INFO  [1501739541:516177] [send_packet:48] src:9 dst:8 len:53
INFO  [1501739541:521503] [radio_read:91] src:9 dst:8 len:1 flags:1
INFO  [1501739541:521513] [mac_handle_ack:83] ACK status:ACK_OK retries:1
INFO  [1501739543:664005] [radio_read:91] src:a dst:9 len:55 flags:0
INFO  [1501739543:664025] [send_packet:48] src:9 dst:8 len:55
INFO  [1501739543:669391] [radio_read:91] src:9 dst:8 len:1 flags:1
INFO  [1501739543:669400] [mac_handle_ack:83] ACK status:ACK_OK retries:1
INFO  [1501739547:256117] [radio_read:91] src:a dst:9 len:55 flags:0
INFO  [1501739547:256136] [send_packet:48] src:9 dst:8 len:55
INFO  [1501739547:262502] [radio_read:91] src:9 dst:8 len:1 flags:1
INFO  [1501739547:262512] [mac_handle_ack:83] ACK status:ACK_OK retries:1
DATA send to 1 'Hello 22'
INFO  [1501739567:682705] [send_packet:48] src:9 dst:8 len:46
INFO  [1501739567:688077] [radio_read:91] src:9 dst:8 len:1 flags:1
INFO  [1501739567:688087] [mac_handle_ack:83] ACK status:ACK_OK retries:1
DATA send to 1 'Hello 23'
INFO  [1501739568:655945] [send_packet:48] src:9 dst:8 len:46
INFO  [1501739568:662398] [radio_read:91] src:9 dst:8 len:1 flags:1
INFO  [1501739568:662425] [mac_handle_ack:83] ACK status:ACK_OK retries:1
INFO  [1501739573:836158] [radio_read:91] src:a dst:9 len:55 flags:0
INFO  [1501739573:836186] [send_packet:48] src:9 dst:8 len:55
INFO  [1501739573:846961] [radio_read:91] src:9 dst:8 len:1 flags:1
INFO  [1501739573:846973] [mac_handle_ack:83] ACK status:ACK_OK retries:2
INFO  [1501739585:92538] [send_packet:48] src:9 dst:a len:79
INFO  [1501739585:100084] [radio_read:91] src:9 dst:a len:1 flags:1
INFO  [1501739585:100097] [mac_handle_ack:83] ACK status:ACK_OK retries:1
INFO  [1501739585:454218] [radio_read:91] src:a dst:9 len:55 flags:0
INFO  [1501739585:454242] [send_packet:48] src:9 dst:8 len:55
INFO  [1501739585:461734] [radio_read:91] src:9 dst:8 len:1 flags:1
INFO  [1501739585:461767] [mac_handle_ack:83] ACK status:ACK_OK retries:1
INFO  [1501739587:972189] [radio_read:91] src:a dst:9 len:46 flags:0
INFO  [1501739587:972220] [send_packet:48] src:9 dst:8 len:55
INFO  [1501739587:976487] [radio_read:91] src:9 dst:8 len:1 flags:1
INFO  [1501739587:976510] [mac_handle_ack:83] ACK status:ACK_OK retries:1
INFO  [1501739594:786674] [radio_read:91] src:5 dst:9 len:79 flags:0
INFO  [1501739606:438673] [radio_read:91] src:a dst:9 len:55 flags:0
INFO  [1501739606:438693] [send_packet:48] src:9 dst:8 len:55
INFO  [1501739606:445093] [radio_read:91] src:9 dst:8 len:1 flags:1
INFO  [1501739606:445103] [mac_handle_ack:83] ACK status:ACK_OK retries:1
INFO  [1501739623:716773] [radio_read:91] src:a dst:9 len:55 flags:0
INFO  [1501739623:716792] [send_packet:48] src:9 dst:8 len:55
INFO  [1501739623:725293] [radio_read:91] src:a dst:9 len:55 flags:0
INFO  [1501739623:725308] [send_packet:48] src:9 dst:8 len:55
INFO  [1501739623:730679] [radio_read:91] src:9 dst:8 len:1 flags:1
INFO  [1501739623:730689] [mac_handle_ack:83] ACK status:ACK_OK retries:1
INFO  [1501739623:734979] [radio_read:91] src:9 dst:8 len:1 flags:1
INFO  [1501739623:734989] [mac_handle_ack:83] ACK status:ACK_OK retries:1
INFO  [1501739629:618998] [radio_read:91] src:a dst:9 len:55 flags:0
INFO  [1501739629:619017] [send_packet:48] src:9 dst:8 len:55
INFO  [1501739629:630819] [radio_read:91] src:9 dst:8 len:1 flags:1
INFO  [1501739629:630830] [mac_handle_ack:83] ACK status:ACK_OK retries:2
INFO  [1501739641:507392] [radio_read:91] src:a dst:9 len:55 flags:0
INFO  [1501739641:507411] [send_packet:48] src:9 dst:8 len:55
INFO  [1501739641:512783] [radio_read:91] src:9 dst:8 len:1 flags:1
INFO  [1501739641:512799] [mac_handle_ack:83] ACK status:ACK_OK retries:1
INFO  [1501739647:172380] [send_packet:48] src:9 dst:5 len:79
INFO  [1501739647:178804] [radio_read:91] src:9 dst:5 len:1 flags:1
INFO  [1501739647:178814] [mac_handle_ack:83] ACK status:ACK_OK retries:1
DATA send to 1 'Hello 24'
INFO  [1501739654:955133] [send_packet:48] src:9 dst:8 len:46
INFO  [1501739654:961592] [radio_read:91] src:9 dst:8 len:1 flags:1
INFO  [1501739654:961603] [mac_handle_ack:83] ACK status:ACK_OK retries:1
INFO  [1501739658:427546] [radio_read:91] src:d dst:9 len:79 flags:0
INFO  [1501739674:15691] [radio_read:91] src:a dst:9 len:46 flags:0
INFO  [1501739674:15713] [send_packet:48] src:9 dst:8 len:55
INFO  [1501739674:23190] [radio_read:91] src:9 dst:8 len:1 flags:1
INFO  [1501739674:23208] [mac_handle_ack:83] ACK status:ACK_OK retries:1
INFO  [1501739681:237383] [radio_read:91] src:a dst:9 len:55 flags:0
INFO  [1501739681:237402] [send_packet:48] src:9 dst:8 len:55
INFO  [1501739681:242723] [radio_read:91] src:9 dst:8 len:1 flags:1
INFO  [1501739681:242733] [mac_handle_ack:83] ACK status:ACK_OK retries:1
INFO  [1501739681:398974] [radio_read:91] src:a dst:9 len:55 flags:0
INFO  [1501739681:398995] [send_packet:48] src:9 dst:8 len:55
INFO  [1501739681:405402] [radio_read:91] src:9 dst:8 len:1 flags:1
INFO  [1501739681:405419] [mac_handle_ack:83] ACK status:ACK_OK retries:1
INFO  [1501739687:232868] [radio_read:91] src:a dst:9 len:55 flags:0
INFO  [1501739687:232890] [send_packet:48] src:9 dst:8 len:55
INFO  [1501739687:239364] [radio_read:91] src:9 dst:8 len:1 flags:1
INFO  [1501739687:239378] [mac_handle_ack:83] ACK status:ACK_OK retries:1
INFO  [1501739688:764155] [radio_read:91] src:a dst:9 len:55 flags:0
INFO  [1501739688:764180] [send_packet:48] src:9 dst:8 len:55
INFO  [1501739688:770582] [radio_read:91] src:9 dst:8 len:1 flags:1
INFO  [1501739688:770603] [mac_handle_ack:83] ACK status:ACK_OK retries:1
INFO  [1501739688:839915] [radio_read:91] src:a dst:9 len:55 flags:0
INFO  [1501739688:839936] [send_packet:48] src:9 dst:8 len:55
INFO  [1501739688:847459] [radio_read:91] src:9 dst:8 len:1 flags:1
INFO  [1501739688:847475] [mac_handle_ack:83] ACK status:ACK_OK retries:1
INFO  [1501739695:19275] [send_packet:48] src:9 dst:8 len:53
INFO  [1501739695:28337] [radio_read:91] src:9 dst:8 len:1 flags:1
INFO  [1501739695:28351] [mac_handle_ack:83] ACK status:ACK_OK retries:1
INFO  [1501739700:551244] [radio_read:91] src:a dst:9 len:55 flags:0
INFO  [1501739700:551279] [send_packet:48] src:9 dst:8 len:55
INFO  [1501739700:557700] [radio_read:91] src:9 dst:8 len:1 flags:1
INFO  [1501739700:557711] [mac_handle_ack:83] ACK status:ACK_OK retries:1
INFO  [1501739709:77000] [radio_read:91] src:8 dst:9 len:79 flags:0
INFO  [1501739715:201784] [radio_read:91] src:a dst:9 len:55 flags:0
INFO  [1501739715:201830] [send_packet:48] src:9 dst:8 len:55
INFO  [1501739715:207245] [radio_read:91] src:9 dst:8 len:1 flags:1
INFO  [1501739715:207262] [mac_handle_ack:83] ACK status:ACK_OK retries:1
INFO  [1501739725:641763] [radio_read:91] src:a dst:9 len:46 flags:0
INFO  [1501739725:641813] [send_packet:48] src:9 dst:8 len:55
INFO  [1501739725:647203] [radio_read:91] src:9 dst:8 len:1 flags:1
INFO  [1501739725:647229] [mac_handle_ack:83] ACK status:ACK_OK retries:1
DATA send to 1 'Hello 25'
INFO  [1501739733:226290] [send_packet:48] src:9 dst:8 len:46
INFO  [1501739733:232815] [radio_read:91] src:9 dst:8 len:1 flags:1
INFO  [1501739733:232834] [mac_handle_ack:83] ACK status:ACK_OK retries:1
INFO  [1501739736:662135] [radio_read:91] src:a dst:9 len:55 flags:0
INFO  [1501739736:662158] [send_packet:48] src:9 dst:8 len:55
INFO  [1501739736:667470] [radio_read:91] src:9 dst:8 len:1 flags:1
INFO  [1501739736:667482] [mac_handle_ack:83] ACK status:ACK_OK retries:1
INFO  [1501739750:157557] [send_packet:48] src:9 dst:a len:79
INFO  [1501739750:168356] [radio_read:91] src:9 dst:a len:1 flags:1
INFO  [1501739750:168369] [mac_handle_ack:83] ACK status:ACK_OK retries:2
INFO  [1501739755:81242] [radio_read:91] src:a dst:9 len:53 flags:0
INFO  [1501739755:81282] [send_packet:48] src:9 dst:8 len:53
INFO  [1501739755:86627] [radio_read:91] src:9 dst:8 len:1 flags:1
INFO  [1501739755:86642] [mac_handle_ack:83] ACK status:ACK_OK retries:1
DATA send to 1 'Hello 26'
INFO  [1501739755:222674] [send_packet:48] src:9 dst:8 len:46
INFO  [1501739755:229190] [radio_read:91] src:9 dst:8 len:1 flags:1
INFO  [1501739755:229207] [mac_handle_ack:83] ACK status:ACK_OK retries:1
INFO  [1501739757:34967] [radio_read:91] src:a dst:9 len:46 flags:0
INFO  [1501739757:34989] [send_packet:48] src:9 dst:8 len:55
INFO  [1501739757:40310] [radio_read:91] src:9 dst:8 len:1 flags:1
INFO  [1501739757:40322] [mac_handle_ack:83] ACK status:ACK_OK retries:1
INFO  [1501739771:887970] [radio_read:91] src:a dst:9 len:55 flags:0
INFO  [1501739771:887990] [send_packet:48] src:9 dst:8 len:55
INFO  [1501739771:893312] [radio_read:91] src:9 dst:8 len:1 flags:1
INFO  [1501739771:893321] [mac_handle_ack:83] ACK status:ACK_OK retries:1
INFO  [1501739776:982394] [radio_read:91] src:a dst:9 len:53 flags:0
INFO  [1501739776:982423] [send_packet:48] src:9 dst:8 len:53
INFO  [1501739776:987763] [radio_read:91] src:9 dst:8 len:1 flags:1
INFO  [1501739776:987773] [mac_handle_ack:83] ACK status:ACK_OK retries:1
INFO  [1501739790:177322] [radio_read:91] src:a dst:9 len:53 flags:0
INFO  [1501739790:177354] [send_packet:48] src:9 dst:8 len:53
INFO  [1501739790:182651] [radio_read:91] src:9 dst:8 len:1 flags:1
INFO  [1501739790:182661] [mac_handle_ack:83] ACK status:ACK_OK retries:1
INFO  [1501739794:562935] [radio_read:91] src:a dst:9 len:55 flags:0
INFO  [1501739794:562972] [send_packet:48] src:9 dst:8 len:55
INFO  [1501739794:570514] [radio_read:91] src:9 dst:8 len:1 flags:1
INFO  [1501739794:570528] [mac_handle_ack:83] ACK status:ACK_OK retries:1
INFO  [1501739795:274387] [radio_read:91] src:a dst:9 len:55 flags:0
INFO  [1501739795:274407] [send_packet:48] src:9 dst:8 len:55
INFO  [1501739795:279744] [radio_read:91] src:9 dst:8 len:1 flags:1
INFO  [1501739795:279757] [mac_handle_ack:83] ACK status:ACK_OK retries:1
INFO  [1501739797:669176] [radio_read:91] src:a dst:9 len:55 flags:0
INFO  [1501739797:669198] [send_packet:48] src:9 dst:8 len:55
INFO  [1501739797:678541] [radio_read:91] src:9 dst:8 len:1 flags:1
INFO  [1501739797:678563] [mac_handle_ack:83] ACK status:ACK_OK retries:1
INFO  [1501739802:777058] [radio_read:91] src:a dst:9 len:55 flags:0
INFO  [1501739802:777087] [send_packet:48] src:9 dst:8 len:55
INFO  [1501739802:781308] [radio_read:91] src:9 dst:8 len:1 flags:1
INFO  [1501739802:781318] [mac_handle_ack:83] ACK status:ACK_OK retries:1
INFO  [1501739810:43957] [radio_read:91] src:a dst:9 len:55 flags:0
INFO  [1501739810:43979] [send_packet:48] src:9 dst:8 len:55
INFO  [1501739810:50593] [radio_read:91] src:9 dst:8 len:1 flags:1
INFO  [1501739810:50623] [mac_handle_ack:83] ACK status:ACK_OK retries:1
INFO  [1501739814:1540] [radio_read:91] src:a dst:9 len:55 flags:0
INFO  [1501739814:1560] [send_packet:48] src:9 dst:8 len:55
INFO  [1501739814:8035] [radio_read:91] src:9 dst:8 len:1 flags:1
INFO  [1501739814:8043] [mac_handle_ack:83] ACK status:ACK_OK retries:1
INFO  [1501739821:17173] [radio_read:91] src:a dst:9 len:46 flags:0
INFO  [1501739821:17195] [send_packet:48] src:9 dst:8 len:55
INFO  [1501739821:23590] [radio_read:91] src:9 dst:8 len:1 flags:1
INFO  [1501739821:23603] [mac_handle_ack:83] ACK status:ACK_OK retries:1
DATA send to 1 'Hello 27'
INFO  [1501739825:130041] [send_packet:48] src:9 dst:8 len:46
INFO  [1501739825:136507] [radio_read:91] src:9 dst:8 len:1 flags:1
INFO  [1501739825:136517] [mac_handle_ack:83] ACK status:ACK_OK retries:1
INFO  [1501739833:11804] [radio_read:91] src:a dst:9 len:55 flags:0
INFO  [1501739833:11836] [send_packet:48] src:9 dst:8 len:55
INFO  [1501739833:16096] [radio_read:91] src:9 dst:8 len:1 flags:1
INFO  [1501739833:16113] [mac_handle_ack:83] ACK status:ACK_OK retries:1
INFO  [1501739838:67324] [send_packet:48] src:9 dst:d len:79
INFO  [1501739838:73829] [radio_read:91] src:9 dst:d len:1 flags:1
INFO  [1501739838:73839] [mac_handle_ack:83] ACK status:ACK_OK retries:1
INFO  [1501739849:863106] [radio_read:91] src:a dst:9 len:55 flags:0
INFO  [1501739849:863130] [send_packet:48] src:9 dst:8 len:55
INFO  [1501739849:869570] [radio_read:91] src:9 dst:8 len:1 flags:1
INFO  [1501739849:869581] [mac_handle_ack:83] ACK status:ACK_OK retries:1
INFO  [1501739859:786759] [radio_read:91] src:a dst:9 len:53 flags:0
INFO  [1501739859:786816] [send_packet:48] src:9 dst:8 len:53
INFO  [1501739859:792154] [radio_read:91] src:9 dst:8 len:1 flags:1
INFO  [1501739859:792163] [mac_handle_ack:83] ACK status:ACK_OK retries:1
INFO  [1501739860:644488] [radio_read:91] src:a dst:9 len:55 flags:0
INFO  [1501739860:644507] [send_packet:48] src:9 dst:8 len:55
INFO  [1501739860:649959] [radio_read:91] src:9 dst:8 len:1 flags:1
INFO  [1501739860:649970] [mac_handle_ack:83] ACK status:ACK_OK retries:1
INFO  [1501739869:975468] [radio_read:91] src:5 dst:9 len:79 flags:0
INFO  [1501739871:814165] [radio_read:91] src:a dst:9 len:55 flags:0
INFO  [1501739871:814185] [send_packet:48] src:9 dst:8 len:55
INFO  [1501739871:819481] [radio_read:91] src:9 dst:8 len:1 flags:1
INFO  [1501739871:819493] [mac_handle_ack:83] ACK status:ACK_OK retries:1
INFO  [1501739875:799228] [radio_read:91] src:a dst:9 len:55 flags:0
INFO  [1501739875:799260] [send_packet:48] src:9 dst:8 len:55
INFO  [1501739875:804613] [radio_read:91] src:9 dst:8 len:1 flags:1
INFO  [1501739875:804626] [mac_handle_ack:83] ACK status:ACK_OK retries:1
INFO  [1501739876:621012] [radio_read:91] src:a dst:9 len:53 flags:0
INFO  [1501739876:621039] [send_packet:48] src:9 dst:8 len:53
INFO  [1501739876:626397] [radio_read:91] src:9 dst:8 len:1 flags:1
INFO  [1501739876:626411] [mac_handle_ack:83] ACK status:ACK_OK retries:1
INFO  [1501739877:526485] [radio_read:91] src:a dst:9 len:53 flags:0
INFO  [1501739877:526507] [send_packet:48] src:9 dst:8 len:53
INFO  [1501739877:530737] [radio_read:91] src:9 dst:8 len:1 flags:1
INFO  [1501739877:530748] [mac_handle_ack:83] ACK status:ACK_OK retries:1
DATA send to 1 'Hello 28'
INFO  [1501739880:967007] [send_packet:48] src:9 dst:8 len:46
INFO  [1501739880:973486] [radio_read:91] src:9 dst:8 len:1 flags:1
INFO  [1501739880:973499] [mac_handle_ack:83] ACK status:ACK_OK retries:1
INFO  [1501739882:840900] [radio_read:91] src:a dst:9 len:55 flags:0
INFO  [1501739882:840921] [send_packet:48] src:9 dst:8 len:55
INFO  [1501739882:848542] [radio_read:91] src:9 dst:8 len:1 flags:1
INFO  [1501739882:848555] [mac_handle_ack:83] ACK status:ACK_OK retries:1
INFO  [1501739886:399692] [radio_read:91] src:8 dst:9 len:79 flags:0
INFO  [1501739888:3638] [radio_read:91] src:a dst:9 len:46 flags:0
INFO  [1501739888:3660] [send_packet:48] src:9 dst:8 len:55
INFO  [1501739888:9032] [radio_read:91] src:9 dst:8 len:1 flags:1
INFO  [1501739888:9043] [mac_handle_ack:83] ACK status:ACK_OK retries:1
INFO  [1501739892:942164] [radio_read:91] src:d dst:ffff len:80 flags:0
INFO  [1501739913:74966] [radio_read:91] src:d dst:9 len:79 flags:0
INFO  [1501739917:448408] [radio_read:91] src:a dst:9 len:55 flags:0
INFO  [1501739917:448429] [send_packet:48] src:9 dst:8 len:55
INFO  [1501739917:453792] [radio_read:91] src:9 dst:8 len:1 flags:1
INFO  [1501739917:453818] [mac_handle_ack:83] ACK status:ACK_OK retries:1
INFO  [1501739921:226805] [send_packet:48] src:9 dst:5 len:79
INFO  [1501739921:233304] [radio_read:91] src:9 dst:5 len:1 flags:1
INFO  [1501739921:233321] [mac_handle_ack:83] ACK status:ACK_OK retries:1
INFO  [1501739925:847271] [radio_read:91] src:a dst:9 len:55 flags:0
INFO  [1501739925:847291] [send_packet:48] src:9 dst:8 len:55
INFO  [1501739925:852675] [radio_read:91] src:9 dst:8 len:1 flags:1
INFO  [1501739925:852699] [mac_handle_ack:83] ACK status:ACK_OK retries:1
INFO  [1501739933:985244] [radio_read:91] src:a dst:9 len:55 flags:0
INFO  [1501739933:985265] [send_packet:48] src:9 dst:8 len:55
INFO  [1501739933:990635] [radio_read:91] src:9 dst:8 len:1 flags:1
INFO  [1501739933:990645] [mac_handle_ack:83] ACK status:ACK_OK retries:1
INFO  [1501739936:806241] [radio_read:91] src:a dst:9 len:46 flags:0
INFO  [1501739936:806275] [send_packet:48] src:9 dst:8 len:55
INFO  [1501739936:811625] [radio_read:91] src:9 dst:8 len:1 flags:1
INFO  [1501739936:811642] [mac_handle_ack:83] ACK status:ACK_OK retries:1
INFO  [1501739938:809453] [send_packet:48] src:9 dst:ffff len:80
INFO  [1501739940:190677] [radio_read:91] src:a dst:9 len:55 flags:0
INFO  [1501739940:190700] [send_packet:48] src:9 dst:8 len:55
INFO  [1501739940:194971] [radio_read:91] src:9 dst:8 len:1 flags:1
INFO  [1501739940:194982] [mac_handle_ack:83] ACK status:ACK_OK retries:1
INFO  [1501739948:745823] [radio_read:91] src:a dst:9 len:55 flags:0
INFO  [1501739948:745843] [send_packet:48] src:9 dst:8 len:55
INFO  [1501739948:751283] [radio_read:91] src:9 dst:8 len:1 flags:1
INFO  [1501739948:751294] [mac_handle_ack:83] ACK status:ACK_OK retries:1
INFO  [1501739956:349636] [radio_read:91] src:a dst:9 len:55 flags:0
INFO  [1501739956:349656] [send_packet:48] src:9 dst:8 len:55
INFO  [1501739956:356064] [radio_read:91] src:9 dst:8 len:1 flags:1
INFO  [1501739956:356127] [mac_handle_ack:83] ACK status:ACK_OK retries:1
INFO  [1501739979:890533] [radio_read:91] src:a dst:9 len:55 flags:0
INFO  [1501739979:890565] [send_packet:48] src:9 dst:8 len:55
INFO  [1501739979:896984] [radio_read:91] src:9 dst:8 len:1 flags:1
INFO  [1501739979:896995] [mac_handle_ack:83] ACK status:ACK_OK retries:1
DATA send to 1 'Hello 29'
INFO  [1501739980:796071] [send_packet:48] src:9 dst:8 len:46
INFO  [1501739980:802524] [radio_read:91] src:9 dst:8 len:1 flags:1
INFO  [1501739980:802537] [mac_handle_ack:83] ACK status:ACK_OK retries:1
INFO  [1501739990:580907] [radio_read:91] src:a dst:9 len:55 flags:0
INFO  [1501739990:580945] [send_packet:48] src:9 dst:8 len:55
INFO  [1501739990:587374] [radio_read:91] src:9 dst:8 len:1 flags:1
INFO  [1501739990:587384] [mac_handle_ack:83] ACK status:ACK_OK retries:1
DATA send to 1 'Hello 30'
INFO  [1501739997:777415] [send_packet:48] src:9 dst:8 len:46
INFO  [1501739997:784888] [radio_read:91] src:9 dst:8 len:1 flags:1
INFO  [1501739997:784899] [mac_handle_ack:83] ACK status:ACK_OK retries:1
INFO  [1501739998:669176] [radio_read:91] src:a dst:9 len:55 flags:0
INFO  [1501739998:669202] [send_packet:48] src:9 dst:8 len:55
INFO  [1501739998:675610] [radio_read:91] src:9 dst:8 len:1 flags:1
INFO  [1501739998:675619] [mac_handle_ack:83] ACK status:ACK_OK retries:1
INFO  [1501740001:733659] [radio_read:91] src:a dst:9 len:55 flags:0
INFO  [1501740001:733688] [send_packet:48] src:9 dst:8 len:55
INFO  [1501740001:737978] [radio_read:91] src:9 dst:8 len:1 flags:1
INFO  [1501740001:737987] [mac_handle_ack:83] ACK status:ACK_OK retries:1
INFO  [1501740020:397661] [radio_read:91] src:a dst:9 len:55 flags:0
INFO  [1501740020:397682] [send_packet:48] src:9 dst:8 len:55
INFO  [1501740020:403052] [radio_read:91] src:9 dst:8 len:1 flags:1
INFO  [1501740020:403071] [mac_handle_ack:83] ACK status:ACK_OK retries:1
INFO  [1501740025:847377] [send_packet:48] src:9 dst:a len:79
INFO  [1501740025:855282] [radio_read:91] src:9 dst:a len:1 flags:1
INFO  [1501740025:855293] [mac_handle_ack:83] ACK status:ACK_OK retries:1
INFO  [1501740030:632572] [radio_read:91] src:a dst:9 len:55 flags:0
INFO  [1501740030:632593] [send_packet:48] src:9 dst:8 len:55
INFO  [1501740030:637881] [radio_read:91] src:9 dst:8 len:1 flags:1
INFO  [1501740030:637892] [mac_handle_ack:83] ACK status:ACK_OK retries:1
INFO  [1501740031:721070] [radio_read:91] src:a dst:9 len:46 flags:0
INFO  [1501740031:721091] [send_packet:48] src:9 dst:8 len:55
INFO  [1501740031:726373] [radio_read:91] src:9 dst:8 len:1 flags:1
INFO  [1501740031:726384] [mac_handle_ack:83] ACK status:ACK_OK retries:1
INFO  [1501740041:971472] [radio_read:91] src:8 dst:9 len:79 flags:0
INFO  [1501740042:992503] [send_packet:48] src:9 dst:8 len:53
INFO  [1501740042:997955] [radio_read:91] src:9 dst:8 len:1 flags:1
INFO  [1501740042:997963] [mac_handle_ack:83] ACK status:ACK_OK retries:1
INFO  [1501740046:414449] [radio_read:91] src:8 dst:ffff len:80 flags:0
DATA send to 1 'Hello 31'
INFO  [1501740059:795013] [send_packet:48] src:9 dst:8 len:46
INFO  [1501740059:802881] [radio_read:91] src:9 dst:8 len:1 flags:1
INFO  [1501740059:802896] [mac_handle_ack:83] ACK status:ACK_OK retries:1
INFO  [1501740076:971612] [radio_read:91] src:a dst:9 len:46 flags:0
INFO  [1501740076:971634] [send_packet:48] src:9 dst:8 len:55
INFO  [1501740076:979159] [radio_read:91] src:9 dst:8 len:1 flags:1
INFO  [1501740076:979173] [mac_handle_ack:83] ACK status:ACK_OK retries:1
INFO  [1501740081:511552] [radio_read:91] src:a dst:9 len:55 flags:0
INFO  [1501740081:511572] [send_packet:48] src:9 dst:8 len:55
INFO  [1501740081:517970] [radio_read:91] src:9 dst:8 len:1 flags:1
INFO  [1501740081:517981] [mac_handle_ack:83] ACK status:ACK_OK retries:1
INFO  [1501740084:792128] [radio_read:91] src:a dst:9 len:55 flags:0
INFO  [1501740084:792157] [send_packet:48] src:9 dst:8 len:55
INFO  [1501740084:810380] [radio_read:91] src:9 dst:8 len:1 flags:1
INFO  [1501740084:810395] [mac_handle_ack:83] ACK status:ACK_OK retries:3
INFO  [1501740092:79458] [radio_read:91] src:5 dst:ffff len:80 flags:0
INFO  [1501740093:54837] [radio_read:91] src:a dst:9 len:53 flags:0
INFO  [1501740093:54875] [send_packet:48] src:9 dst:8 len:53
INFO  [1501740093:60244] [radio_read:91] src:9 dst:8 len:1 flags:1
INFO  [1501740093:60258] [mac_handle_ack:83] ACK status:ACK_OK retries:1
INFO  [1501740098:756571] [radio_read:91] src:a dst:9 len:55 flags:0
INFO  [1501740098:756595] [send_packet:48] src:9 dst:8 len:55
INFO  [1501740098:764052] [radio_read:91] src:9 dst:8 len:1 flags:1
INFO  [1501740098:764065] [mac_handle_ack:83] ACK status:ACK_OK retries:1
INFO  [1501740100:257946] [radio_read:91] src:a dst:9 len:55 flags:0
INFO  [1501740100:257972] [send_packet:48] src:9 dst:8 len:55
INFO  [1501740100:267588] [radio_read:91] src:9 dst:8 len:1 flags:1
INFO  [1501740100:267600] [mac_handle_ack:83] ACK status:ACK_OK retries:2
INFO  [1501740105:281784] [radio_read:91] src:a dst:9 len:55 flags:0
INFO  [1501740105:281819] [send_packet:48] src:9 dst:8 len:55
INFO  [1501740105:287231] [radio_read:91] src:9 dst:8 len:1 flags:1
INFO  [1501740105:287245] [mac_handle_ack:83] ACK status:ACK_OK retries:1
DATA send to 1 'Hello 32'
INFO  [1501740109:546182] [send_packet:48] src:9 dst:8 len:46
INFO  [1501740109:552632] [radio_read:91] src:9 dst:8 len:1 flags:1
INFO  [1501740109:552648] [mac_handle_ack:83] ACK status:ACK_OK retries:1
INFO  [1501740111:576237] [radio_read:91] src:a dst:9 len:55 flags:0
INFO  [1501740111:576267] [send_packet:48] src:9 dst:8 len:55
INFO  [1501740111:582775] [radio_read:91] src:9 dst:8 len:1 flags:1
INFO  [1501740111:582788] [mac_handle_ack:83] ACK status:ACK_OK retries:1
INFO  [1501740115:102938] [send_packet:48] src:9 dst:d len:79
INFO  [1501740115:119573] [radio_read:91] src:9 dst:d len:1 flags:1
INFO  [1501740115:119585] [mac_handle_ack:83] ACK status:ACK_OK retries:1
INFO  [1501740115:299876] [radio_read:91] src:a dst:9 len:53 flags:0
INFO  [1501740115:299903] [send_packet:48] src:9 dst:8 len:53
INFO  [1501740115:304138] [radio_read:91] src:9 dst:8 len:1 flags:1
INFO  [1501740115:304148] [mac_handle_ack:83] ACK status:ACK_OK retries:1
INFO  [1501740119:712629] [radio_read:91] src:a dst:9 len:46 flags:0
INFO  [1501740119:712654] [send_packet:48] src:9 dst:8 len:55
INFO  [1501740119:718021] [radio_read:91] src:9 dst:8 len:1 flags:1
INFO  [1501740119:718032] [mac_handle_ack:83] ACK status:ACK_OK retries:1
INFO  [1501740125:777186] [radio_read:91] src:a dst:9 len:55 flags:0
INFO  [1501740125:777208] [send_packet:48] src:9 dst:8 len:55
INFO  [1501740125:784763] [radio_read:91] src:9 dst:8 len:1 flags:1
INFO  [1501740125:784777] [mac_handle_ack:83] ACK status:ACK_OK retries:1
INFO  [1501740142:799264] [radio_read:91] src:a dst:9 len:53 flags:0
INFO  [1501740142:799316] [send_packet:48] src:9 dst:8 len:53
INFO  [1501740142:805704] [radio_read:91] src:9 dst:8 len:1 flags:1
INFO  [1501740142:805715] [mac_handle_ack:83] ACK status:ACK_OK retries:1
INFO  [1501740149:939463] [radio_read:91] src:a dst:9 len:55 flags:0
INFO  [1501740149:939487] [send_packet:48] src:9 dst:8 len:55
INFO  [1501740149:944794] [radio_read:91] src:9 dst:8 len:1 flags:1
INFO  [1501740149:944806] [mac_handle_ack:83] ACK status:ACK_OK retries:1
INFO  [1501740153:157753] [radio_read:91] src:a dst:9 len:55 flags:0
INFO  [1501740153:157776] [send_packet:48] src:9 dst:8 len:55
INFO  [1501740153:163179] [radio_read:91] src:9 dst:8 len:1 flags:1
INFO  [1501740153:163192] [mac_handle_ack:83] ACK status:ACK_OK retries:1
INFO  [1501740156:345704] [radio_read:91] src:a dst:9 len:55 flags:0
INFO  [1501740156:345723] [send_packet:48] src:9 dst:8 len:55
INFO  [1501740156:350060] [radio_read:91] src:9 dst:8 len:1 flags:1
INFO  [1501740156:350068] [mac_handle_ack:83] ACK status:ACK_OK retries:1
INFO  [1501740175:763839] [radio_read:91] src:8 dst:9 len:79 flags:0
INFO  [1501740184:28450] [radio_read:91] src:a dst:9 len:53 flags:0
INFO  [1501740184:28484] [send_packet:48] src:9 dst:8 len:53
INFO  [1501740184:34862] [radio_read:91] src:9 dst:8 len:1 flags:1
INFO  [1501740184:34873] [mac_handle_ack:83] ACK status:ACK_OK retries:1
INFO  [1501740185:934088] [radio_read:91] src:a dst:9 len:55 flags:0
INFO  [1501740185:934113] [send_packet:48] src:9 dst:8 len:55
INFO  [1501740185:939464] [radio_read:91] src:9 dst:8 len:1 flags:1
INFO  [1501740185:939472] [mac_handle_ack:83] ACK status:ACK_OK retries:1
INFO  [1501740190:339104] [radio_read:91] src:a dst:9 len:53 flags:0
INFO  [1501740190:339141] [send_packet:48] src:9 dst:8 len:53
INFO  [1501740190:344453] [radio_read:91] src:9 dst:8 len:1 flags:1
INFO  [1501740190:344465] [mac_handle_ack:83] ACK status:ACK_OK retries:1
DATA send to 1 'Hello 33'
INFO  [1501740190:796502] [send_packet:48] src:9 dst:8 len:46
INFO  [1501740190:801832] [radio_read:91] src:9 dst:8 len:1 flags:1
INFO  [1501740190:801845] [mac_handle_ack:83] ACK status:ACK_OK retries:1
INFO  [1501740201:612929] [radio_read:91] src:a dst:9 len:46 flags:0
INFO  [1501740201:612950] [send_packet:48] src:9 dst:8 len:55
INFO  [1501740201:618263] [radio_read:91] src:9 dst:8 len:1 flags:1
INFO  [1501740201:618272] [mac_handle_ack:83] ACK status:ACK_OK retries:1
INFO  [1501740205:166888] [radio_read:91] src:d dst:9 len:79 flags:0
INFO  [1501740210:569685] [radio_read:91] src:a dst:9 len:55 flags:0
INFO  [1501740210:569711] [send_packet:48] src:9 dst:8 len:55
INFO  [1501740210:577112] [radio_read:91] src:9 dst:8 len:1 flags:1
INFO  [1501740210:577123] [mac_handle_ack:83] ACK status:ACK_OK retries:1
INFO  [1501740214:305486] [radio_read:91] src:a dst:9 len:55 flags:0
INFO  [1501740214:305512] [send_packet:48] src:9 dst:8 len:55
INFO  [1501740214:309814] [radio_read:91] src:9 dst:8 len:1 flags:1
INFO  [1501740214:309824] [mac_handle_ack:83] ACK status:ACK_OK retries:1
INFO  [1501740214:539862] [radio_read:91] src:a dst:9 len:55 flags:0
INFO  [1501740214:539880] [send_packet:48] src:9 dst:8 len:55
INFO  [1501740214:546482] [radio_read:91] src:9 dst:8 len:1 flags:1
INFO  [1501740214:546490] [mac_handle_ack:83] ACK status:ACK_OK retries:1
INFO  [1501740215:794322] [radio_read:91] src:5 dst:9 len:79 flags:0
INFO  [1501740224:241106] [radio_read:91] src:a dst:9 len:55 flags:0
INFO  [1501740224:241126] [send_packet:48] src:9 dst:8 len:55
INFO  [1501740224:246547] [radio_read:91] src:9 dst:8 len:1 flags:1
INFO  [1501740224:246558] [mac_handle_ack:83] ACK status:ACK_OK retries:1
INFO  [1501740228:160894] [send_packet:48] src:9 dst:5 len:79
INFO  [1501740228:168449] [radio_read:91] src:9 dst:5 len:1 flags:1
INFO  [1501740228:168460] [mac_handle_ack:83] ACK status:ACK_OK retries:1
DATA send to 1 'Hello 34'
INFO  [1501740231:836946] [send_packet:48] src:9 dst:8 len:46
INFO  [1501740231:843340] [radio_read:91] src:9 dst:8 len:1 flags:1
INFO  [1501740231:843352] [mac_handle_ack:83] ACK status:ACK_OK retries:1
INFO  [1501740236:652118] [radio_read:91] src:a dst:ffff len:80 flags:0
INFO  [1501740238:76936] [radio_read:91] src:a dst:9 len:53 flags:0
INFO  [1501740238:76966] [send_packet:48] src:9 dst:8 len:53
INFO  [1501740238:82292] [radio_read:91] src:9 dst:8 len:1 flags:1
INFO  [1501740238:82303] [mac_handle_ack:83] ACK status:ACK_OK retries:1
INFO  [1501740242:463549] [radio_read:91] src:a dst:9 len:55 flags:0
INFO  [1501740242:463579] [send_packet:48] src:9 dst:8 len:55
INFO  [1501740242:470036] [radio_read:91] src:9 dst:8 len:1 flags:1
INFO  [1501740242:470051] [mac_handle_ack:83] ACK status:ACK_OK retries:1
INFO  [1501740258:493598] [radio_read:91] src:a dst:9 len:55 flags:0
INFO  [1501740258:493624] [send_packet:48] src:9 dst:8 len:55
INFO  [1501740258:498997] [radio_read:91] src:9 dst:8 len:1 flags:1
INFO  [1501740258:499009] [mac_handle_ack:83] ACK status:ACK_OK retries:1
INFO  [1501740258:598714] [radio_read:91] src:a dst:9 len:55 flags:0
INFO  [1501740258:598734] [send_packet:48] src:9 dst:8 len:55
INFO  [1501740258:604077] [radio_read:91] src:9 dst:8 len:1 flags:1
INFO  [1501740258:604088] [mac_handle_ack:83] ACK status:ACK_OK retries:1
INFO  [1501740262:304341] [radio_read:91] src:a dst:9 len:55 flags:0
INFO  [1501740262:304360] [send_packet:48] src:9 dst:8 len:55
INFO  [1501740262:309680] [radio_read:91] src:9 dst:8 len:1 flags:1
INFO  [1501740262:309691] [mac_handle_ack:83] ACK status:ACK_OK retries:1
INFO  [1501740275:138247] [radio_read:91] src:a dst:9 len:55 flags:0
INFO  [1501740275:138269] [send_packet:48] src:9 dst:8 len:55
INFO  [1501740275:144761] [radio_read:91] src:9 dst:8 len:1 flags:1
INFO  [1501740275:144779] [mac_handle_ack:83] ACK status:ACK_OK retries:1
