Contiki-3.x-3272-gbcd9e94 started with IPV6, RPL
INFO  [1501738188:550003] [main:110] Using node id=13
INFO  [1501738188:550032] [main:114] MAC wfmac RDC nullrdc NETWORK sicslowpan
INFO  [1501738188:550035] [main:115] route_table_max_sz=100,nbr_table_max_sz=100
Tentative link-local IPv6 address fe80:0000:0000:0000:0302:0304:0506:000d
UDP client process started nbr:100 routes:100
Client IPv6 addresses: fd00::302:304:506:d
fe80::302:304:506:d
Created a connection with the server :: local/remote port 8765/5678
INFO  [1501738189:550199] [send_packet:48] src:d dst:ffff len:10
INFO  [1501738189:556706] [radio_read:91] src:11 dst:ffff len:10 flags:0
INFO  [1501738189:560949] [radio_read:91] src:e dst:ffff len:10 flags:0
INFO  [1501738201:12121] [radio_read:91] src:c dst:ffff len:80 flags:0
INFO  [1501738201:52880] [radio_read:91] src:9 dst:ffff len:80 flags:0
INFO  [1501738204:751458] [send_packet:48] src:d dst:ffff len:80
INFO  [1501738206:135343] [radio_read:91] src:e dst:ffff len:80 flags:0
INFO  [1501738206:940415] [send_packet:48] src:d dst:c len:53
INFO  [1501738206:947905] [radio_read:91] src:d dst:c len:1 flags:1
INFO  [1501738206:947920] [mac_handle_ack:83] ACK status:ACK_OK retries:1
INFO  [1501738207:217173] [send_packet:48] src:d dst:c len:79
INFO  [1501738207:223741] [radio_read:91] src:d dst:c len:1 flags:1
INFO  [1501738207:223751] [mac_handle_ack:83] ACK status:ACK_OK retries:1
INFO  [1501738207:386803] [radio_read:91] src:11 dst:ffff len:80 flags:0
INFO  [1501738207:668217] [radio_read:91] src:c dst:ffff len:80 flags:0
INFO  [1501738209:454652] [radio_read:91] src:9 dst:ffff len:80 flags:0
INFO  [1501738209:741367] [send_packet:48] src:d dst:ffff len:80
INFO  [1501738210:71547] [send_packet:48] src:d dst:c len:79
INFO  [1501738210:79201] [radio_read:91] src:d dst:c len:1 flags:1
INFO  [1501738210:79211] [mac_handle_ack:83] ACK status:ACK_OK retries:1
INFO  [1501738210:372485] [send_packet:48] src:d dst:c len:53
INFO  [1501738210:377872] [radio_read:91] src:d dst:c len:1 flags:1
INFO  [1501738210:377878] [mac_handle_ack:83] ACK status:ACK_OK retries:1
INFO  [1501738210:556792] [radio_read:91] src:e dst:d len:53 flags:0
INFO  [1501738211:434576] [radio_read:91] src:11 dst:d len:79 flags:0
INFO  [1501738212:406032] [radio_read:91] src:11 dst:d len:53 flags:0
INFO  [1501738212:406058] [send_packet:48] src:d dst:c len:53
INFO  [1501738212:411409] [radio_read:91] src:d dst:c len:1 flags:1
INFO  [1501738212:411423] [mac_handle_ack:83] ACK status:ACK_OK retries:1
INFO  [1501738213:382131] [radio_read:91] src:11 dst:ffff len:80 flags:0
INFO  [1501738213:700102] [radio_read:91] src:e dst:ffff len:80 flags:0
INFO  [1501738215:76392] [radio_read:91] src:11 dst:d len:79 flags:0
INFO  [1501738215:427943] [radio_read:91] src:e dst:d len:79 flags:0
INFO  [1501738220:833956] [radio_read:91] src:c dst:ffff len:80 flags:0
INFO  [1501738220:968858] [radio_read:91] src:e dst:ffff len:80 flags:0
INFO  [1501738221:279781] [radio_read:91] src:11 dst:d len:79 flags:0
INFO  [1501738221:673908] [radio_read:91] src:11 dst:ffff len:80 flags:0
INFO  [1501738224:466282] [send_packet:48] src:d dst:c len:53
INFO  [1501738224:473790] [radio_read:91] src:d dst:c len:1 flags:1
INFO  [1501738224:473817] [mac_handle_ack:83] ACK status:ACK_OK retries:1
INFO  [1501738224:563235] [radio_read:91] src:9 dst:ffff len:80 flags:0
INFO  [1501738225:584051] [send_packet:48] src:d dst:ffff len:80
INFO  [1501738231:548234] [radio_read:91] src:11 dst:d len:53 flags:0
INFO  [1501738231:548286] [send_packet:48] src:d dst:c len:53
INFO  [1501738231:554822] [radio_read:91] src:d dst:c len:1 flags:1
INFO  [1501738231:554832] [mac_handle_ack:83] ACK status:ACK_OK retries:1
INFO  [1501738235:476064] [radio_read:91] src:11 dst:ffff len:80 flags:0
INFO  [1501738237:690353] [radio_read:91] src:e dst:ffff len:80 flags:0
INFO  [1501738251:892906] [radio_read:91] src:c dst:ffff len:80 flags:0
INFO  [1501738254:50326] [send_packet:48] src:d dst:ffff len:80
INFO  [1501738254:255020] [send_packet:48] src:d dst:c len:53
INFO  [1501738254:261434] [radio_read:91] src:d dst:c len:1 flags:1
INFO  [1501738254:261451] [mac_handle_ack:83] ACK status:ACK_OK retries:1
INFO  [1501738256:88927] [radio_read:91] src:9 dst:ffff len:80 flags:0
INFO  [1501738256:644943] [radio_read:91] src:11 dst:d len:53 flags:0
INFO  [1501738256:644969] [send_packet:48] src:d dst:c len:53
INFO  [1501738256:650278] [radio_read:91] src:d dst:c len:1 flags:1
INFO  [1501738256:650288] [mac_handle_ack:83] ACK status:ACK_OK retries:1
INFO  [1501738262:628444] [radio_read:91] src:e dst:ffff len:80 flags:0
INFO  [1501738273:252994] [radio_read:91] src:11 dst:d len:45 flags:0
INFO  [1501738273:253027] [send_packet:48] src:d dst:c len:54
INFO  [1501738273:258378] [radio_read:91] src:d dst:c len:1 flags:1
INFO  [1501738273:258390] [mac_handle_ack:83] ACK status:ACK_OK retries:1
DATA send to 1 'Hello 1'
INFO  [1501738275:236657] [send_packet:48] src:d dst:c len:45
INFO  [1501738275:242058] [radio_read:91] src:d dst:c len:1 flags:1
INFO  [1501738275:242070] [mac_handle_ack:83] ACK status:ACK_OK retries:1
INFO  [1501738276:664130] [send_packet:48] src:d dst:11 len:79
INFO  [1501738276:671682] [radio_read:91] src:d dst:11 len:1 flags:1
INFO  [1501738276:671694] [mac_handle_ack:83] ACK status:ACK_OK retries:1
INFO  [1501738283:958852] [radio_read:91] src:e dst:d len:79 flags:0
INFO  [1501738294:422447] [radio_read:91] src:c dst:ffff len:80 flags:0
INFO  [1501738302:159564] [radio_read:91] src:9 dst:ffff len:80 flags:0
INFO  [1501738310:70228] [send_packet:48] src:d dst:ffff len:80
INFO  [1501738322:757454] [radio_read:91] src:c dst:d len:79 flags:0
INFO  [1501738325:868180] [radio_read:91] src:e dst:ffff len:80 flags:0
INFO  [1501738325:899200] [radio_read:91] src:11 dst:ffff len:80 flags:0
INFO  [1501738327:276254] [radio_read:91] src:11 dst:d len:45 flags:0
INFO  [1501738327:276277] [send_packet:48] src:d dst:c len:54
INFO  [1501738327:282663] [radio_read:91] src:d dst:c len:1 flags:1
INFO  [1501738327:282695] [mac_handle_ack:83] ACK status:ACK_OK retries:1
DATA send to 1 'Hello 2'
INFO  [1501738329:994077] [send_packet:48] src:d dst:c len:45
INFO  [1501738329:999445] [radio_read:91] src:d dst:c len:1 flags:1
INFO  [1501738329:999455] [mac_handle_ack:83] ACK status:ACK_OK retries:1
INFO  [1501738349:654509] [send_packet:48] src:d dst:e len:79
INFO  [1501738349:662145] [radio_read:91] src:d dst:e len:1 flags:1
INFO  [1501738349:662160] [mac_handle_ack:83] ACK status:ACK_OK retries:1
INFO  [1501738379:522705] [radio_read:91] src:11 dst:d len:45 flags:0
INFO  [1501738379:522730] [send_packet:48] src:d dst:c len:54
INFO  [1501738379:529121] [radio_read:91] src:d dst:c len:1 flags:1
INFO  [1501738379:529131] [mac_handle_ack:83] ACK status:ACK_OK retries:1
INFO  [1501738398:994370] [radio_read:91] src:9 dst:d len:79 flags:0
DATA send to 1 'Hello 3'
INFO  [1501738408:700523] [send_packet:48] src:d dst:c len:45
INFO  [1501738408:708021] [radio_read:91] src:d dst:c len:1 flags:1
INFO  [1501738408:708031] [mac_handle_ack:83] ACK status:ACK_OK retries:1
INFO  [1501738419:341399] [radio_read:91] src:e dst:ffff len:80 flags:0
INFO  [1501738420:59604] [send_packet:48] src:d dst:ffff len:80
INFO  [1501738422:541952] [radio_read:91] src:c dst:d len:79 flags:0
DATA send to 1 'Hello 4'
INFO  [1501738429:36135] [send_packet:48] src:d dst:c len:45
INFO  [1501738429:43154] [radio_read:91] src:d dst:c len:1 flags:1
INFO  [1501738429:43170] [mac_handle_ack:83] ACK status:ACK_OK retries:1
INFO  [1501738429:599968] [radio_read:91] src:11 dst:ffff len:80 flags:0
INFO  [1501738432:177838] [radio_read:91] src:11 dst:d len:45 flags:0
INFO  [1501738432:177863] [send_packet:48] src:d dst:c len:54
INFO  [1501738432:184214] [radio_read:91] src:d dst:c len:1 flags:1
INFO  [1501738432:184225] [mac_handle_ack:83] ACK status:ACK_OK retries:1
INFO  [1501738439:26003] [send_packet:48] src:d dst:9 len:79
INFO  [1501738439:34582] [radio_read:91] src:d dst:9 len:1 flags:1
INFO  [1501738439:34594] [mac_handle_ack:83] ACK status:ACK_OK retries:1
INFO  [1501738448:935816] [radio_read:91] src:e dst:d len:79 flags:0
INFO  [1501738450:539640] [radio_read:91] src:9 dst:ffff len:80 flags:0
INFO  [1501738502:442035] [radio_read:91] src:c dst:d len:79 flags:0
INFO  [1501738503:661919] [radio_read:91] src:11 dst:d len:45 flags:0
INFO  [1501738503:661942] [send_packet:48] src:d dst:c len:54
INFO  [1501738503:668361] [radio_read:91] src:d dst:c len:1 flags:1
INFO  [1501738503:668373] [mac_handle_ack:83] ACK status:ACK_OK retries:1
INFO  [1501738506:72742] [send_packet:48] src:d dst:c len:53
INFO  [1501738506:80373] [radio_read:91] src:d dst:c len:1 flags:1
INFO  [1501738506:80388] [mac_handle_ack:83] ACK status:ACK_OK retries:1
DATA send to 1 'Hello 5'
INFO  [1501738547:479614] [send_packet:48] src:d dst:c len:45
INFO  [1501738547:487142] [radio_read:91] src:d dst:c len:1 flags:1
INFO  [1501738547:487165] [mac_handle_ack:83] ACK status:ACK_OK retries:1
INFO  [1501738547:770193] [send_packet:48] src:d dst:11 len:79
INFO  [1501738547:777818] [radio_read:91] src:d dst:11 len:1 flags:1
INFO  [1501738547:777834] [mac_handle_ack:83] ACK status:ACK_OK retries:1
INFO  [1501738552:829590] [radio_read:91] src:11 dst:d len:53 flags:0
INFO  [1501738552:829616] [send_packet:48] src:d dst:c len:53
INFO  [1501738552:835985] [radio_read:91] src:d dst:c len:1 flags:1
INFO  [1501738552:835995] [mac_handle_ack:83] ACK status:ACK_OK retries:1
INFO  [1501738553:483264] [radio_read:91] src:11 dst:d len:45 flags:0
INFO  [1501738553:483284] [send_packet:48] src:d dst:c len:54
INFO  [1501738553:489733] [radio_read:91] src:d dst:c len:1 flags:1
INFO  [1501738553:489744] [mac_handle_ack:83] ACK status:ACK_OK retries:1
DATA send to 1 'Hello 6'
INFO  [1501738578:750148] [send_packet:48] src:d dst:c len:45
INFO  [1501738578:754396] [radio_read:91] src:d dst:c len:1 flags:1
INFO  [1501738578:754406] [mac_handle_ack:83] ACK status:ACK_OK retries:1
INFO  [1501738579:535108] [radio_read:91] src:c dst:d len:79 flags:0
INFO  [1501738635:96748] [radio_read:91] src:c dst:ffff len:80 flags:0
INFO  [1501738639:600403] [send_packet:48] src:d dst:ffff len:80
INFO  [1501738641:139349] [send_packet:48] src:d dst:9 len:79
INFO  [1501738641:147985] [radio_read:91] src:d dst:9 len:1 flags:1
INFO  [1501738641:147998] [mac_handle_ack:83] ACK status:ACK_OK retries:1
DATA send to 1 'Hello 7'
INFO  [1501738650:154315] [send_packet:48] src:d dst:c len:45
INFO  [1501738650:159687] [radio_read:91] src:d dst:c len:1 flags:1
INFO  [1501738650:159700] [mac_handle_ack:83] ACK status:ACK_OK retries:1
INFO  [1501738667:630822] [radio_read:91] src:11 dst:d len:45 flags:0
INFO  [1501738667:630852] [send_packet:48] src:d dst:c len:54
INFO  [1501738667:638341] [radio_read:91] src:d dst:c len:1 flags:1
INFO  [1501738667:638356] [mac_handle_ack:83] ACK status:ACK_OK retries:1
INFO  [1501738667:791219] [radio_read:91] src:11 dst:ffff len:80 flags:0
INFO  [1501738676:559271] [radio_read:91] src:11 dst:d len:45 flags:0
INFO  [1501738676:559292] [send_packet:48] src:d dst:c len:54
INFO  [1501738676:564642] [radio_read:91] src:d dst:c len:1 flags:1
INFO  [1501738676:564654] [mac_handle_ack:83] ACK status:ACK_OK retries:1
INFO  [1501738691:870569] [radio_read:91] src:9 dst:ffff len:80 flags:0
INFO  [1501738695:598353] [radio_read:91] src:9 dst:d len:79 flags:0
INFO  [1501738716:578016] [radio_read:91] src:e dst:ffff len:80 flags:0
DATA send to 1 'Hello 8'
INFO  [1501738719:608668] [send_packet:48] src:d dst:c len:45
INFO  [1501738719:615106] [radio_read:91] src:d dst:c len:1 flags:1
INFO  [1501738719:615119] [mac_handle_ack:83] ACK status:ACK_OK retries:1
INFO  [1501738749:565940] [send_packet:48] src:d dst:e len:79
INFO  [1501738749:572433] [radio_read:91] src:d dst:e len:1 flags:1
INFO  [1501738749:572445] [mac_handle_ack:83] ACK status:ACK_OK retries:1
INFO  [1501738770:278349] [radio_read:91] src:11 dst:d len:45 flags:0
INFO  [1501738770:278377] [send_packet:48] src:d dst:c len:54
INFO  [1501738770:282654] [radio_read:91] src:d dst:c len:1 flags:1
INFO  [1501738770:282671] [mac_handle_ack:83] ACK status:ACK_OK retries:1
DATA send to 1 'Hello 9'
INFO  [1501738783:570138] [send_packet:48] src:d dst:c len:45
INFO  [1501738783:575529] [radio_read:91] src:d dst:c len:1 flags:1
INFO  [1501738783:575541] [mac_handle_ack:83] ACK status:ACK_OK retries:1
INFO  [1501738783:725188] [radio_read:91] src:9 dst:d len:79 flags:0
INFO  [1501738802:802239] [radio_read:91] src:c dst:d len:79 flags:0
INFO  [1501738806:978510] [send_packet:48] src:d dst:c len:53
INFO  [1501738806:986004] [radio_read:91] src:d dst:c len:1 flags:1
INFO  [1501738806:986016] [mac_handle_ack:83] ACK status:ACK_OK retries:1
INFO  [1501738819:785360] [radio_read:91] src:11 dst:d len:46 flags:0
INFO  [1501738819:785382] [send_packet:48] src:d dst:c len:55
INFO  [1501738819:790757] [radio_read:91] src:d dst:c len:1 flags:1
INFO  [1501738819:790768] [mac_handle_ack:83] ACK status:ACK_OK retries:1
DATA send to 1 'Hello 10'
INFO  [1501738838:155365] [send_packet:48] src:d dst:c len:46
INFO  [1501738838:160679] [radio_read:91] src:d dst:c len:1 flags:1
INFO  [1501738838:160688] [mac_handle_ack:83] ACK status:ACK_OK retries:1
INFO  [1501738850:199926] [radio_read:91] src:11 dst:d len:46 flags:0
INFO  [1501738850:199954] [send_packet:48] src:d dst:c len:55
INFO  [1501738850:204189] [radio_read:91] src:d dst:c len:1 flags:1
INFO  [1501738850:204200] [mac_handle_ack:83] ACK status:ACK_OK retries:1
INFO  [1501738855:944438] [radio_read:91] src:9 dst:d len:79 flags:0
INFO  [1501738855:954131] [send_packet:48] src:d dst:11 len:79
INFO  [1501738855:959544] [radio_read:91] src:d dst:11 len:1 flags:1
INFO  [1501738855:959555] [mac_handle_ack:83] ACK status:ACK_OK retries:1
INFO  [1501738858:791576] [radio_read:91] src:11 dst:d len:53 flags:0
INFO  [1501738858:791602] [send_packet:48] src:d dst:c len:53
INFO  [1501738858:798052] [radio_read:91] src:d dst:c len:1 flags:1
INFO  [1501738858:798064] [mac_handle_ack:83] ACK status:ACK_OK retries:1
DATA send to 1 'Hello 11'
INFO  [1501738896:984021] [send_packet:48] src:d dst:c len:46
INFO  [1501738896:990497] [radio_read:91] src:d dst:c len:1 flags:1
INFO  [1501738896:990520] [mac_handle_ack:83] ACK status:ACK_OK retries:1
DATA send to 1 'Hello 12'
INFO  [1501738919:884578] [send_packet:48] src:d dst:c len:46
INFO  [1501738919:892102] [radio_read:91] src:d dst:c len:1 flags:1
INFO  [1501738919:892118] [mac_handle_ack:83] ACK status:ACK_OK retries:1
INFO  [1501738921:826086] [radio_read:91] src:11 dst:d len:46 flags:0
INFO  [1501738921:826108] [send_packet:48] src:d dst:c len:55
INFO  [1501738921:831434] [radio_read:91] src:d dst:c len:1 flags:1
INFO  [1501738921:831444] [mac_handle_ack:83] ACK status:ACK_OK retries:1
INFO  [1501738944:785624] [radio_read:91] src:e dst:d len:79 flags:0
INFO  [1501738953:192115] [send_packet:48] src:d dst:9 len:79
INFO  [1501738953:198596] [radio_read:91] src:d dst:9 len:1 flags:1
INFO  [1501738953:198608] [mac_handle_ack:83] ACK status:ACK_OK retries:1
INFO  [1501738981:597326] [radio_read:91] src:c dst:ffff len:80 flags:0
DATA send to 1 'Hello 13'
INFO  [1501739006:416466] [send_packet:48] src:d dst:c len:46
INFO  [1501739006:422875] [radio_read:91] src:d dst:c len:1 flags:1
INFO  [1501739006:422885] [mac_handle_ack:83] ACK status:ACK_OK retries:1
INFO  [1501739018:950991] [radio_read:91] src:11 dst:d len:46 flags:0
INFO  [1501739018:951014] [send_packet:48] src:d dst:c len:55
INFO  [1501739018:956449] [radio_read:91] src:d dst:c len:1 flags:1
INFO  [1501739018:956461] [mac_handle_ack:83] ACK status:ACK_OK retries:1
INFO  [1501739028:914677] [radio_read:91] src:c dst:d len:79 flags:0
INFO  [1501739029:913322] [radio_read:91] src:11 dst:d len:46 flags:0
INFO  [1501739029:913349] [send_packet:48] src:d dst:c len:55
INFO  [1501739029:919741] [radio_read:91] src:d dst:c len:1 flags:1
INFO  [1501739029:919770] [mac_handle_ack:83] ACK status:ACK_OK retries:1
INFO  [1501739071:873588] [send_packet:48] src:d dst:e len:79
INFO  [1501739071:880113] [radio_read:91] src:d dst:e len:1 flags:1
INFO  [1501739071:880128] [mac_handle_ack:83] ACK status:ACK_OK retries:1
DATA send to 1 'Hello 14'
INFO  [1501739073:153311] [send_packet:48] src:d dst:c len:46
INFO  [1501739073:158680] [radio_read:91] src:d dst:c len:1 flags:1
INFO  [1501739073:158692] [mac_handle_ack:83] ACK status:ACK_OK retries:1
INFO  [1501739098:371465] [send_packet:48] src:d dst:ffff len:80
INFO  [1501739110:341204] [send_packet:48] src:d dst:c len:53
INFO  [1501739110:348765] [radio_read:91] src:d dst:c len:1 flags:1
INFO  [1501739110:348776] [mac_handle_ack:83] ACK status:ACK_OK retries:1
INFO  [1501739122:368945] [radio_read:91] src:11 dst:d len:46 flags:0
INFO  [1501739122:368967] [send_packet:48] src:d dst:c len:55
INFO  [1501739122:374306] [radio_read:91] src:d dst:c len:1 flags:1
INFO  [1501739122:374319] [mac_handle_ack:83] ACK status:ACK_OK retries:1
DATA send to 1 'Hello 15'
INFO  [1501739128:104002] [send_packet:48] src:d dst:c len:46
INFO  [1501739128:109334] [radio_read:91] src:d dst:c len:1 flags:1
INFO  [1501739128:109344] [mac_handle_ack:83] ACK status:ACK_OK retries:1
INFO  [1501739144:352991] [send_packet:48] src:d dst:9 len:79
INFO  [1501739144:360581] [radio_read:91] src:d dst:9 len:1 flags:1
INFO  [1501739144:360595] [mac_handle_ack:83] ACK status:ACK_OK retries:1
INFO  [1501739151:295819] [radio_read:91] src:11 dst:d len:46 flags:0
INFO  [1501739151:295888] [send_packet:48] src:d dst:c len:55
INFO  [1501739151:303370] [radio_read:91] src:d dst:c len:1 flags:1
INFO  [1501739151:303384] [mac_handle_ack:83] ACK status:ACK_OK retries:1
INFO  [1501739152:390155] [radio_read:91] src:e dst:ffff len:80 flags:0
DATA send to 1 'Hello 16'
INFO  [1501739152:720553] [send_packet:48] src:d dst:c len:46
INFO  [1501739152:727020] [radio_read:91] src:d dst:c len:1 flags:1
INFO  [1501739152:727032] [mac_handle_ack:83] ACK status:ACK_OK retries:1
INFO  [1501739186:591850] [radio_read:91] src:9 dst:d len:79 flags:0
DATA send to 1 'Hello 17'
INFO  [1501739209:868050] [send_packet:48] src:d dst:c len:46
INFO  [1501739209:874860] [radio_read:91] src:d dst:c len:1 flags:1
INFO  [1501739209:874868] [mac_handle_ack:83] ACK status:ACK_OK retries:1
INFO  [1501739215:681570] [radio_read:91] src:11 dst:d len:53 flags:0
INFO  [1501739215:681623] [send_packet:48] src:d dst:c len:53
INFO  [1501739215:688079] [radio_read:91] src:d dst:c len:1 flags:1
INFO  [1501739215:688090] [mac_handle_ack:83] ACK status:ACK_OK retries:1
INFO  [1501739224:114877] [radio_read:91] src:11 dst:ffff len:80 flags:0
INFO  [1501739228:759681] [radio_read:91] src:11 dst:d len:46 flags:0
INFO  [1501739228:759704] [send_packet:48] src:d dst:c len:55
INFO  [1501739228:770366] [radio_read:91] src:d dst:c len:1 flags:1
INFO  [1501739228:770377] [mac_handle_ack:83] ACK status:ACK_OK retries:2
INFO  [1501739268:639695] [send_packet:48] src:d dst:e len:79
INFO  [1501739268:647269] [radio_read:91] src:d dst:e len:1 flags:1
INFO  [1501739268:647285] [mac_handle_ack:83] ACK status:ACK_OK retries:1
DATA send to 1 'Hello 18'
INFO  [1501739300:83386] [send_packet:48] src:d dst:c len:46
INFO  [1501739300:88736] [radio_read:91] src:d dst:c len:1 flags:1
INFO  [1501739300:88745] [mac_handle_ack:83] ACK status:ACK_OK retries:1
INFO  [1501739314:421134] [radio_read:91] src:c dst:d len:79 flags:0
INFO  [1501739316:11153] [radio_read:91] src:11 dst:d len:46 flags:0
INFO  [1501739316:11173] [send_packet:48] src:d dst:c len:55
INFO  [1501739316:16499] [radio_read:91] src:d dst:c len:1 flags:1
INFO  [1501739316:16508] [mac_handle_ack:83] ACK status:ACK_OK retries:1
INFO  [1501739320:22558] [send_packet:48] src:d dst:c len:53
INFO  [1501739320:29026] [radio_read:91] src:d dst:c len:1 flags:1
INFO  [1501739320:29041] [mac_handle_ack:83] ACK status:ACK_OK retries:1
INFO  [1501739345:254995] [radio_read:91] src:e dst:d len:79 flags:0
DATA send to 1 'Hello 19'
INFO  [1501739357:36072] [send_packet:48] src:d dst:c len:46
INFO  [1501739357:44573] [radio_read:91] src:d dst:c len:1 flags:1
INFO  [1501739357:44583] [mac_handle_ack:83] ACK status:ACK_OK retries:2
INFO  [1501739369:548608] [radio_read:91] src:11 dst:d len:46 flags:0
INFO  [1501739369:548628] [send_packet:48] src:d dst:c len:55
INFO  [1501739369:555147] [radio_read:91] src:d dst:c len:1 flags:1
INFO  [1501739369:555156] [mac_handle_ack:83] ACK status:ACK_OK retries:1
INFO  [1501739374:233360] [send_packet:48] src:d dst:11 len:79
INFO  [1501739374:241093] [radio_read:91] src:d dst:11 len:1 flags:1
INFO  [1501739374:241127] [mac_handle_ack:83] ACK status:ACK_OK retries:1
INFO  [1501739377:906116] [radio_read:91] src:11 dst:d len:53 flags:0
INFO  [1501739377:906141] [send_packet:48] src:d dst:c len:53
INFO  [1501739377:917873] [radio_read:91] src:d dst:c len:1 flags:1
INFO  [1501739377:917884] [mac_handle_ack:83] ACK status:ACK_OK retries:2
DATA send to 1 'Hello 20'
INFO  [1501739406:520070] [send_packet:48] src:d dst:c len:46
INFO  [1501739406:524390] [radio_read:91] src:d dst:c len:1 flags:1
INFO  [1501739406:524401] [mac_handle_ack:83] ACK status:ACK_OK retries:1
INFO  [1501739418:811235] [radio_read:91] src:11 dst:d len:46 flags:0
INFO  [1501739418:811269] [send_packet:48] src:d dst:c len:55
INFO  [1501739418:817712] [radio_read:91] src:d dst:c len:1 flags:1
INFO  [1501739418:817724] [mac_handle_ack:83] ACK status:ACK_OK retries:1
INFO  [1501739450:38464] [radio_read:91] src:11 dst:d len:46 flags:0
INFO  [1501739450:38486] [send_packet:48] src:d dst:c len:55
INFO  [1501739450:44858] [radio_read:91] src:d dst:c len:1 flags:1
INFO  [1501739450:44868] [mac_handle_ack:83] ACK status:ACK_OK retries:1
DATA send to 1 'Hello 21'
INFO  [1501739459:924869] [send_packet:48] src:d dst:c len:46
INFO  [1501739459:935583] [radio_read:91] src:d dst:c len:1 flags:1
INFO  [1501739459:935595] [mac_handle_ack:83] ACK status:ACK_OK retries:2
INFO  [1501739469:580403] [radio_read:91] src:c dst:d len:79 flags:0
INFO  [1501739485:910544] [send_packet:48] src:d dst:9 len:79
INFO  [1501739485:918143] [radio_read:91] src:d dst:9 len:1 flags:1
INFO  [1501739485:918158] [mac_handle_ack:83] ACK status:ACK_OK retries:1
DATA send to 1 'Hello 22'
INFO  [1501739510:100113] [send_packet:48] src:d dst:c len:46
INFO  [1501739510:106623] [radio_read:91] src:d dst:c len:1 flags:1
INFO  [1501739510:106636] [mac_handle_ack:83] ACK status:ACK_OK retries:1
INFO  [1501739511:678169] [radio_read:91] src:11 dst:d len:46 flags:0
INFO  [1501739511:678197] [send_packet:48] src:d dst:c len:55
INFO  [1501739511:686638] [radio_read:91] src:d dst:c len:1 flags:1
INFO  [1501739511:686653] [mac_handle_ack:83] ACK status:ACK_OK retries:1
INFO  [1501739520:796657] [radio_read:91] src:9 dst:d len:79 flags:0
INFO  [1501739547:947698] [send_packet:48] src:d dst:e len:79
INFO  [1501739547:955299] [radio_read:91] src:d dst:e len:1 flags:1
INFO  [1501739547:955312] [mac_handle_ack:83] ACK status:ACK_OK retries:1
DATA send to 1 'Hello 23'
INFO  [1501739594:582172] [send_packet:48] src:d dst:c len:46
INFO  [1501739594:587529] [radio_read:91] src:d dst:c len:1 flags:1
INFO  [1501739594:587554] [mac_handle_ack:83] ACK status:ACK_OK retries:1
INFO  [1501739606:16839] [radio_read:91] src:e dst:d len:79 flags:0
INFO  [1501739626:270340] [radio_read:91] src:11 dst:d len:46 flags:0
INFO  [1501739626:270361] [send_packet:48] src:d dst:c len:55
INFO  [1501739626:277881] [radio_read:91] src:d dst:c len:1 flags:1
INFO  [1501739626:277892] [mac_handle_ack:83] ACK status:ACK_OK retries:1
INFO  [1501739637:343287] [send_packet:48] src:d dst:c len:53
INFO  [1501739637:350853] [radio_read:91] src:d dst:c len:1 flags:1
INFO  [1501739637:350865] [mac_handle_ack:83] ACK status:ACK_OK retries:1
DATA send to 1 'Hello 24'
INFO  [1501739640:323464] [send_packet:48] src:d dst:c len:46
INFO  [1501739640:328939] [radio_read:91] src:d dst:c len:1 flags:1
INFO  [1501739640:328949] [mac_handle_ack:83] ACK status:ACK_OK retries:1
INFO  [1501739658:416903] [send_packet:48] src:d dst:9 len:79
INFO  [1501739658:429794] [radio_read:91] src:d dst:9 len:1 flags:1
INFO  [1501739658:429816] [mac_handle_ack:83] ACK status:ACK_OK retries:2
INFO  [1501739676:79109] [radio_read:91] src:11 dst:d len:46 flags:0
INFO  [1501739676:79137] [send_packet:48] src:d dst:c len:55
INFO  [1501739676:85496] [radio_read:91] src:d dst:c len:1 flags:1
INFO  [1501739676:85506] [mac_handle_ack:83] ACK status:ACK_OK retries:1
INFO  [1501739701:436008] [radio_read:91] src:11 dst:d len:53 flags:0
INFO  [1501739701:436039] [send_packet:48] src:d dst:c len:53
INFO  [1501739701:443517] [radio_read:91] src:d dst:c len:1 flags:1
INFO  [1501739701:443545] [mac_handle_ack:83] ACK status:ACK_OK retries:1
DATA send to 1 'Hello 25'
INFO  [1501739722:683272] [send_packet:48] src:d dst:c len:46
INFO  [1501739722:688628] [radio_read:91] src:d dst:c len:1 flags:1
INFO  [1501739722:688637] [mac_handle_ack:83] ACK status:ACK_OK retries:1
INFO  [1501739723:333217] [send_packet:48] src:d dst:11 len:79
INFO  [1501739723:340831] [radio_read:91] src:d dst:11 len:1 flags:1
INFO  [1501739723:340842] [mac_handle_ack:83] ACK status:ACK_OK retries:1
INFO  [1501739737:966654] [radio_read:91] src:11 dst:d len:46 flags:0
INFO  [1501739737:966676] [send_packet:48] src:d dst:c len:55
INFO  [1501739737:972051] [radio_read:91] src:d dst:c len:1 flags:1
INFO  [1501739737:972065] [mac_handle_ack:83] ACK status:ACK_OK retries:1
INFO  [1501739786:944387] [radio_read:91] src:11 dst:d len:46 flags:0
INFO  [1501739786:944412] [send_packet:48] src:d dst:c len:55
INFO  [1501739786:950820] [radio_read:91] src:d dst:c len:1 flags:1
INFO  [1501739786:950830] [mac_handle_ack:83] ACK status:ACK_OK retries:1
DATA send to 1 'Hello 26'
INFO  [1501739795:163431] [send_packet:48] src:d dst:c len:46
INFO  [1501739795:172021] [radio_read:91] src:d dst:c len:1 flags:1
INFO  [1501739795:172037] [mac_handle_ack:83] ACK status:ACK_OK retries:1
INFO  [1501739808:90664] [radio_read:91] src:c dst:d len:79 flags:0
INFO  [1501739810:767343] [send_packet:48] src:d dst:e len:79
INFO  [1501739810:780458] [radio_read:91] src:d dst:e len:1 flags:1
INFO  [1501739810:780473] [mac_handle_ack:83] ACK status:ACK_OK retries:2
INFO  [1501739819:238673] [radio_read:91] src:e dst:d len:79 flags:0
DATA send to 1 'Hello 27'
INFO  [1501739830:674733] [send_packet:48] src:d dst:c len:46
INFO  [1501739830:679086] [radio_read:91] src:d dst:c len:1 flags:1
INFO  [1501739830:679096] [mac_handle_ack:83] ACK status:ACK_OK retries:1
INFO  [1501739838:72708] [radio_read:91] src:9 dst:d len:79 flags:0
INFO  [1501739840:840431] [radio_read:91] src:11 dst:d len:46 flags:0
INFO  [1501739840:840452] [send_packet:48] src:d dst:c len:55
INFO  [1501739840:845733] [radio_read:91] src:d dst:c len:1 flags:1
INFO  [1501739840:845743] [mac_handle_ack:83] ACK status:ACK_OK retries:1
INFO  [1501739888:970223] [radio_read:91] src:11 dst:d len:46 flags:0
INFO  [1501739888:970254] [send_packet:48] src:d dst:c len:55
INFO  [1501739888:976689] [radio_read:91] src:d dst:c len:1 flags:1
INFO  [1501739888:976702] [mac_handle_ack:83] ACK status:ACK_OK retries:1
DATA send to 1 'Hello 28'
INFO  [1501739889:425075] [send_packet:48] src:d dst:c len:46
INFO  [1501739889:430406] [radio_read:91] src:d dst:c len:1 flags:1
INFO  [1501739889:430419] [mac_handle_ack:83] ACK status:ACK_OK retries:1
INFO  [1501739892:935709] [send_packet:48] src:d dst:ffff len:80
INFO  [1501739913:68481] [send_packet:48] src:d dst:9 len:79
INFO  [1501739913:77209] [radio_read:91] src:d dst:9 len:1 flags:1
INFO  [1501739913:77226] [mac_handle_ack:83] ACK status:ACK_OK retries:1
INFO  [1501739931:283486] [radio_read:91] src:11 dst:ffff len:80 flags:0
INFO  [1501739931:497157] [radio_read:91] src:11 dst:d len:46 flags:0
INFO  [1501739931:497177] [send_packet:48] src:d dst:c len:55
INFO  [1501739931:502497] [radio_read:91] src:d dst:c len:1 flags:1
INFO  [1501739931:502507] [mac_handle_ack:83] ACK status:ACK_OK retries:1
INFO  [1501739938:815990] [radio_read:91] src:9 dst:ffff len:80 flags:0
DATA send to 1 'Hello 29'
INFO  [1501739964:819881] [send_packet:48] src:d dst:c len:46
INFO  [1501739964:827411] [radio_read:91] src:d dst:c len:1 flags:1
INFO  [1501739964:827423] [mac_handle_ack:83] ACK status:ACK_OK retries:1
INFO  [1501739974:62971] [radio_read:91] src:c dst:ffff len:80 flags:0
INFO  [1501739989:216803] [radio_read:91] src:c dst:d len:79 flags:0
DATA send to 1 'Hello 30'
INFO  [1501739991:392631] [send_packet:48] src:d dst:c len:46
INFO  [1501739991:397999] [radio_read:91] src:d dst:c len:1 flags:1
INFO  [1501739991:398006] [mac_handle_ack:83] ACK status:ACK_OK retries:1
INFO  [1501739999:146692] [send_packet:48] src:d dst:c len:53
INFO  [1501739999:154315] [radio_read:91] src:d dst:c len:1 flags:1
INFO  [1501739999:154340] [mac_handle_ack:83] ACK status:ACK_OK retries:1
INFO  [1501740016:687237] [send_packet:48] src:d dst:11 len:79
INFO  [1501740016:695901] [radio_read:91] src:d dst:11 len:1 flags:1
INFO  [1501740016:695913] [mac_handle_ack:83] ACK status:ACK_OK retries:1
INFO  [1501740038:950825] [radio_read:91] src:11 dst:d len:46 flags:0
INFO  [1501740038:950850] [send_packet:48] src:d dst:c len:55
INFO  [1501740038:956246] [radio_read:91] src:d dst:c len:1 flags:1
INFO  [1501740038:956255] [mac_handle_ack:83] ACK status:ACK_OK retries:1
INFO  [1501740050:746422] [radio_read:91] src:11 dst:d len:53 flags:0
INFO  [1501740050:746450] [send_packet:48] src:d dst:c len:53
INFO  [1501740050:752899] [radio_read:91] src:d dst:c len:1 flags:1
INFO  [1501740050:752912] [mac_handle_ack:83] ACK status:ACK_OK retries:1
INFO  [1501740081:594219] [send_packet:48] src:d dst:e len:79
INFO  [1501740081:600809] [radio_read:91] src:d dst:e len:1 flags:1
INFO  [1501740081:600824] [mac_handle_ack:83] ACK status:ACK_OK retries:1
DATA send to 1 'Hello 31'
INFO  [1501740084:243505] [send_packet:48] src:d dst:c len:46
INFO  [1501740084:248866] [radio_read:91] src:d dst:c len:1 flags:1
INFO  [1501740084:248878] [mac_handle_ack:83] ACK status:ACK_OK retries:1
INFO  [1501740094:431230] [radio_read:91] src:e dst:d len:79 flags:0
INFO  [1501740095:535900] [radio_read:91] src:e dst:ffff len:80 flags:0
INFO  [1501740097:5676] [radio_read:91] src:11 dst:d len:46 flags:0
INFO  [1501740097:5701] [send_packet:48] src:d dst:c len:55
INFO  [1501740097:11098] [radio_read:91] src:d dst:c len:1 flags:1
INFO  [1501740097:11110] [mac_handle_ack:83] ACK status:ACK_OK retries:1
INFO  [1501740115:118440] [radio_read:91] src:9 dst:d len:79 flags:0
DATA send to 1 'Hello 32'
INFO  [1501740130:385663] [send_packet:48] src:d dst:c len:46
INFO  [1501740130:391054] [radio_read:91] src:d dst:c len:1 flags:1
INFO  [1501740130:391064] [mac_handle_ack:83] ACK status:ACK_OK retries:1
INFO  [1501740136:801201] [radio_read:91] src:c dst:d len:79 flags:0
INFO  [1501740156:762732] [radio_read:91] src:11 dst:d len:46 flags:0
INFO  [1501740156:762798] [send_packet:48] src:d dst:c len:55
INFO  [1501740156:768164] [radio_read:91] src:d dst:c len:1 flags:1
INFO  [1501740156:768175] [mac_handle_ack:83] ACK status:ACK_OK retries:1
INFO  [1501740170:888320] [radio_read:91] src:11 dst:d len:46 flags:0
INFO  [1501740170:888347] [send_packet:48] src:d dst:c len:55
INFO  [1501740170:893664] [radio_read:91] src:d dst:c len:1 flags:1
INFO  [1501740170:893673] [mac_handle_ack:83] ACK status:ACK_OK retries:1
DATA send to 1 'Hello 33'
INFO  [1501740171:331159] [send_packet:48] src:d dst:c len:46
INFO  [1501740171:336469] [radio_read:91] src:d dst:c len:1 flags:1
INFO  [1501740171:336479] [mac_handle_ack:83] ACK status:ACK_OK retries:1
INFO  [1501740205:160443] [send_packet:48] src:d dst:9 len:79
INFO  [1501740205:169087] [radio_read:91] src:d dst:9 len:1 flags:1
INFO  [1501740205:169099] [mac_handle_ack:83] ACK status:ACK_OK retries:1
DATA send to 1 'Hello 34'
INFO  [1501740233:369057] [send_packet:48] src:d dst:c len:46
INFO  [1501740233:373294] [radio_read:91] src:d dst:c len:1 flags:1
INFO  [1501740233:373303] [mac_handle_ack:83] ACK status:ACK_OK retries:1
