Contiki-3.x-3272-gbcd9e94 started with IPV6, RPL
INFO  [1501738188:553448] [main:110] Using node id=16
INFO  [1501738188:553468] [main:114] MAC wfmac RDC nullrdc NETWORK sicslowpan
INFO  [1501738188:553470] [main:115] route_table_max_sz=100,nbr_table_max_sz=100
Tentative link-local IPv6 address fe80:0000:0000:0000:0302:0304:0506:0010
UDP client process started nbr:100 routes:100
Client IPv6 addresses: fd00::302:304:506:10
fe80::302:304:506:10
Created a connection with the server :: local/remote port 8765/5678
INFO  [1501738189:553442] [send_packet:48] src:10 dst:ffff len:10
INFO  [1501738189:556720] [radio_read:91] src:11 dst:ffff len:10 flags:0
INFO  [1501738201:12154] [radio_read:91] src:c dst:ffff len:80 flags:0
INFO  [1501738204:594935] [send_packet:48] src:10 dst:ffff len:80
INFO  [1501738205:507895] [send_packet:48] src:10 dst:c len:53
INFO  [1501738205:518650] [radio_read:91] src:10 dst:c len:1 flags:1
INFO  [1501738205:518667] [mac_handle_ack:83] ACK status:ACK_OK retries:2
INFO  [1501738207:386854] [radio_read:91] src:11 dst:ffff len:80 flags:0
INFO  [1501738208:399289] [radio_read:91] src:11 dst:10 len:79 flags:0
INFO  [1501738209:149287] [radio_read:91] src:11 dst:10 len:53 flags:0
INFO  [1501738209:149310] [send_packet:48] src:10 dst:c len:53
INFO  [1501738209:157894] [radio_read:91] src:10 dst:c len:1 flags:1
INFO  [1501738209:157904] [mac_handle_ack:83] ACK status:ACK_OK retries:2
INFO  [1501738209:752108] [radio_read:91] src:11 dst:10 len:53 flags:0
INFO  [1501738209:752127] [send_packet:48] src:10 dst:c len:53
INFO  [1501738209:758563] [radio_read:91] src:10 dst:c len:1 flags:1
INFO  [1501738209:758571] [mac_handle_ack:83] ACK status:ACK_OK retries:1
INFO  [1501738211:906967] [send_packet:48] src:10 dst:ffff len:80
INFO  [1501738213:241707] [send_packet:48] src:10 dst:c len:79
INFO  [1501738213:249214] [radio_read:91] src:10 dst:c len:1 flags:1
INFO  [1501738213:249228] [mac_handle_ack:83] ACK status:ACK_OK retries:1
INFO  [1501738213:382183] [radio_read:91] src:11 dst:ffff len:80 flags:0
INFO  [1501738220:835028] [radio_read:91] src:c dst:ffff len:80 flags:0
INFO  [1501738221:673958] [radio_read:91] src:11 dst:ffff len:80 flags:0
INFO  [1501738223:994430] [send_packet:48] src:10 dst:ffff len:80
INFO  [1501738224:757146] [send_packet:48] src:10 dst:c len:53
INFO  [1501738224:763608] [radio_read:91] src:10 dst:c len:1 flags:1
INFO  [1501738224:763622] [mac_handle_ack:83] ACK status:ACK_OK retries:1
INFO  [1501738235:476100] [radio_read:91] src:11 dst:ffff len:80 flags:0
INFO  [1501738251:892880] [radio_read:91] src:c dst:ffff len:80 flags:0
INFO  [1501738254:689076] [send_packet:48] src:10 dst:c len:53
INFO  [1501738254:694472] [radio_read:91] src:10 dst:c len:1 flags:1
INFO  [1501738254:694485] [mac_handle_ack:83] ACK status:ACK_OK retries:1
INFO  [1501738255:360627] [send_packet:48] src:10 dst:ffff len:80
INFO  [1501738263:795980] [radio_read:91] src:11 dst:ffff len:80 flags:0
INFO  [1501738269:553898] [send_packet:48] src:10 dst:c len:53
INFO  [1501738269:559304] [radio_read:91] src:10 dst:c len:1 flags:1
INFO  [1501738269:559316] [mac_handle_ack:83] ACK status:ACK_OK retries:1
DATA send to 1 'Hello 1'
INFO  [1501738270:54308] [send_packet:48] src:10 dst:c len:45
INFO  [1501738270:60694] [radio_read:91] src:10 dst:c len:1 flags:1
INFO  [1501738270:60706] [mac_handle_ack:83] ACK status:ACK_OK retries:1
INFO  [1501738275:400471] [send_packet:48] src:10 dst:11 len:79
INFO  [1501738275:408052] [radio_read:91] src:10 dst:11 len:1 flags:1
INFO  [1501738275:408064] [mac_handle_ack:83] ACK status:ACK_OK retries:1
INFO  [1501738289:946398] [radio_read:91] src:11 dst:10 len:79 flags:0
INFO  [1501738294:422326] [radio_read:91] src:c dst:ffff len:80 flags:0
INFO  [1501738316:631312] [send_packet:48] src:10 dst:ffff len:80
INFO  [1501738325:900174] [radio_read:91] src:11 dst:ffff len:80 flags:0
DATA send to 1 'Hello 2'
INFO  [1501738344:8103] [send_packet:48] src:10 dst:c len:45
INFO  [1501738344:13478] [radio_read:91] src:10 dst:c len:1 flags:1
INFO  [1501738344:13491] [mac_handle_ack:83] ACK status:ACK_OK retries:1
DATA send to 1 'Hello 3'
INFO  [1501738386:501841] [send_packet:48] src:10 dst:c len:45
INFO  [1501738386:507251] [radio_read:91] src:10 dst:c len:1 flags:1
INFO  [1501738386:507263] [mac_handle_ack:83] ACK status:ACK_OK retries:1
INFO  [1501738390:987853] [radio_read:91] src:c dst:ffff len:80 flags:0
INFO  [1501738396:814600] [send_packet:48] src:10 dst:11 len:79
INFO  [1501738396:823247] [radio_read:91] src:10 dst:11 len:1 flags:1
INFO  [1501738396:823262] [mac_handle_ack:83] ACK status:ACK_OK retries:1
INFO  [1501738427:59559] [send_packet:48] src:10 dst:ffff len:80
INFO  [1501738429:600034] [radio_read:91] src:11 dst:ffff len:80 flags:0
DATA send to 1 'Hello 4'
INFO  [1501738475:405258] [send_packet:48] src:10 dst:c len:45
INFO  [1501738475:412810] [radio_read:91] src:10 dst:c len:1 flags:1
INFO  [1501738475:412825] [mac_handle_ack:83] ACK status:ACK_OK retries:1
DATA send to 1 'Hello 5'
INFO  [1501738490:617175] [send_packet:48] src:10 dst:c len:45
INFO  [1501738490:623570] [radio_read:91] src:10 dst:c len:1 flags:1
INFO  [1501738490:623584] [mac_handle_ack:83] ACK status:ACK_OK retries:1
INFO  [1501738494:593438] [send_packet:48] src:10 dst:11 len:79
INFO  [1501738494:602056] [radio_read:91] src:10 dst:11 len:1 flags:1
INFO  [1501738494:602070] [mac_handle_ack:83] ACK status:ACK_OK retries:1
INFO  [1501738495:784033] [radio_read:91] src:11 dst:10 len:79 flags:0
DATA send to 1 'Hello 6'
INFO  [1501738576:805211] [send_packet:48] src:10 dst:c len:45
INFO  [1501738576:810601] [radio_read:91] src:10 dst:c len:1 flags:1
INFO  [1501738576:810615] [mac_handle_ack:83] ACK status:ACK_OK retries:1
INFO  [1501738595:203998] [send_packet:48] src:10 dst:c len:53
INFO  [1501738595:223661] [radio_read:91] src:10 dst:c len:1 flags:1
INFO  [1501738595:223679] [mac_handle_ack:83] ACK status:ACK_OK retries:4
INFO  [1501738601:598773] [send_packet:48] src:10 dst:ffff len:80
INFO  [1501738603:982202] [send_packet:48] src:10 dst:11 len:79
INFO  [1501738603:995126] [radio_read:91] src:10 dst:11 len:1 flags:1
INFO  [1501738603:995139] [mac_handle_ack:83] ACK status:ACK_OK retries:2
DATA send to 1 'Hello 7'
INFO  [1501738612:45858] [send_packet:48] src:10 dst:c len:45
INFO  [1501738612:52361] [radio_read:91] src:10 dst:c len:1 flags:1
INFO  [1501738612:52374] [mac_handle_ack:83] ACK status:ACK_OK retries:1
INFO  [1501738635:96797] [radio_read:91] src:c dst:ffff len:80 flags:0
INFO  [1501738637:188960] [send_packet:48] src:10 dst:c len:53
INFO  [1501738637:195404] [radio_read:91] src:10 dst:c len:1 flags:1
INFO  [1501738637:195416] [mac_handle_ack:83] ACK status:ACK_OK retries:1
DATA send to 1 'Hello 8'
INFO  [1501738684:729033] [send_packet:48] src:10 dst:c len:45
INFO  [1501738684:734418] [radio_read:91] src:10 dst:c len:1 flags:1
INFO  [1501738684:734430] [mac_handle_ack:83] ACK status:ACK_OK retries:1
INFO  [1501738693:99491] [radio_read:91] src:c dst:10 len:79 flags:0
INFO  [1501738699:266440] [send_packet:48] src:10 dst:11 len:79
INFO  [1501738699:272902] [radio_read:91] src:10 dst:11 len:1 flags:1
INFO  [1501738699:272914] [mac_handle_ack:83] ACK status:ACK_OK retries:1
DATA send to 1 'Hello 9'
INFO  [1501738735:26601] [send_packet:48] src:10 dst:c len:45
INFO  [1501738735:36187] [radio_read:91] src:10 dst:c len:1 flags:1
INFO  [1501738735:36198] [mac_handle_ack:83] ACK status:ACK_OK retries:2
INFO  [1501738774:261954] [send_packet:48] src:10 dst:11 len:79
INFO  [1501738774:269487] [radio_read:91] src:10 dst:11 len:1 flags:1
INFO  [1501738774:269501] [mac_handle_ack:83] ACK status:ACK_OK retries:1
INFO  [1501738800:197585] [radio_read:91] src:11 dst:10 len:79 flags:0
DATA send to 1 'Hello 10'
INFO  [1501738832:187913] [send_packet:48] src:10 dst:c len:46
INFO  [1501738832:194335] [radio_read:91] src:10 dst:c len:1 flags:1
INFO  [1501738832:194347] [mac_handle_ack:83] ACK status:ACK_OK retries:1
INFO  [1501738867:842261] [send_packet:48] src:10 dst:11 len:79
INFO  [1501738867:849847] [radio_read:91] src:10 dst:11 len:1 flags:1
INFO  [1501738867:849859] [mac_handle_ack:83] ACK status:ACK_OK retries:1
DATA send to 1 'Hello 11'
INFO  [1501738886:971159] [send_packet:48] src:10 dst:c len:46
INFO  [1501738886:975477] [radio_read:91] src:10 dst:c len:1 flags:1
INFO  [1501738886:975489] [mac_handle_ack:83] ACK status:ACK_OK retries:1
DATA send to 1 'Hello 12'
INFO  [1501738924:254939] [send_packet:48] src:10 dst:c len:46
INFO  [1501738924:260361] [radio_read:91] src:10 dst:c len:1 flags:1
INFO  [1501738924:260372] [mac_handle_ack:83] ACK status:ACK_OK retries:1
INFO  [1501738926:871386] [radio_read:91] src:c dst:10 len:79 flags:0
INFO  [1501738930:582675] [send_packet:48] src:10 dst:c len:53
INFO  [1501738930:590200] [radio_read:91] src:10 dst:c len:1 flags:1
INFO  [1501738930:590212] [mac_handle_ack:83] ACK status:ACK_OK retries:1
INFO  [1501738949:251680] [send_packet:48] src:10 dst:11 len:79
INFO  [1501738949:258235] [radio_read:91] src:10 dst:11 len:1 flags:1
INFO  [1501738949:258247] [mac_handle_ack:83] ACK status:ACK_OK retries:1
INFO  [1501738981:598379] [radio_read:91] src:c dst:ffff len:80 flags:0
DATA send to 1 'Hello 13'
INFO  [1501739003:789811] [send_packet:48] src:10 dst:c len:46
INFO  [1501739003:796214] [radio_read:91] src:10 dst:c len:1 flags:1
INFO  [1501739003:796223] [mac_handle_ack:83] ACK status:ACK_OK retries:1
INFO  [1501739016:37903] [radio_read:91] src:11 dst:10 len:79 flags:0
INFO  [1501739038:959570] [send_packet:48] src:10 dst:11 len:79
INFO  [1501739038:967120] [radio_read:91] src:10 dst:11 len:1 flags:1
INFO  [1501739038:967133] [mac_handle_ack:83] ACK status:ACK_OK retries:1
INFO  [1501739056:695712] [send_packet:48] src:10 dst:ffff len:80
DATA send to 1 'Hello 14'
INFO  [1501739058:148166] [send_packet:48] src:10 dst:c len:46
INFO  [1501739058:153563] [radio_read:91] src:10 dst:c len:1 flags:1
INFO  [1501739058:153576] [mac_handle_ack:83] ACK status:ACK_OK retries:1
INFO  [1501739115:510300] [send_packet:48] src:10 dst:11 len:79
INFO  [1501739115:517851] [radio_read:91] src:10 dst:11 len:1 flags:1
INFO  [1501739115:517865] [mac_handle_ack:83] ACK status:ACK_OK retries:1
DATA send to 1 'Hello 15'
INFO  [1501739123:880506] [send_packet:48] src:10 dst:c len:46
INFO  [1501739123:885832] [radio_read:91] src:10 dst:c len:1 flags:1
INFO  [1501739123:885841] [mac_handle_ack:83] ACK status:ACK_OK retries:1
INFO  [1501739136:458480] [radio_read:91] src:c dst:10 len:79 flags:0
DATA send to 1 'Hello 16'
INFO  [1501739167:734937] [send_packet:48] src:10 dst:c len:46
INFO  [1501739167:740277] [radio_read:91] src:10 dst:c len:1 flags:1
INFO  [1501739167:740286] [mac_handle_ack:83] ACK status:ACK_OK retries:1
INFO  [1501739224:115993] [radio_read:91] src:11 dst:ffff len:80 flags:0
INFO  [1501739234:303424] [send_packet:48] src:10 dst:11 len:79
INFO  [1501739234:311970] [radio_read:91] src:10 dst:11 len:1 flags:1
INFO  [1501739234:311979] [mac_handle_ack:83] ACK status:ACK_OK retries:1
INFO  [1501739236:80936] [radio_read:91] src:11 dst:10 len:79 flags:0
DATA send to 1 'Hello 17'
INFO  [1501739240:822091] [send_packet:48] src:10 dst:c len:46
INFO  [1501739240:831727] [radio_read:91] src:10 dst:c len:1 flags:1
INFO  [1501739240:831737] [mac_handle_ack:83] ACK status:ACK_OK retries:2
INFO  [1501739244:158977] [send_packet:48] src:10 dst:c len:53
INFO  [1501739244:164464] [radio_read:91] src:10 dst:c len:1 flags:1
INFO  [1501739244:164477] [mac_handle_ack:83] ACK status:ACK_OK retries:1
INFO  [1501739254:353333] [radio_read:91] src:c dst:10 len:79 flags:0
INFO  [1501739257:975411] [send_packet:48] src:10 dst:c len:53
INFO  [1501739257:982030] [radio_read:91] src:10 dst:c len:1 flags:1
INFO  [1501739257:982040] [mac_handle_ack:83] ACK status:ACK_OK retries:1
DATA send to 1 'Hello 18'
INFO  [1501739307:275050] [send_packet:48] src:10 dst:c len:46
INFO  [1501739307:281503] [radio_read:91] src:10 dst:c len:1 flags:1
INFO  [1501739307:281513] [mac_handle_ack:83] ACK status:ACK_OK retries:1
INFO  [1501739311:835792] [send_packet:48] src:10 dst:11 len:79
INFO  [1501739311:842223] [radio_read:91] src:10 dst:11 len:1 flags:1
INFO  [1501739311:842234] [mac_handle_ack:83] ACK status:ACK_OK retries:1
INFO  [1501739382:656527] [radio_read:91] src:c dst:10 len:79 flags:0
DATA send to 1 'Hello 19'
INFO  [1501739385:610837] [send_packet:48] src:10 dst:c len:46
INFO  [1501739385:617264] [radio_read:91] src:10 dst:c len:1 flags:1
INFO  [1501739385:617273] [mac_handle_ack:83] ACK status:ACK_OK retries:1
INFO  [1501739399:155198] [send_packet:48] src:10 dst:11 len:79
INFO  [1501739399:161683] [radio_read:91] src:10 dst:11 len:1 flags:1
INFO  [1501739399:161696] [mac_handle_ack:83] ACK status:ACK_OK retries:1
INFO  [1501739409:172877] [radio_read:91] src:11 dst:10 len:79 flags:0
DATA send to 1 'Hello 20'
INFO  [1501739443:119725] [send_packet:48] src:10 dst:c len:46
INFO  [1501739443:125127] [radio_read:91] src:10 dst:c len:1 flags:1
INFO  [1501739443:125139] [mac_handle_ack:83] ACK status:ACK_OK retries:1
DATA send to 1 'Hello 21'
INFO  [1501739481:216431] [send_packet:48] src:10 dst:c len:46
INFO  [1501739481:223971] [radio_read:91] src:10 dst:c len:1 flags:1
INFO  [1501739481:223987] [mac_handle_ack:83] ACK status:ACK_OK retries:1
INFO  [1501739484:257151] [send_packet:48] src:10 dst:11 len:79
INFO  [1501739484:262596] [radio_read:91] src:10 dst:11 len:1 flags:1
INFO  [1501739484:262606] [mac_handle_ack:83] ACK status:ACK_OK retries:1
INFO  [1501739550:94404] [radio_read:91] src:11 dst:10 len:79 flags:0
INFO  [1501739558:202654] [send_packet:48] src:10 dst:c len:79
INFO  [1501739558:211328] [radio_read:91] src:10 dst:c len:1 flags:1
INFO  [1501739558:211341] [mac_handle_ack:83] ACK status:ACK_OK retries:1
DATA send to 1 'Hello 22'
INFO  [1501739562:626390] [send_packet:48] src:10 dst:c len:46
INFO  [1501739562:631749] [radio_read:91] src:10 dst:c len:1 flags:1
INFO  [1501739562:631759] [mac_handle_ack:83] ACK status:ACK_OK retries:1
INFO  [1501739566:678744] [send_packet:48] src:10 dst:c len:53
INFO  [1501739566:684128] [radio_read:91] src:10 dst:c len:1 flags:1
INFO  [1501739566:684141] [mac_handle_ack:83] ACK status:ACK_OK retries:1
DATA send to 1 'Hello 23'
INFO  [1501739586:994684] [send_packet:48] src:10 dst:c len:46
INFO  [1501739587:1164] [radio_read:91] src:10 dst:c len:1 flags:1
INFO  [1501739587:1177] [mac_handle_ack:83] ACK status:ACK_OK retries:1
INFO  [1501739592:329279] [radio_read:91] src:c dst:10 len:79 flags:0
INFO  [1501739628:324940] [send_packet:48] src:10 dst:11 len:79
INFO  [1501739628:330326] [radio_read:91] src:10 dst:11 len:1 flags:1
INFO  [1501739628:330336] [mac_handle_ack:83] ACK status:ACK_OK retries:1
DATA send to 1 'Hello 24'
INFO  [1501739676:589452] [send_packet:48] src:10 dst:c len:46
INFO  [1501739676:595884] [radio_read:91] src:10 dst:c len:1 flags:1
INFO  [1501739676:595895] [mac_handle_ack:83] ACK status:ACK_OK retries:1
INFO  [1501739707:40944] [radio_read:91] src:c dst:10 len:79 flags:0
INFO  [1501739729:383189] [send_packet:48] src:10 dst:11 len:79
INFO  [1501739729:389644] [radio_read:91] src:10 dst:11 len:1 flags:1
INFO  [1501739729:389656] [mac_handle_ack:83] ACK status:ACK_OK retries:1
DATA send to 1 'Hello 25'
INFO  [1501739730:335197] [send_packet:48] src:10 dst:c len:46
INFO  [1501739730:339496] [radio_read:91] src:10 dst:c len:1 flags:1
INFO  [1501739730:339514] [mac_handle_ack:83] ACK status:ACK_OK retries:1
INFO  [1501739773:641155] [radio_read:91] src:11 dst:10 len:79 flags:0
DATA send to 1 'Hello 26'
INFO  [1501739794:351898] [send_packet:48] src:10 dst:c len:46
INFO  [1501739794:357446] [radio_read:91] src:10 dst:c len:1 flags:1
INFO  [1501739794:357458] [mac_handle_ack:83] ACK status:ACK_OK retries:1
INFO  [1501739807:211912] [send_packet:48] src:10 dst:11 len:79
INFO  [1501739807:222179] [radio_read:91] src:10 dst:11 len:1 flags:1
INFO  [1501739807:222201] [mac_handle_ack:83] ACK status:ACK_OK retries:1
DATA send to 1 'Hello 27'
INFO  [1501739821:82691] [send_packet:48] src:10 dst:c len:46
INFO  [1501739821:89671] [radio_read:91] src:10 dst:c len:1 flags:1
INFO  [1501739821:89683] [mac_handle_ack:83] ACK status:ACK_OK retries:1
INFO  [1501739872:502935] [send_packet:48] src:10 dst:c len:53
INFO  [1501739872:508418] [radio_read:91] src:10 dst:c len:1 flags:1
INFO  [1501739872:508432] [mac_handle_ack:83] ACK status:ACK_OK retries:1
DATA send to 1 'Hello 28'
INFO  [1501739872:938017] [send_packet:48] src:10 dst:c len:46
INFO  [1501739872:947638] [radio_read:91] src:10 dst:c len:1 flags:1
INFO  [1501739872:947649] [mac_handle_ack:83] ACK status:ACK_OK retries:2
INFO  [1501739904:222126] [send_packet:48] src:10 dst:11 len:79
INFO  [1501739904:228610] [radio_read:91] src:10 dst:11 len:1 flags:1
INFO  [1501739904:228623] [mac_handle_ack:83] ACK status:ACK_OK retries:1
INFO  [1501739905:670068] [radio_read:91] src:c dst:10 len:79 flags:0
INFO  [1501739931:283626] [radio_read:91] src:11 dst:ffff len:80 flags:0
INFO  [1501739950:144780] [send_packet:48] src:10 dst:ffff len:80
INFO  [1501739972:118227] [radio_read:91] src:11 dst:10 len:79 flags:0
INFO  [1501739974:62994] [radio_read:91] src:c dst:ffff len:80 flags:0
DATA send to 1 'Hello 29'
INFO  [1501739979:178589] [send_packet:48] src:10 dst:c len:46
INFO  [1501739979:186084] [radio_read:91] src:10 dst:c len:1 flags:1
INFO  [1501739979:186098] [mac_handle_ack:83] ACK status:ACK_OK retries:1
INFO  [1501739991:152749] [send_packet:48] src:10 dst:11 len:79
INFO  [1501739991:160389] [radio_read:91] src:10 dst:11 len:1 flags:1
INFO  [1501739991:160401] [mac_handle_ack:83] ACK status:ACK_OK retries:1
DATA send to 1 'Hello 30'
INFO  [1501740015:424926] [send_packet:48] src:10 dst:c len:46
INFO  [1501740015:429262] [radio_read:91] src:10 dst:c len:1 flags:1
INFO  [1501740015:429274] [mac_handle_ack:83] ACK status:ACK_OK retries:1
INFO  [1501740058:889684] [radio_read:91] src:c dst:10 len:79 flags:0
INFO  [1501740084:333349] [send_packet:48] src:10 dst:11 len:79
INFO  [1501740084:339811] [radio_read:91] src:10 dst:11 len:1 flags:1
INFO  [1501740084:339825] [mac_handle_ack:83] ACK status:ACK_OK retries:1
DATA send to 1 'Hello 31'
INFO  [1501740102:744474] [send_packet:48] src:10 dst:c len:46
INFO  [1501740102:750866] [radio_read:91] src:10 dst:c len:1 flags:1
INFO  [1501740102:750877] [mac_handle_ack:83] ACK status:ACK_OK retries:1
DATA send to 1 'Hello 32'
INFO  [1501740141:446614] [send_packet:48] src:10 dst:c len:46
INFO  [1501740141:454192] [radio_read:91] src:10 dst:c len:1 flags:1
INFO  [1501740141:454202] [mac_handle_ack:83] ACK status:ACK_OK retries:1
INFO  [1501740155:849983] [radio_read:91] src:11 dst:10 len:79 flags:0
INFO  [1501740166:544330] [send_packet:48] src:10 dst:11 len:79
INFO  [1501740166:551948] [radio_read:91] src:10 dst:11 len:1 flags:1
INFO  [1501740166:551961] [mac_handle_ack:83] ACK status:ACK_OK retries:1
DATA send to 1 'Hello 33'
INFO  [1501740218:567652] [send_packet:48] src:10 dst:c len:46
INFO  [1501740218:577295] [radio_read:91] src:10 dst:c len:1 flags:1
INFO  [1501740218:577307] [mac_handle_ack:83] ACK status:ACK_OK retries:2
INFO  [1501740227:41860] [send_packet:48] src:10 dst:c len:53
INFO  [1501740227:48310] [radio_read:91] src:10 dst:c len:1 flags:1
INFO  [1501740227:48321] [mac_handle_ack:83] ACK status:ACK_OK retries:1
INFO  [1501740241:637474] [radio_read:91] src:c dst:10 len:79 flags:0
DATA send to 1 'Hello 34'
INFO  [1501740271:965960] [send_packet:48] src:10 dst:c len:46
INFO  [1501740271:971333] [radio_read:91] src:10 dst:c len:1 flags:1
INFO  [1501740271:971346] [mac_handle_ack:83] ACK status:ACK_OK retries:1
