Contiki-3.x-3272-gbcd9e94 started with IPV6, RPL
INFO  [1501738188:554645] [main:110] Using node id=17
INFO  [1501738188:554661] [main:114] MAC wfmac RDC nullrdc NETWORK sicslowpan
INFO  [1501738188:554663] [main:115] route_table_max_sz=100,nbr_table_max_sz=100
Tentative link-local IPv6 address fe80:0000:0000:0000:0302:0304:0506:0011
UDP client process started nbr:100 routes:100
Client IPv6 addresses: fd00::302:304:506:11
fe80::302:304:506:11
Created a connection with the server :: local/remote port 8765/5678
INFO  [1501738189:554509] [send_packet:48] src:11 dst:ffff len:10
INFO  [1501738189:555648] [radio_read:91] src:d dst:ffff len:10 flags:0
INFO  [1501738204:601498] [radio_read:91] src:10 dst:ffff len:80 flags:0
INFO  [1501738204:756866] [radio_read:91] src:d dst:ffff len:80 flags:0
INFO  [1501738207:381492] [send_packet:48] src:11 dst:ffff len:80
INFO  [1501738208:395039] [send_packet:48] src:11 dst:10 len:79
INFO  [1501738208:400394] [radio_read:91] src:11 dst:10 len:1 flags:1
INFO  [1501738208:400407] [mac_handle_ack:83] ACK status:ACK_OK retries:1
INFO  [1501738209:144950] [send_packet:48] src:11 dst:10 len:53
INFO  [1501738209:151416] [radio_read:91] src:11 dst:10 len:1 flags:1
INFO  [1501738209:151427] [mac_handle_ack:83] ACK status:ACK_OK retries:1
INFO  [1501738209:746777] [radio_read:91] src:d dst:ffff len:80 flags:0
INFO  [1501738209:746796] [send_packet:48] src:11 dst:10 len:53
INFO  [1501738209:754293] [radio_read:91] src:11 dst:10 len:1 flags:1
INFO  [1501738209:754302] [mac_handle_ack:83] ACK status:ACK_OK retries:1
INFO  [1501738211:428185] [send_packet:48] src:11 dst:d len:79
INFO  [1501738211:435761] [radio_read:91] src:11 dst:d len:1 flags:1
INFO  [1501738211:435774] [mac_handle_ack:83] ACK status:ACK_OK retries:1
INFO  [1501738211:913448] [radio_read:91] src:10 dst:ffff len:80 flags:0
INFO  [1501738212:400694] [send_packet:48] src:11 dst:d len:53
INFO  [1501738212:407199] [radio_read:91] src:11 dst:d len:1 flags:1
INFO  [1501738212:407209] [mac_handle_ack:83] ACK status:ACK_OK retries:1
INFO  [1501738213:375700] [send_packet:48] src:11 dst:ffff len:80
INFO  [1501738213:559524] [radio_read:91] src:12 dst:11 len:53 flags:0
INFO  [1501738215:71072] [send_packet:48] src:11 dst:d len:79
INFO  [1501738215:77582] [radio_read:91] src:11 dst:d len:1 flags:1
INFO  [1501738215:77594] [mac_handle_ack:83] ACK status:ACK_OK retries:1
INFO  [1501738216:624497] [radio_read:91] src:12 dst:ffff len:80 flags:0
INFO  [1501738221:273387] [send_packet:48] src:11 dst:d len:79
INFO  [1501738221:282017] [radio_read:91] src:11 dst:d len:1 flags:1
INFO  [1501738221:282029] [mac_handle_ack:83] ACK status:ACK_OK retries:1
INFO  [1501738221:668568] [send_packet:48] src:11 dst:ffff len:80
INFO  [1501738223:493496] [radio_read:91] src:12 dst:ffff len:80 flags:0
INFO  [1501738223:999833] [radio_read:91] src:10 dst:ffff len:80 flags:0
INFO  [1501738225:151487] [radio_read:91] src:12 dst:11 len:79 flags:0
INFO  [1501738225:589503] [radio_read:91] src:d dst:ffff len:80 flags:0
INFO  [1501738231:542776] [send_packet:48] src:11 dst:d len:53
INFO  [1501738231:550371] [radio_read:91] src:11 dst:d len:1 flags:1
INFO  [1501738231:550386] [mac_handle_ack:83] ACK status:ACK_OK retries:1
INFO  [1501738235:471025] [send_packet:48] src:11 dst:ffff len:80
INFO  [1501738241:803261] [radio_read:91] src:12 dst:ffff len:80 flags:0
INFO  [1501738254:56810] [radio_read:91] src:d dst:ffff len:80 flags:0
INFO  [1501738255:366069] [radio_read:91] src:10 dst:ffff len:80 flags:0
INFO  [1501738256:639615] [send_packet:48] src:11 dst:d len:53
INFO  [1501738256:646059] [radio_read:91] src:11 dst:d len:1 flags:1
INFO  [1501738256:646071] [mac_handle_ack:83] ACK status:ACK_OK retries:1
INFO  [1501738263:789600] [send_packet:48] src:11 dst:ffff len:80
INFO  [1501738271:556361] [radio_read:91] src:12 dst:ffff len:80 flags:0
DATA send to 1 'Hello 1'
INFO  [1501738273:246500] [send_packet:48] src:11 dst:d len:45
INFO  [1501738273:253975] [radio_read:91] src:11 dst:d len:1 flags:1
INFO  [1501738273:253990] [mac_handle_ack:83] ACK status:ACK_OK retries:1
INFO  [1501738275:406967] [radio_read:91] src:10 dst:11 len:79 flags:0
INFO  [1501738276:670608] [radio_read:91] src:d dst:11 len:79 flags:0
INFO  [1501738289:940076] [send_packet:48] src:11 dst:10 len:79
INFO  [1501738289:947596] [radio_read:91] src:11 dst:10 len:1 flags:1
INFO  [1501738289:947608] [mac_handle_ack:83] ACK status:ACK_OK retries:1
INFO  [1501738302:68234] [radio_read:91] src:12 dst:11 len:79 flags:0
INFO  [1501738310:77847] [radio_read:91] src:d dst:ffff len:80 flags:0
INFO  [1501738316:637858] [radio_read:91] src:10 dst:ffff len:80 flags:0
INFO  [1501738325:892690] [send_packet:48] src:11 dst:ffff len:80
DATA send to 1 'Hello 2'
INFO  [1501738327:272072] [send_packet:48] src:11 dst:d len:45
INFO  [1501738327:278419] [radio_read:91] src:11 dst:d len:1 flags:1
INFO  [1501738327:278430] [mac_handle_ack:83] ACK status:ACK_OK retries:1
INFO  [1501738336:598796] [radio_read:91] src:12 dst:ffff len:80 flags:0
DATA send to 1 'Hello 3'
INFO  [1501738379:516376] [send_packet:48] src:11 dst:d len:45
INFO  [1501738379:523864] [radio_read:91] src:11 dst:d len:1 flags:1
INFO  [1501738379:523876] [mac_handle_ack:83] ACK status:ACK_OK retries:1
INFO  [1501738396:822066] [radio_read:91] src:10 dst:11 len:79 flags:0
INFO  [1501738405:737224] [send_packet:48] src:11 dst:12 len:79
INFO  [1501738405:744813] [radio_read:91] src:11 dst:12 len:1 flags:1
INFO  [1501738405:744825] [mac_handle_ack:83] ACK status:ACK_OK retries:1
INFO  [1501738420:66082] [radio_read:91] src:d dst:ffff len:80 flags:0
INFO  [1501738427:64961] [radio_read:91] src:10 dst:ffff len:80 flags:0
INFO  [1501738429:594614] [send_packet:48] src:11 dst:ffff len:80
DATA send to 1 'Hello 4'
INFO  [1501738432:171488] [send_packet:48] src:11 dst:d len:45
INFO  [1501738432:179224] [radio_read:91] src:11 dst:d len:1 flags:1
INFO  [1501738432:179238] [mac_handle_ack:83] ACK status:ACK_OK retries:1
INFO  [1501738494:600922] [radio_read:91] src:10 dst:11 len:79 flags:0
INFO  [1501738495:768970] [send_packet:48] src:11 dst:10 len:79
INFO  [1501738495:785196] [radio_read:91] src:11 dst:10 len:1 flags:1
INFO  [1501738495:785211] [mac_handle_ack:83] ACK status:ACK_OK retries:3
DATA send to 1 'Hello 5'
INFO  [1501738503:657669] [send_packet:48] src:11 dst:d len:45
INFO  [1501738503:663033] [radio_read:91] src:11 dst:d len:1 flags:1
INFO  [1501738503:663045] [mac_handle_ack:83] ACK status:ACK_OK retries:1
INFO  [1501738525:835614] [radio_read:91] src:12 dst:11 len:79 flags:0
INFO  [1501738547:776697] [radio_read:91] src:d dst:11 len:79 flags:0
INFO  [1501738552:822102] [send_packet:48] src:11 dst:d len:53
INFO  [1501738552:830973] [radio_read:91] src:11 dst:d len:1 flags:1
INFO  [1501738552:830983] [mac_handle_ack:83] ACK status:ACK_OK retries:1
DATA send to 1 'Hello 6'
INFO  [1501738553:480082] [send_packet:48] src:11 dst:d len:45
INFO  [1501738553:484367] [radio_read:91] src:11 dst:d len:1 flags:1
INFO  [1501738553:484376] [mac_handle_ack:83] ACK status:ACK_OK retries:1
INFO  [1501738601:101560] [send_packet:48] src:11 dst:12 len:79
INFO  [1501738601:113440] [radio_read:91] src:11 dst:12 len:1 flags:1
INFO  [1501738601:113453] [mac_handle_ack:83] ACK status:ACK_OK retries:2
INFO  [1501738601:603128] [radio_read:91] src:10 dst:ffff len:80 flags:0
INFO  [1501738603:994017] [radio_read:91] src:10 dst:11 len:79 flags:0
INFO  [1501738639:607942] [radio_read:91] src:d dst:ffff len:80 flags:0
DATA send to 1 'Hello 7'
INFO  [1501738667:626570] [send_packet:48] src:11 dst:d len:45
INFO  [1501738667:631960] [radio_read:91] src:11 dst:d len:1 flags:1
INFO  [1501738667:631971] [mac_handle_ack:83] ACK status:ACK_OK retries:1
INFO  [1501738667:784805] [send_packet:48] src:11 dst:ffff len:80
INFO  [1501738667:855569] [radio_read:91] src:12 dst:ffff len:80 flags:0
DATA send to 1 'Hello 8'
INFO  [1501738676:555049] [send_packet:48] src:11 dst:d len:45
INFO  [1501738676:560377] [radio_read:91] src:11 dst:d len:1 flags:1
INFO  [1501738676:560388] [mac_handle_ack:83] ACK status:ACK_OK retries:1
INFO  [1501738685:393269] [send_packet:48] src:11 dst:12 len:79
INFO  [1501738685:401894] [radio_read:91] src:11 dst:12 len:1 flags:1
INFO  [1501738685:401919] [mac_handle_ack:83] ACK status:ACK_OK retries:1
INFO  [1501738699:271801] [radio_read:91] src:10 dst:11 len:79 flags:0
INFO  [1501738715:919338] [radio_read:91] src:12 dst:11 len:79 flags:0
DATA send to 1 'Hello 9'
INFO  [1501738770:274081] [send_packet:48] src:11 dst:d len:45
INFO  [1501738770:279458] [radio_read:91] src:11 dst:d len:1 flags:1
INFO  [1501738770:279467] [mac_handle_ack:83] ACK status:ACK_OK retries:1
INFO  [1501738774:268383] [radio_read:91] src:10 dst:11 len:79 flags:0
INFO  [1501738800:191224] [send_packet:48] src:11 dst:10 len:79
INFO  [1501738800:198755] [radio_read:91] src:11 dst:10 len:1 flags:1
INFO  [1501738800:198769] [mac_handle_ack:83] ACK status:ACK_OK retries:1
DATA send to 1 'Hello 10'
INFO  [1501738819:781120] [send_packet:48] src:11 dst:d len:46
INFO  [1501738819:786479] [radio_read:91] src:11 dst:d len:1 flags:1
INFO  [1501738819:786493] [mac_handle_ack:83] ACK status:ACK_OK retries:1
DATA send to 1 'Hello 11'
INFO  [1501738850:193437] [send_packet:48] src:11 dst:d len:46
INFO  [1501738850:201035] [radio_read:91] src:11 dst:d len:1 flags:1
INFO  [1501738850:201048] [mac_handle_ack:83] ACK status:ACK_OK retries:1
INFO  [1501738855:958380] [radio_read:91] src:d dst:11 len:79 flags:0
INFO  [1501738858:787310] [send_packet:48] src:11 dst:d len:53
INFO  [1501738858:792687] [radio_read:91] src:11 dst:d len:1 flags:1
INFO  [1501738858:792701] [mac_handle_ack:83] ACK status:ACK_OK retries:1
INFO  [1501738867:848703] [radio_read:91] src:10 dst:11 len:79 flags:0
INFO  [1501738901:888621] [radio_read:91] src:12 dst:11 len:79 flags:0
INFO  [1501738907:325907] [send_packet:48] src:11 dst:12 len:79
INFO  [1501738907:331311] [radio_read:91] src:11 dst:12 len:1 flags:1
INFO  [1501738907:331319] [mac_handle_ack:83] ACK status:ACK_OK retries:1
DATA send to 1 'Hello 12'
INFO  [1501738921:821782] [send_packet:48] src:11 dst:d len:46
INFO  [1501738921:827143] [radio_read:91] src:11 dst:d len:1 flags:1
INFO  [1501738921:827154] [mac_handle_ack:83] ACK status:ACK_OK retries:1
INFO  [1501738949:257131] [radio_read:91] src:10 dst:11 len:79 flags:0
INFO  [1501739016:32519] [send_packet:48] src:11 dst:10 len:79
INFO  [1501739016:39044] [radio_read:91] src:11 dst:10 len:1 flags:1
INFO  [1501739016:39064] [mac_handle_ack:83] ACK status:ACK_OK retries:1
DATA send to 1 'Hello 13'
INFO  [1501739018:945604] [send_packet:48] src:11 dst:d len:46
INFO  [1501739018:952036] [radio_read:91] src:11 dst:d len:1 flags:1
INFO  [1501739018:952047] [mac_handle_ack:83] ACK status:ACK_OK retries:1
DATA send to 1 'Hello 14'
INFO  [1501739029:907887] [send_packet:48] src:11 dst:d len:46
INFO  [1501739029:914349] [radio_read:91] src:11 dst:d len:1 flags:1
INFO  [1501739029:914362] [mac_handle_ack:83] ACK status:ACK_OK retries:1
INFO  [1501739038:966001] [radio_read:91] src:10 dst:11 len:79 flags:0
INFO  [1501739041:231172] [radio_read:91] src:12 dst:11 len:79 flags:0
INFO  [1501739041:236516] [radio_read:91] src:12 dst:11 len:79 flags:0
INFO  [1501739056:701133] [radio_read:91] src:10 dst:ffff len:80 flags:0
INFO  [1501739098:376879] [radio_read:91] src:d dst:ffff len:80 flags:0
INFO  [1501739115:516735] [radio_read:91] src:10 dst:11 len:79 flags:0
INFO  [1501739116:634816] [send_packet:48] src:11 dst:12 len:79
INFO  [1501739116:641291] [radio_read:91] src:11 dst:12 len:1 flags:1
INFO  [1501739116:641299] [mac_handle_ack:83] ACK status:ACK_OK retries:1
DATA send to 1 'Hello 15'
INFO  [1501739122:363614] [send_packet:48] src:11 dst:d len:46
INFO  [1501739122:370022] [radio_read:91] src:11 dst:d len:1 flags:1
INFO  [1501739122:370032] [mac_handle_ack:83] ACK status:ACK_OK retries:1
DATA send to 1 'Hello 16'
INFO  [1501739151:285535] [send_packet:48] src:11 dst:d len:46
INFO  [1501739151:297393] [radio_read:91] src:11 dst:d len:1 flags:1
INFO  [1501739151:297406] [mac_handle_ack:83] ACK status:ACK_OK retries:2
INFO  [1501739215:675306] [send_packet:48] src:11 dst:d len:53
INFO  [1501739215:682934] [radio_read:91] src:11 dst:d len:1 flags:1
INFO  [1501739215:682949] [mac_handle_ack:83] ACK status:ACK_OK retries:1
INFO  [1501739224:110574] [send_packet:48] src:11 dst:ffff len:80
DATA send to 1 'Hello 17'
INFO  [1501739228:755442] [send_packet:48] src:11 dst:d len:46
INFO  [1501739228:760790] [radio_read:91] src:11 dst:d len:1 flags:1
INFO  [1501739228:760804] [mac_handle_ack:83] ACK status:ACK_OK retries:1
INFO  [1501739234:311171] [radio_read:91] src:10 dst:11 len:79 flags:0
INFO  [1501739236:68093] [send_packet:48] src:11 dst:10 len:79
INFO  [1501739236:82030] [radio_read:91] src:11 dst:10 len:1 flags:1
INFO  [1501739236:82041] [mac_handle_ack:83] ACK status:ACK_OK retries:2
INFO  [1501739253:982851] [radio_read:91] src:12 dst:11 len:79 flags:0
INFO  [1501739305:780437] [send_packet:48] src:11 dst:12 len:79
INFO  [1501739305:786881] [radio_read:91] src:11 dst:12 len:1 flags:1
INFO  [1501739305:786891] [mac_handle_ack:83] ACK status:ACK_OK retries:1
INFO  [1501739311:841114] [radio_read:91] src:10 dst:11 len:79 flags:0
DATA send to 1 'Hello 18'
INFO  [1501739316:7940] [send_packet:48] src:11 dst:d len:46
INFO  [1501739316:12243] [radio_read:91] src:11 dst:d len:1 flags:1
INFO  [1501739316:12252] [mac_handle_ack:83] ACK status:ACK_OK retries:1
DATA send to 1 'Hello 19'
INFO  [1501739369:543228] [send_packet:48] src:11 dst:d len:46
INFO  [1501739369:549611] [radio_read:91] src:11 dst:d len:1 flags:1
INFO  [1501739369:549620] [mac_handle_ack:83] ACK status:ACK_OK retries:1
INFO  [1501739374:239989] [radio_read:91] src:d dst:11 len:79 flags:0
INFO  [1501739377:900800] [send_packet:48] src:11 dst:d len:53
INFO  [1501739377:907227] [radio_read:91] src:11 dst:d len:1 flags:1
INFO  [1501739377:907240] [mac_handle_ack:83] ACK status:ACK_OK retries:1
INFO  [1501739399:160530] [radio_read:91] src:10 dst:11 len:79 flags:0
INFO  [1501739409:167575] [send_packet:48] src:11 dst:10 len:79
INFO  [1501739409:174049] [radio_read:91] src:11 dst:10 len:1 flags:1
INFO  [1501739409:174067] [mac_handle_ack:83] ACK status:ACK_OK retries:1
DATA send to 1 'Hello 20'
INFO  [1501739418:808045] [send_packet:48] src:11 dst:d len:46
INFO  [1501739418:812361] [radio_read:91] src:11 dst:d len:1 flags:1
INFO  [1501739418:812374] [mac_handle_ack:83] ACK status:ACK_OK retries:1
DATA send to 1 'Hello 21'
INFO  [1501739450:33173] [send_packet:48] src:11 dst:d len:46
INFO  [1501739450:39602] [radio_read:91] src:11 dst:d len:1 flags:1
INFO  [1501739450:39613] [mac_handle_ack:83] ACK status:ACK_OK retries:1
INFO  [1501739457:570667] [radio_read:91] src:12 dst:11 len:79 flags:0
INFO  [1501739484:261670] [radio_read:91] src:10 dst:11 len:79 flags:0
INFO  [1501739488:828538] [send_packet:48] src:11 dst:12 len:79
INFO  [1501739488:835037] [radio_read:91] src:11 dst:12 len:1 flags:1
INFO  [1501739488:835050] [mac_handle_ack:83] ACK status:ACK_OK retries:1
DATA send to 1 'Hello 22'
INFO  [1501739511:673864] [send_packet:48] src:11 dst:d len:46
INFO  [1501739511:679372] [radio_read:91] src:11 dst:d len:1 flags:1
INFO  [1501739511:679384] [mac_handle_ack:83] ACK status:ACK_OK retries:1
INFO  [1501739550:89069] [send_packet:48] src:11 dst:10 len:79
INFO  [1501739550:95546] [radio_read:91] src:11 dst:10 len:1 flags:1
INFO  [1501739550:95557] [mac_handle_ack:83] ACK status:ACK_OK retries:1
INFO  [1501739590:379835] [radio_read:91] src:12 dst:11 len:79 flags:0
DATA send to 1 'Hello 23'
INFO  [1501739626:267054] [send_packet:48] src:11 dst:d len:46
INFO  [1501739626:272434] [radio_read:91] src:11 dst:d len:1 flags:1
INFO  [1501739626:272444] [mac_handle_ack:83] ACK status:ACK_OK retries:1
INFO  [1501739628:329257] [radio_read:91] src:10 dst:11 len:79 flags:0
INFO  [1501739671:66867] [send_packet:48] src:11 dst:12 len:79
INFO  [1501739671:74454] [radio_read:91] src:11 dst:12 len:1 flags:1
INFO  [1501739671:74466] [mac_handle_ack:83] ACK status:ACK_OK retries:1
DATA send to 1 'Hello 24'
INFO  [1501739676:73777] [send_packet:48] src:11 dst:d len:46
INFO  [1501739676:81278] [radio_read:91] src:11 dst:d len:1 flags:1
INFO  [1501739676:81289] [mac_handle_ack:83] ACK status:ACK_OK retries:1
INFO  [1501739701:431693] [send_packet:48] src:11 dst:d len:53
INFO  [1501739701:437135] [radio_read:91] src:11 dst:d len:1 flags:1
INFO  [1501739701:437165] [mac_handle_ack:83] ACK status:ACK_OK retries:1
INFO  [1501739723:339720] [radio_read:91] src:d dst:11 len:79 flags:0
INFO  [1501739729:387428] [radio_read:91] src:10 dst:11 len:79 flags:0
DATA send to 1 'Hello 25'
INFO  [1501739737:962406] [send_packet:48] src:11 dst:d len:46
INFO  [1501739737:967757] [radio_read:91] src:11 dst:d len:1 flags:1
INFO  [1501739737:967768] [mac_handle_ack:83] ACK status:ACK_OK retries:1
INFO  [1501739773:634820] [send_packet:48] src:11 dst:10 len:79
INFO  [1501739773:642313] [radio_read:91] src:11 dst:10 len:1 flags:1
INFO  [1501739773:642323] [mac_handle_ack:83] ACK status:ACK_OK retries:1
INFO  [1501739777:152097] [radio_read:91] src:12 dst:11 len:79 flags:0
DATA send to 1 'Hello 26'
INFO  [1501739786:940159] [send_packet:48] src:11 dst:d len:46
INFO  [1501739786:946583] [radio_read:91] src:11 dst:d len:1 flags:1
INFO  [1501739786:946595] [mac_handle_ack:83] ACK status:ACK_OK retries:1
INFO  [1501739801:495444] [radio_read:91] src:12 dst:ffff len:80 flags:0
INFO  [1501739807:220563] [radio_read:91] src:10 dst:11 len:79 flags:0
DATA send to 1 'Hello 27'
INFO  [1501739840:837162] [send_packet:48] src:11 dst:d len:46
INFO  [1501739840:841475] [radio_read:91] src:11 dst:d len:1 flags:1
INFO  [1501739840:841485] [mac_handle_ack:83] ACK status:ACK_OK retries:1
INFO  [1501739888:43438] [send_packet:48] src:11 dst:12 len:79
INFO  [1501739888:49959] [radio_read:91] src:11 dst:12 len:1 flags:1
INFO  [1501739888:49970] [mac_handle_ack:83] ACK status:ACK_OK retries:1
DATA send to 1 'Hello 28'
INFO  [1501739888:964889] [send_packet:48] src:11 dst:d len:46
INFO  [1501739888:971344] [radio_read:91] src:11 dst:d len:1 flags:1
INFO  [1501739888:971354] [mac_handle_ack:83] ACK status:ACK_OK retries:1
INFO  [1501739892:942265] [radio_read:91] src:d dst:ffff len:80 flags:0
INFO  [1501739904:227503] [radio_read:91] src:10 dst:11 len:79 flags:0
INFO  [1501739931:277227] [send_packet:48] src:11 dst:ffff len:80
DATA send to 1 'Hello 29'
INFO  [1501739931:492897] [send_packet:48] src:11 dst:d len:46
INFO  [1501739931:498270] [radio_read:91] src:11 dst:d len:1 flags:1
INFO  [1501739931:498280] [mac_handle_ack:83] ACK status:ACK_OK retries:1
INFO  [1501739932:133309] [radio_read:91] src:12 dst:11 len:79 flags:0
INFO  [1501739950:151222] [radio_read:91] src:10 dst:ffff len:80 flags:0
INFO  [1501739972:110761] [send_packet:48] src:11 dst:10 len:79
INFO  [1501739972:119364] [radio_read:91] src:11 dst:10 len:1 flags:1
INFO  [1501739972:119379] [mac_handle_ack:83] ACK status:ACK_OK retries:1
INFO  [1501739991:159248] [radio_read:91] src:10 dst:11 len:79 flags:0
INFO  [1501740016:694773] [radio_read:91] src:d dst:11 len:79 flags:0
DATA send to 1 'Hello 30'
INFO  [1501740038:945526] [send_packet:48] src:11 dst:d len:46
INFO  [1501740038:951941] [radio_read:91] src:11 dst:d len:1 flags:1
INFO  [1501740038:951951] [mac_handle_ack:83] ACK status:ACK_OK retries:1
INFO  [1501740050:742172] [send_packet:48] src:11 dst:d len:53
INFO  [1501740050:748651] [radio_read:91] src:11 dst:d len:1 flags:1
INFO  [1501740050:748665] [mac_handle_ack:83] ACK status:ACK_OK retries:1
INFO  [1501740075:272369] [send_packet:48] src:11 dst:12 len:79
INFO  [1501740075:278836] [radio_read:91] src:11 dst:12 len:1 flags:1
INFO  [1501740075:278848] [mac_handle_ack:83] ACK status:ACK_OK retries:1
INFO  [1501740084:338044] [radio_read:91] src:10 dst:11 len:79 flags:0
DATA send to 1 'Hello 31'
INFO  [1501740097:358] [send_packet:48] src:11 dst:d len:46
INFO  [1501740097:7979] [radio_read:91] src:11 dst:d len:1 flags:1
INFO  [1501740097:7992] [mac_handle_ack:83] ACK status:ACK_OK retries:1
INFO  [1501740150:802261] [radio_read:91] src:12 dst:11 len:79 flags:0
INFO  [1501740155:843561] [send_packet:48] src:11 dst:10 len:79
INFO  [1501740155:851269] [radio_read:91] src:11 dst:10 len:1 flags:1
INFO  [1501740155:851284] [mac_handle_ack:83] ACK status:ACK_OK retries:1
DATA send to 1 'Hello 32'
INFO  [1501740156:758476] [send_packet:48] src:11 dst:d len:46
INFO  [1501740156:763884] [radio_read:91] src:11 dst:d len:1 flags:1
INFO  [1501740156:763909] [mac_handle_ack:83] ACK status:ACK_OK retries:1
INFO  [1501740166:550838] [radio_read:91] src:10 dst:11 len:79 flags:0
DATA send to 1 'Hello 33'
INFO  [1501740170:884067] [send_packet:48] src:11 dst:d len:46
INFO  [1501740170:889431] [radio_read:91] src:11 dst:d len:1 flags:1
INFO  [1501740170:889441] [mac_handle_ack:83] ACK status:ACK_OK retries:1
INFO  [1501740250:260006] [send_packet:48] src:11 dst:12 len:79
INFO  [1501740250:267559] [radio_read:91] src:11 dst:12 len:1 flags:1
INFO  [1501740250:267570] [mac_handle_ack:83] ACK status:ACK_OK retries:1
